[ 2017-12-02T11:32:56+08:00 ] 43.243.137.75 /
SQL: SELECT * FROM `wp_card_custom` WHERE `token` = ''  [ RunTime:0.0001s ]
SQL: SHOW COLUMNS FROM `wp_auth_group_access` [ RunTime:0.0004s ]
SQL: SELECT a.uid,a.group_id,g.title,g.rules FROM wp_auth_group_access a INNER JOIN wp_auth_group g on a.group_id=g.id  WHERE ( a.uid='' and g.status='1' )  [ RunTime:0.0001s ]
SQL: SELECT * FROM `wp_menu` WHERE `place` = 0 AND `is_hide` = 0 ORDER BY sort asc, id asc  [ RunTime:0.0003s ]

[ 2017-12-02T11:33:01+08:00 ] 43.243.137.75 /index.php?s=/w0/Home/User/login/from/1.html
SQL: SELECT * FROM `wp_card_custom` WHERE `token` = ''  [ RunTime:0.0001s ]
SQL: SHOW COLUMNS FROM `wp_auth_group_access` [ RunTime:0.0003s ]
SQL: SELECT a.uid,a.group_id,g.title,g.rules FROM wp_auth_group_access a INNER JOIN wp_auth_group g on a.group_id=g.id  WHERE ( a.uid='' and g.status='1' )  [ RunTime:0.0001s ]
SQL: SELECT * FROM `wp_menu` WHERE `place` = 0 AND `is_hide` = 0 ORDER BY sort asc, id asc  [ RunTime:0.0001s ]
SQL: SHOW COLUMNS FROM `wp_qr_code` [ RunTime:0.0004s ]
SQL: SELECT `id`,`qr_code`,`addon`,`aim_id`,`cTime`,`token`,`action_name`,`extra_text`,`extra_int`,`request_count`,`scene_id`,`expire_seconds` FROM `wp_qr_code` WHERE `addon` = 'ScanLogin' AND `extra_text` = '5a221ee8b2553' LIMIT 1   [ RunTime:0.0002s ]
SQL: SELECT `id`,`token` FROM `wp_apps`  [ RunTime:0.0001s ]
SQL: SELECT `id`,`token` FROM `wp_apps`  [ RunTime:0.0001s ]
SQL: SELECT `id`,`token` FROM `wp_apps`  [ RunTime:0.0001s ]
SQL: SHOW COLUMNS FROM `wp_qr_code` [ RunTime:0.0004s ]
SQL: SELECT `id`,`token` FROM `wp_apps`  [ RunTime:0.0001s ]
SQL: SELECT `id`,`token` FROM `wp_apps`  [ RunTime:0.0001s ]

[ 2017-12-02T11:35:39+08:00 ] 43.243.137.75 /index.php?s=/w0/Home/User/login/from/1.html
SQL: SELECT * FROM `wp_card_custom` WHERE `token` = ''  [ RunTime:0.0001s ]
SQL: SHOW COLUMNS FROM `wp_admin_log` [ RunTime:0.0004s ]
SQL: INSERT INTO `wp_admin_log` (`ip`,`mod`,`cTime`,`content`) VALUES ('43.243.137.75','Home','1512185739','http://18.221.171.174/index.php?s=/w0/Home/User/login/from/1.html
POST: array (
  \'username\' => \'bees\',
  \'password\' => \'f\',
); 
') [ RunTime:0.0002s ]
SQL: SELECT `uid`,`nickname`,`password`,`truename`,`mobile`,`email`,`sex`,`headimgurl`,`city`,`province`,`country`,`language`,`score`,`experience`,`unionid`,`login_count`,`reg_ip`,`reg_time`,`last_login_ip`,`last_login_time`,`status`,`is_init`,`is_audit`,`subscribe_time`,`remark`,`groupid`,`come_from`,`login_password`,`manager_id`,`level`,`membership` FROM `wp_user` WHERE `nickname` = 'bees' LIMIT 1   [ RunTime:0.0002s ]
SQL: SELECT * FROM `wp_action` WHERE `name` = 'user_login' LIMIT 1   [ RunTime:0.0001s ]
SQL: UPDATE `wp_user` SET `login_count`=`login_count`+1,`last_login_time`='1512185739',`last_login_ip`='737380683' WHERE `uid` = 1 [ RunTime:0.0001s ]

[ 2017-12-02T11:35:40+08:00 ] 43.243.137.75 /index.php?s=/w0/Home/Index/index.html
SQL: SELECT * FROM `wp_card_custom` WHERE `token` = ''  [ RunTime:0.0001s ]
SQL: SELECT * FROM `wp_menu` WHERE `place` = 0 AND `is_hide` = 0 ORDER BY sort asc, id asc  [ RunTime:0.0002s ]

[ 2017-12-02T11:35:40+08:00 ] 43.243.137.75 /index.php?s=/w0/Home/User/login/from/1.html
SQL: SELECT * FROM `wp_card_custom` WHERE `token` = ''  [ RunTime:0.0001s ]
SQL: SELECT * FROM `wp_menu` WHERE `place` = 0 AND `is_hide` = 0 ORDER BY sort asc, id asc  [ RunTime:0.0001s ]

[ 2017-12-02T11:35:41+08:00 ] 43.243.137.75 /index.php?s=/w0/Home/Apps/lists/from/3.html
SQL: SELECT * FROM `wp_card_custom` WHERE `token` = ''  [ RunTime:0.0001s ]
SQL: SELECT * FROM `wp_user` WHERE `uid` = 1 LIMIT 1   [ RunTime:0.0002s ]
SQL: SHOW COLUMNS FROM `wp_manager` [ RunTime:0.0004s ]
SQL: SELECT `uid`,`has_public`,`headface_url`,`GammaAppId`,`GammaSecret`,`copy_right`,`tongji_code`,`website_logo` FROM `wp_manager` WHERE ( uid='1' ) LIMIT 1   [ RunTime:0.0001s ]
SQL: SHOW COLUMNS FROM `wp_auth_group_access` [ RunTime:0.0003s ]
SQL: SELECT a.group_id,g.title,g.type,g.icon FROM wp_auth_group_access a INNER JOIN wp_auth_group g on a.group_id=g.id  WHERE ( a.uid='1' and g.status='1' )  [ RunTime:0.0001s ]
SQL: SHOW COLUMNS FROM `wp_apps_follow` [ RunTime:0.0003s ]
SQL: SELECT `openid`,`token`,`uid`,`has_subscribe`,`syc_status`,`remark` FROM `wp_apps_follow` WHERE ( uid='1' )  [ RunTime:0.0001s ]
SQL: SHOW COLUMNS FROM `wp_user_tag_link` [ RunTime:0.0003s ]
SQL: SELECT `tag_id` FROM `wp_user_tag_link` WHERE `uid` = 1  [ RunTime:0.0001s ]
SQL: SELECT * FROM `wp_menu` WHERE `place` = 0 AND `is_hide` = 0 ORDER BY sort asc, id asc  [ RunTime:0.0001s ]
SQL: SHOW COLUMNS FROM `wp_model` [ RunTime:0.0003s ]
SQL: SELECT * FROM `wp_model` WHERE `name` = 'apps' LIMIT 1   [ RunTime:0.0002s ]
SQL: SHOW COLUMNS FROM `wp_apps_link` [ RunTime:0.0003s ]
SQL: SELECT `mp_id` FROM `wp_apps_link` WHERE ( uid='1' )  [ RunTime:0.0001s ]
SQL: SELECT * FROM `wp_model` WHERE `id` = 6 LIMIT 1   [ RunTime:0.0001s ]
SQL: SELECT `id`,`uid`,`public_name`,`public_id`,`headface_url`,`area`,`addon_config`,`addon_status`,`token`,`type`,`appid`,`secret`,`encodingaeskey`,`tips_url`,`is_bind`,`check_file`,`app_type`,`mch_id`,`partner_key`,`cert_pem`,`key_pem`,`authorizer_refresh_token` FROM `wp_apps` WHERE `id` = 0 ORDER BY id desc  [ RunTime:0.0001s ]

[ 2017-12-02T12:40:50+08:00 ] 139.162.108.53 /
SQL: SELECT * FROM `wp_card_custom` WHERE `token` = ''  [ RunTime:0.0001s ]
SQL: SHOW COLUMNS FROM `wp_auth_group_access` [ RunTime:0.0004s ]
SQL: SELECT a.uid,a.group_id,g.title,g.rules FROM wp_auth_group_access a INNER JOIN wp_auth_group g on a.group_id=g.id  WHERE ( a.uid='' and g.status='1' )  [ RunTime:0.0001s ]
SQL: SELECT * FROM `wp_menu` WHERE `place` = 0 AND `is_hide` = 0 ORDER BY sort asc, id asc  [ RunTime:0.0001s ]

[ 2017-12-02T12:40:53+08:00 ] 139.162.108.53 /index.php?s=/w0/Home/User/login/from/1.html
SQL: SELECT * FROM `wp_card_custom` WHERE `token` = ''  [ RunTime:0.0001s ]
SQL: SHOW COLUMNS FROM `wp_auth_group_access` [ RunTime:0.0004s ]
SQL: SELECT a.uid,a.group_id,g.title,g.rules FROM wp_auth_group_access a INNER JOIN wp_auth_group g on a.group_id=g.id  WHERE ( a.uid='' and g.status='1' )  [ RunTime:0.0001s ]
SQL: SELECT * FROM `wp_menu` WHERE `place` = 0 AND `is_hide` = 0 ORDER BY sort asc, id asc  [ RunTime:0.0001s ]
SQL: SELECT `id`,`qr_code`,`addon`,`aim_id`,`cTime`,`token`,`action_name`,`extra_text`,`extra_int`,`request_count`,`scene_id`,`expire_seconds` FROM `wp_qr_code` WHERE `addon` = 'ScanLogin' AND `extra_text` = '5a222ed2b442b' LIMIT 1   [ RunTime:0.0002s ]
SQL: SELECT `id`,`token` FROM `wp_apps`  [ RunTime:0.0001s ]
SQL: SELECT `id`,`token` FROM `wp_apps`  [ RunTime:0.0001s ]
SQL: SELECT `id`,`token` FROM `wp_apps`  [ RunTime:0.0001s ]
SQL: SELECT `id`,`token` FROM `wp_apps`  [ RunTime:0.0001s ]
SQL: SELECT `id`,`token` FROM `wp_apps`  [ RunTime:0.0001s ]

[ 2017-12-02T18:12:23+08:00 ] 196.52.43.55 /
SQL: SELECT * FROM `wp_card_custom` WHERE `token` = ''  [ RunTime:0.0001s ]
SQL: SHOW COLUMNS FROM `wp_auth_group_access` [ RunTime:0.0004s ]
SQL: SELECT a.uid,a.group_id,g.title,g.rules FROM wp_auth_group_access a INNER JOIN wp_auth_group g on a.group_id=g.id  WHERE ( a.uid='' and g.status='1' )  [ RunTime:0.0001s ]
SQL: SELECT * FROM `wp_menu` WHERE `place` = 0 AND `is_hide` = 0 ORDER BY sort asc, id asc  [ RunTime:0.0001s ]

[ 2017-12-02T18:36:49+08:00 ] 89.146.35.186 /
SQL: SELECT * FROM `wp_card_custom` WHERE `token` = ''  [ RunTime:0.0001s ]
SQL: SHOW COLUMNS FROM `wp_auth_group_access` [ RunTime:0.0004s ]
SQL: SELECT a.uid,a.group_id,g.title,g.rules FROM wp_auth_group_access a INNER JOIN wp_auth_group g on a.group_id=g.id  WHERE ( a.uid='' and g.status='1' )  [ RunTime:0.0001s ]
SQL: SELECT * FROM `wp_menu` WHERE `place` = 0 AND `is_hide` = 0 ORDER BY sort asc, id asc  [ RunTime:0.0001s ]

[ 2017-12-02T18:39:03+08:00 ] 223.72.84.48 /index.php?s=/w0/Home/Apps/step_0.html
SQL: SELECT * FROM `wp_card_custom` WHERE `token` = ''  [ RunTime:0.0001s ]
SQL: SELECT * FROM `wp_menu` WHERE `place` = 0 AND `is_hide` = 0 ORDER BY sort asc, id asc  [ RunTime:0.0001s ]
SQL: SELECT * FROM `wp_model` WHERE `name` = 'apps' LIMIT 1   [ RunTime:0.0001s ]
SQL: SELECT * FROM `wp_apps` WHERE `id` = 0 LIMIT 1   [ RunTime:0.0002s ]

[ 2017-12-02T18:45:25+08:00 ] 223.72.84.48 /index.php?s=/w0/Home/Apps/step_0.html
SQL: SELECT * FROM `wp_card_custom` WHERE `token` = ''  [ RunTime:0.0001s ]
SQL: INSERT INTO `wp_admin_log` (`uid`,`ip`,`mod`,`cTime`,`content`) VALUES ('1','223.72.84.48','Home','1512211525','http://18.221.171.174/index.php?s=/w0/Home/Apps/step_0.html
POST: array (
  \'type\' => \'2\',
  \'public_name\' => \'叭哒计食\',
  \'public_id\' => \'gh_474547030e87\',
  \'id\' => \'0\',
); 
') [ RunTime:0.0002s ]
SQL: SELECT * FROM `wp_model` WHERE `name` = 'apps' LIMIT 1   [ RunTime:0.0001s ]
SQL: SELECT * FROM `wp_apps` WHERE `id` = 0 LIMIT 1   [ RunTime:0.0001s ]
SQL: UPDATE `wp_manager` SET `has_public`='1' WHERE `uid` = 1 [ RunTime:0.0001s ]
SQL: SELECT * FROM `wp_model` WHERE `id` = 6 LIMIT 1   [ RunTime:0.0001s ]
SQL: SELECT * FROM `wp_model` WHERE `id` = 6 LIMIT 1   [ RunTime:0.0001s ]
SQL: INSERT INTO `wp_apps` (`type`,`public_name`,`public_id`,`id`,`token`,`uid`,`app_type`) VALUES ('2','叭哒计食','gh_474547030e87','0','gh_474547030e87','1','0') [ RunTime:0.0002s ]
SQL: INSERT INTO `wp_apps_link` (`uid`,`mp_id`,`is_creator`) VALUES ('1','16','1') [ RunTime:0.0001s ]
SQL: SELECT * FROM `wp_apps` WHERE `id` = 16 LIMIT 1   [ RunTime:0.0002s ]
SQL: SELECT `id`,`token` FROM `wp_apps`  [ RunTime:0.0001s ]
SQL: SELECT * FROM `wp_apps` WHERE `id` = 16 LIMIT 1   [ RunTime:0.0001s ]
SQL: SELECT `id`,`appid` FROM `wp_apps`  [ RunTime:0.0001s ]
SQL: SELECT * FROM `wp_apps` WHERE `id` = 16 LIMIT 1   [ RunTime:0.0001s ]
SQL: SELECT * FROM `wp_user` WHERE `uid` = 1 LIMIT 1   [ RunTime:0.0001s ]
SQL: SELECT `uid`,`has_public`,`headface_url`,`GammaAppId`,`GammaSecret`,`copy_right`,`tongji_code`,`website_logo` FROM `wp_manager` WHERE ( uid='1' ) LIMIT 1   [ RunTime:0.0001s ]
SQL: SHOW COLUMNS FROM `wp_auth_group_access` [ RunTime:0.0003s ]
SQL: SELECT a.group_id,g.title,g.type,g.icon FROM wp_auth_group_access a INNER JOIN wp_auth_group g on a.group_id=g.id  WHERE ( a.uid='1' and g.status='1' )  [ RunTime:0.0001s ]
SQL: SELECT `openid`,`token`,`uid`,`has_subscribe`,`syc_status`,`remark` FROM `wp_apps_follow` WHERE ( uid='1' )  [ RunTime:0.0001s ]
SQL: SELECT `tag_id` FROM `wp_user_tag_link` WHERE `uid` = 1  [ RunTime:0.0000s ]

[ 2017-12-02T18:45:27+08:00 ] 223.72.84.48 /index.php?s=/w0/Home/Apps/step_1/id/16.html
SQL: SELECT * FROM `wp_card_custom` WHERE `token` = ''  [ RunTime:0.0001s ]
SQL: SELECT * FROM `wp_menu` WHERE `place` = 0 AND `is_hide` = 0 ORDER BY sort asc, id asc  [ RunTime:0.0001s ]
SQL: SELECT * FROM `wp_model` WHERE `name` = 'apps' LIMIT 1   [ RunTime:0.0001s ]

[ 2017-12-02T18:46:59+08:00 ] 120.204.17.46 /index.php?s=/w0/home/weixin/index/id/16.html
SQL: SELECT * FROM `wp_card_custom` WHERE `token` = null  [ RunTime:0.0002s ]
SQL: SHOW COLUMNS FROM `wp_auth_group_access` [ RunTime:0.0003s ]
SQL: SELECT a.uid,a.group_id,g.title,g.rules FROM wp_auth_group_access a INNER JOIN wp_auth_group g on a.group_id=g.id  WHERE ( a.uid='' and g.status='1' )  [ RunTime:0.0001s ]
SQL: SELECT * FROM `wp_menu` WHERE `place` = 0 AND `is_hide` = 0 ORDER BY sort asc, id asc  [ RunTime:0.0001s ]

[ 2017-12-02T18:47:03+08:00 ] 223.72.84.48 /index.php?s=/w0/Home/Apps/step_2/id/16.html
SQL: SELECT * FROM `wp_card_custom` WHERE `token` = ''  [ RunTime:0.0001s ]
SQL: SELECT * FROM `wp_menu` WHERE `place` = 0 AND `is_hide` = 0 ORDER BY sort asc, id asc  [ RunTime:0.0001s ]
SQL: SELECT * FROM `wp_model` WHERE `name` = 'apps' LIMIT 1   [ RunTime:0.0001s ]
SQL: SELECT * FROM `wp_model` WHERE `id` = 6 LIMIT 1   [ RunTime:0.0001s ]
SQL: SELECT * FROM `wp_apps` WHERE `id` = 16 LIMIT 1   [ RunTime:0.0001s ]
SQL: SELECT * FROM `wp_user` WHERE `uid` = 1 LIMIT 1   [ RunTime:0.0001s ]

[ 2017-12-02T18:51:12+08:00 ] 223.72.84.48 /index.php?s=/w0/Home/Apps/step_2/id/16.html
SQL: SELECT * FROM `wp_card_custom` WHERE `token` = ''  [ RunTime:0.0001s ]
SQL: INSERT INTO `wp_admin_log` (`uid`,`ip`,`mod`,`cTime`,`content`) VALUES ('1','223.72.84.48','Home','1512211872','http://18.221.171.174/index.php?s=/w0/Home/Apps/step_2/id/16.html
POST: array (
  \'appid\' => \'wx4ff46ba85853f83c\',
  \'secret\' => \'\',
  \'encodingaeskey\' => \'\',
  \'check_file\' => \'\',
); 
') [ RunTime:0.0002s ]
SQL: SELECT * FROM `wp_model` WHERE `name` = 'apps' LIMIT 1   [ RunTime:0.0001s ]
SQL: SELECT * FROM `wp_model` WHERE `id` = 6 LIMIT 1   [ RunTime:0.0001s ]
SQL: SELECT * FROM `wp_apps` WHERE `id` = 16 LIMIT 1   [ RunTime:0.0001s ]
SQL: SELECT * FROM `wp_user` WHERE `uid` = 1 LIMIT 1   [ RunTime:0.0001s ]
SQL: SELECT * FROM `wp_model` WHERE `id` = 6 LIMIT 1   [ RunTime:0.0001s ]
SQL: SELECT * FROM `wp_model` WHERE `id` = 6 LIMIT 1   [ RunTime:0.0001s ]
SQL: UPDATE `wp_apps` SET `appid`='wx4ff46ba85853f83c',`secret`='',`encodingaeskey`='',`check_file`='0' WHERE `id` = 16 [ RunTime:0.0002s ]
SQL: SELECT * FROM `wp_apps` WHERE `id` = 16 LIMIT 1   [ RunTime:0.0002s ]
SQL: SELECT `id`,`token` FROM `wp_apps`  [ RunTime:0.0001s ]
SQL: SELECT * FROM `wp_apps` WHERE `id` = 16 LIMIT 1   [ RunTime:0.0001s ]
SQL: SELECT `id`,`appid` FROM `wp_apps`  [ RunTime:0.0001s ]
SQL: SELECT * FROM `wp_apps` WHERE `id` = 16 LIMIT 1   [ RunTime:0.0001s ]
SQL: SELECT * FROM `wp_apps` WHERE `id` = 16 LIMIT 1   [ RunTime:0.0001s ]
SQL: SELECT `id`,`token` FROM `wp_apps`  [ RunTime:0.0001s ]
SQL: SELECT * FROM `wp_apps` WHERE `id` = 16 LIMIT 1   [ RunTime:0.0001s ]
SQL: SELECT `id`,`appid` FROM `wp_apps`  [ RunTime:0.0001s ]
SQL: SELECT * FROM `wp_apps` WHERE `id` = 16 LIMIT 1   [ RunTime:0.0001s ]

[ 2017-12-02T18:51:13+08:00 ] 223.72.84.48 /index.php?s=/w0/Home/Apps/lists.html
SQL: SELECT * FROM `wp_card_custom` WHERE `token` = ''  [ RunTime:0.0001s ]
SQL: SELECT * FROM `wp_menu` WHERE `place` = 0 AND `is_hide` = 0 ORDER BY sort asc, id asc  [ RunTime:0.0001s ]
SQL: SELECT * FROM `wp_model` WHERE `name` = 'apps' LIMIT 1   [ RunTime:0.0001s ]
SQL: SELECT `mp_id` FROM `wp_apps_link` WHERE ( uid='1' )  [ RunTime:0.0002s ]
SQL: SELECT `mp_id`,count(1) as num FROM `wp_apps_link` WHERE `mp_id` IN ('16') GROUP BY mp_id  [ RunTime:0.0001s ]
SQL: SELECT * FROM `wp_model` WHERE `id` = 6 LIMIT 1   [ RunTime:0.0001s ]
SQL: SELECT `id`,`uid`,`public_name`,`public_id`,`headface_url`,`area`,`addon_config`,`addon_status`,`token`,`type`,`appid`,`secret`,`encodingaeskey`,`tips_url`,`is_bind`,`check_file`,`app_type`,`mch_id`,`partner_key`,`cert_pem`,`key_pem`,`authorizer_refresh_token` FROM `wp_apps` WHERE `id` IN ('16') ORDER BY id desc  [ RunTime:0.0002s ]

[ 2017-12-02T18:51:21+08:00 ] 223.72.84.48 /index.php?s=/w0/Home/Apps/payment_set/id/16.html
SQL: SELECT * FROM `wp_card_custom` WHERE `token` = ''  [ RunTime:0.0001s ]
SQL: SELECT * FROM `wp_menu` WHERE `place` = 0 AND `is_hide` = 0 ORDER BY sort asc, id asc  [ RunTime:0.0001s ]
SQL: SELECT * FROM `wp_model` WHERE `name` = 'apps' LIMIT 1   [ RunTime:0.0001s ]

[ 2017-12-02T18:51:28+08:00 ] 223.72.84.48 /index.php?s=/w0/Home/Apps/check_res/id/16.html
SQL: SELECT * FROM `wp_card_custom` WHERE `token` = ''  [ RunTime:0.0001s ]
SQL: SELECT * FROM `wp_menu` WHERE `place` = 0 AND `is_hide` = 0 ORDER BY sort asc, id asc  [ RunTime:0.0001s ]
SQL: SELECT * FROM `wp_model` WHERE `name` = 'apps' LIMIT 1   [ RunTime:0.0001s ]
SQL: SELECT * FROM `wp_apps` WHERE `id` = 16 LIMIT 1   [ RunTime:0.0001s ]
SQL: SHOW COLUMNS FROM `wp_apps_check` [ RunTime:0.0004s ]
SQL: DELETE FROM `wp_apps_check` WHERE `token` = 'gh_474547030e87' [ RunTime:0.0001s ]
SQL: SHOW COLUMNS FROM `wp_apps_auth` [ RunTime:0.0003s ]
SQL: SELECT * FROM `wp_apps_auth`  [ RunTime:0.0002s ]

[ 2017-12-02T18:51:42+08:00 ] 223.72.84.48 /index.php?s=/w16/Home/Index/main.html
SQL: SELECT * FROM `wp_card_custom` WHERE `token` = 'gh_474547030e87'  [ RunTime:0.0001s ]
SQL: SELECT * FROM `wp_apps_link` WHERE `uid` = 1  [ RunTime:0.0002s ]
SQL: SELECT * FROM `wp_menu` WHERE `place` = 0 AND `is_hide` = 0 ORDER BY sort asc, id asc  [ RunTime:0.0001s ]
SQL: SELECT * FROM `wp_addons` WHERE `is_show` = 1 AND `status` = 1 ORDER BY id DESC  [ RunTime:0.0004s ]
SQL: SELECT `addon_status` FROM `wp_apps_link` WHERE `uid` = 1 AND `mp_id` = 16 LIMIT 1   [ RunTime:0.0001s ]
SQL: SHOW COLUMNS FROM `wp_apps_follow` [ RunTime:0.0003s ]
SQL: SELECT COUNT(*) AS tp_count FROM wp_apps_follow as f WHERE f.token = 'gh_474547030e87' AND f.has_subscribe = 1 LIMIT 1   [ RunTime:0.0001s ]
SQL: SHOW COLUMNS FROM `wp_apps_follow` [ RunTime:0.0003s ]
SQL: SELECT COUNT(*) AS tp_count FROM wp_apps_follow as f INNER JOIN wp_user as u ON f.uid=u.uid  WHERE f.token = 'gh_474547030e87' AND f.has_subscribe = 1 AND u.reg_time > 1512144000 LIMIT 1   [ RunTime:0.0001s ]
SQL: SHOW COLUMNS FROM `wp_apps_follow` [ RunTime:0.0003s ]
SQL: SELECT COUNT(*) AS tp_count FROM wp_apps_follow as f INNER JOIN wp_user as u ON f.uid=u.uid  WHERE f.token = 'gh_474547030e87' AND f.has_subscribe = 1 AND u.reg_time > 1512057600 LIMIT 1   [ RunTime:0.0001s ]

[ 2017-12-02T18:56:25+08:00 ] 223.72.84.48 /index.php?s=/w16/Home/Apps/add.html
SQL: SELECT * FROM `wp_card_custom` WHERE `token` = 'gh_474547030e87'  [ RunTime:0.0001s ]
SQL: SELECT * FROM `wp_menu` WHERE `place` = 0 AND `is_hide` = 0 ORDER BY sort asc, id asc  [ RunTime:0.0001s ]
SQL: SELECT * FROM `wp_model` WHERE `name` = 'apps' LIMIT 1   [ RunTime:0.0001s ]
SQL: SELECT * FROM `wp_manager` WHERE `uid` = 1 LIMIT 1   [ RunTime:0.0002s ]
SQL: SELECT * FROM `wp_user` WHERE `uid` = 1 LIMIT 1   [ RunTime:0.0001s ]

[ 2017-12-02T18:56:31+08:00 ] 223.72.84.48 /index.php?s=/w16/Home/Apps/lists.html
SQL: SELECT * FROM `wp_card_custom` WHERE `token` = 'gh_474547030e87'  [ RunTime:0.0001s ]
SQL: SELECT * FROM `wp_menu` WHERE `place` = 0 AND `is_hide` = 0 ORDER BY sort asc, id asc  [ RunTime:0.0001s ]
SQL: SELECT * FROM `wp_model` WHERE `name` = 'apps' LIMIT 1   [ RunTime:0.0001s ]
SQL: SELECT `mp_id` FROM `wp_apps_link` WHERE ( uid='1' )  [ RunTime:0.0001s ]
SQL: SELECT `mp_id`,count(1) as num FROM `wp_apps_link` WHERE `mp_id` IN ('16') GROUP BY mp_id  [ RunTime:0.0000s ]
SQL: SELECT * FROM `wp_model` WHERE `id` = 6 LIMIT 1   [ RunTime:0.0001s ]
SQL: SELECT `id`,`uid`,`public_name`,`public_id`,`headface_url`,`area`,`addon_config`,`addon_status`,`token`,`type`,`appid`,`secret`,`encodingaeskey`,`tips_url`,`is_bind`,`check_file`,`app_type`,`mch_id`,`partner_key`,`cert_pem`,`key_pem`,`authorizer_refresh_token` FROM `wp_apps` WHERE `id` IN ('16') ORDER BY id desc  [ RunTime:0.0001s ]

[ 2017-12-02T18:56:34+08:00 ] 223.72.84.48 /index.php?s=/w16/Home/Apps/check_res/id/16.html
SQL: SELECT * FROM `wp_card_custom` WHERE `token` = 'gh_474547030e87'  [ RunTime:0.0001s ]
SQL: SELECT * FROM `wp_menu` WHERE `place` = 0 AND `is_hide` = 0 ORDER BY sort asc, id asc  [ RunTime:0.0001s ]
SQL: SELECT * FROM `wp_model` WHERE `name` = 'apps' LIMIT 1   [ RunTime:0.0001s ]
SQL: SELECT * FROM `wp_apps` WHERE `id` = 16 LIMIT 1   [ RunTime:0.0001s ]
SQL: DELETE FROM `wp_apps_check` WHERE `token` = 'gh_474547030e87' [ RunTime:0.0002s ]
SQL: SELECT * FROM `wp_apps_auth`  [ RunTime:0.0001s ]

[ 2017-12-02T18:57:07+08:00 ] 223.72.84.48 /index.php?s=/w16/Home/AppsLink/lists/mp_id/16.html
SQL: SELECT * FROM `wp_card_custom` WHERE `token` = 'gh_474547030e87'  [ RunTime:0.0001s ]
SQL: SELECT * FROM `wp_menu` WHERE `place` = 0 AND `is_hide` = 0 ORDER BY sort asc, id asc  [ RunTime:0.0001s ]
SQL: SELECT * FROM `wp_model` WHERE `name` = 'apps_link' LIMIT 1   [ RunTime:0.0003s ]
SQL: SELECT `uid`,`addon_status`,`id` FROM `wp_apps_link` WHERE `mp_id` = 16 AND `is_creator` = 0 ORDER BY id desc LIMIT 0,20   [ RunTime:0.0001s ]
SQL: SELECT COUNT(*) AS tp_count FROM `wp_apps_link` WHERE `mp_id` = 16 AND `is_creator` = 0 LIMIT 1   [ RunTime:0.0001s ]

[ 2017-12-02T19:01:31+08:00 ] 103.7.30.104 /index.php?s=/w0/home/weixin/index/id/16.html&signature=19c92453794b2e5b1ed5d96b7a565c6d1d7bf0b1&timestamp=1512212490&nonce=1265374236&openid=o6Q1R0st8m1w5grLipcMV7Rfib58
SQL: SELECT * FROM `wp_card_custom` WHERE `token` = null  [ RunTime:0.0001s ]
SQL: INSERT INTO `wp_admin_log` (`ip`,`mod`,`cTime`,`content`) VALUES ('103.7.30.104','Home','1512212491','http://18.221.171.174/index.php?s=/w0/home/weixin/index/id/16.html&signature=19c92453794b2e5b1ed5d96b7a565c6d1d7bf0b1&timestamp=1512212490&nonce=1265374236&openid=o6Q1R0st8m1w5grLipcMV7Rfib58
POST: array (
); 
') [ RunTime:0.0002s ]
SQL: SHOW COLUMNS FROM `wp_debug_log` [ RunTime:0.0004s ]
SQL: INSERT INTO `wp_debug_log` (`cTime`,`cTime_format`,`data`,`data_post`) VALUES ('1512212491','2017-12-02 19:01:31','array (
  \'ToUserName\' => \'gh_474547030e87\',
  \'FromUserName\' => \'o6Q1R0st8m1w5grLipcMV7Rfib58\',
  \'CreateTime\' => \'1512212490\',
  \'MsgType\' => \'text\',
  \'Content\' => \'微官网\',
  \'MsgId\' => \'6494903189582919755\',
)','<xml><ToUserName><![CDATA[gh_474547030e87]]></ToUserName>
<FromUserName><![CDATA[o6Q1R0st8m1w5grLipcMV7Rfib58]]></FromUserName>
<CreateTime>1512212490</CreateTime>
<MsgType><![CDATA[text]]></MsgType>
<Content><![CDATA[微官网]]></Content>
<MsgId>6494903189582919755</MsgId>
</xml>') [ RunTime:0.0002s ]
SQL: SHOW COLUMNS FROM `wp_user` [ RunTime:0.0005s ]
SQL: SELECT `uid` FROM `wp_apps_follow` WHERE `token` = 'gh_474547030e87' AND `openid` = 'o6Q1R0st8m1w5grLipcMV7Rfib58' LIMIT 1   [ RunTime:0.0001s ]
SQL: INSERT INTO `wp_user` (`experience`,`score`,`reg_ip`,`reg_time`,`last_login_ip`,`last_login_time`,`status`,`is_init`,`is_audit`,`come_from`,`headimgurl`) VALUES ('100','100','1728519784','1512212491','1728519784','1512212491','1','1','1','1','') [ RunTime:0.0002s ]
SQL: INSERT INTO `wp_apps_follow` (`token`,`openid`,`uid`) VALUES ('gh_474547030e87','o6Q1R0st8m1w5grLipcMV7Rfib58','159') [ RunTime:0.0001s ]
SQL: SHOW COLUMNS FROM `wp_weixin_message` [ RunTime:0.0004s ]
SQL: INSERT INTO `wp_weixin_message` (`ToUserName`,`FromUserName`,`CreateTime`,`MsgType`,`Content`,`MsgId`) VALUES ('gh_474547030e87','o6Q1R0st8m1w5grLipcMV7Rfib58','1512212490','text','微官网','6494903189582919755') [ RunTime:0.0002s ]
SQL: INSERT INTO `wp_debug_log` (`cTime`,`cTime_format`,`data`,`data_post`) VALUES ('1512212491','2017-12-02 19:01:31','<?xml version=\"1.0\"?>
<xml><ArticleCount>1</ArticleCount><Articles><item><Title><![CDATA[点击进入首页]]></Title><Description><![CDATA[]]></Description><PicUrl><![CDATA[]]></PicUrl><Url><![CDATA[http://18.221.171.174/index.php?s=/w16/WeiSite/Wap/index/openid/o6Q1R0st8m1w5grLipcMV7Rfib58.html&openid=o6Q1R0st8m1w5grLipcMV7Rfib58]]></Url></item></Articles><ToUserName><![CDATA[o6Q1R0st8m1w5grLipcMV7Rfib58]]></ToUserName><FromUserName><![CDATA[gh_474547030e87]]></FromUserName><CreateTime>1512212491</CreateTime><MsgType><![CDATA[news]]></MsgType></xml>
','_replyData') [ RunTime:0.0002s ]
SQL: SHOW COLUMNS FROM `wp_custom_sendall` [ RunTime:0.0004s ]
SQL: SELECT * FROM `wp_custom_sendall` WHERE `ToUserName` = 'gh_474547030e87' AND `is_send` = 0 AND `FromUserName` = 'o6Q1R0st8m1w5grLipcMV7Rfib58'  [ RunTime:0.0002s ]

[ 2017-12-02T19:01:57+08:00 ] 157.255.172.20 /
SQL: SELECT * FROM `wp_card_custom` WHERE `token` = ''  [ RunTime:0.0001s ]
SQL: SHOW COLUMNS FROM `wp_auth_group_access` [ RunTime:0.0004s ]
SQL: SELECT a.uid,a.group_id,g.title,g.rules FROM wp_auth_group_access a INNER JOIN wp_auth_group g on a.group_id=g.id  WHERE ( a.uid='' and g.status='1' )  [ RunTime:0.0001s ]
SQL: SELECT * FROM `wp_menu` WHERE `place` = 0 AND `is_hide` = 0 ORDER BY sort asc, id asc  [ RunTime:0.0001s ]

[ 2017-12-02T19:01:57+08:00 ] 121.51.14.21 /
SQL: SELECT * FROM `wp_card_custom` WHERE `token` = ''  [ RunTime:0.0001s ]
SQL: SHOW COLUMNS FROM `wp_auth_group_access` [ RunTime:0.0003s ]
SQL: SELECT a.uid,a.group_id,g.title,g.rules FROM wp_auth_group_access a INNER JOIN wp_auth_group g on a.group_id=g.id  WHERE ( a.uid='' and g.status='1' )  [ RunTime:0.0001s ]
SQL: SELECT * FROM `wp_menu` WHERE `place` = 0 AND `is_hide` = 0 ORDER BY sort asc, id asc  [ RunTime:0.0001s ]

[ 2017-12-02T19:04:04+08:00 ] 223.72.84.48 /index.php?s=/w16/Home/File/uploadDialog/session_id/2fqlsjf5i1r0tch25nv551pn05.html&max=NaN&field=cover
SQL: SELECT * FROM `wp_card_custom` WHERE `token` = 'gh_474547030e87'  [ RunTime:0.0001s ]
SQL: SELECT * FROM `wp_menu` WHERE `place` = 0 AND `is_hide` = 0 ORDER BY sort asc, id asc  [ RunTime:0.0001s ]

[ 2017-12-02T19:04:15+08:00 ] 223.72.84.48 /index.php?s=/w16/Home/File/uploadPicture/session_id/2fqlsjf5i1r0tch25nv551pn05.html
SQL: SELECT * FROM `wp_card_custom` WHERE `token` = 'gh_474547030e87'  [ RunTime:0.0001s ]
SQL: INSERT INTO `wp_admin_log` (`uid`,`ip`,`mod`,`cTime`,`content`) VALUES ('1','223.72.84.48','Home','1512212655','http://18.221.171.174/index.php?s=/w16/Home/File/uploadPicture/session_id/2fqlsjf5i1r0tch25nv551pn05.html
POST: array (
  \'id\' => \'WU_FILE_0\',
  \'name\' => \'timg.jpg\',
  \'type\' => \'image/jpeg\',
  \'lastModifiedDate\' => \'Sat Dec 02 2017 19:04:00 GMT+0800 (CST)\',
  \'size\' => \'37124\',
); 
') [ RunTime:0.0002s ]
SQL: SHOW COLUMNS FROM `wp_picture` [ RunTime:0.0005s ]
SQL: SELECT `id`,`path`,`url`,`category_id`,`md5`,`sha1`,`status`,`create_time`,`token`,`system` FROM `wp_picture` WHERE `md5` = 'f9ec9087c359c6a1db44e8c58afc45d2' AND `sha1` = 'b002d1de1c83b931797a884be82e0549a629a4af' LIMIT 1   [ RunTime:0.0002s ]
SQL: INSERT INTO `wp_picture` (`md5`,`sha1`,`path`,`token`,`url`,`status`,`create_time`) VALUES ('f9ec9087c359c6a1db44e8c58afc45d2','b002d1de1c83b931797a884be82e0549a629a4af','/Uploads/Picture/2017-12-02/5a2288af29e6e.jpg','gh_474547030e87','http://18.221.171.174/Uploads/Picture/2017-12-02/5a2288af29e6e.jpg','1','1512212655') [ RunTime:0.0002s ]

[ 2017-12-02T19:05:16+08:00 ] 223.72.84.48 /index.php?s=/w16/Home/File/uploadDialog/session_id/2fqlsjf5i1r0tch25nv551pn05.html&max=1&field=img
SQL: SELECT * FROM `wp_card_custom` WHERE `token` = 'gh_474547030e87'  [ RunTime:0.0001s ]
SQL: SELECT * FROM `wp_menu` WHERE `place` = 0 AND `is_hide` = 0 ORDER BY sort asc, id asc  [ RunTime:0.0001s ]

[ 2017-12-02T19:05:26+08:00 ] 223.72.84.48 /index.php?s=/w16/Home/File/uploadDialog/session_id/2fqlsjf5i1r0tch25nv551pn05.html&max=1&field=img
SQL: SELECT * FROM `wp_card_custom` WHERE `token` = 'gh_474547030e87'  [ RunTime:0.0001s ]
SQL: SELECT * FROM `wp_menu` WHERE `place` = 0 AND `is_hide` = 0 ORDER BY sort asc, id asc  [ RunTime:0.0001s ]

[ 2017-12-02T19:05:31+08:00 ] 223.72.84.48 /index.php?s=/w16/Home/File/uploadPicture/session_id/2fqlsjf5i1r0tch25nv551pn05.html
SQL: SELECT * FROM `wp_card_custom` WHERE `token` = 'gh_474547030e87'  [ RunTime:0.0001s ]
SQL: INSERT INTO `wp_admin_log` (`uid`,`ip`,`mod`,`cTime`,`content`) VALUES ('1','223.72.84.48','Home','1512212731','http://18.221.171.174/index.php?s=/w16/Home/File/uploadPicture/session_id/2fqlsjf5i1r0tch25nv551pn05.html
POST: array (
  \'id\' => \'WU_FILE_0\',
  \'name\' => \'timg.jpg\',
  \'type\' => \'image/jpeg\',
  \'lastModifiedDate\' => \'Sat Dec 02 2017 19:04:00 GMT+0800 (CST)\',
  \'size\' => \'37124\',
); 
') [ RunTime:0.0002s ]
SQL: SELECT `id`,`path`,`url`,`category_id`,`md5`,`sha1`,`status`,`create_time`,`token`,`system` FROM `wp_picture` WHERE `md5` = 'f9ec9087c359c6a1db44e8c58afc45d2' AND `sha1` = 'b002d1de1c83b931797a884be82e0549a629a4af' LIMIT 1   [ RunTime:0.0002s ]

[ 2017-12-02T19:13:16+08:00 ] 223.72.84.48 /index.php?s=/w16/Home/Material/ajax_text_by_id.html
SQL: SELECT * FROM `wp_card_custom` WHERE `token` = 'gh_474547030e87'  [ RunTime:0.0001s ]
SQL: SELECT * FROM `wp_apps_link` WHERE `uid` = 1  [ RunTime:0.0001s ]
SQL: INSERT INTO `wp_admin_log` (`uid`,`ip`,`mod`,`cTime`,`content`) VALUES ('1','223.72.84.48','Home','1512213196','http://18.221.171.174/index.php?s=/w16/Home/Material/ajax_text_by_id.html
POST: array (
  \'text_id\' => \'\',
); 
') [ RunTime:0.0002s ]
SQL: SHOW COLUMNS FROM `wp_material_text` [ RunTime:0.0005s ]
SQL: SELECT `content` FROM `wp_material_text` WHERE `id` = 0 LIMIT 1   [ RunTime:0.0001s ]

[ 2017-12-02T19:13:27+08:00 ] 223.72.84.48 /index.php?s=/w16/Home/Material/ajax_text_by_id.html
SQL: SELECT * FROM `wp_card_custom` WHERE `token` = 'gh_474547030e87'  [ RunTime:0.0001s ]
SQL: SELECT * FROM `wp_apps_link` WHERE `uid` = 1  [ RunTime:0.0001s ]
SQL: INSERT INTO `wp_admin_log` (`uid`,`ip`,`mod`,`cTime`,`content`) VALUES ('1','223.72.84.48','Home','1512213207','http://18.221.171.174/index.php?s=/w16/Home/Material/ajax_text_by_id.html
POST: array (
  \'text_id\' => \'\',
); 
') [ RunTime:0.0002s ]
SQL: SELECT `content` FROM `wp_material_text` WHERE `id` = 0 LIMIT 1   [ RunTime:0.0001s ]

[ 2017-12-02T19:13:28+08:00 ] 223.72.84.48 /index.php?s=/w16/Home/Material/ajax_text_by_id.html
SQL: SELECT * FROM `wp_card_custom` WHERE `token` = 'gh_474547030e87'  [ RunTime:0.0001s ]
SQL: SELECT * FROM `wp_apps_link` WHERE `uid` = 1  [ RunTime:0.0001s ]
SQL: INSERT INTO `wp_admin_log` (`uid`,`ip`,`mod`,`cTime`,`content`) VALUES ('1','223.72.84.48','Home','1512213208','http://18.221.171.174/index.php?s=/w16/Home/Material/ajax_text_by_id.html
POST: array (
  \'text_id\' => \'\',
); 
') [ RunTime:0.0002s ]
SQL: SELECT `content` FROM `wp_material_text` WHERE `id` = 0 LIMIT 1   [ RunTime:0.0001s ]

[ 2017-12-02T19:13:58+08:00 ] 223.72.84.48 /index.php?s=/w16/Home/Material/ajax_text_by_id.html
SQL: SELECT * FROM `wp_card_custom` WHERE `token` = 'gh_474547030e87'  [ RunTime:0.0001s ]
SQL: SELECT * FROM `wp_apps_link` WHERE `uid` = 1  [ RunTime:0.0001s ]
SQL: INSERT INTO `wp_admin_log` (`uid`,`ip`,`mod`,`cTime`,`content`) VALUES ('1','223.72.84.48','Home','1512213238','http://18.221.171.174/index.php?s=/w16/Home/Material/ajax_text_by_id.html
POST: array (
  \'text_id\' => \'\',
); 
') [ RunTime:0.0002s ]
SQL: SELECT `content` FROM `wp_material_text` WHERE `id` = 0 LIMIT 1   [ RunTime:0.0001s ]

[ 2017-12-02T19:14:01+08:00 ] 223.72.84.48 /index.php?s=/w16/Home/Material/picture_data.html&isAjax=ajax&isRadio=1
SQL: SELECT * FROM `wp_card_custom` WHERE `token` = 'gh_474547030e87'  [ RunTime:0.0001s ]
SQL: SELECT * FROM `wp_apps_link` WHERE `uid` = 1  [ RunTime:0.0001s ]
SQL: SELECT * FROM `wp_menu` WHERE `place` = 0 AND `is_hide` = 0 ORDER BY sort asc, id asc  [ RunTime:0.0001s ]
SQL: SHOW COLUMNS FROM `wp_material_image` [ RunTime:0.0005s ]
SQL: SELECT count(1) as count FROM `wp_material_image` WHERE `is_use` = 1 AND `token` = 'gh_474547030e87' LIMIT 1   [ RunTime:0.0002s ]
SQL: SELECT `id`,`cover_url` FROM `wp_material_image` WHERE `is_use` = 1 AND `token` = 'gh_474547030e87' ORDER BY id desc LIMIT 0,20   [ RunTime:0.0001s ]

[ 2017-12-02T19:14:12+08:00 ] 223.72.84.48 /index.php?s=/w16/Home/Material/ajax_text_by_id.html
SQL: SELECT * FROM `wp_card_custom` WHERE `token` = 'gh_474547030e87'  [ RunTime:0.0001s ]
SQL: SELECT * FROM `wp_apps_link` WHERE `uid` = 1  [ RunTime:0.0001s ]
SQL: INSERT INTO `wp_admin_log` (`uid`,`ip`,`mod`,`cTime`,`content`) VALUES ('1','223.72.84.48','Home','1512213252','http://18.221.171.174/index.php?s=/w16/Home/Material/ajax_text_by_id.html
POST: array (
  \'text_id\' => \'\',
); 
') [ RunTime:0.0002s ]
SQL: SELECT `content` FROM `wp_material_text` WHERE `id` = 0 LIMIT 1   [ RunTime:0.0001s ]

[ 2017-12-02T19:14:22+08:00 ] 223.72.84.48 /index.php?s=/w16/Home/Material/ajax_text_by_id.html
SQL: SELECT * FROM `wp_card_custom` WHERE `token` = 'gh_474547030e87'  [ RunTime:0.0001s ]
SQL: SELECT * FROM `wp_apps_link` WHERE `uid` = 1  [ RunTime:0.0001s ]
SQL: INSERT INTO `wp_admin_log` (`uid`,`ip`,`mod`,`cTime`,`content`) VALUES ('1','223.72.84.48','Home','1512213262','http://18.221.171.174/index.php?s=/w16/Home/Material/ajax_text_by_id.html
POST: array (
  \'text_id\' => \'\',
); 
') [ RunTime:0.0002s ]
SQL: SELECT `content` FROM `wp_material_text` WHERE `id` = 0 LIMIT 1   [ RunTime:0.0000s ]

[ 2017-12-02T19:16:04+08:00 ] 223.72.84.48 /index.php?s=/w16/Home/Material/ajax_text_by_id.html
SQL: SELECT * FROM `wp_card_custom` WHERE `token` = 'gh_474547030e87'  [ RunTime:0.0001s ]
SQL: SELECT * FROM `wp_apps_link` WHERE `uid` = 1  [ RunTime:0.0001s ]
SQL: INSERT INTO `wp_admin_log` (`uid`,`ip`,`mod`,`cTime`,`content`) VALUES ('1','223.72.84.48','Home','1512213364','http://18.221.171.174/index.php?s=/w16/Home/Material/ajax_text_by_id.html
POST: array (
  \'text_id\' => \'\',
); 
') [ RunTime:0.0002s ]
SQL: SELECT `content` FROM `wp_material_text` WHERE `id` = 0 LIMIT 1   [ RunTime:0.0001s ]

[ 2017-12-02T19:16:32+08:00 ] 223.72.84.48 /index.php?s=/w16/Home/Material/ajax_text_by_id.html
SQL: SELECT * FROM `wp_card_custom` WHERE `token` = 'gh_474547030e87'  [ RunTime:0.0001s ]
SQL: SELECT * FROM `wp_apps_link` WHERE `uid` = 1  [ RunTime:0.0001s ]
SQL: INSERT INTO `wp_admin_log` (`uid`,`ip`,`mod`,`cTime`,`content`) VALUES ('1','223.72.84.48','Home','1512213392','http://18.221.171.174/index.php?s=/w16/Home/Material/ajax_text_by_id.html
POST: array (
  \'text_id\' => \'\',
); 
') [ RunTime:0.0002s ]
SQL: SELECT `content` FROM `wp_material_text` WHERE `id` = 0 LIMIT 1   [ RunTime:0.0001s ]

[ 2017-12-02T19:17:14+08:00 ] 223.72.84.48 /index.php?s=/w16/home/Message/add.html&mdm=45|50
SQL: SELECT * FROM `wp_card_custom` WHERE `token` = 'gh_474547030e87'  [ RunTime:0.0001s ]
SQL: SELECT * FROM `wp_apps_link` WHERE `uid` = 1  [ RunTime:0.0001s ]
SQL: SELECT * FROM `wp_menu` WHERE `place` = 0 AND `is_hide` = 0 ORDER BY sort asc, id asc  [ RunTime:0.0001s ]
SQL: SELECT * FROM `wp_model` WHERE `name` = 'message' LIMIT 1   [ RunTime:0.0002s ]
SQL: SELECT * FROM `wp_model` WHERE `id` = 18 LIMIT 1   [ RunTime:0.0001s ]
SQL: SHOW COLUMNS FROM `wp_auth_group` [ RunTime:0.0004s ]
SQL: SELECT * FROM `wp_auth_group` WHERE `token` = 'gh_474547030e87' AND `manager_id` = 1 AND `is_del` = 0  [ RunTime:0.0001s ]

[ 2017-12-02T19:17:49+08:00 ] 223.72.84.48 /index.php?s=/w16/Home/Material/ajax_text_by_id.html
SQL: SELECT * FROM `wp_card_custom` WHERE `token` = 'gh_474547030e87'  [ RunTime:0.0001s ]
SQL: SELECT * FROM `wp_apps_link` WHERE `uid` = 1  [ RunTime:0.0001s ]
SQL: INSERT INTO `wp_admin_log` (`uid`,`ip`,`mod`,`cTime`,`content`) VALUES ('1','223.72.84.48','Home','1512213469','http://18.221.171.174/index.php?s=/w16/Home/Material/ajax_text_by_id.html
POST: array (
  \'text_id\' => \'\',
); 
') [ RunTime:0.0002s ]
SQL: SELECT `content` FROM `wp_material_text` WHERE `id` = 0 LIMIT 1   [ RunTime:0.0001s ]

[ 2017-12-02T19:19:26+08:00 ] 223.72.84.48 /index.php?s=/w16/Home/Material/ajax_text_by_id.html
SQL: SELECT * FROM `wp_card_custom` WHERE `token` = 'gh_474547030e87'  [ RunTime:0.0001s ]
SQL: SELECT * FROM `wp_apps_link` WHERE `uid` = 1  [ RunTime:0.0001s ]
SQL: INSERT INTO `wp_admin_log` (`uid`,`ip`,`mod`,`cTime`,`content`) VALUES ('1','223.72.84.48','Home','1512213566','http://18.221.171.174/index.php?s=/w16/Home/Material/ajax_text_by_id.html
POST: array (
  \'text_id\' => \'\',
); 
') [ RunTime:0.0002s ]
SQL: SELECT `content` FROM `wp_material_text` WHERE `id` = 0 LIMIT 1   [ RunTime:0.0001s ]

[ 2017-12-02T19:19:44+08:00 ] 223.72.84.48 /index.php?s=/w16/home/index/main.html&mdm=14
SQL: SELECT * FROM `wp_card_custom` WHERE `token` = 'gh_474547030e87'  [ RunTime:0.0001s ]
SQL: SELECT * FROM `wp_apps_link` WHERE `uid` = 1  [ RunTime:0.0001s ]
SQL: SELECT * FROM `wp_menu` WHERE `place` = 0 AND `is_hide` = 0 ORDER BY sort asc, id asc  [ RunTime:0.0001s ]
SQL: SELECT * FROM `wp_addons` WHERE `is_show` = 1 AND `status` = 1 ORDER BY id DESC  [ RunTime:0.0001s ]
SQL: SELECT `addon_status` FROM `wp_apps_link` WHERE `uid` = 1 AND `mp_id` = 16 LIMIT 1   [ RunTime:0.0001s ]
SQL: SHOW COLUMNS FROM `wp_apps_follow` [ RunTime:0.0004s ]
SQL: SELECT COUNT(*) AS tp_count FROM wp_apps_follow as f WHERE f.token = 'gh_474547030e87' AND f.has_subscribe = 1 LIMIT 1   [ RunTime:0.0001s ]
SQL: SHOW COLUMNS FROM `wp_apps_follow` [ RunTime:0.0003s ]
SQL: SELECT COUNT(*) AS tp_count FROM wp_apps_follow as f INNER JOIN wp_user as u ON f.uid=u.uid  WHERE f.token = 'gh_474547030e87' AND f.has_subscribe = 1 AND u.reg_time > 1512144000 LIMIT 1   [ RunTime:0.0002s ]
SQL: SHOW COLUMNS FROM `wp_apps_follow` [ RunTime:0.0003s ]
SQL: SELECT COUNT(*) AS tp_count FROM wp_apps_follow as f INNER JOIN wp_user as u ON f.uid=u.uid  WHERE f.token = 'gh_474547030e87' AND f.has_subscribe = 1 AND u.reg_time > 1512057600 LIMIT 1   [ RunTime:0.0002s ]

[ 2017-12-02T19:19:46+08:00 ] 223.72.84.48 /index.php?s=/w16/home/index/main.html&mdm=14
SQL: SELECT * FROM `wp_card_custom` WHERE `token` = 'gh_474547030e87'  [ RunTime:0.0001s ]
SQL: SELECT * FROM `wp_apps_link` WHERE `uid` = 1  [ RunTime:0.0001s ]
SQL: SELECT * FROM `wp_menu` WHERE `place` = 0 AND `is_hide` = 0 ORDER BY sort asc, id asc  [ RunTime:0.0001s ]
SQL: SELECT * FROM `wp_addons` WHERE `is_show` = 1 AND `status` = 1 ORDER BY id DESC  [ RunTime:0.0001s ]
SQL: SELECT `addon_status` FROM `wp_apps_link` WHERE `uid` = 1 AND `mp_id` = 16 LIMIT 1   [ RunTime:0.0001s ]
SQL: SHOW COLUMNS FROM `wp_apps_follow` [ RunTime:0.0004s ]
SQL: SELECT COUNT(*) AS tp_count FROM wp_apps_follow as f WHERE f.token = 'gh_474547030e87' AND f.has_subscribe = 1 LIMIT 1   [ RunTime:0.0001s ]
SQL: SHOW COLUMNS FROM `wp_apps_follow` [ RunTime:0.0003s ]
SQL: SELECT COUNT(*) AS tp_count FROM wp_apps_follow as f INNER JOIN wp_user as u ON f.uid=u.uid  WHERE f.token = 'gh_474547030e87' AND f.has_subscribe = 1 AND u.reg_time > 1512144000 LIMIT 1   [ RunTime:0.0001s ]
SQL: SHOW COLUMNS FROM `wp_apps_follow` [ RunTime:0.0003s ]
SQL: SELECT COUNT(*) AS tp_count FROM wp_apps_follow as f INNER JOIN wp_user as u ON f.uid=u.uid  WHERE f.token = 'gh_474547030e87' AND f.has_subscribe = 1 AND u.reg_time > 1512057600 LIMIT 1   [ RunTime:0.0001s ]

[ 2017-12-02T19:20:30+08:00 ] 121.51.14.20 /
SQL: SELECT * FROM `wp_card_custom` WHERE `token` = ''  [ RunTime:0.0001s ]
SQL: SHOW COLUMNS FROM `wp_auth_group_access` [ RunTime:0.0004s ]
SQL: SELECT a.uid,a.group_id,g.title,g.rules FROM wp_auth_group_access a INNER JOIN wp_auth_group g on a.group_id=g.id  WHERE ( a.uid='' and g.status='1' )  [ RunTime:0.0001s ]
SQL: SELECT * FROM `wp_menu` WHERE `place` = 0 AND `is_hide` = 0 ORDER BY sort asc, id asc  [ RunTime:0.0001s ]

[ 2017-12-02T19:25:19+08:00 ] 223.72.84.48 /
SQL: SELECT * FROM `wp_card_custom` WHERE `token` = ''  [ RunTime:0.0001s ]
SQL: SELECT * FROM `wp_menu` WHERE `place` = 0 AND `is_hide` = 0 ORDER BY sort asc, id asc  [ RunTime:0.0001s ]

[ 2017-12-02T19:25:20+08:00 ] 223.72.84.48 /index.php?s=/w0/Home/User/login/from/1.html
SQL: SELECT * FROM `wp_card_custom` WHERE `token` = ''  [ RunTime:0.0001s ]
SQL: SELECT * FROM `wp_menu` WHERE `place` = 0 AND `is_hide` = 0 ORDER BY sort asc, id asc  [ RunTime:0.0001s ]

[ 2017-12-02T19:25:20+08:00 ] 223.72.84.48 /index.php?s=/w0/Home/Apps/lists/from/3.html
SQL: SELECT * FROM `wp_card_custom` WHERE `token` = ''  [ RunTime:0.0001s ]
SQL: SELECT * FROM `wp_menu` WHERE `place` = 0 AND `is_hide` = 0 ORDER BY sort asc, id asc  [ RunTime:0.0001s ]
SQL: SELECT * FROM `wp_model` WHERE `name` = 'apps' LIMIT 1   [ RunTime:0.0002s ]
SQL: SELECT `mp_id` FROM `wp_apps_link` WHERE ( uid='1' )  [ RunTime:0.0001s ]
SQL: SELECT `mp_id`,count(1) as num FROM `wp_apps_link` WHERE `mp_id` IN ('16') GROUP BY mp_id  [ RunTime:0.0000s ]
SQL: SELECT * FROM `wp_model` WHERE `id` = 6 LIMIT 1   [ RunTime:0.0001s ]
SQL: SELECT `id`,`uid`,`public_name`,`public_id`,`headface_url`,`area`,`addon_config`,`addon_status`,`token`,`type`,`appid`,`secret`,`encodingaeskey`,`tips_url`,`is_bind`,`check_file`,`app_type`,`mch_id`,`partner_key`,`cert_pem`,`key_pem`,`authorizer_refresh_token` FROM `wp_apps` WHERE `id` IN ('16') ORDER BY id desc  [ RunTime:0.0002s ]

[ 2017-12-02T19:25:23+08:00 ] 223.72.84.48 /index.php?s=/w0/Home/Apps/check_res/id/16.html
SQL: SELECT * FROM `wp_card_custom` WHERE `token` = ''  [ RunTime:0.0001s ]
SQL: SELECT * FROM `wp_menu` WHERE `place` = 0 AND `is_hide` = 0 ORDER BY sort asc, id asc  [ RunTime:0.0001s ]
SQL: SELECT * FROM `wp_model` WHERE `name` = 'apps' LIMIT 1   [ RunTime:0.0001s ]
SQL: SELECT * FROM `wp_apps` WHERE `id` = 16 LIMIT 1   [ RunTime:0.0001s ]
SQL: DELETE FROM `wp_apps_check` WHERE `token` = 'gh_474547030e87' [ RunTime:0.0002s ]
SQL: SELECT * FROM `wp_apps_auth`  [ RunTime:0.0001s ]

[ 2017-12-02T19:25:50+08:00 ] 120.204.17.68 /
SQL: SELECT * FROM `wp_card_custom` WHERE `token` = ''  [ RunTime:0.0001s ]
SQL: SHOW COLUMNS FROM `wp_auth_group_access` [ RunTime:0.0004s ]
SQL: SELECT a.uid,a.group_id,g.title,g.rules FROM wp_auth_group_access a INNER JOIN wp_auth_group g on a.group_id=g.id  WHERE ( a.uid='' and g.status='1' )  [ RunTime:0.0001s ]
SQL: SELECT * FROM `wp_menu` WHERE `place` = 0 AND `is_hide` = 0 ORDER BY sort asc, id asc  [ RunTime:0.0001s ]

[ 2017-12-02T19:25:50+08:00 ] 58.246.221.75 /
SQL: SELECT * FROM `wp_card_custom` WHERE `token` = ''  [ RunTime:0.0001s ]
SQL: SHOW COLUMNS FROM `wp_auth_group_access` [ RunTime:0.0004s ]
SQL: SELECT a.uid,a.group_id,g.title,g.rules FROM wp_auth_group_access a INNER JOIN wp_auth_group g on a.group_id=g.id  WHERE ( a.uid='' and g.status='1' )  [ RunTime:0.0001s ]
SQL: SELECT * FROM `wp_menu` WHERE `place` = 0 AND `is_hide` = 0 ORDER BY sort asc, id asc  [ RunTime:0.0001s ]

[ 2017-12-02T19:25:55+08:00 ] 18.221.171.174 /index.php?s=/w16/home/weixin/index/id/16/signature/d3e1ce50d26db638e6a03e1c8bf6b23b4fdbdd87/timestamp/1464254754/nonce/407622025.html
SQL: SELECT * FROM `wp_card_custom` WHERE `token` = null  [ RunTime:0.0001s ]
SQL: INSERT INTO `wp_admin_log` (`ip`,`mod`,`cTime`,`content`) VALUES ('18.221.171.174','Home','1512213955','http://18.221.171.174/index.php?s=/w16/home/weixin/index/id/16/signature/d3e1ce50d26db638e6a03e1c8bf6b23b4fdbdd87/timestamp/1464254754/nonce/407622025.html
POST: array (
  \'<xml><ToUserName><!\' => 
  array (
    \'CDATA[gh_474547030e87\' => \'\',
  ),
); 
') [ RunTime:0.0002s ]
SQL: INSERT INTO `wp_debug_log` (`cTime`,`cTime_format`,`data`,`data_post`) VALUES ('1512213955','2017-12-02 19:25:55','array (
  \'ToUserName\' => \'gh_474547030e87\',
  \'FromUserName\' => \'oikassyZe6bdupvJ2lq-majc_rUg\',
  \'CreateTime\' => \'1464254617\',
  \'MsgType\' => \'text\',
  \'Content\' => \'自动检测\',
  \'MsgId\' => \'6288925693437624122\',
)','<xml><ToUserName><![CDATA[gh_474547030e87]]></ToUserName>
<FromUserName><![CDATA[oikassyZe6bdupvJ2lq-majc_rUg]]></FromUserName>
<CreateTime>1464254617</CreateTime>
<MsgType><![CDATA[text]]></MsgType>
<Content><![CDATA[自动检测]]></Content>
<MsgId>6288925693437624122</MsgId>
</xml>') [ RunTime:0.0002s ]
SQL: INSERT INTO `wp_weixin_message` (`ToUserName`,`FromUserName`,`CreateTime`,`MsgType`,`Content`,`MsgId`) VALUES ('gh_474547030e87','oikassyZe6bdupvJ2lq-majc_rUg','1464254617','text','自动检测','6288925693437624122') [ RunTime:0.0001s ]
SQL: INSERT INTO `wp_debug_log` (`cTime`,`cTime_format`,`data`,`data_post`) VALUES ('1512213955','2017-12-02 19:25:55','<?xml version=\"1.0\"?>
<xml><Content><![CDATA[auto_check]]></Content><ToUserName><![CDATA[oikassyZe6bdupvJ2lq-majc_rUg]]></ToUserName><FromUserName><![CDATA[gh_474547030e87]]></FromUserName><CreateTime>1512213955</CreateTime><MsgType><![CDATA[text]]></MsgType></xml>
','_replyData') [ RunTime:0.0002s ]
SQL: SELECT * FROM `wp_custom_sendall` WHERE `ToUserName` = 'gh_474547030e87' AND `is_send` = 0 AND `FromUserName` = 'oikassyZe6bdupvJ2lq-majc_rUg'  [ RunTime:0.0002s ]

[ 2017-12-02T19:26:00+08:00 ] 18.221.171.174 /index.php?s=/w16/home/weixin/index/id/16/signature/d3e1ce50d26db638e6a03e1c8bf6b23b4fdbdd87/timestamp/1464254754/nonce/407622025.html
SQL: SELECT * FROM `wp_card_custom` WHERE `token` = null  [ RunTime:0.0001s ]
SQL: INSERT INTO `wp_admin_log` (`ip`,`mod`,`cTime`,`content`) VALUES ('18.221.171.174','Home','1512213960','http://18.221.171.174/index.php?s=/w16/home/weixin/index/id/16/signature/d3e1ce50d26db638e6a03e1c8bf6b23b4fdbdd87/timestamp/1464254754/nonce/407622025.html
POST: array (
  \'<xml><ToUserName><!\' => 
  array (
    \'CDATA[gh_474547030e87\' => \'\',
  ),
); 
') [ RunTime:0.0002s ]
SQL: INSERT INTO `wp_debug_log` (`cTime`,`cTime_format`,`data`,`data_post`) VALUES ('1512213960','2017-12-02 19:26:00','array (
  \'ToUserName\' => \'gh_474547030e87\',
  \'FromUserName\' => \'oikassyZe6bdupvJ2lq-majc_rUg\',
  \'CreateTime\' => \'1464254617\',
  \'MsgType\' => \'text\',
  \'Content\' => \'自动检测\',
  \'MsgId\' => \'6288925693437624122\',
)','<xml><ToUserName><![CDATA[gh_474547030e87]]></ToUserName>
<FromUserName><![CDATA[oikassyZe6bdupvJ2lq-majc_rUg]]></FromUserName>
<CreateTime>1464254617</CreateTime>
<MsgType><![CDATA[text]]></MsgType>
<Content><![CDATA[自动检测]]></Content>
<MsgId>6288925693437624122</MsgId>
</xml>') [ RunTime:0.0001s ]
SQL: INSERT INTO `wp_weixin_message` (`ToUserName`,`FromUserName`,`CreateTime`,`MsgType`,`Content`,`MsgId`) VALUES ('gh_474547030e87','oikassyZe6bdupvJ2lq-majc_rUg','1464254617','text','自动检测','6288925693437624122') [ RunTime:0.0002s ]
SQL: INSERT INTO `wp_debug_log` (`cTime`,`cTime_format`,`data`,`data_post`) VALUES ('1512213960','2017-12-02 19:26:00','<?xml version=\"1.0\"?>
<xml><Content><![CDATA[auto_check]]></Content><ToUserName><![CDATA[oikassyZe6bdupvJ2lq-majc_rUg]]></ToUserName><FromUserName><![CDATA[gh_474547030e87]]></FromUserName><CreateTime>1512213960</CreateTime><MsgType><![CDATA[text]]></MsgType></xml>
','_replyData') [ RunTime:0.0002s ]
SQL: SELECT * FROM `wp_custom_sendall` WHERE `ToUserName` = 'gh_474547030e87' AND `is_send` = 0 AND `FromUserName` = 'oikassyZe6bdupvJ2lq-majc_rUg'  [ RunTime:0.0001s ]

[ 2017-12-02T19:26:00+08:00 ] 18.221.171.174 /index.php?s=/w16/home/weixin/index/id/16/signature/d3e1ce50d26db638e6a03e1c8bf6b23b4fdbdd87/timestamp/1464254754/nonce/407622025.html
SQL: SELECT * FROM `wp_card_custom` WHERE `token` = null  [ RunTime:0.0001s ]
SQL: INSERT INTO `wp_admin_log` (`ip`,`mod`,`cTime`,`content`) VALUES ('18.221.171.174','Home','1512213960','http://18.221.171.174/index.php?s=/w16/home/weixin/index/id/16/signature/d3e1ce50d26db638e6a03e1c8bf6b23b4fdbdd87/timestamp/1464254754/nonce/407622025.html
POST: array (
  \'<xml><ToUserName><!\' => 
  array (
    \'CDATA[gh_474547030e87\' => \'\',
  ),
); 
') [ RunTime:0.0002s ]
SQL: INSERT INTO `wp_debug_log` (`cTime`,`cTime_format`,`data`,`data_post`) VALUES ('1512213960','2017-12-02 19:26:00','array (
  \'ToUserName\' => \'gh_474547030e87\',
  \'FromUserName\' => \'oikassyZe6bdupvJ2lq-majc_rUg\',
  \'CreateTime\' => \'1464254617\',
  \'MsgType\' => \'text\',
  \'Content\' => \'自动检测\',
  \'MsgId\' => \'6288925693437624122\',
)','<xml><ToUserName><![CDATA[gh_474547030e87]]></ToUserName>
<FromUserName><![CDATA[oikassyZe6bdupvJ2lq-majc_rUg]]></FromUserName>
<CreateTime>1464254617</CreateTime>
<MsgType><![CDATA[text]]></MsgType>
<Content><![CDATA[自动检测]]></Content>
<MsgId>6288925693437624122</MsgId>
</xml>') [ RunTime:0.0001s ]
SQL: INSERT INTO `wp_weixin_message` (`ToUserName`,`FromUserName`,`CreateTime`,`MsgType`,`Content`,`MsgId`) VALUES ('gh_474547030e87','oikassyZe6bdupvJ2lq-majc_rUg','1464254617','text','自动检测','6288925693437624122') [ RunTime:0.0001s ]
SQL: INSERT INTO `wp_debug_log` (`cTime`,`cTime_format`,`data`,`data_post`) VALUES ('1512213960','2017-12-02 19:26:00','<?xml version=\"1.0\"?>
<xml><Content><![CDATA[auto_check]]></Content><ToUserName><![CDATA[oikassyZe6bdupvJ2lq-majc_rUg]]></ToUserName><FromUserName><![CDATA[gh_474547030e87]]></FromUserName><CreateTime>1512213960</CreateTime><MsgType><![CDATA[text]]></MsgType></xml>
','_replyData') [ RunTime:0.0001s ]
SQL: SELECT * FROM `wp_custom_sendall` WHERE `ToUserName` = 'gh_474547030e87' AND `is_send` = 0 AND `FromUserName` = 'oikassyZe6bdupvJ2lq-majc_rUg'  [ RunTime:0.0001s ]

[ 2017-12-02T19:26:03+08:00 ] 18.221.171.174 /index.php?s=/w16/home/weixin/index/id/16/signature/d3e1ce50d26db638e6a03e1c8bf6b23b4fdbdd87/timestamp/1464254754/nonce/407622025.html
SQL: SELECT * FROM `wp_card_custom` WHERE `token` = null  [ RunTime:0.0001s ]
SQL: INSERT INTO `wp_admin_log` (`ip`,`mod`,`cTime`,`content`) VALUES ('18.221.171.174','Home','1512213963','http://18.221.171.174/index.php?s=/w16/home/weixin/index/id/16/signature/d3e1ce50d26db638e6a03e1c8bf6b23b4fdbdd87/timestamp/1464254754/nonce/407622025.html
POST: array (
  \'<xml><ToUserName><!\' => 
  array (
    \'CDATA[gh_474547030e87\' => \'\',
  ),
); 
') [ RunTime:0.0002s ]
SQL: INSERT INTO `wp_debug_log` (`cTime`,`cTime_format`,`data`,`data_post`) VALUES ('1512213963','2017-12-02 19:26:03','array (
  \'ToUserName\' => \'gh_474547030e87\',
  \'FromUserName\' => \'oikassyZe6bdupvJ2lq-majc_rUg\',
  \'CreateTime\' => \'1464254617\',
  \'MsgType\' => \'text\',
  \'Content\' => \'自动检测\',
  \'MsgId\' => \'6288925693437624122\',
)','<xml><ToUserName><![CDATA[gh_474547030e87]]></ToUserName>
<FromUserName><![CDATA[oikassyZe6bdupvJ2lq-majc_rUg]]></FromUserName>
<CreateTime>1464254617</CreateTime>
<MsgType><![CDATA[text]]></MsgType>
<Content><![CDATA[自动检测]]></Content>
<MsgId>6288925693437624122</MsgId>
</xml>') [ RunTime:0.0001s ]
SQL: INSERT INTO `wp_weixin_message` (`ToUserName`,`FromUserName`,`CreateTime`,`MsgType`,`Content`,`MsgId`) VALUES ('gh_474547030e87','oikassyZe6bdupvJ2lq-majc_rUg','1464254617','text','自动检测','6288925693437624122') [ RunTime:0.0001s ]
SQL: INSERT INTO `wp_debug_log` (`cTime`,`cTime_format`,`data`,`data_post`) VALUES ('1512213963','2017-12-02 19:26:03','<?xml version=\"1.0\"?>
<xml><Content><![CDATA[auto_check]]></Content><ToUserName><![CDATA[oikassyZe6bdupvJ2lq-majc_rUg]]></ToUserName><FromUserName><![CDATA[gh_474547030e87]]></FromUserName><CreateTime>1512213963</CreateTime><MsgType><![CDATA[text]]></MsgType></xml>
','_replyData') [ RunTime:0.0002s ]
SQL: SELECT * FROM `wp_custom_sendall` WHERE `ToUserName` = 'gh_474547030e87' AND `is_send` = 0 AND `FromUserName` = 'oikassyZe6bdupvJ2lq-majc_rUg'  [ RunTime:0.0001s ]

[ 2017-12-02T19:26:20+08:00 ] 223.72.84.48 /index.php?s=/w0/Home/Apps/lists.html
SQL: SELECT * FROM `wp_card_custom` WHERE `token` = ''  [ RunTime:0.0001s ]
SQL: SELECT * FROM `wp_menu` WHERE `place` = 0 AND `is_hide` = 0 ORDER BY sort asc, id asc  [ RunTime:0.0001s ]
SQL: SELECT * FROM `wp_model` WHERE `name` = 'apps' LIMIT 1   [ RunTime:0.0001s ]
SQL: SELECT `mp_id` FROM `wp_apps_link` WHERE ( uid='1' )  [ RunTime:0.0001s ]
SQL: SELECT `mp_id`,count(1) as num FROM `wp_apps_link` WHERE `mp_id` IN ('16') GROUP BY mp_id  [ RunTime:0.0001s ]
SQL: SELECT * FROM `wp_model` WHERE `id` = 6 LIMIT 1   [ RunTime:0.0001s ]
SQL: SELECT `id`,`uid`,`public_name`,`public_id`,`headface_url`,`area`,`addon_config`,`addon_status`,`token`,`type`,`appid`,`secret`,`encodingaeskey`,`tips_url`,`is_bind`,`check_file`,`app_type`,`mch_id`,`partner_key`,`cert_pem`,`key_pem`,`authorizer_refresh_token` FROM `wp_apps` WHERE `id` IN ('16') ORDER BY id desc  [ RunTime:0.0001s ]

[ 2017-12-02T19:26:20+08:00 ] 223.72.84.48 /index.php?s=/w0/Home/Apps/add.html
SQL: SELECT * FROM `wp_card_custom` WHERE `token` = ''  [ RunTime:0.0001s ]
SQL: SELECT * FROM `wp_menu` WHERE `place` = 0 AND `is_hide` = 0 ORDER BY sort asc, id asc  [ RunTime:0.0001s ]
SQL: SELECT * FROM `wp_model` WHERE `name` = 'apps' LIMIT 1   [ RunTime:0.0001s ]
SQL: SELECT * FROM `wp_manager` WHERE `uid` = 1 LIMIT 1   [ RunTime:0.0001s ]
SQL: SELECT * FROM `wp_user` WHERE `uid` = 1 LIMIT 1   [ RunTime:0.0002s ]

[ 2017-12-02T19:26:34+08:00 ] 223.72.84.48 /
SQL: SELECT * FROM `wp_card_custom` WHERE `token` = ''  [ RunTime:0.0001s ]
SQL: SELECT * FROM `wp_menu` WHERE `place` = 0 AND `is_hide` = 0 ORDER BY sort asc, id asc  [ RunTime:0.0001s ]

[ 2017-12-02T19:26:35+08:00 ] 223.72.84.48 /index.php?s=/w0/Home/User/login/from/1.html
SQL: SELECT * FROM `wp_card_custom` WHERE `token` = ''  [ RunTime:0.0001s ]
SQL: SELECT * FROM `wp_menu` WHERE `place` = 0 AND `is_hide` = 0 ORDER BY sort asc, id asc  [ RunTime:0.0001s ]

[ 2017-12-02T19:26:35+08:00 ] 223.72.84.48 /index.php?s=/w0/Home/Apps/lists/from/3.html
SQL: SELECT * FROM `wp_card_custom` WHERE `token` = ''  [ RunTime:0.0001s ]
SQL: SELECT * FROM `wp_menu` WHERE `place` = 0 AND `is_hide` = 0 ORDER BY sort asc, id asc  [ RunTime:0.0001s ]
SQL: SELECT * FROM `wp_model` WHERE `name` = 'apps' LIMIT 1   [ RunTime:0.0001s ]
SQL: SELECT `mp_id` FROM `wp_apps_link` WHERE ( uid='1' )  [ RunTime:0.0001s ]
SQL: SELECT `mp_id`,count(1) as num FROM `wp_apps_link` WHERE `mp_id` IN ('16') GROUP BY mp_id  [ RunTime:0.0000s ]
SQL: SELECT * FROM `wp_model` WHERE `id` = 6 LIMIT 1   [ RunTime:0.0000s ]
SQL: SELECT `id`,`uid`,`public_name`,`public_id`,`headface_url`,`area`,`addon_config`,`addon_status`,`token`,`type`,`appid`,`secret`,`encodingaeskey`,`tips_url`,`is_bind`,`check_file`,`app_type`,`mch_id`,`partner_key`,`cert_pem`,`key_pem`,`authorizer_refresh_token` FROM `wp_apps` WHERE `id` IN ('16') ORDER BY id desc  [ RunTime:0.0001s ]

[ 2017-12-02T19:26:42+08:00 ] 223.72.84.48 /index.php?s=/w0/Home/AppsLink/lists/mp_id/16.html
SQL: SELECT * FROM `wp_card_custom` WHERE `token` = ''  [ RunTime:0.0001s ]
SQL: SELECT * FROM `wp_menu` WHERE `place` = 0 AND `is_hide` = 0 ORDER BY sort asc, id asc  [ RunTime:0.0001s ]
SQL: SELECT `uid`,`addon_status`,`id` FROM `wp_apps_link` WHERE `mp_id` = 16 AND `is_creator` = 0 ORDER BY id desc LIMIT 0,20   [ RunTime:0.0001s ]
SQL: SELECT COUNT(*) AS tp_count FROM `wp_apps_link` WHERE `mp_id` = 16 AND `is_creator` = 0 LIMIT 1   [ RunTime:0.0001s ]

[ 2017-12-02T19:26:46+08:00 ] 223.72.84.48 /index.php?s=/w0/Home/Apps/step_0/id/16.html
SQL: SELECT * FROM `wp_card_custom` WHERE `token` = ''  [ RunTime:0.0001s ]
SQL: SELECT * FROM `wp_menu` WHERE `place` = 0 AND `is_hide` = 0 ORDER BY sort asc, id asc  [ RunTime:0.0001s ]
SQL: SELECT * FROM `wp_model` WHERE `name` = 'apps' LIMIT 1   [ RunTime:0.0001s ]
SQL: SELECT * FROM `wp_apps` WHERE `id` = 16 LIMIT 1   [ RunTime:0.0001s ]

[ 2017-12-02T19:26:51+08:00 ] 223.72.84.48 /index.php?s=/w0/Home/Apps/step_0.html
SQL: SELECT * FROM `wp_card_custom` WHERE `token` = ''  [ RunTime:0.0001s ]
SQL: INSERT INTO `wp_admin_log` (`uid`,`ip`,`mod`,`cTime`,`content`) VALUES ('1','223.72.84.48','Home','1512214011','http://18.221.171.174/index.php?s=/w0/Home/Apps/step_0.html
POST: array (
  \'type\' => \'2\',
  \'public_name\' => \'叭哒计食\',
  \'public_id\' => \'gh_474547030e87\',
  \'id\' => \'16\',
); 
') [ RunTime:0.0002s ]
SQL: SELECT * FROM `wp_model` WHERE `name` = 'apps' LIMIT 1   [ RunTime:0.0001s ]
SQL: SELECT * FROM `wp_apps` WHERE `id` = 16 LIMIT 1   [ RunTime:0.0001s ]
SQL: UPDATE `wp_manager` SET `has_public`='1' WHERE `uid` = 1 [ RunTime:0.0001s ]
SQL: SELECT * FROM `wp_model` WHERE `id` = 6 LIMIT 1   [ RunTime:0.0001s ]
SQL: SELECT * FROM `wp_model` WHERE `id` = 6 LIMIT 1   [ RunTime:0.0001s ]
SQL: UPDATE `wp_apps` SET `type`='2',`public_name`='叭哒计食',`public_id`='gh_474547030e87',`token`='gh_474547030e87',`uid`='1',`app_type`='0' WHERE `id` = 16 [ RunTime:0.0001s ]
SQL: SELECT * FROM `wp_apps` WHERE `id` = 16 LIMIT 1   [ RunTime:0.0001s ]
SQL: SELECT `id`,`token` FROM `wp_apps`  [ RunTime:0.0000s ]
SQL: SELECT * FROM `wp_apps` WHERE `id` = 16 LIMIT 1   [ RunTime:0.0001s ]
SQL: SELECT `id`,`appid` FROM `wp_apps`  [ RunTime:0.0001s ]
SQL: SELECT * FROM `wp_apps` WHERE `id` = 16 LIMIT 1   [ RunTime:0.0001s ]
SQL: SELECT * FROM `wp_user` WHERE `uid` = 1 LIMIT 1   [ RunTime:0.0001s ]
SQL: SELECT `uid`,`has_public`,`headface_url`,`GammaAppId`,`GammaSecret`,`copy_right`,`tongji_code`,`website_logo` FROM `wp_manager` WHERE ( uid='1' ) LIMIT 1   [ RunTime:0.0001s ]
SQL: SHOW COLUMNS FROM `wp_auth_group_access` [ RunTime:0.0003s ]
SQL: SELECT a.group_id,g.title,g.type,g.icon FROM wp_auth_group_access a INNER JOIN wp_auth_group g on a.group_id=g.id  WHERE ( a.uid='1' and g.status='1' )  [ RunTime:0.0000s ]
SQL: SELECT `openid`,`token`,`uid`,`has_subscribe`,`syc_status`,`remark` FROM `wp_apps_follow` WHERE ( uid='1' )  [ RunTime:0.0001s ]
SQL: SELECT `tag_id` FROM `wp_user_tag_link` WHERE `uid` = 1  [ RunTime:0.0000s ]

[ 2017-12-02T19:26:53+08:00 ] 223.72.84.48 /index.php?s=/w0/Home/Apps/step_1/id/16.html
SQL: SELECT * FROM `wp_card_custom` WHERE `token` = ''  [ RunTime:0.0001s ]
SQL: SELECT * FROM `wp_menu` WHERE `place` = 0 AND `is_hide` = 0 ORDER BY sort asc, id asc  [ RunTime:0.0001s ]
SQL: SELECT * FROM `wp_model` WHERE `name` = 'apps' LIMIT 1   [ RunTime:0.0001s ]

[ 2017-12-02T19:26:59+08:00 ] 223.72.84.48 /index.php?s=/w0/Home/Apps/step_2/id/16.html
SQL: SELECT * FROM `wp_card_custom` WHERE `token` = ''  [ RunTime:0.0001s ]
SQL: SELECT * FROM `wp_menu` WHERE `place` = 0 AND `is_hide` = 0 ORDER BY sort asc, id asc  [ RunTime:0.0002s ]
SQL: SELECT * FROM `wp_model` WHERE `name` = 'apps' LIMIT 1   [ RunTime:0.0001s ]
SQL: SELECT * FROM `wp_model` WHERE `id` = 6 LIMIT 1   [ RunTime:0.0001s ]
SQL: SELECT * FROM `wp_apps` WHERE `id` = 16 LIMIT 1   [ RunTime:0.0001s ]
SQL: SELECT * FROM `wp_user` WHERE `uid` = 1 LIMIT 1   [ RunTime:0.0001s ]

[ 2017-12-02T19:27:39+08:00 ] 223.72.84.48 /index.php?s=/w0/Home/index/lead.html
SQL: SELECT * FROM `wp_card_custom` WHERE `token` = ''  [ RunTime:0.0001s ]
SQL: SELECT * FROM `wp_menu` WHERE `place` = 0 AND `is_hide` = 0 ORDER BY sort asc, id asc  [ RunTime:0.0001s ]

[ 2017-12-02T20:46:35+08:00 ] 223.72.84.48 /index.php?s=/w0/Home/Apps/step_2/id/16.html
SQL: SELECT * FROM `wp_card_custom` WHERE `token` = ''  [ RunTime:0.0001s ]
SQL: INSERT INTO `wp_admin_log` (`uid`,`ip`,`mod`,`cTime`,`content`) VALUES ('1','223.72.84.48','Home','1512218795','http://18.221.171.174/index.php?s=/w0/Home/Apps/step_2/id/16.html
POST: array (
  \'appid\' => \'wx4ff46ba85853f83c\',
  \'secret\' => \'57b77935bab458e6a14c4a26970de7ea\',
  \'encodingaeskey\' => \'\',
  \'check_file\' => \'0\',
); 
') [ RunTime:0.0002s ]
SQL: SELECT * FROM `wp_model` WHERE `name` = 'apps' LIMIT 1   [ RunTime:0.0001s ]
SQL: SELECT * FROM `wp_model` WHERE `id` = 6 LIMIT 1   [ RunTime:0.0001s ]
SQL: SELECT * FROM `wp_apps` WHERE `id` = 16 LIMIT 1   [ RunTime:0.0001s ]
SQL: SELECT * FROM `wp_user` WHERE `uid` = 1 LIMIT 1   [ RunTime:0.0001s ]
SQL: SELECT * FROM `wp_model` WHERE `id` = 6 LIMIT 1   [ RunTime:0.0001s ]
SQL: SELECT * FROM `wp_model` WHERE `id` = 6 LIMIT 1   [ RunTime:0.0001s ]
SQL: UPDATE `wp_apps` SET `appid`='wx4ff46ba85853f83c',`secret`='57b77935bab458e6a14c4a26970de7ea',`encodingaeskey`='',`check_file`='0' WHERE `id` = 16 [ RunTime:0.0002s ]
SQL: SELECT * FROM `wp_apps` WHERE `id` = 16 LIMIT 1   [ RunTime:0.0002s ]
SQL: SELECT `id`,`token` FROM `wp_apps`  [ RunTime:0.0001s ]
SQL: SELECT * FROM `wp_apps` WHERE `id` = 16 LIMIT 1   [ RunTime:0.0001s ]
SQL: SELECT `id`,`appid` FROM `wp_apps`  [ RunTime:0.0001s ]
SQL: SELECT * FROM `wp_apps` WHERE `id` = 16 LIMIT 1   [ RunTime:0.0001s ]
SQL: SELECT * FROM `wp_apps` WHERE `id` = 16 LIMIT 1   [ RunTime:0.0001s ]
SQL: SELECT `id`,`token` FROM `wp_apps`  [ RunTime:0.0001s ]
SQL: SELECT * FROM `wp_apps` WHERE `id` = 16 LIMIT 1   [ RunTime:0.0001s ]
SQL: SELECT `id`,`appid` FROM `wp_apps`  [ RunTime:0.0001s ]
SQL: SELECT * FROM `wp_apps` WHERE `id` = 16 LIMIT 1   [ RunTime:0.0001s ]

[ 2017-12-02T20:46:37+08:00 ] 223.72.84.48 /index.php?s=/w0/Home/Apps/lists.html
SQL: SELECT * FROM `wp_card_custom` WHERE `token` = ''  [ RunTime:0.0001s ]
SQL: SELECT * FROM `wp_menu` WHERE `place` = 0 AND `is_hide` = 0 ORDER BY sort asc, id asc  [ RunTime:0.0001s ]
SQL: SELECT * FROM `wp_model` WHERE `name` = 'apps' LIMIT 1   [ RunTime:0.0001s ]
SQL: SELECT `mp_id` FROM `wp_apps_link` WHERE ( uid='1' )  [ RunTime:0.0001s ]
SQL: SELECT `mp_id`,count(1) as num FROM `wp_apps_link` WHERE `mp_id` IN ('16') GROUP BY mp_id  [ RunTime:0.0000s ]
SQL: SELECT * FROM `wp_model` WHERE `id` = 6 LIMIT 1   [ RunTime:0.0001s ]
SQL: SELECT `id`,`uid`,`public_name`,`public_id`,`headface_url`,`area`,`addon_config`,`addon_status`,`token`,`type`,`appid`,`secret`,`encodingaeskey`,`tips_url`,`is_bind`,`check_file`,`app_type`,`mch_id`,`partner_key`,`cert_pem`,`key_pem`,`authorizer_refresh_token` FROM `wp_apps` WHERE `id` IN ('16') ORDER BY id desc  [ RunTime:0.0002s ]

[ 2017-12-02T20:46:42+08:00 ] 223.72.84.48 /index.php?s=/w0/Home/Apps/check_res/id/16.html
SQL: SELECT * FROM `wp_card_custom` WHERE `token` = ''  [ RunTime:0.0001s ]
SQL: SELECT * FROM `wp_menu` WHERE `place` = 0 AND `is_hide` = 0 ORDER BY sort asc, id asc  [ RunTime:0.0001s ]
SQL: SELECT * FROM `wp_model` WHERE `name` = 'apps' LIMIT 1   [ RunTime:0.0001s ]
SQL: SELECT * FROM `wp_apps` WHERE `id` = 16 LIMIT 1   [ RunTime:0.0001s ]
SQL: DELETE FROM `wp_apps_check` WHERE `token` = 'gh_474547030e87' [ RunTime:0.0003s ]
SQL: SELECT * FROM `wp_apps_auth`  [ RunTime:0.0001s ]

[ 2017-12-02T20:47:00+08:00 ] 101.226.225.59 /
SQL: SELECT * FROM `wp_card_custom` WHERE `token` = ''  [ RunTime:0.0001s ]
SQL: SHOW COLUMNS FROM `wp_auth_group_access` [ RunTime:0.0004s ]
SQL: SELECT a.uid,a.group_id,g.title,g.rules FROM wp_auth_group_access a INNER JOIN wp_auth_group g on a.group_id=g.id  WHERE ( a.uid='' and g.status='1' )  [ RunTime:0.0001s ]
SQL: SELECT * FROM `wp_menu` WHERE `place` = 0 AND `is_hide` = 0 ORDER BY sort asc, id asc  [ RunTime:0.0001s ]

[ 2017-12-02T20:47:00+08:00 ] 223.167.152.124 /
SQL: SELECT * FROM `wp_card_custom` WHERE `token` = ''  [ RunTime:0.0001s ]
SQL: SHOW COLUMNS FROM `wp_auth_group_access` [ RunTime:0.0004s ]
SQL: SELECT a.uid,a.group_id,g.title,g.rules FROM wp_auth_group_access a INNER JOIN wp_auth_group g on a.group_id=g.id  WHERE ( a.uid='' and g.status='1' )  [ RunTime:0.0001s ]
SQL: SELECT * FROM `wp_menu` WHERE `place` = 0 AND `is_hide` = 0 ORDER BY sort asc, id asc  [ RunTime:0.0001s ]

[ 2017-12-02T20:47:08+08:00 ] 18.221.171.174 /index.php?s=/w16/home/weixin/index/id/16/signature/d3e1ce50d26db638e6a03e1c8bf6b23b4fdbdd87/timestamp/1464254754/nonce/407622025.html
SQL: SELECT * FROM `wp_card_custom` WHERE `token` = null  [ RunTime:0.0001s ]
SQL: INSERT INTO `wp_admin_log` (`ip`,`mod`,`cTime`,`content`) VALUES ('18.221.171.174','Home','1512218828','http://18.221.171.174/index.php?s=/w16/home/weixin/index/id/16/signature/d3e1ce50d26db638e6a03e1c8bf6b23b4fdbdd87/timestamp/1464254754/nonce/407622025.html
POST: array (
  \'<xml><ToUserName><!\' => 
  array (
    \'CDATA[gh_474547030e87\' => \'\',
  ),
); 
') [ RunTime:0.0002s ]
SQL: INSERT INTO `wp_debug_log` (`cTime`,`cTime_format`,`data`,`data_post`) VALUES ('1512218828','2017-12-02 20:47:08','array (
  \'ToUserName\' => \'gh_474547030e87\',
  \'FromUserName\' => \'oikassyZe6bdupvJ2lq-majc_rUg\',
  \'CreateTime\' => \'1464254617\',
  \'MsgType\' => \'text\',
  \'Content\' => \'自动检测\',
  \'MsgId\' => \'6288925693437624122\',
)','<xml><ToUserName><![CDATA[gh_474547030e87]]></ToUserName>
<FromUserName><![CDATA[oikassyZe6bdupvJ2lq-majc_rUg]]></FromUserName>
<CreateTime>1464254617</CreateTime>
<MsgType><![CDATA[text]]></MsgType>
<Content><![CDATA[自动检测]]></Content>
<MsgId>6288925693437624122</MsgId>
</xml>') [ RunTime:0.0001s ]
SQL: INSERT INTO `wp_weixin_message` (`ToUserName`,`FromUserName`,`CreateTime`,`MsgType`,`Content`,`MsgId`) VALUES ('gh_474547030e87','oikassyZe6bdupvJ2lq-majc_rUg','1464254617','text','自动检测','6288925693437624122') [ RunTime:0.0001s ]
SQL: INSERT INTO `wp_debug_log` (`cTime`,`cTime_format`,`data`,`data_post`) VALUES ('1512218828','2017-12-02 20:47:08','<?xml version=\"1.0\"?>
<xml><Content><![CDATA[auto_check]]></Content><ToUserName><![CDATA[oikassyZe6bdupvJ2lq-majc_rUg]]></ToUserName><FromUserName><![CDATA[gh_474547030e87]]></FromUserName><CreateTime>1512218828</CreateTime><MsgType><![CDATA[text]]></MsgType></xml>
','_replyData') [ RunTime:0.0002s ]
SQL: SELECT * FROM `wp_custom_sendall` WHERE `ToUserName` = 'gh_474547030e87' AND `is_send` = 0 AND `FromUserName` = 'oikassyZe6bdupvJ2lq-majc_rUg'  [ RunTime:0.0001s ]

[ 2017-12-02T20:47:17+08:00 ] 18.221.171.174 /index.php?s=/w16/home/weixin/index/id/16/signature/d3e1ce50d26db638e6a03e1c8bf6b23b4fdbdd87/timestamp/1464254754/nonce/407622025.html
SQL: SELECT * FROM `wp_card_custom` WHERE `token` = null  [ RunTime:0.0001s ]
SQL: INSERT INTO `wp_admin_log` (`ip`,`mod`,`cTime`,`content`) VALUES ('18.221.171.174','Home','1512218837','http://18.221.171.174/index.php?s=/w16/home/weixin/index/id/16/signature/d3e1ce50d26db638e6a03e1c8bf6b23b4fdbdd87/timestamp/1464254754/nonce/407622025.html
POST: array (
  \'<xml><ToUserName><!\' => 
  array (
    \'CDATA[gh_474547030e87\' => \'\',
  ),
); 
') [ RunTime:0.0002s ]
SQL: INSERT INTO `wp_debug_log` (`cTime`,`cTime_format`,`data`,`data_post`) VALUES ('1512218837','2017-12-02 20:47:17','array (
  \'ToUserName\' => \'gh_474547030e87\',
  \'FromUserName\' => \'oikassyZe6bdupvJ2lq-majc_rUg\',
  \'CreateTime\' => \'1464254617\',
  \'MsgType\' => \'text\',
  \'Content\' => \'自动检测\',
  \'MsgId\' => \'6288925693437624122\',
)','<xml><ToUserName><![CDATA[gh_474547030e87]]></ToUserName>
<FromUserName><![CDATA[oikassyZe6bdupvJ2lq-majc_rUg]]></FromUserName>
<CreateTime>1464254617</CreateTime>
<MsgType><![CDATA[text]]></MsgType>
<Content><![CDATA[自动检测]]></Content>
<MsgId>6288925693437624122</MsgId>
</xml>') [ RunTime:0.0001s ]
SQL: INSERT INTO `wp_weixin_message` (`ToUserName`,`FromUserName`,`CreateTime`,`MsgType`,`Content`,`MsgId`) VALUES ('gh_474547030e87','oikassyZe6bdupvJ2lq-majc_rUg','1464254617','text','自动检测','6288925693437624122') [ RunTime:0.0001s ]
SQL: INSERT INTO `wp_debug_log` (`cTime`,`cTime_format`,`data`,`data_post`) VALUES ('1512218837','2017-12-02 20:47:17','<?xml version=\"1.0\"?>
<xml><Content><![CDATA[auto_check]]></Content><ToUserName><![CDATA[oikassyZe6bdupvJ2lq-majc_rUg]]></ToUserName><FromUserName><![CDATA[gh_474547030e87]]></FromUserName><CreateTime>1512218837</CreateTime><MsgType><![CDATA[text]]></MsgType></xml>
','_replyData') [ RunTime:0.0002s ]
SQL: SELECT * FROM `wp_custom_sendall` WHERE `ToUserName` = 'gh_474547030e87' AND `is_send` = 0 AND `FromUserName` = 'oikassyZe6bdupvJ2lq-majc_rUg'  [ RunTime:0.0001s ]

