[ 2017-12-03T08:33:34+08:00 ] 165.227.222.130 /
SQL: SELECT * FROM `wp_card_custom` WHERE `token` = ''  [ RunTime:0.0001s ]
SQL: SHOW COLUMNS FROM `wp_auth_group_access` [ RunTime:0.0004s ]
SQL: SELECT a.uid,a.group_id,g.title,g.rules FROM wp_auth_group_access a INNER JOIN wp_auth_group g on a.group_id=g.id  WHERE ( a.uid='' and g.status='1' )  [ RunTime:0.0001s ]
SQL: SELECT * FROM `wp_menu` WHERE `place` = 0 AND `is_hide` = 0 ORDER BY sort asc, id asc  [ RunTime:0.0001s ]

[ 2017-12-03T08:33:36+08:00 ] 165.227.222.130 /index.php?s=/w0/Home/User/login/from/1.html
SQL: SELECT * FROM `wp_card_custom` WHERE `token` = ''  [ RunTime:0.0001s ]
SQL: SHOW COLUMNS FROM `wp_auth_group_access` [ RunTime:0.0004s ]
SQL: SELECT a.uid,a.group_id,g.title,g.rules FROM wp_auth_group_access a INNER JOIN wp_auth_group g on a.group_id=g.id  WHERE ( a.uid='' and g.status='1' )  [ RunTime:0.0001s ]
SQL: SELECT * FROM `wp_menu` WHERE `place` = 0 AND `is_hide` = 0 ORDER BY sort asc, id asc  [ RunTime:0.0001s ]
SQL: SELECT `id`,`qr_code`,`addon`,`aim_id`,`cTime`,`token`,`action_name`,`extra_text`,`extra_int`,`request_count`,`scene_id`,`expire_seconds` FROM `wp_qr_code` WHERE `addon` = 'ScanLogin' AND `extra_text` = '5a23465e75084' LIMIT 1   [ RunTime:0.0002s ]
SQL: SELECT `id`,`token` FROM `wp_apps`  [ RunTime:0.0001s ]
SQL: SELECT `id`,`token` FROM `wp_apps`  [ RunTime:0.0001s ]
SQL: SELECT `id`,`token` FROM `wp_apps`  [ RunTime:0.0001s ]
SQL: SELECT `id`,`token` FROM `wp_apps`  [ RunTime:0.0001s ]
SQL: SELECT `id`,`token` FROM `wp_apps`  [ RunTime:0.0001s ]

[ 2017-12-03T11:41:04+08:00 ] 158.69.229.134 /
SQL: SELECT * FROM `wp_card_custom` WHERE `token` = ''  [ RunTime:0.0001s ]
SQL: SHOW COLUMNS FROM `wp_auth_group_access` [ RunTime:0.0004s ]
SQL: SELECT a.uid,a.group_id,g.title,g.rules FROM wp_auth_group_access a INNER JOIN wp_auth_group g on a.group_id=g.id  WHERE ( a.uid='' and g.status='1' )  [ RunTime:0.0001s ]
SQL: SELECT * FROM `wp_menu` WHERE `place` = 0 AND `is_hide` = 0 ORDER BY sort asc, id asc  [ RunTime:0.0001s ]

[ 2017-12-03T11:41:08+08:00 ] 158.69.229.134 /index.php?s=/w0/Home/User/login/from/1.html
SQL: SELECT * FROM `wp_card_custom` WHERE `token` = ''  [ RunTime:0.0001s ]
SQL: SHOW COLUMNS FROM `wp_auth_group_access` [ RunTime:0.0004s ]
SQL: SELECT a.uid,a.group_id,g.title,g.rules FROM wp_auth_group_access a INNER JOIN wp_auth_group g on a.group_id=g.id  WHERE ( a.uid='' and g.status='1' )  [ RunTime:0.0001s ]
SQL: SELECT * FROM `wp_menu` WHERE `place` = 0 AND `is_hide` = 0 ORDER BY sort asc, id asc  [ RunTime:0.0001s ]
SQL: SELECT `id`,`qr_code`,`addon`,`aim_id`,`cTime`,`token`,`action_name`,`extra_text`,`extra_int`,`request_count`,`scene_id`,`expire_seconds` FROM `wp_qr_code` WHERE `addon` = 'ScanLogin' AND `extra_text` = '5a237250b70d9' LIMIT 1   [ RunTime:0.0002s ]
SQL: SELECT `id`,`token` FROM `wp_apps`  [ RunTime:0.0001s ]
SQL: SELECT `id`,`token` FROM `wp_apps`  [ RunTime:0.0001s ]
SQL: SELECT `id`,`token` FROM `wp_apps`  [ RunTime:0.0001s ]
SQL: SELECT `id`,`token` FROM `wp_apps`  [ RunTime:0.0001s ]
SQL: SELECT `id`,`token` FROM `wp_apps`  [ RunTime:0.0001s ]

[ 2017-12-03T12:21:53+08:00 ] 123.150.182.233 /
SQL: SELECT * FROM `wp_card_custom` WHERE `token` = ''  [ RunTime:0.0001s ]
SQL: SHOW COLUMNS FROM `wp_auth_group_access` [ RunTime:0.0004s ]
SQL: SELECT a.uid,a.group_id,g.title,g.rules FROM wp_auth_group_access a INNER JOIN wp_auth_group g on a.group_id=g.id  WHERE ( a.uid='' and g.status='1' )  [ RunTime:0.0001s ]
SQL: SELECT * FROM `wp_menu` WHERE `place` = 0 AND `is_hide` = 0 ORDER BY sort asc, id asc  [ RunTime:0.0001s ]

[ 2017-12-03T12:21:53+08:00 ] 123.150.182.233 /index.php?s=/w0/Home/User/login/from/1.html
SQL: SELECT * FROM `wp_card_custom` WHERE `token` = ''  [ RunTime:0.0001s ]
SQL: SHOW COLUMNS FROM `wp_auth_group_access` [ RunTime:0.0004s ]
SQL: SELECT a.uid,a.group_id,g.title,g.rules FROM wp_auth_group_access a INNER JOIN wp_auth_group g on a.group_id=g.id  WHERE ( a.uid='' and g.status='1' )  [ RunTime:0.0001s ]
SQL: SELECT * FROM `wp_menu` WHERE `place` = 0 AND `is_hide` = 0 ORDER BY sort asc, id asc  [ RunTime:0.0001s ]

[ 2017-12-03T12:41:50+08:00 ] 42.156.251.208 /
SQL: SELECT * FROM `wp_card_custom` WHERE `token` = ''  [ RunTime:0.0001s ]
SQL: SHOW COLUMNS FROM `wp_auth_group_access` [ RunTime:0.0004s ]
SQL: SELECT a.uid,a.group_id,g.title,g.rules FROM wp_auth_group_access a INNER JOIN wp_auth_group g on a.group_id=g.id  WHERE ( a.uid='' and g.status='1' )  [ RunTime:0.0001s ]
SQL: SELECT * FROM `wp_menu` WHERE `place` = 0 AND `is_hide` = 0 ORDER BY sort asc, id asc  [ RunTime:0.0001s ]

[ 2017-12-03T12:41:50+08:00 ] 42.156.251.208 /index.php?s=/w0/Home/User/login/from/1.html
SQL: SELECT * FROM `wp_card_custom` WHERE `token` = ''  [ RunTime:0.0001s ]
SQL: SHOW COLUMNS FROM `wp_auth_group_access` [ RunTime:0.0004s ]
SQL: SELECT a.uid,a.group_id,g.title,g.rules FROM wp_auth_group_access a INNER JOIN wp_auth_group g on a.group_id=g.id  WHERE ( a.uid='' and g.status='1' )  [ RunTime:0.0001s ]
SQL: SELECT * FROM `wp_menu` WHERE `place` = 0 AND `is_hide` = 0 ORDER BY sort asc, id asc  [ RunTime:0.0001s ]

[ 2017-12-03T12:41:54+08:00 ] 42.156.251.208 /
SQL: SELECT * FROM `wp_card_custom` WHERE `token` = ''  [ RunTime:0.0001s ]
SQL: SHOW COLUMNS FROM `wp_auth_group_access` [ RunTime:0.0004s ]
SQL: SELECT a.uid,a.group_id,g.title,g.rules FROM wp_auth_group_access a INNER JOIN wp_auth_group g on a.group_id=g.id  WHERE ( a.uid='' and g.status='1' )  [ RunTime:0.0001s ]
SQL: SELECT * FROM `wp_menu` WHERE `place` = 0 AND `is_hide` = 0 ORDER BY sort asc, id asc  [ RunTime:0.0001s ]

[ 2017-12-03T12:41:55+08:00 ] 42.156.251.208 /index.php?s=/w0/Home/User/login/from/1.html
SQL: SELECT * FROM `wp_card_custom` WHERE `token` = ''  [ RunTime:0.0001s ]
SQL: SHOW COLUMNS FROM `wp_auth_group_access` [ RunTime:0.0004s ]
SQL: SELECT a.uid,a.group_id,g.title,g.rules FROM wp_auth_group_access a INNER JOIN wp_auth_group g on a.group_id=g.id  WHERE ( a.uid='' and g.status='1' )  [ RunTime:0.0001s ]
SQL: SELECT * FROM `wp_menu` WHERE `place` = 0 AND `is_hide` = 0 ORDER BY sort asc, id asc  [ RunTime:0.0001s ]

[ 2017-12-03T12:48:51+08:00 ] 78.129.250.17 /
SQL: SELECT * FROM `wp_card_custom` WHERE `token` = ''  [ RunTime:0.0001s ]
SQL: SHOW COLUMNS FROM `wp_auth_group_access` [ RunTime:0.0004s ]
SQL: SELECT a.uid,a.group_id,g.title,g.rules FROM wp_auth_group_access a INNER JOIN wp_auth_group g on a.group_id=g.id  WHERE ( a.uid='' and g.status='1' )  [ RunTime:0.0001s ]
SQL: SELECT * FROM `wp_menu` WHERE `place` = 0 AND `is_hide` = 0 ORDER BY sort asc, id asc  [ RunTime:0.0001s ]

[ 2017-12-03T12:48:56+08:00 ] 78.129.250.17 /index.php?s=/w0/Home/User/login/from/1.html
SQL: SELECT * FROM `wp_card_custom` WHERE `token` = ''  [ RunTime:0.0001s ]
SQL: SHOW COLUMNS FROM `wp_auth_group_access` [ RunTime:0.0004s ]
SQL: SELECT a.uid,a.group_id,g.title,g.rules FROM wp_auth_group_access a INNER JOIN wp_auth_group g on a.group_id=g.id  WHERE ( a.uid='' and g.status='1' )  [ RunTime:0.0001s ]
SQL: SELECT * FROM `wp_menu` WHERE `place` = 0 AND `is_hide` = 0 ORDER BY sort asc, id asc  [ RunTime:0.0001s ]
SQL: SELECT `id`,`qr_code`,`addon`,`aim_id`,`cTime`,`token`,`action_name`,`extra_text`,`extra_int`,`request_count`,`scene_id`,`expire_seconds` FROM `wp_qr_code` WHERE `addon` = 'ScanLogin' AND `extra_text` = '5a2382343b4d2' LIMIT 1   [ RunTime:0.0002s ]
SQL: SELECT `id`,`token` FROM `wp_apps`  [ RunTime:0.0001s ]
SQL: SELECT `id`,`token` FROM `wp_apps`  [ RunTime:0.0001s ]
SQL: SELECT `id`,`token` FROM `wp_apps`  [ RunTime:0.0001s ]
SQL: SELECT `id`,`token` FROM `wp_apps`  [ RunTime:0.0001s ]
SQL: SELECT `id`,`token` FROM `wp_apps`  [ RunTime:0.0001s ]

[ 2017-12-03T13:54:01+08:00 ] 172.104.108.109 /
SQL: SELECT * FROM `wp_card_custom` WHERE `token` = ''  [ RunTime:0.0001s ]
SQL: SHOW COLUMNS FROM `wp_auth_group_access` [ RunTime:0.0004s ]
SQL: SELECT a.uid,a.group_id,g.title,g.rules FROM wp_auth_group_access a INNER JOIN wp_auth_group g on a.group_id=g.id  WHERE ( a.uid='' and g.status='1' )  [ RunTime:0.0001s ]
SQL: SELECT * FROM `wp_menu` WHERE `place` = 0 AND `is_hide` = 0 ORDER BY sort asc, id asc  [ RunTime:0.0001s ]

[ 2017-12-03T14:27:49+08:00 ] 52.170.196.244 /
SQL: SELECT * FROM `wp_card_custom` WHERE `token` = ''  [ RunTime:0.0001s ]
SQL: SHOW COLUMNS FROM `wp_auth_group_access` [ RunTime:0.0004s ]
SQL: SELECT a.uid,a.group_id,g.title,g.rules FROM wp_auth_group_access a INNER JOIN wp_auth_group g on a.group_id=g.id  WHERE ( a.uid='' and g.status='1' )  [ RunTime:0.0001s ]
SQL: SELECT * FROM `wp_menu` WHERE `place` = 0 AND `is_hide` = 0 ORDER BY sort asc, id asc  [ RunTime:0.0001s ]

[ 2017-12-03T14:27:54+08:00 ] 52.170.196.244 /index.php?s=/w0/Home/User/login/from/1.html
SQL: SELECT * FROM `wp_card_custom` WHERE `token` = ''  [ RunTime:0.0001s ]
SQL: SHOW COLUMNS FROM `wp_auth_group_access` [ RunTime:0.0004s ]
SQL: SELECT a.uid,a.group_id,g.title,g.rules FROM wp_auth_group_access a INNER JOIN wp_auth_group g on a.group_id=g.id  WHERE ( a.uid='' and g.status='1' )  [ RunTime:0.0001s ]
SQL: SELECT * FROM `wp_menu` WHERE `place` = 0 AND `is_hide` = 0 ORDER BY sort asc, id asc  [ RunTime:0.0001s ]
SQL: SELECT `id`,`qr_code`,`addon`,`aim_id`,`cTime`,`token`,`action_name`,`extra_text`,`extra_int`,`request_count`,`scene_id`,`expire_seconds` FROM `wp_qr_code` WHERE `addon` = 'ScanLogin' AND `extra_text` = '5a239965b4542' LIMIT 1   [ RunTime:0.0002s ]
SQL: SELECT `id`,`token` FROM `wp_apps`  [ RunTime:0.0001s ]
SQL: SELECT `id`,`token` FROM `wp_apps`  [ RunTime:0.0001s ]
SQL: SELECT `id`,`token` FROM `wp_apps`  [ RunTime:0.0001s ]
SQL: SELECT `id`,`token` FROM `wp_apps`  [ RunTime:0.0001s ]
SQL: SELECT `id`,`token` FROM `wp_apps`  [ RunTime:0.0001s ]

[ 2017-12-03T14:30:14+08:00 ] 45.35.63.238 /
SQL: SELECT * FROM `wp_card_custom` WHERE `token` = ''  [ RunTime:0.0001s ]
SQL: SHOW COLUMNS FROM `wp_auth_group_access` [ RunTime:0.0004s ]
SQL: SELECT a.uid,a.group_id,g.title,g.rules FROM wp_auth_group_access a INNER JOIN wp_auth_group g on a.group_id=g.id  WHERE ( a.uid='' and g.status='1' )  [ RunTime:0.0001s ]
SQL: SELECT * FROM `wp_menu` WHERE `place` = 0 AND `is_hide` = 0 ORDER BY sort asc, id asc  [ RunTime:0.0001s ]

[ 2017-12-03T14:30:17+08:00 ] 45.35.63.238 /index.php?s=/w0/Home/User/login/from/1.html
SQL: SELECT * FROM `wp_card_custom` WHERE `token` = ''  [ RunTime:0.0001s ]
SQL: SHOW COLUMNS FROM `wp_auth_group_access` [ RunTime:0.0004s ]
SQL: SELECT a.uid,a.group_id,g.title,g.rules FROM wp_auth_group_access a INNER JOIN wp_auth_group g on a.group_id=g.id  WHERE ( a.uid='' and g.status='1' )  [ RunTime:0.0001s ]
SQL: SELECT * FROM `wp_menu` WHERE `place` = 0 AND `is_hide` = 0 ORDER BY sort asc, id asc  [ RunTime:0.0001s ]
SQL: SELECT `id`,`qr_code`,`addon`,`aim_id`,`cTime`,`token`,`action_name`,`extra_text`,`extra_int`,`request_count`,`scene_id`,`expire_seconds` FROM `wp_qr_code` WHERE `addon` = 'ScanLogin' AND `extra_text` = '5a2399f6a54d9' LIMIT 1   [ RunTime:0.0002s ]
SQL: SELECT `id`,`token` FROM `wp_apps`  [ RunTime:0.0001s ]
SQL: SELECT `id`,`token` FROM `wp_apps`  [ RunTime:0.0001s ]
SQL: SELECT `id`,`token` FROM `wp_apps`  [ RunTime:0.0001s ]
SQL: SELECT `id`,`token` FROM `wp_apps`  [ RunTime:0.0001s ]
SQL: SELECT `id`,`token` FROM `wp_apps`  [ RunTime:0.0001s ]

[ 2017-12-03T15:33:21+08:00 ] 165.227.222.130 /
SQL: SELECT * FROM `wp_card_custom` WHERE `token` = ''  [ RunTime:0.0001s ]
SQL: SHOW COLUMNS FROM `wp_auth_group_access` [ RunTime:0.0004s ]
SQL: SELECT a.uid,a.group_id,g.title,g.rules FROM wp_auth_group_access a INNER JOIN wp_auth_group g on a.group_id=g.id  WHERE ( a.uid='' and g.status='1' )  [ RunTime:0.0001s ]
SQL: SELECT * FROM `wp_menu` WHERE `place` = 0 AND `is_hide` = 0 ORDER BY sort asc, id asc  [ RunTime:0.0001s ]

[ 2017-12-03T15:33:27+08:00 ] 165.227.222.130 /index.php?s=/w0/Home/User/login/from/1.html
SQL: SELECT * FROM `wp_card_custom` WHERE `token` = ''  [ RunTime:0.0001s ]
SQL: SHOW COLUMNS FROM `wp_auth_group_access` [ RunTime:0.0003s ]
SQL: SELECT a.uid,a.group_id,g.title,g.rules FROM wp_auth_group_access a INNER JOIN wp_auth_group g on a.group_id=g.id  WHERE ( a.uid='' and g.status='1' )  [ RunTime:0.0001s ]
SQL: SELECT * FROM `wp_menu` WHERE `place` = 0 AND `is_hide` = 0 ORDER BY sort asc, id asc  [ RunTime:0.0001s ]
SQL: SELECT `id`,`qr_code`,`addon`,`aim_id`,`cTime`,`token`,`action_name`,`extra_text`,`extra_int`,`request_count`,`scene_id`,`expire_seconds` FROM `wp_qr_code` WHERE `addon` = 'ScanLogin' AND `extra_text` = '5a23a8c110e04' LIMIT 1   [ RunTime:0.0002s ]
SQL: SELECT `id`,`token` FROM `wp_apps`  [ RunTime:0.0001s ]
SQL: SELECT `id`,`token` FROM `wp_apps`  [ RunTime:0.0001s ]
SQL: SELECT `id`,`token` FROM `wp_apps`  [ RunTime:0.0001s ]
SQL: SELECT `id`,`token` FROM `wp_apps`  [ RunTime:0.0001s ]
SQL: SELECT `id`,`token` FROM `wp_apps`  [ RunTime:0.0001s ]

[ 2017-12-03T16:16:40+08:00 ] 162.244.33.8 /
SQL: SELECT * FROM `wp_card_custom` WHERE `token` = ''  [ RunTime:0.0001s ]
SQL: SHOW COLUMNS FROM `wp_auth_group_access` [ RunTime:0.0004s ]
SQL: SELECT a.uid,a.group_id,g.title,g.rules FROM wp_auth_group_access a INNER JOIN wp_auth_group g on a.group_id=g.id  WHERE ( a.uid='' and g.status='1' )  [ RunTime:0.0001s ]
SQL: SELECT * FROM `wp_menu` WHERE `place` = 0 AND `is_hide` = 0 ORDER BY sort asc, id asc  [ RunTime:0.0001s ]

[ 2017-12-03T16:16:43+08:00 ] 162.244.33.8 /index.php?s=/w0/Home/User/login/from/1.html
SQL: SELECT * FROM `wp_card_custom` WHERE `token` = ''  [ RunTime:0.0001s ]
SQL: SHOW COLUMNS FROM `wp_auth_group_access` [ RunTime:0.0004s ]
SQL: SELECT a.uid,a.group_id,g.title,g.rules FROM wp_auth_group_access a INNER JOIN wp_auth_group g on a.group_id=g.id  WHERE ( a.uid='' and g.status='1' )  [ RunTime:0.0001s ]
SQL: SELECT * FROM `wp_menu` WHERE `place` = 0 AND `is_hide` = 0 ORDER BY sort asc, id asc  [ RunTime:0.0001s ]
SQL: SELECT `id`,`qr_code`,`addon`,`aim_id`,`cTime`,`token`,`action_name`,`extra_text`,`extra_int`,`request_count`,`scene_id`,`expire_seconds` FROM `wp_qr_code` WHERE `addon` = 'ScanLogin' AND `extra_text` = '5a23b2e8aebe5' LIMIT 1   [ RunTime:0.0002s ]
SQL: SELECT `id`,`token` FROM `wp_apps`  [ RunTime:0.0001s ]
SQL: SELECT `id`,`token` FROM `wp_apps`  [ RunTime:0.0001s ]
SQL: SELECT `id`,`token` FROM `wp_apps`  [ RunTime:0.0001s ]
SQL: SELECT `id`,`token` FROM `wp_apps`  [ RunTime:0.0001s ]
SQL: SELECT `id`,`token` FROM `wp_apps`  [ RunTime:0.0001s ]

[ 2017-12-03T16:50:37+08:00 ] 104.148.118.51 /
SQL: SELECT * FROM `wp_card_custom` WHERE `token` = ''  [ RunTime:0.0001s ]
SQL: SHOW COLUMNS FROM `wp_auth_group_access` [ RunTime:0.0004s ]
SQL: SELECT a.uid,a.group_id,g.title,g.rules FROM wp_auth_group_access a INNER JOIN wp_auth_group g on a.group_id=g.id  WHERE ( a.uid='' and g.status='1' )  [ RunTime:0.0001s ]
SQL: SELECT * FROM `wp_menu` WHERE `place` = 0 AND `is_hide` = 0 ORDER BY sort asc, id asc  [ RunTime:0.0001s ]

[ 2017-12-03T16:50:40+08:00 ] 104.148.118.51 /index.php?s=/w0/Home/User/login/from/1.html
SQL: SELECT * FROM `wp_card_custom` WHERE `token` = ''  [ RunTime:0.0001s ]
SQL: SHOW COLUMNS FROM `wp_auth_group_access` [ RunTime:0.0004s ]
SQL: SELECT a.uid,a.group_id,g.title,g.rules FROM wp_auth_group_access a INNER JOIN wp_auth_group g on a.group_id=g.id  WHERE ( a.uid='' and g.status='1' )  [ RunTime:0.0001s ]
SQL: SELECT * FROM `wp_menu` WHERE `place` = 0 AND `is_hide` = 0 ORDER BY sort asc, id asc  [ RunTime:0.0001s ]
SQL: SELECT `id`,`qr_code`,`addon`,`aim_id`,`cTime`,`token`,`action_name`,`extra_text`,`extra_int`,`request_count`,`scene_id`,`expire_seconds` FROM `wp_qr_code` WHERE `addon` = 'ScanLogin' AND `extra_text` = '5a23baddc1793' LIMIT 1   [ RunTime:0.0002s ]
SQL: SELECT `id`,`token` FROM `wp_apps`  [ RunTime:0.0001s ]
SQL: SELECT `id`,`token` FROM `wp_apps`  [ RunTime:0.0001s ]
SQL: SELECT `id`,`token` FROM `wp_apps`  [ RunTime:0.0001s ]
SQL: SELECT `id`,`token` FROM `wp_apps`  [ RunTime:0.0001s ]
SQL: SELECT `id`,`token` FROM `wp_apps`  [ RunTime:0.0001s ]

[ 2017-12-03T17:15:32+08:00 ] 61.129.6.79 /?nsukey=z1269zylHmvSgRwujfcHKpLpVbx0OngoNNucJJ5hTtKFt2FmNnlZ2BRcnLAX9dHbRdVfI1y7FcuHiEOxwLCKaiBqV1UghroUFdhuni6RWJzcVCM4qRYe2FCJJuKrlaBa5A0Z1k1Djpz3rpIfsaYiqpJFlnqYaPAaScnUyyV0SeL3ypqSmgq88sQ3x52B69DLBpt24QUSzc4bbSu5bMwZeA3WwQ3D3D
SQL: SELECT * FROM `wp_card_custom` WHERE `token` = ''  [ RunTime:0.0001s ]
SQL: SHOW COLUMNS FROM `wp_auth_group_access` [ RunTime:0.0004s ]
SQL: SELECT a.uid,a.group_id,g.title,g.rules FROM wp_auth_group_access a INNER JOIN wp_auth_group g on a.group_id=g.id  WHERE ( a.uid='' and g.status='1' )  [ RunTime:0.0001s ]
SQL: SELECT * FROM `wp_menu` WHERE `place` = 0 AND `is_hide` = 0 ORDER BY sort asc, id asc  [ RunTime:0.0001s ]

[ 2017-12-03T17:15:32+08:00 ] 101.226.233.156 /
SQL: SELECT * FROM `wp_card_custom` WHERE `token` = ''  [ RunTime:0.0001s ]
SQL: SHOW COLUMNS FROM `wp_auth_group_access` [ RunTime:0.0004s ]
SQL: SELECT a.uid,a.group_id,g.title,g.rules FROM wp_auth_group_access a INNER JOIN wp_auth_group g on a.group_id=g.id  WHERE ( a.uid='' and g.status='1' )  [ RunTime:0.0000s ]
SQL: SELECT * FROM `wp_menu` WHERE `place` = 0 AND `is_hide` = 0 ORDER BY sort asc, id asc  [ RunTime:0.0001s ]

[ 2017-12-03T17:15:32+08:00 ] 61.129.6.79 /index.php?s=/w0/Home/User/login/from/1.html
SQL: SELECT * FROM `wp_card_custom` WHERE `token` = ''  [ RunTime:0.0001s ]
SQL: SHOW COLUMNS FROM `wp_auth_group_access` [ RunTime:0.0004s ]
SQL: SELECT a.uid,a.group_id,g.title,g.rules FROM wp_auth_group_access a INNER JOIN wp_auth_group g on a.group_id=g.id  WHERE ( a.uid='' and g.status='1' )  [ RunTime:0.0001s ]
SQL: SELECT * FROM `wp_menu` WHERE `place` = 0 AND `is_hide` = 0 ORDER BY sort asc, id asc  [ RunTime:0.0001s ]

[ 2017-12-03T17:15:40+08:00 ] 120.204.17.68 /
SQL: SELECT * FROM `wp_card_custom` WHERE `token` = ''  [ RunTime:0.0001s ]
SQL: SHOW COLUMNS FROM `wp_auth_group_access` [ RunTime:0.0004s ]
SQL: SELECT a.uid,a.group_id,g.title,g.rules FROM wp_auth_group_access a INNER JOIN wp_auth_group g on a.group_id=g.id  WHERE ( a.uid='' and g.status='1' )  [ RunTime:0.0001s ]
SQL: SELECT * FROM `wp_menu` WHERE `place` = 0 AND `is_hide` = 0 ORDER BY sort asc, id asc  [ RunTime:0.0001s ]

[ 2017-12-03T17:15:40+08:00 ] 120.204.17.69 /?nsukey=z1269zylHmvSgRwujfcHKpLpVbx0OngoNNucJJ5hTtKFt%2FmNnlZ%2BRcnLAX9dHbRdVfI1y7FcuHiEOxwLCKaiBqV1UghroUFdhuni6RWJzcVCM4qRYe%2FCJJuKrlaBa5A0Z1k1Djpz3rpIfsaYiqpJFlnqYaPAaScnUyyV0SeL3ypqSmgq88sQ3x5%2B69DLBpt24QUSzc4bbSu5bMwZeA3WwQ%3D%3D
SQL: SELECT * FROM `wp_card_custom` WHERE `token` = ''  [ RunTime:0.0001s ]
SQL: SHOW COLUMNS FROM `wp_auth_group_access` [ RunTime:0.0004s ]
SQL: SELECT a.uid,a.group_id,g.title,g.rules FROM wp_auth_group_access a INNER JOIN wp_auth_group g on a.group_id=g.id  WHERE ( a.uid='' and g.status='1' )  [ RunTime:0.0001s ]
SQL: SELECT * FROM `wp_menu` WHERE `place` = 0 AND `is_hide` = 0 ORDER BY sort asc, id asc  [ RunTime:0.0001s ]

[ 2017-12-03T17:15:41+08:00 ] 120.204.17.68 /index.php?s=/w0/Home/User/login/from/1.html
SQL: SELECT * FROM `wp_card_custom` WHERE `token` = ''  [ RunTime:0.0001s ]
SQL: SHOW COLUMNS FROM `wp_auth_group_access` [ RunTime:0.0004s ]
SQL: SELECT a.uid,a.group_id,g.title,g.rules FROM wp_auth_group_access a INNER JOIN wp_auth_group g on a.group_id=g.id  WHERE ( a.uid='' and g.status='1' )  [ RunTime:0.0001s ]
SQL: SELECT * FROM `wp_menu` WHERE `place` = 0 AND `is_hide` = 0 ORDER BY sort asc, id asc  [ RunTime:0.0001s ]

[ 2017-12-03T17:15:41+08:00 ] 120.204.17.69 /index.php?s=/w0/Home/User/login/from/1.html
SQL: SELECT * FROM `wp_card_custom` WHERE `token` = ''  [ RunTime:0.0001s ]
SQL: SHOW COLUMNS FROM `wp_auth_group_access` [ RunTime:0.0004s ]
SQL: SELECT a.uid,a.group_id,g.title,g.rules FROM wp_auth_group_access a INNER JOIN wp_auth_group g on a.group_id=g.id  WHERE ( a.uid='' and g.status='1' )  [ RunTime:0.0001s ]
SQL: SELECT * FROM `wp_menu` WHERE `place` = 0 AND `is_hide` = 0 ORDER BY sort asc, id asc  [ RunTime:0.0001s ]

[ 2017-12-03T17:18:33+08:00 ] 67.218.134.221 /
SQL: SELECT * FROM `wp_card_custom` WHERE `token` = ''  [ RunTime:0.0001s ]
SQL: SHOW COLUMNS FROM `wp_auth_group_access` [ RunTime:0.0004s ]
SQL: SELECT a.uid,a.group_id,g.title,g.rules FROM wp_auth_group_access a INNER JOIN wp_auth_group g on a.group_id=g.id  WHERE ( a.uid='' and g.status='1' )  [ RunTime:0.0001s ]
SQL: SELECT * FROM `wp_menu` WHERE `place` = 0 AND `is_hide` = 0 ORDER BY sort asc, id asc  [ RunTime:0.0001s ]

[ 2017-12-03T17:18:33+08:00 ] 67.218.134.221 /index.php?s=/w0/Home/User/login/from/1.html
SQL: SELECT * FROM `wp_card_custom` WHERE `token` = ''  [ RunTime:0.0001s ]
SQL: SHOW COLUMNS FROM `wp_auth_group_access` [ RunTime:0.0004s ]
SQL: SELECT a.uid,a.group_id,g.title,g.rules FROM wp_auth_group_access a INNER JOIN wp_auth_group g on a.group_id=g.id  WHERE ( a.uid='' and g.status='1' )  [ RunTime:0.0001s ]
SQL: SELECT * FROM `wp_menu` WHERE `place` = 0 AND `is_hide` = 0 ORDER BY sort asc, id asc  [ RunTime:0.0001s ]

[ 2017-12-03T17:20:22+08:00 ] 223.72.84.48 /
SQL: SELECT * FROM `wp_card_custom` WHERE `token` = ''  [ RunTime:0.0001s ]
SQL: SHOW COLUMNS FROM `wp_auth_group_access` [ RunTime:0.0004s ]
SQL: SELECT a.uid,a.group_id,g.title,g.rules FROM wp_auth_group_access a INNER JOIN wp_auth_group g on a.group_id=g.id  WHERE ( a.uid='' and g.status='1' )  [ RunTime:0.0001s ]
SQL: SELECT * FROM `wp_menu` WHERE `place` = 0 AND `is_hide` = 0 ORDER BY sort asc, id asc  [ RunTime:0.0001s ]

[ 2017-12-03T17:20:25+08:00 ] 223.72.84.48 /index.php?s=/w0/Home/User/login/from/1.html
SQL: SELECT * FROM `wp_card_custom` WHERE `token` = ''  [ RunTime:0.0001s ]
SQL: SHOW COLUMNS FROM `wp_auth_group_access` [ RunTime:0.0004s ]
SQL: SELECT a.uid,a.group_id,g.title,g.rules FROM wp_auth_group_access a INNER JOIN wp_auth_group g on a.group_id=g.id  WHERE ( a.uid='' and g.status='1' )  [ RunTime:0.0001s ]
SQL: SELECT * FROM `wp_menu` WHERE `place` = 0 AND `is_hide` = 0 ORDER BY sort asc, id asc  [ RunTime:0.0001s ]
SQL: SELECT `id`,`qr_code`,`addon`,`aim_id`,`cTime`,`token`,`action_name`,`extra_text`,`extra_int`,`request_count`,`scene_id`,`expire_seconds` FROM `wp_qr_code` WHERE `addon` = 'ScanLogin' AND `extra_text` = '5a23c1d73bdf9' LIMIT 1   [ RunTime:0.0002s ]
SQL: SELECT `id`,`token` FROM `wp_apps`  [ RunTime:0.0001s ]
SQL: SELECT `id`,`token` FROM `wp_apps`  [ RunTime:0.0001s ]
SQL: SELECT `id`,`token` FROM `wp_apps`  [ RunTime:0.0001s ]
SQL: SELECT `id`,`token` FROM `wp_apps`  [ RunTime:0.0001s ]
SQL: SELECT `id`,`token` FROM `wp_apps`  [ RunTime:0.0001s ]

[ 2017-12-03T17:20:50+08:00 ] 223.72.84.48 /index.php?s=/w0/Home/User/login/from/1.html
SQL: SELECT * FROM `wp_card_custom` WHERE `token` = ''  [ RunTime:0.0001s ]
SQL: INSERT INTO `wp_admin_log` (`ip`,`mod`,`cTime`,`content`) VALUES ('223.72.84.48','Home','1512292850','http://badajishi.com/index.php?s=/w0/Home/User/login/from/1.html
POST: array (
  \'username\' => \'bees\',
  \'password\' => \'f\',
); 
') [ RunTime:0.0002s ]
SQL: SELECT `uid`,`nickname`,`password`,`truename`,`mobile`,`email`,`sex`,`headimgurl`,`city`,`province`,`country`,`language`,`score`,`experience`,`unionid`,`login_count`,`reg_ip`,`reg_time`,`last_login_ip`,`last_login_time`,`status`,`is_init`,`is_audit`,`subscribe_time`,`remark`,`groupid`,`come_from`,`login_password`,`manager_id`,`level`,`membership` FROM `wp_user` WHERE `nickname` = 'bees' LIMIT 1   [ RunTime:0.0002s ]
SQL: SELECT * FROM `wp_action` WHERE `name` = 'user_login' LIMIT 1   [ RunTime:0.0001s ]
SQL: UPDATE `wp_user` SET `login_count`=`login_count`+1,`last_login_time`='1512292850',`last_login_ip`='3746059312' WHERE `uid` = 1 [ RunTime:0.0002s ]

[ 2017-12-03T17:20:51+08:00 ] 223.72.84.48 /index.php?s=/w0/Home/Index/index.html
SQL: SELECT * FROM `wp_card_custom` WHERE `token` = ''  [ RunTime:0.0001s ]
SQL: SELECT * FROM `wp_menu` WHERE `place` = 0 AND `is_hide` = 0 ORDER BY sort asc, id asc  [ RunTime:0.0001s ]

[ 2017-12-03T17:20:51+08:00 ] 223.72.84.48 /index.php?s=/w0/Home/User/login/from/1.html
SQL: SELECT * FROM `wp_card_custom` WHERE `token` = ''  [ RunTime:0.0001s ]
SQL: SELECT * FROM `wp_menu` WHERE `place` = 0 AND `is_hide` = 0 ORDER BY sort asc, id asc  [ RunTime:0.0001s ]

[ 2017-12-03T17:20:51+08:00 ] 223.72.84.48 /index.php?s=/w0/Home/Apps/lists/from/3.html
SQL: SELECT * FROM `wp_card_custom` WHERE `token` = ''  [ RunTime:0.0001s ]
SQL: SELECT * FROM `wp_menu` WHERE `place` = 0 AND `is_hide` = 0 ORDER BY sort asc, id asc  [ RunTime:0.0001s ]
SQL: SELECT * FROM `wp_model` WHERE `name` = 'apps' LIMIT 1   [ RunTime:0.0001s ]
SQL: SELECT `mp_id` FROM `wp_apps_link` WHERE ( uid='1' )  [ RunTime:0.0001s ]
SQL: SELECT `mp_id`,count(1) as num FROM `wp_apps_link` WHERE `mp_id` IN ('16') GROUP BY mp_id  [ RunTime:0.0001s ]
SQL: SELECT * FROM `wp_model` WHERE `id` = 6 LIMIT 1   [ RunTime:0.0001s ]
SQL: SELECT `id`,`uid`,`public_name`,`public_id`,`headface_url`,`area`,`addon_config`,`addon_status`,`token`,`type`,`appid`,`secret`,`encodingaeskey`,`tips_url`,`is_bind`,`check_file`,`app_type`,`mch_id`,`partner_key`,`cert_pem`,`key_pem`,`authorizer_refresh_token` FROM `wp_apps` WHERE `id` IN ('16') ORDER BY id desc  [ RunTime:0.0001s ]

