[ 2017-12-02T11:32:34+08:00 ] 43.243.137.75 /index.php?s=/admin
SQL: SHOW COLUMNS FROM `wp_hooks` [ RunTime:0.0004s ]
SQL: SELECT `name`,`addons` FROM `wp_hooks`  [ RunTime:0.0001s ]
SQL: SHOW COLUMNS FROM `wp_addons` [ RunTime:0.0003s ]
SQL: SELECT `id`,`name` FROM `wp_addons` WHERE `status` = 1 AND `name` IN ('ReturnTop')  [ RunTime:0.0008s ]
SQL: SHOW COLUMNS FROM `wp_plugin` [ RunTime:0.0003s ]
SQL: SELECT `id`,`name` FROM `wp_plugin` WHERE `status` = 1 AND `name` IN ('ReturnTop')  [ RunTime:0.0001s ]
SQL: SELECT `id`,`name` FROM `wp_addons` WHERE `status` = 1 AND `name` IN ('SocialComment')  [ RunTime:0.0001s ]
SQL: SELECT `id`,`name` FROM `wp_plugin` WHERE `status` = 1 AND `name` IN ('SocialComment')  [ RunTime:0.0001s ]
SQL: SELECT `id`,`name` FROM `wp_addons` WHERE `status` = 1 AND `name` IN ('Editor')  [ RunTime:0.0001s ]
SQL: SELECT `id`,`name` FROM `wp_plugin` WHERE `status` = 1 AND `name` IN ('Editor')  [ RunTime:0.0001s ]
SQL: SELECT `id`,`name` FROM `wp_addons` WHERE `status` = 1 AND `name` IN ('EditorForAdmin')  [ RunTime:0.0001s ]
SQL: SELECT `id`,`name` FROM `wp_plugin` WHERE `status` = 1 AND `name` IN ('EditorForAdmin')  [ RunTime:0.0001s ]
SQL: SELECT `id`,`name` FROM `wp_addons` WHERE `status` = 1 AND `name` IN ('SiteStat','SystemInfo','DevTeam')  [ RunTime:0.0002s ]
SQL: SELECT `id`,`name` FROM `wp_plugin` WHERE `status` = 1 AND `name` IN ('SiteStat','SystemInfo','DevTeam')  [ RunTime:0.0002s ]
SQL: SELECT `id`,`name` FROM `wp_addons` WHERE `status` = 1 AND `name` IN ('Editor')  [ RunTime:0.0000s ]
SQL: SELECT `id`,`name` FROM `wp_plugin` WHERE `status` = 1 AND `name` IN ('Editor')  [ RunTime:0.0000s ]
SQL: SELECT `id`,`name` FROM `wp_addons` WHERE `status` = 1 AND `name` IN ('Vote','Wecome','UserCenter','WeiSite','Hitegg','Leaflets','CustomReply','Survey','Diy','CustomMenu','Invite','Game','Ask','Forms','CardVouchers','RedBag','Guess','WishCard','RealPrize','ConfigureAccount','BusinessCard','AutoReply','Payment','Comment','ShopCoupon','Coupon','Card','SingIn','Reserve','Wuguai','Sms','Exam','Test','Draw','YaoTV','Analysis','Weiba','QrAdmin','PublicBind','Cms','Feedback','WeiUserCenter','WeiPicture')  [ RunTime:0.0004s ]
SQL: SELECT `id`,`name` FROM `wp_plugin` WHERE `status` = 1 AND `name` IN ('Vote','Wecome','UserCenter','WeiSite','Hitegg','Leaflets','CustomReply','Survey','Diy','CustomMenu','Invite','Game','Ask','Forms','CardVouchers','RedBag','Guess','WishCard','RealPrize','ConfigureAccount','BusinessCard','AutoReply','Payment','Comment','ShopCoupon','Coupon','Card','SingIn','Reserve','Wuguai','Sms','Exam','Test','Draw','YaoTV','Analysis','Weiba','QrAdmin','PublicBind','Cms','Feedback','WeiUserCenter','WeiPicture')  [ RunTime:0.0003s ]
SQL: SELECT `id`,`name` FROM `wp_addons` WHERE `status` = 1 AND `name` IN ('Cascade')  [ RunTime:0.0001s ]
SQL: SELECT `id`,`name` FROM `wp_plugin` WHERE `status` = 1 AND `name` IN ('Cascade')  [ RunTime:0.0002s ]
SQL: SELECT `id`,`name` FROM `wp_addons` WHERE `status` = 1 AND `name` IN ('Diy')  [ RunTime:0.0001s ]
SQL: SELECT `id`,`name` FROM `wp_plugin` WHERE `status` = 1 AND `name` IN ('Diy')  [ RunTime:0.0001s ]
SQL: SELECT `id`,`name` FROM `wp_addons` WHERE `status` = 1 AND `name` IN ('DynamicSelect')  [ RunTime:0.0002s ]
SQL: SELECT `id`,`name` FROM `wp_plugin` WHERE `status` = 1 AND `name` IN ('DynamicSelect')  [ RunTime:0.0001s ]
SQL: SELECT `id`,`name` FROM `wp_addons` WHERE `status` = 1 AND `name` IN ('News')  [ RunTime:0.0001s ]
SQL: SELECT `id`,`name` FROM `wp_plugin` WHERE `status` = 1 AND `name` IN ('News')  [ RunTime:0.0001s ]
SQL: SELECT `id`,`name` FROM `wp_addons` WHERE `status` = 1 AND `name` IN ('DynamicCheckbox')  [ RunTime:0.0001s ]
SQL: SELECT `id`,`name` FROM `wp_plugin` WHERE `status` = 1 AND `name` IN ('DynamicCheckbox')  [ RunTime:0.0001s ]
SQL: SELECT `id`,`name` FROM `wp_addons` WHERE `status` = 1 AND `name` IN ('Material')  [ RunTime:0.0001s ]
SQL: SELECT `id`,`name` FROM `wp_plugin` WHERE `status` = 1 AND `name` IN ('Material')  [ RunTime:0.0001s ]
SQL: SELECT `id`,`name` FROM `wp_addons` WHERE `status` = 1 AND `name` IN ('Prize')  [ RunTime:0.0001s ]
SQL: SELECT `id`,`name` FROM `wp_plugin` WHERE `status` = 1 AND `name` IN ('Prize')  [ RunTime:0.0001s ]
SQL: SHOW COLUMNS FROM `wp_config` [ RunTime:0.0003s ]
SQL: SELECT `type`,`name`,`value` FROM `wp_config` WHERE `status` = 1  [ RunTime:0.0002s ]
SQL: SHOW COLUMNS FROM `wp_apps` [ RunTime:0.0004s ]
SQL: SELECT * FROM `wp_addons` WHERE `status` = 1  [ RunTime:0.0003s ]
SQL: SHOW COLUMNS FROM `wp_card_custom` [ RunTime:0.0004s ]
SQL: SELECT * FROM `wp_card_custom` WHERE `token` = ''  [ RunTime:0.0001s ]
SQL: SHOW COLUMNS FROM `wp_auth_group_access` [ RunTime:0.0003s ]
SQL: SELECT a.uid,a.group_id,g.title,g.rules FROM wp_auth_group_access a INNER JOIN wp_auth_group g on a.group_id=g.id  WHERE ( a.uid='' and g.status='1' )  [ RunTime:0.0002s ]
SQL: SHOW COLUMNS FROM `wp_menu` [ RunTime:0.0003s ]
SQL: SHOW COLUMNS FROM `wp_addons` [ RunTime:0.0003s ]
SQL: SELECT * FROM `wp_menu` WHERE `place` = 1 AND `is_hide` = 0 ORDER BY sort asc, id asc  [ RunTime:0.0003s ]

[ 2017-12-02T11:32:34+08:00 ] 43.243.137.75 /index.php?s=/w0/Admin/Public/login.html
SQL: SELECT * FROM `wp_card_custom` WHERE `token` = ''  [ RunTime:0.0001s ]

[ 2017-12-02T11:32:38+08:00 ] 43.243.137.75 /index.php?s=/w0/Admin/Public/login.html
SQL: SELECT * FROM `wp_card_custom` WHERE `token` = ''  [ RunTime:0.0001s ]
SQL: SHOW COLUMNS FROM `wp_user` [ RunTime:0.0005s ]
SQL: SELECT `uid`,`nickname`,`password`,`truename`,`mobile`,`email`,`sex`,`headimgurl`,`city`,`province`,`country`,`language`,`score`,`experience`,`unionid`,`login_count`,`reg_ip`,`reg_time`,`last_login_ip`,`last_login_time`,`status`,`is_init`,`is_audit`,`subscribe_time`,`remark`,`groupid`,`come_from`,`login_password`,`manager_id`,`level`,`membership` FROM `wp_user` WHERE `nickname` = 'root' LIMIT 1   [ RunTime:0.0002s ]
SQL: SELECT `uid`,`nickname`,`password`,`truename`,`mobile`,`email`,`sex`,`headimgurl`,`city`,`province`,`country`,`language`,`score`,`experience`,`unionid`,`login_count`,`reg_ip`,`reg_time`,`last_login_ip`,`last_login_time`,`status`,`is_init`,`is_audit`,`subscribe_time`,`remark`,`groupid`,`come_from`,`login_password`,`manager_id`,`level`,`membership` FROM `wp_user` WHERE `nickname` = 'root' LIMIT 1   [ RunTime:0.0001s ]

[ 2017-12-02T11:32:43+08:00 ] 43.243.137.75 /index.php?s=/w0/Admin/Public/login.html
SQL: SELECT * FROM `wp_card_custom` WHERE `token` = ''  [ RunTime:0.0001s ]
SQL: SELECT `uid`,`nickname`,`password`,`truename`,`mobile`,`email`,`sex`,`headimgurl`,`city`,`province`,`country`,`language`,`score`,`experience`,`unionid`,`login_count`,`reg_ip`,`reg_time`,`last_login_ip`,`last_login_time`,`status`,`is_init`,`is_audit`,`subscribe_time`,`remark`,`groupid`,`come_from`,`login_password`,`manager_id`,`level`,`membership` FROM `wp_user` WHERE `nickname` = 'bees' LIMIT 1   [ RunTime:0.0003s ]
SQL: SHOW COLUMNS FROM `wp_action` [ RunTime:0.0004s ]
SQL: SELECT * FROM `wp_action` WHERE `name` = 'admin_login' LIMIT 1   [ RunTime:0.0001s ]
SQL: UPDATE `wp_user` SET `login_count`=`login_count`+1,`last_login_time`='1512185563',`last_login_ip`='737380683' WHERE `uid` = 1 [ RunTime:0.0003s ]

[ 2017-12-02T11:32:44+08:00 ] 43.243.137.75 /index.php?s=/w0/Admin/Index/index.html
SQL: SELECT * FROM `wp_card_custom` WHERE `token` = ''  [ RunTime:0.0001s ]
SQL: SELECT * FROM `wp_menu` WHERE `place` = 1 AND `is_hide` = 0 ORDER BY sort asc, id asc  [ RunTime:0.0001s ]

[ 2017-12-02T11:32:44+08:00 ] 43.243.137.75 /index.php?s=/w0/Admin/Config/group.html
SQL: SELECT * FROM `wp_card_custom` WHERE `token` = ''  [ RunTime:0.0001s ]
SQL: SELECT * FROM `wp_menu` WHERE `place` = 1 AND `is_hide` = 0 ORDER BY sort asc, id asc  [ RunTime:0.0001s ]
SQL: SELECT `id`,`name`,`title`,`extra`,`value`,`remark`,`type` FROM `wp_config` WHERE `status` = 1 AND `group` = 1 ORDER BY sort  [ RunTime:0.0003s ]

[ 2017-12-02T18:55:59+08:00 ] 223.72.84.48 /index.php?s=/w16/Admin/Index/Index.html
SQL: SELECT * FROM `wp_card_custom` WHERE `token` = 'gh_474547030e87'  [ RunTime:0.0001s ]
SQL: SELECT * FROM `wp_menu` WHERE `place` = 1 AND `is_hide` = 0 ORDER BY sort asc, id asc  [ RunTime:0.0001s ]

[ 2017-12-02T18:55:59+08:00 ] 223.72.84.48 /index.php?s=/w16/Admin/Config/group.html
SQL: SELECT * FROM `wp_card_custom` WHERE `token` = 'gh_474547030e87'  [ RunTime:0.0001s ]
SQL: SELECT * FROM `wp_menu` WHERE `place` = 1 AND `is_hide` = 0 ORDER BY sort asc, id asc  [ RunTime:0.0001s ]
SQL: SELECT `id`,`name`,`title`,`extra`,`value`,`remark`,`type` FROM `wp_config` WHERE `status` = 1 AND `group` = 1 ORDER BY sort  [ RunTime:0.0001s ]

[ 2017-12-02T18:56:06+08:00 ] 223.72.84.48 /index.php?s=/w16/Admin/User/index.html&mdm=376|377
SQL: SELECT * FROM `wp_card_custom` WHERE `token` = 'gh_474547030e87'  [ RunTime:0.0001s ]
SQL: SELECT * FROM `wp_menu` WHERE `place` = 1 AND `is_hide` = 0 ORDER BY sort asc, id asc  [ RunTime:0.0001s ]
SQL: SELECT COUNT(*) AS tp_count FROM `wp_user` WHERE `status` >= 0 AND `nickname` LIKE '%%' AND `password` IS NOT NULL LIMIT 1   [ RunTime:0.0002s ]
SQL: SELECT `uid`,`nickname`,`password`,`truename`,`mobile`,`email`,`sex`,`headimgurl`,`city`,`province`,`country`,`language`,`score`,`experience`,`unionid`,`login_count`,`reg_ip`,`reg_time`,`last_login_ip`,`last_login_time`,`status`,`is_init`,`is_audit`,`subscribe_time`,`remark`,`groupid`,`come_from`,`login_password`,`manager_id`,`level`,`membership` FROM `wp_user` WHERE `status` >= 0 AND `nickname` LIKE '%%' AND `password` IS NOT NULL ORDER BY uid desc LIMIT 0,20   [ RunTime:0.0002s ]

[ 2017-12-02T18:56:14+08:00 ] 223.72.84.48 /index.php?s=/w16/Admin/AuthManager/public_count/uid/1.html
SQL: SELECT * FROM `wp_card_custom` WHERE `token` = 'gh_474547030e87'  [ RunTime:0.0001s ]
SQL: SELECT * FROM `wp_menu` WHERE `place` = 1 AND `is_hide` = 0 ORDER BY sort asc, id asc  [ RunTime:0.0001s ]

[ 2017-12-02T18:57:16+08:00 ] 223.72.84.48 /index.php?s=/w16/Admin/Rule/wechat.html&mdm=376|378
SQL: SELECT * FROM `wp_card_custom` WHERE `token` = 'gh_474547030e87'  [ RunTime:0.0001s ]
SQL: SELECT * FROM `wp_menu` WHERE `place` = 1 AND `is_hide` = 0 ORDER BY sort asc, id asc  [ RunTime:0.0001s ]
SQL: SHOW COLUMNS FROM `wp_apps_auth` [ RunTime:0.0004s ]
SQL: SELECT COUNT(*) AS tp_count FROM `wp_apps_auth` LIMIT 1   [ RunTime:0.0001s ]
SQL: SELECT `id`,`name`,`title`,`type_0`,`type_1`,`type_2`,`type_3` FROM `wp_apps_auth` ORDER BY id desc LIMIT 0,20   [ RunTime:0.0002s ]

[ 2017-12-02T18:57:20+08:00 ] 223.72.84.48 /index.php?s=/w16/Admin/AuthManager/wechat.html&mdm=376|379
SQL: SELECT * FROM `wp_card_custom` WHERE `token` = 'gh_474547030e87'  [ RunTime:0.0001s ]
SQL: SELECT * FROM `wp_menu` WHERE `place` = 1 AND `is_hide` = 0 ORDER BY sort asc, id asc  [ RunTime:0.0001s ]
SQL: SELECT * FROM `wp_apps_auth`  [ RunTime:0.0001s ]

[ 2017-12-02T18:57:34+08:00 ] 223.72.84.48 /index.php?s=/w16/Admin/User/index.html&mdm=376|377
SQL: SELECT * FROM `wp_card_custom` WHERE `token` = 'gh_474547030e87'  [ RunTime:0.0001s ]
SQL: SELECT * FROM `wp_menu` WHERE `place` = 1 AND `is_hide` = 0 ORDER BY sort asc, id asc  [ RunTime:0.0001s ]
SQL: SELECT COUNT(*) AS tp_count FROM `wp_user` WHERE `status` >= 0 AND `nickname` LIKE '%%' AND `password` IS NOT NULL LIMIT 1   [ RunTime:0.0001s ]
SQL: SELECT `uid`,`nickname`,`password`,`truename`,`mobile`,`email`,`sex`,`headimgurl`,`city`,`province`,`country`,`language`,`score`,`experience`,`unionid`,`login_count`,`reg_ip`,`reg_time`,`last_login_ip`,`last_login_time`,`status`,`is_init`,`is_audit`,`subscribe_time`,`remark`,`groupid`,`come_from`,`login_password`,`manager_id`,`level`,`membership` FROM `wp_user` WHERE `status` >= 0 AND `nickname` LIKE '%%' AND `password` IS NOT NULL ORDER BY uid desc LIMIT 0,20   [ RunTime:0.0001s ]

[ 2017-12-02T18:57:37+08:00 ] 223.72.84.48 /index.php?s=/w16/Admin/Model/index.html&mdm=366
SQL: SELECT * FROM `wp_card_custom` WHERE `token` = 'gh_474547030e87'  [ RunTime:0.0001s ]
SQL: SELECT * FROM `wp_menu` WHERE `place` = 1 AND `is_hide` = 0 ORDER BY sort asc, id asc  [ RunTime:0.0001s ]
SQL: SELECT `name`,`id` FROM `wp_model`  [ RunTime:0.0003s ]
SQL: INSERT INTO `wp_model` (`name`,`title`,`search_key`,`list_row`) VALUES ('help_open_user','帮拆参与人记录','title:请输入分享用户名称','10') [ RunTime:0.0002s ]
SQL: INSERT INTO `wp_model` (`name`,`title`,`search_key`,`list_row`) VALUES ('help_open_prize','礼包奖项','title:请输入用户名称','10') [ RunTime:0.0001s ]
SQL: INSERT INTO `wp_model` (`name`,`title`,`search_key`,`list_row`,`addon`) VALUES ('course_buy','课程购买','','0','') [ RunTime:0.0001s ]
SQL: INSERT INTO `wp_model` (`name`,`title`,`search_key`,`list_row`) VALUES ('help_open','帮拆礼包','title:请输入活动名称','10') [ RunTime:0.0001s ]
SQL: INSERT INTO `wp_model` (`name`,`title`,`search_key`,`list_row`,`addon`) VALUES ('card_custom_log','客户关怀赠送记录','','10','Card') [ RunTime:0.0001s ]
SQL: SELECT COUNT(*) AS tp_count FROM `wp_model` LIMIT 1   [ RunTime:0.0001s ]
SQL: SELECT `id`,`name`,`title`,`need_pk`,`field_sort`,`list_grid`,`list_row`,`search_key`,`engine_type`,`addon`,`file_md5` FROM `wp_model` ORDER BY id desc LIMIT 0,20   [ RunTime:0.0003s ]
SQL: SELECT `name`,`title` FROM `wp_addons`  [ RunTime:0.0001s ]
SQL: SHOW TABLES LIKE 'wp_card_custom_log' [ RunTime:0.0005s ]
SQL: SHOW TABLES LIKE 'wp_help_open' [ RunTime:0.0005s ]
SQL: SHOW TABLES LIKE 'wp_course_buy' [ RunTime:0.0005s ]
SQL: SHOW TABLES LIKE 'wp_help_open_prize' [ RunTime:0.0005s ]
SQL: SHOW TABLES LIKE 'wp_help_open_user' [ RunTime:0.0005s ]
SQL: SHOW TABLES LIKE 'wp_feedback' [ RunTime:0.0006s ]
SQL: SHOW FULL COLUMNS FROM wp_feedback [ RunTime:0.0004s ]
SQL: SHOW TABLES LIKE 'wp_cms' [ RunTime:0.0006s ]
SQL: SHOW FULL COLUMNS FROM wp_cms [ RunTime:0.0004s ]
SQL: SHOW TABLES LIKE 'wp_api_access_token' [ RunTime:0.0006s ]
SQL: SHOW FULL COLUMNS FROM wp_api_access_token [ RunTime:0.0003s ]
SQL: SHOW TABLES LIKE 'wp_docs' [ RunTime:0.0005s ]
SQL: SHOW FULL COLUMNS FROM wp_docs [ RunTime:0.0003s ]
SQL: SHOW TABLES LIKE 'wp_error_log' [ RunTime:0.0006s ]
SQL: SHOW FULL COLUMNS FROM wp_error_log [ RunTime:0.0003s ]
SQL: SHOW TABLES LIKE 'wp_debug_log' [ RunTime:0.0006s ]
SQL: SHOW FULL COLUMNS FROM wp_debug_log [ RunTime:0.0003s ]
SQL: SHOW TABLES LIKE 'wp_request_log' [ RunTime:0.0006s ]
SQL: SHOW FULL COLUMNS FROM wp_request_log [ RunTime:0.0004s ]
SQL: SHOW TABLES LIKE 'wp_admin_log' [ RunTime:0.0005s ]
SQL: SHOW FULL COLUMNS FROM wp_admin_log [ RunTime:0.0003s ]
SQL: SHOW TABLES LIKE 'wp_api_param' [ RunTime:0.0005s ]
SQL: SHOW FULL COLUMNS FROM wp_api_param [ RunTime:0.0003s ]
SQL: SHOW TABLES LIKE 'wp_api' [ RunTime:0.0006s ]
SQL: SHOW FULL COLUMNS FROM wp_api [ RunTime:0.0003s ]
SQL: SHOW TABLES LIKE 'wp_tool' [ RunTime:0.0005s ]
SQL: SHOW FULL COLUMNS FROM wp_tool [ RunTime:0.0005s ]
SQL: SHOW TABLES LIKE 'wp_qr_admin' [ RunTime:0.0006s ]
SQL: SHOW FULL COLUMNS FROM wp_qr_admin [ RunTime:0.0003s ]
SQL: SHOW TABLES LIKE 'wp_user_tag_link' [ RunTime:0.0005s ]
SQL: SHOW FULL COLUMNS FROM wp_user_tag_link [ RunTime:0.0003s ]

[ 2017-12-02T18:57:38+08:00 ] 223.72.84.48 /index.php?s=/w16/Admin/Menu/lists.html&mdm=368|369
SQL: SELECT * FROM `wp_card_custom` WHERE `token` = 'gh_474547030e87'  [ RunTime:0.0001s ]
SQL: SELECT * FROM `wp_menu` WHERE `place` = 1 AND `is_hide` = 0 ORDER BY sort asc, id asc  [ RunTime:0.0001s ]
SQL: SELECT * FROM `wp_model` WHERE `name` = 'menu' LIMIT 1   [ RunTime:0.0002s ]
SQL: SELECT `title`,`menu_type`,`addon_name`,`url`,`target`,`is_hide`,`sort`,`id` FROM `wp_menu` WHERE `place` = 0 ORDER BY id desc LIMIT 0,10000   [ RunTime:0.0003s ]
SQL: SELECT `title` FROM `wp_addons` WHERE `name` = '' LIMIT 1   [ RunTime:0.0001s ]
SQL: SELECT `title` FROM `wp_addons` WHERE `name` = 'QrAdmin' LIMIT 1   [ RunTime:0.0001s ]
SQL: SELECT `title` FROM `wp_addons` WHERE `name` = '' LIMIT 1   [ RunTime:0.0001s ]
SQL: SELECT `title` FROM `wp_addons` WHERE `name` = '' LIMIT 1   [ RunTime:0.0000s ]
SQL: SELECT `title` FROM `wp_addons` WHERE `name` = '' LIMIT 1   [ RunTime:0.0000s ]
SQL: SELECT `title` FROM `wp_addons` WHERE `name` = 'Weiba' LIMIT 1   [ RunTime:0.0001s ]
SQL: SELECT `title` FROM `wp_addons` WHERE `name` = 'Weiba' LIMIT 1   [ RunTime:0.0001s ]
SQL: SELECT `title` FROM `wp_addons` WHERE `name` = 'CardVouchers' LIMIT 1   [ RunTime:0.0001s ]
SQL: SELECT `title` FROM `wp_addons` WHERE `name` = 'Coupon' LIMIT 1   [ RunTime:0.0001s ]
SQL: SELECT `title` FROM `wp_addons` WHERE `name` = 'Ask' LIMIT 1   [ RunTime:0.0001s ]
SQL: SELECT `title` FROM `wp_addons` WHERE `name` = 'Test' LIMIT 1   [ RunTime:0.0001s ]
SQL: SELECT `title` FROM `wp_addons` WHERE `name` = 'Exam' LIMIT 1   [ RunTime:0.0001s ]
SQL: SELECT `title` FROM `wp_addons` WHERE `name` = '' LIMIT 1   [ RunTime:0.0001s ]
SQL: SELECT `title` FROM `wp_addons` WHERE `name` = 'Reserve' LIMIT 1   [ RunTime:0.0001s ]
SQL: SELECT `title` FROM `wp_addons` WHERE `name` = 'SingIn' LIMIT 1   [ RunTime:0.0001s ]
SQL: SELECT `title` FROM `wp_addons` WHERE `name` = '' LIMIT 1   [ RunTime:0.0001s ]
SQL: SELECT `title` FROM `wp_addons` WHERE `name` = 'Card' LIMIT 1   [ RunTime:0.0001s ]
SQL: SELECT `title` FROM `wp_addons` WHERE `name` = 'NoAnswer' LIMIT 1   [ RunTime:0.0001s ]
SQL: SELECT `title` FROM `wp_addons` WHERE `name` = '' LIMIT 1   [ RunTime:0.0000s ]
SQL: SELECT `title` FROM `wp_addons` WHERE `name` = '' LIMIT 1   [ RunTime:0.0000s ]
SQL: SELECT `title` FROM `wp_addons` WHERE `name` = '' LIMIT 1   [ RunTime:0.0000s ]
SQL: SELECT `title` FROM `wp_addons` WHERE `name` = 'Leaflets' LIMIT 1   [ RunTime:0.0001s ]
SQL: SELECT `title` FROM `wp_addons` WHERE `name` = 'AutoReply' LIMIT 1   [ RunTime:0.0001s ]
SQL: SELECT `title` FROM `wp_addons` WHERE `name` = 'CustomMenu' LIMIT 1   [ RunTime:0.0001s ]
SQL: SELECT `title` FROM `wp_addons` WHERE `name` = 'Wecome' LIMIT 1   [ RunTime:0.0001s ]
SQL: SELECT `title` FROM `wp_addons` WHERE `name` = 'Wecome' LIMIT 1   [ RunTime:0.0001s ]
SQL: SELECT `title` FROM `wp_addons` WHERE `name` = '' LIMIT 1   [ RunTime:0.0000s ]
SQL: SELECT `title` FROM `wp_addons` WHERE `name` = '' LIMIT 1   [ RunTime:0.0000s ]
SQL: SELECT `title` FROM `wp_addons` WHERE `name` = '' LIMIT 1   [ RunTime:0.0000s ]
SQL: SELECT `title` FROM `wp_addons` WHERE `name` = '' LIMIT 1   [ RunTime:0.0000s ]
SQL: SELECT `title` FROM `wp_addons` WHERE `name` = '' LIMIT 1   [ RunTime:0.0001s ]
SQL: SELECT `title` FROM `wp_addons` WHERE `name` = '' LIMIT 1   [ RunTime:0.0000s ]
SQL: SELECT `title` FROM `wp_addons` WHERE `name` = 'WeiSite' LIMIT 1   [ RunTime:0.0001s ]
SQL: SELECT `title` FROM `wp_addons` WHERE `name` = 'WeiSite' LIMIT 1   [ RunTime:0.0000s ]
SQL: SELECT `title` FROM `wp_addons` WHERE `name` = 'Invite' LIMIT 1   [ RunTime:0.0001s ]
SQL: SELECT `title` FROM `wp_addons` WHERE `name` = 'RealPrize' LIMIT 1   [ RunTime:0.0001s ]
SQL: SELECT `title` FROM `wp_addons` WHERE `name` = 'RedBag' LIMIT 1   [ RunTime:0.0001s ]
SQL: SELECT `title` FROM `wp_addons` WHERE `name` = 'Coupon' LIMIT 1   [ RunTime:0.0001s ]
SQL: SELECT `title` FROM `wp_addons` WHERE `name` = 'WishCard' LIMIT 1   [ RunTime:0.0001s ]
SQL: SELECT `title` FROM `wp_addons` WHERE `name` = 'Guess' LIMIT 1   [ RunTime:0.0001s ]
SQL: SELECT `title` FROM `wp_addons` WHERE `name` = 'Forms' LIMIT 1   [ RunTime:0.0001s ]
SQL: SELECT `title` FROM `wp_addons` WHERE `name` = 'Survey' LIMIT 1   [ RunTime:0.0001s ]
SQL: SELECT `title` FROM `wp_addons` WHERE `name` = 'Vote' LIMIT 1   [ RunTime:0.0001s ]
SQL: SELECT `title` FROM `wp_addons` WHERE `name` = 'Vote' LIMIT 1   [ RunTime:0.0000s ]
SQL: SELECT `title` FROM `wp_addons` WHERE `name` = 'UserCenter' LIMIT 1   [ RunTime:0.0001s ]
SQL: SELECT `title` FROM `wp_addons` WHERE `name` = 'UserCenter' LIMIT 1   [ RunTime:0.0000s ]
SQL: SELECT `title` FROM `wp_addons` WHERE `name` = '' LIMIT 1   [ RunTime:0.0000s ]
SQL: SELECT COUNT(*) AS tp_count FROM `wp_menu` WHERE `place` = 0 LIMIT 1   [ RunTime:0.0001s ]
SQL: SELECT `id`,`menu_type`,`pid`,`title`,`url_type`,`addon_name`,`url`,`target`,`is_hide`,`sort`,`place` FROM `wp_menu` WHERE `place` = 0 ORDER BY sort asc,id asc  [ RunTime:0.0003s ]

[ 2017-12-02T18:57:41+08:00 ] 223.72.84.48 /index.php?s=/w16/Admin/Menu/lists.html&mdm=368|369
SQL: SELECT * FROM `wp_card_custom` WHERE `token` = 'gh_474547030e87'  [ RunTime:0.0001s ]
SQL: SELECT * FROM `wp_menu` WHERE `place` = 1 AND `is_hide` = 0 ORDER BY sort asc, id asc  [ RunTime:0.0001s ]
SQL: SELECT `title`,`menu_type`,`addon_name`,`url`,`target`,`is_hide`,`sort`,`id` FROM `wp_menu` WHERE `place` = 0 ORDER BY id desc LIMIT 0,10000   [ RunTime:0.0001s ]
SQL: SELECT `title` FROM `wp_addons` WHERE `name` = '' LIMIT 1   [ RunTime:0.0001s ]
SQL: SELECT `title` FROM `wp_addons` WHERE `name` = 'QrAdmin' LIMIT 1   [ RunTime:0.0001s ]
SQL: SELECT `title` FROM `wp_addons` WHERE `name` = '' LIMIT 1   [ RunTime:0.0000s ]
SQL: SELECT `title` FROM `wp_addons` WHERE `name` = '' LIMIT 1   [ RunTime:0.0001s ]
SQL: SELECT `title` FROM `wp_addons` WHERE `name` = '' LIMIT 1   [ RunTime:0.0001s ]
SQL: SELECT `title` FROM `wp_addons` WHERE `name` = 'Weiba' LIMIT 1   [ RunTime:0.0001s ]
SQL: SELECT `title` FROM `wp_addons` WHERE `name` = 'Weiba' LIMIT 1   [ RunTime:0.0000s ]
SQL: SELECT `title` FROM `wp_addons` WHERE `name` = 'CardVouchers' LIMIT 1   [ RunTime:0.0000s ]
SQL: SELECT `title` FROM `wp_addons` WHERE `name` = 'Coupon' LIMIT 1   [ RunTime:0.0000s ]
SQL: SELECT `title` FROM `wp_addons` WHERE `name` = 'Ask' LIMIT 1   [ RunTime:0.0000s ]
SQL: SELECT `title` FROM `wp_addons` WHERE `name` = 'Test' LIMIT 1   [ RunTime:0.0000s ]
SQL: SELECT `title` FROM `wp_addons` WHERE `name` = 'Exam' LIMIT 1   [ RunTime:0.0001s ]
SQL: SELECT `title` FROM `wp_addons` WHERE `name` = '' LIMIT 1   [ RunTime:0.0000s ]
SQL: SELECT `title` FROM `wp_addons` WHERE `name` = 'Reserve' LIMIT 1   [ RunTime:0.0000s ]
SQL: SELECT `title` FROM `wp_addons` WHERE `name` = 'SingIn' LIMIT 1   [ RunTime:0.0001s ]
SQL: SELECT `title` FROM `wp_addons` WHERE `name` = '' LIMIT 1   [ RunTime:0.0000s ]
SQL: SELECT `title` FROM `wp_addons` WHERE `name` = 'Card' LIMIT 1   [ RunTime:0.0000s ]
SQL: SELECT `title` FROM `wp_addons` WHERE `name` = 'NoAnswer' LIMIT 1   [ RunTime:0.0001s ]
SQL: SELECT `title` FROM `wp_addons` WHERE `name` = '' LIMIT 1   [ RunTime:0.0000s ]
SQL: SELECT `title` FROM `wp_addons` WHERE `name` = '' LIMIT 1   [ RunTime:0.0001s ]
SQL: SELECT `title` FROM `wp_addons` WHERE `name` = '' LIMIT 1   [ RunTime:0.0000s ]
SQL: SELECT `title` FROM `wp_addons` WHERE `name` = 'Leaflets' LIMIT 1   [ RunTime:0.0000s ]
SQL: SELECT `title` FROM `wp_addons` WHERE `name` = 'AutoReply' LIMIT 1   [ RunTime:0.0000s ]
SQL: SELECT `title` FROM `wp_addons` WHERE `name` = 'CustomMenu' LIMIT 1   [ RunTime:0.0000s ]
SQL: SELECT `title` FROM `wp_addons` WHERE `name` = 'Wecome' LIMIT 1   [ RunTime:0.0000s ]
SQL: SELECT `title` FROM `wp_addons` WHERE `name` = 'Wecome' LIMIT 1   [ RunTime:0.0000s ]
SQL: SELECT `title` FROM `wp_addons` WHERE `name` = '' LIMIT 1   [ RunTime:0.0000s ]
SQL: SELECT `title` FROM `wp_addons` WHERE `name` = '' LIMIT 1   [ RunTime:0.0000s ]
SQL: SELECT `title` FROM `wp_addons` WHERE `name` = '' LIMIT 1   [ RunTime:0.0000s ]
SQL: SELECT `title` FROM `wp_addons` WHERE `name` = '' LIMIT 1   [ RunTime:0.0000s ]
SQL: SELECT `title` FROM `wp_addons` WHERE `name` = '' LIMIT 1   [ RunTime:0.0000s ]
SQL: SELECT `title` FROM `wp_addons` WHERE `name` = '' LIMIT 1   [ RunTime:0.0000s ]
SQL: SELECT `title` FROM `wp_addons` WHERE `name` = 'WeiSite' LIMIT 1   [ RunTime:0.0001s ]
SQL: SELECT `title` FROM `wp_addons` WHERE `name` = 'WeiSite' LIMIT 1   [ RunTime:0.0000s ]
SQL: SELECT `title` FROM `wp_addons` WHERE `name` = 'Invite' LIMIT 1   [ RunTime:0.0000s ]
SQL: SELECT `title` FROM `wp_addons` WHERE `name` = 'RealPrize' LIMIT 1   [ RunTime:0.0000s ]
SQL: SELECT `title` FROM `wp_addons` WHERE `name` = 'RedBag' LIMIT 1   [ RunTime:0.0000s ]
SQL: SELECT `title` FROM `wp_addons` WHERE `name` = 'Coupon' LIMIT 1   [ RunTime:0.0001s ]
SQL: SELECT `title` FROM `wp_addons` WHERE `name` = 'WishCard' LIMIT 1   [ RunTime:0.0001s ]
SQL: SELECT `title` FROM `wp_addons` WHERE `name` = 'Guess' LIMIT 1   [ RunTime:0.0000s ]
SQL: SELECT `title` FROM `wp_addons` WHERE `name` = 'Forms' LIMIT 1   [ RunTime:0.0000s ]
SQL: SELECT `title` FROM `wp_addons` WHERE `name` = 'Survey' LIMIT 1   [ RunTime:0.0001s ]
SQL: SELECT `title` FROM `wp_addons` WHERE `name` = 'Vote' LIMIT 1   [ RunTime:0.0000s ]
SQL: SELECT `title` FROM `wp_addons` WHERE `name` = 'Vote' LIMIT 1   [ RunTime:0.0000s ]
SQL: SELECT `title` FROM `wp_addons` WHERE `name` = 'UserCenter' LIMIT 1   [ RunTime:0.0001s ]
SQL: SELECT `title` FROM `wp_addons` WHERE `name` = 'UserCenter' LIMIT 1   [ RunTime:0.0000s ]
SQL: SELECT `title` FROM `wp_addons` WHERE `name` = '' LIMIT 1   [ RunTime:0.0000s ]
SQL: SELECT COUNT(*) AS tp_count FROM `wp_menu` WHERE `place` = 0 LIMIT 1   [ RunTime:0.0000s ]
SQL: SELECT `id`,`menu_type`,`pid`,`title`,`url_type`,`addon_name`,`url`,`target`,`is_hide`,`sort`,`place` FROM `wp_menu` WHERE `place` = 0 ORDER BY sort asc,id asc  [ RunTime:0.0001s ]

[ 2017-12-02T18:58:56+08:00 ] 223.72.84.48 /index.php?s=/w16/Admin/Menu/add.html
SQL: SELECT * FROM `wp_card_custom` WHERE `token` = 'gh_474547030e87'  [ RunTime:0.0001s ]
SQL: SELECT * FROM `wp_menu` WHERE `place` = 1 AND `is_hide` = 0 ORDER BY sort asc, id asc  [ RunTime:0.0001s ]
SQL: SELECT * FROM `wp_model` WHERE `id` = 3 LIMIT 1   [ RunTime:0.0002s ]
SQL: SELECT `id`,`title`,`pid`,`sort` FROM `wp_menu` WHERE `menu_type` = 0 AND `place` = 0 ORDER BY pid asc, sort asc  [ RunTime:0.0002s ]
SQL: SELECT `name`,`title` FROM `wp_addons` WHERE `type` = 0 ORDER BY id asc  [ RunTime:0.0002s ]

[ 2017-12-02T18:59:01+08:00 ] 223.72.84.48 /index.php?s=/w16/Admin/Menu/lists.html&mdm=368|369
SQL: SELECT * FROM `wp_card_custom` WHERE `token` = 'gh_474547030e87'  [ RunTime:0.0001s ]
SQL: SELECT * FROM `wp_menu` WHERE `place` = 1 AND `is_hide` = 0 ORDER BY sort asc, id asc  [ RunTime:0.0001s ]
SQL: SELECT `title`,`menu_type`,`addon_name`,`url`,`target`,`is_hide`,`sort`,`id` FROM `wp_menu` WHERE `place` = 0 ORDER BY id desc LIMIT 0,10000   [ RunTime:0.0001s ]
SQL: SELECT `title` FROM `wp_addons` WHERE `name` = '' LIMIT 1   [ RunTime:0.0001s ]
SQL: SELECT `title` FROM `wp_addons` WHERE `name` = 'QrAdmin' LIMIT 1   [ RunTime:0.0001s ]
SQL: SELECT `title` FROM `wp_addons` WHERE `name` = '' LIMIT 1   [ RunTime:0.0000s ]
SQL: SELECT `title` FROM `wp_addons` WHERE `name` = '' LIMIT 1   [ RunTime:0.0000s ]
SQL: SELECT `title` FROM `wp_addons` WHERE `name` = '' LIMIT 1   [ RunTime:0.0000s ]
SQL: SELECT `title` FROM `wp_addons` WHERE `name` = 'Weiba' LIMIT 1   [ RunTime:0.0000s ]
SQL: SELECT `title` FROM `wp_addons` WHERE `name` = 'Weiba' LIMIT 1   [ RunTime:0.0000s ]
SQL: SELECT `title` FROM `wp_addons` WHERE `name` = 'CardVouchers' LIMIT 1   [ RunTime:0.0000s ]
SQL: SELECT `title` FROM `wp_addons` WHERE `name` = 'Coupon' LIMIT 1   [ RunTime:0.0001s ]
SQL: SELECT `title` FROM `wp_addons` WHERE `name` = 'Ask' LIMIT 1   [ RunTime:0.0000s ]
SQL: SELECT `title` FROM `wp_addons` WHERE `name` = 'Test' LIMIT 1   [ RunTime:0.0000s ]
SQL: SELECT `title` FROM `wp_addons` WHERE `name` = 'Exam' LIMIT 1   [ RunTime:0.0000s ]
SQL: SELECT `title` FROM `wp_addons` WHERE `name` = '' LIMIT 1   [ RunTime:0.0000s ]
SQL: SELECT `title` FROM `wp_addons` WHERE `name` = 'Reserve' LIMIT 1   [ RunTime:0.0000s ]
SQL: SELECT `title` FROM `wp_addons` WHERE `name` = 'SingIn' LIMIT 1   [ RunTime:0.0000s ]
SQL: SELECT `title` FROM `wp_addons` WHERE `name` = '' LIMIT 1   [ RunTime:0.0000s ]
SQL: SELECT `title` FROM `wp_addons` WHERE `name` = 'Card' LIMIT 1   [ RunTime:0.0000s ]
SQL: SELECT `title` FROM `wp_addons` WHERE `name` = 'NoAnswer' LIMIT 1   [ RunTime:0.0000s ]
SQL: SELECT `title` FROM `wp_addons` WHERE `name` = '' LIMIT 1   [ RunTime:0.0000s ]
SQL: SELECT `title` FROM `wp_addons` WHERE `name` = '' LIMIT 1   [ RunTime:0.0000s ]
SQL: SELECT `title` FROM `wp_addons` WHERE `name` = '' LIMIT 1   [ RunTime:0.0000s ]
SQL: SELECT `title` FROM `wp_addons` WHERE `name` = 'Leaflets' LIMIT 1   [ RunTime:0.0000s ]
SQL: SELECT `title` FROM `wp_addons` WHERE `name` = 'AutoReply' LIMIT 1   [ RunTime:0.0000s ]
SQL: SELECT `title` FROM `wp_addons` WHERE `name` = 'CustomMenu' LIMIT 1   [ RunTime:0.0000s ]
SQL: SELECT `title` FROM `wp_addons` WHERE `name` = 'Wecome' LIMIT 1   [ RunTime:0.0000s ]
SQL: SELECT `title` FROM `wp_addons` WHERE `name` = 'Wecome' LIMIT 1   [ RunTime:0.0000s ]
SQL: SELECT `title` FROM `wp_addons` WHERE `name` = '' LIMIT 1   [ RunTime:0.0000s ]
SQL: SELECT `title` FROM `wp_addons` WHERE `name` = '' LIMIT 1   [ RunTime:0.0000s ]
SQL: SELECT `title` FROM `wp_addons` WHERE `name` = '' LIMIT 1   [ RunTime:0.0000s ]
SQL: SELECT `title` FROM `wp_addons` WHERE `name` = '' LIMIT 1   [ RunTime:0.0000s ]
SQL: SELECT `title` FROM `wp_addons` WHERE `name` = '' LIMIT 1   [ RunTime:0.0000s ]
SQL: SELECT `title` FROM `wp_addons` WHERE `name` = '' LIMIT 1   [ RunTime:0.0000s ]
SQL: SELECT `title` FROM `wp_addons` WHERE `name` = 'WeiSite' LIMIT 1   [ RunTime:0.0000s ]
SQL: SELECT `title` FROM `wp_addons` WHERE `name` = 'WeiSite' LIMIT 1   [ RunTime:0.0000s ]
SQL: SELECT `title` FROM `wp_addons` WHERE `name` = 'Invite' LIMIT 1   [ RunTime:0.0000s ]
SQL: SELECT `title` FROM `wp_addons` WHERE `name` = 'RealPrize' LIMIT 1   [ RunTime:0.0000s ]
SQL: SELECT `title` FROM `wp_addons` WHERE `name` = 'RedBag' LIMIT 1   [ RunTime:0.0000s ]
SQL: SELECT `title` FROM `wp_addons` WHERE `name` = 'Coupon' LIMIT 1   [ RunTime:0.0000s ]
SQL: SELECT `title` FROM `wp_addons` WHERE `name` = 'WishCard' LIMIT 1   [ RunTime:0.0000s ]
SQL: SELECT `title` FROM `wp_addons` WHERE `name` = 'Guess' LIMIT 1   [ RunTime:0.0000s ]
SQL: SELECT `title` FROM `wp_addons` WHERE `name` = 'Forms' LIMIT 1   [ RunTime:0.0000s ]
SQL: SELECT `title` FROM `wp_addons` WHERE `name` = 'Survey' LIMIT 1   [ RunTime:0.0001s ]
SQL: SELECT `title` FROM `wp_addons` WHERE `name` = 'Vote' LIMIT 1   [ RunTime:0.0000s ]
SQL: SELECT `title` FROM `wp_addons` WHERE `name` = 'Vote' LIMIT 1   [ RunTime:0.0000s ]
SQL: SELECT `title` FROM `wp_addons` WHERE `name` = 'UserCenter' LIMIT 1   [ RunTime:0.0000s ]
SQL: SELECT `title` FROM `wp_addons` WHERE `name` = 'UserCenter' LIMIT 1   [ RunTime:0.0000s ]
SQL: SELECT `title` FROM `wp_addons` WHERE `name` = '' LIMIT 1   [ RunTime:0.0000s ]
SQL: SELECT COUNT(*) AS tp_count FROM `wp_menu` WHERE `place` = 0 LIMIT 1   [ RunTime:0.0000s ]
SQL: SELECT `id`,`menu_type`,`pid`,`title`,`url_type`,`addon_name`,`url`,`target`,`is_hide`,`sort`,`place` FROM `wp_menu` WHERE `place` = 0 ORDER BY sort asc,id asc  [ RunTime:0.0001s ]

[ 2017-12-02T18:59:34+08:00 ] 223.72.84.48 /index.php?s=/w16/Admin/Menu/lists/place/1.html&mdm=368|370
SQL: SELECT * FROM `wp_card_custom` WHERE `token` = 'gh_474547030e87'  [ RunTime:0.0001s ]
SQL: SELECT * FROM `wp_menu` WHERE `place` = 1 AND `is_hide` = 0 ORDER BY sort asc, id asc  [ RunTime:0.0001s ]
SQL: SELECT `title`,`menu_type`,`addon_name`,`url`,`target`,`is_hide`,`sort`,`id` FROM `wp_menu` WHERE `place` = 1 ORDER BY id desc LIMIT 0,10000   [ RunTime:0.0003s ]
SQL: SELECT `title` FROM `wp_addons` WHERE `name` = '' LIMIT 1   [ RunTime:0.0001s ]
SQL: SELECT `title` FROM `wp_addons` WHERE `name` = '' LIMIT 1   [ RunTime:0.0000s ]
SQL: SELECT `title` FROM `wp_addons` WHERE `name` = '' LIMIT 1   [ RunTime:0.0001s ]
SQL: SELECT `title` FROM `wp_addons` WHERE `name` = '' LIMIT 1   [ RunTime:0.0001s ]
SQL: SELECT `title` FROM `wp_addons` WHERE `name` = '' LIMIT 1   [ RunTime:0.0000s ]
SQL: SELECT `title` FROM `wp_addons` WHERE `name` = '' LIMIT 1   [ RunTime:0.0001s ]
SQL: SELECT `title` FROM `wp_addons` WHERE `name` = '' LIMIT 1   [ RunTime:0.0000s ]
SQL: SELECT `title` FROM `wp_addons` WHERE `name` = '' LIMIT 1   [ RunTime:0.0001s ]
SQL: SELECT `title` FROM `wp_addons` WHERE `name` = '' LIMIT 1   [ RunTime:0.0000s ]
SQL: SELECT `title` FROM `wp_addons` WHERE `name` = '' LIMIT 1   [ RunTime:0.0001s ]
SQL: SELECT `title` FROM `wp_addons` WHERE `name` = '' LIMIT 1   [ RunTime:0.0000s ]
SQL: SELECT `title` FROM `wp_addons` WHERE `name` = '' LIMIT 1   [ RunTime:0.0000s ]
SQL: SELECT `title` FROM `wp_addons` WHERE `name` = '' LIMIT 1   [ RunTime:0.0000s ]
SQL: SELECT `title` FROM `wp_addons` WHERE `name` = '' LIMIT 1   [ RunTime:0.0000s ]
SQL: SELECT `title` FROM `wp_addons` WHERE `name` = '' LIMIT 1   [ RunTime:0.0000s ]
SQL: SELECT `title` FROM `wp_addons` WHERE `name` = '' LIMIT 1   [ RunTime:0.0001s ]
SQL: SELECT `title` FROM `wp_addons` WHERE `name` = '' LIMIT 1   [ RunTime:0.0000s ]
SQL: SELECT `title` FROM `wp_addons` WHERE `name` = '' LIMIT 1   [ RunTime:0.0000s ]
SQL: SELECT `title` FROM `wp_addons` WHERE `name` = '' LIMIT 1   [ RunTime:0.0000s ]
SQL: SELECT `title` FROM `wp_addons` WHERE `name` = '' LIMIT 1   [ RunTime:0.0000s ]
SQL: SELECT `title` FROM `wp_addons` WHERE `name` = '' LIMIT 1   [ RunTime:0.0000s ]
SQL: SELECT `title` FROM `wp_addons` WHERE `name` = '' LIMIT 1   [ RunTime:0.0001s ]
SQL: SELECT `title` FROM `wp_addons` WHERE `name` = '' LIMIT 1   [ RunTime:0.0000s ]
SQL: SELECT `title` FROM `wp_addons` WHERE `name` = '' LIMIT 1   [ RunTime:0.0000s ]
SQL: SELECT `title` FROM `wp_addons` WHERE `name` = '' LIMIT 1   [ RunTime:0.0000s ]
SQL: SELECT `title` FROM `wp_addons` WHERE `name` = '' LIMIT 1   [ RunTime:0.0000s ]
SQL: SELECT `title` FROM `wp_addons` WHERE `name` = '' LIMIT 1   [ RunTime:0.0001s ]
SQL: SELECT `title` FROM `wp_addons` WHERE `name` = '' LIMIT 1   [ RunTime:0.0000s ]
SQL: SELECT COUNT(*) AS tp_count FROM `wp_menu` WHERE `place` = 1 LIMIT 1   [ RunTime:0.0002s ]
SQL: SELECT `id`,`menu_type`,`pid`,`title`,`url_type`,`addon_name`,`url`,`target`,`is_hide`,`sort`,`place` FROM `wp_menu` WHERE `place` = 1 ORDER BY sort asc,id asc  [ RunTime:0.0003s ]

[ 2017-12-02T18:59:35+08:00 ] 223.72.84.48 /index.php?s=/w16/Admin/Menu/lists/place/2.html&mdm=368|393
SQL: SELECT * FROM `wp_card_custom` WHERE `token` = 'gh_474547030e87'  [ RunTime:0.0001s ]
SQL: SELECT * FROM `wp_menu` WHERE `place` = 1 AND `is_hide` = 0 ORDER BY sort asc, id asc  [ RunTime:0.0001s ]
SQL: SELECT `title`,`menu_type`,`addon_name`,`url`,`target`,`is_hide`,`sort`,`id` FROM `wp_menu` WHERE `place` = 2 ORDER BY id desc LIMIT 0,10000   [ RunTime:0.0002s ]
SQL: SELECT `title` FROM `wp_addons` WHERE `name` = 'CardVouchers' LIMIT 1   [ RunTime:0.0001s ]
SQL: SELECT `title` FROM `wp_addons` WHERE `name` = 'WeiPicture' LIMIT 1   [ RunTime:0.0001s ]
SQL: SELECT `title` FROM `wp_addons` WHERE `name` = 'WeiUserCenter' LIMIT 1   [ RunTime:0.0001s ]
SQL: SELECT `title` FROM `wp_addons` WHERE `name` = 'Sms' LIMIT 1   [ RunTime:0.0001s ]
SQL: SELECT COUNT(*) AS tp_count FROM `wp_menu` WHERE `place` = 2 LIMIT 1   [ RunTime:0.0001s ]
SQL: SELECT `id`,`menu_type`,`pid`,`title`,`url_type`,`addon_name`,`url`,`target`,`is_hide`,`sort`,`place` FROM `wp_menu` WHERE `place` = 2 ORDER BY sort asc,id asc  [ RunTime:0.0002s ]

[ 2017-12-02T18:59:41+08:00 ] 223.72.84.48 /index.php?s=/w16/Admin/Menu/lists/place/1.html&mdm=368|370
SQL: SELECT * FROM `wp_card_custom` WHERE `token` = 'gh_474547030e87'  [ RunTime:0.0001s ]
SQL: SELECT * FROM `wp_menu` WHERE `place` = 1 AND `is_hide` = 0 ORDER BY sort asc, id asc  [ RunTime:0.0001s ]
SQL: SELECT `title`,`menu_type`,`addon_name`,`url`,`target`,`is_hide`,`sort`,`id` FROM `wp_menu` WHERE `place` = 1 ORDER BY id desc LIMIT 0,10000   [ RunTime:0.0001s ]
SQL: SELECT `title` FROM `wp_addons` WHERE `name` = '' LIMIT 1   [ RunTime:0.0001s ]
SQL: SELECT `title` FROM `wp_addons` WHERE `name` = '' LIMIT 1   [ RunTime:0.0001s ]
SQL: SELECT `title` FROM `wp_addons` WHERE `name` = '' LIMIT 1   [ RunTime:0.0001s ]
SQL: SELECT `title` FROM `wp_addons` WHERE `name` = '' LIMIT 1   [ RunTime:0.0000s ]
SQL: SELECT `title` FROM `wp_addons` WHERE `name` = '' LIMIT 1   [ RunTime:0.0000s ]
SQL: SELECT `title` FROM `wp_addons` WHERE `name` = '' LIMIT 1   [ RunTime:0.0000s ]
SQL: SELECT `title` FROM `wp_addons` WHERE `name` = '' LIMIT 1   [ RunTime:0.0001s ]
SQL: SELECT `title` FROM `wp_addons` WHERE `name` = '' LIMIT 1   [ RunTime:0.0000s ]
SQL: SELECT `title` FROM `wp_addons` WHERE `name` = '' LIMIT 1   [ RunTime:0.0000s ]
SQL: SELECT `title` FROM `wp_addons` WHERE `name` = '' LIMIT 1   [ RunTime:0.0000s ]
SQL: SELECT `title` FROM `wp_addons` WHERE `name` = '' LIMIT 1   [ RunTime:0.0000s ]
SQL: SELECT `title` FROM `wp_addons` WHERE `name` = '' LIMIT 1   [ RunTime:0.0000s ]
SQL: SELECT `title` FROM `wp_addons` WHERE `name` = '' LIMIT 1   [ RunTime:0.0000s ]
SQL: SELECT `title` FROM `wp_addons` WHERE `name` = '' LIMIT 1   [ RunTime:0.0000s ]
SQL: SELECT `title` FROM `wp_addons` WHERE `name` = '' LIMIT 1   [ RunTime:0.0000s ]
SQL: SELECT `title` FROM `wp_addons` WHERE `name` = '' LIMIT 1   [ RunTime:0.0000s ]
SQL: SELECT `title` FROM `wp_addons` WHERE `name` = '' LIMIT 1   [ RunTime:0.0000s ]
SQL: SELECT `title` FROM `wp_addons` WHERE `name` = '' LIMIT 1   [ RunTime:0.0000s ]
SQL: SELECT `title` FROM `wp_addons` WHERE `name` = '' LIMIT 1   [ RunTime:0.0000s ]
SQL: SELECT `title` FROM `wp_addons` WHERE `name` = '' LIMIT 1   [ RunTime:0.0000s ]
SQL: SELECT `title` FROM `wp_addons` WHERE `name` = '' LIMIT 1   [ RunTime:0.0000s ]
SQL: SELECT `title` FROM `wp_addons` WHERE `name` = '' LIMIT 1   [ RunTime:0.0000s ]
SQL: SELECT `title` FROM `wp_addons` WHERE `name` = '' LIMIT 1   [ RunTime:0.0000s ]
SQL: SELECT `title` FROM `wp_addons` WHERE `name` = '' LIMIT 1   [ RunTime:0.0000s ]
SQL: SELECT `title` FROM `wp_addons` WHERE `name` = '' LIMIT 1   [ RunTime:0.0001s ]
SQL: SELECT `title` FROM `wp_addons` WHERE `name` = '' LIMIT 1   [ RunTime:0.0000s ]
SQL: SELECT `title` FROM `wp_addons` WHERE `name` = '' LIMIT 1   [ RunTime:0.0000s ]
SQL: SELECT `title` FROM `wp_addons` WHERE `name` = '' LIMIT 1   [ RunTime:0.0000s ]
SQL: SELECT COUNT(*) AS tp_count FROM `wp_menu` WHERE `place` = 1 LIMIT 1   [ RunTime:0.0000s ]
SQL: SELECT `id`,`menu_type`,`pid`,`title`,`url_type`,`addon_name`,`url`,`target`,`is_hide`,`sort`,`place` FROM `wp_menu` WHERE `place` = 1 ORDER BY sort asc,id asc  [ RunTime:0.0001s ]

[ 2017-12-02T18:59:47+08:00 ] 223.72.84.48 /index.php?s=/w16/Admin/Menu/lists.html&mdm=368|369
SQL: SELECT * FROM `wp_card_custom` WHERE `token` = 'gh_474547030e87'  [ RunTime:0.0001s ]
SQL: SELECT * FROM `wp_menu` WHERE `place` = 1 AND `is_hide` = 0 ORDER BY sort asc, id asc  [ RunTime:0.0001s ]
SQL: SELECT `title`,`menu_type`,`addon_name`,`url`,`target`,`is_hide`,`sort`,`id` FROM `wp_menu` WHERE `place` = 0 ORDER BY id desc LIMIT 0,10000   [ RunTime:0.0001s ]
SQL: SELECT `title` FROM `wp_addons` WHERE `name` = '' LIMIT 1   [ RunTime:0.0001s ]
SQL: SELECT `title` FROM `wp_addons` WHERE `name` = 'QrAdmin' LIMIT 1   [ RunTime:0.0001s ]
SQL: SELECT `title` FROM `wp_addons` WHERE `name` = '' LIMIT 1   [ RunTime:0.0001s ]
SQL: SELECT `title` FROM `wp_addons` WHERE `name` = '' LIMIT 1   [ RunTime:0.0000s ]
SQL: SELECT `title` FROM `wp_addons` WHERE `name` = '' LIMIT 1   [ RunTime:0.0000s ]
SQL: SELECT `title` FROM `wp_addons` WHERE `name` = 'Weiba' LIMIT 1   [ RunTime:0.0001s ]
SQL: SELECT `title` FROM `wp_addons` WHERE `name` = 'Weiba' LIMIT 1   [ RunTime:0.0000s ]
SQL: SELECT `title` FROM `wp_addons` WHERE `name` = 'CardVouchers' LIMIT 1   [ RunTime:0.0000s ]
SQL: SELECT `title` FROM `wp_addons` WHERE `name` = 'Coupon' LIMIT 1   [ RunTime:0.0000s ]
SQL: SELECT `title` FROM `wp_addons` WHERE `name` = 'Ask' LIMIT 1   [ RunTime:0.0000s ]
SQL: SELECT `title` FROM `wp_addons` WHERE `name` = 'Test' LIMIT 1   [ RunTime:0.0001s ]
SQL: SELECT `title` FROM `wp_addons` WHERE `name` = 'Exam' LIMIT 1   [ RunTime:0.0001s ]
SQL: SELECT `title` FROM `wp_addons` WHERE `name` = '' LIMIT 1   [ RunTime:0.0000s ]
SQL: SELECT `title` FROM `wp_addons` WHERE `name` = 'Reserve' LIMIT 1   [ RunTime:0.0000s ]
SQL: SELECT `title` FROM `wp_addons` WHERE `name` = 'SingIn' LIMIT 1   [ RunTime:0.0000s ]
SQL: SELECT `title` FROM `wp_addons` WHERE `name` = '' LIMIT 1   [ RunTime:0.0000s ]
SQL: SELECT `title` FROM `wp_addons` WHERE `name` = 'Card' LIMIT 1   [ RunTime:0.0000s ]
SQL: SELECT `title` FROM `wp_addons` WHERE `name` = 'NoAnswer' LIMIT 1   [ RunTime:0.0000s ]
SQL: SELECT `title` FROM `wp_addons` WHERE `name` = '' LIMIT 1   [ RunTime:0.0000s ]
SQL: SELECT `title` FROM `wp_addons` WHERE `name` = '' LIMIT 1   [ RunTime:0.0000s ]
SQL: SELECT `title` FROM `wp_addons` WHERE `name` = '' LIMIT 1   [ RunTime:0.0000s ]
SQL: SELECT `title` FROM `wp_addons` WHERE `name` = 'Leaflets' LIMIT 1   [ RunTime:0.0001s ]
SQL: SELECT `title` FROM `wp_addons` WHERE `name` = 'AutoReply' LIMIT 1   [ RunTime:0.0000s ]
SQL: SELECT `title` FROM `wp_addons` WHERE `name` = 'CustomMenu' LIMIT 1   [ RunTime:0.0000s ]
SQL: SELECT `title` FROM `wp_addons` WHERE `name` = 'Wecome' LIMIT 1   [ RunTime:0.0000s ]
SQL: SELECT `title` FROM `wp_addons` WHERE `name` = 'Wecome' LIMIT 1   [ RunTime:0.0000s ]
SQL: SELECT `title` FROM `wp_addons` WHERE `name` = '' LIMIT 1   [ RunTime:0.0001s ]
SQL: SELECT `title` FROM `wp_addons` WHERE `name` = '' LIMIT 1   [ RunTime:0.0000s ]
SQL: SELECT `title` FROM `wp_addons` WHERE `name` = '' LIMIT 1   [ RunTime:0.0000s ]
SQL: SELECT `title` FROM `wp_addons` WHERE `name` = '' LIMIT 1   [ RunTime:0.0000s ]
SQL: SELECT `title` FROM `wp_addons` WHERE `name` = '' LIMIT 1   [ RunTime:0.0000s ]
SQL: SELECT `title` FROM `wp_addons` WHERE `name` = '' LIMIT 1   [ RunTime:0.0000s ]
SQL: SELECT `title` FROM `wp_addons` WHERE `name` = 'WeiSite' LIMIT 1   [ RunTime:0.0000s ]
SQL: SELECT `title` FROM `wp_addons` WHERE `name` = 'WeiSite' LIMIT 1   [ RunTime:0.0000s ]
SQL: SELECT `title` FROM `wp_addons` WHERE `name` = 'Invite' LIMIT 1   [ RunTime:0.0000s ]
SQL: SELECT `title` FROM `wp_addons` WHERE `name` = 'RealPrize' LIMIT 1   [ RunTime:0.0000s ]
SQL: SELECT `title` FROM `wp_addons` WHERE `name` = 'RedBag' LIMIT 1   [ RunTime:0.0000s ]
SQL: SELECT `title` FROM `wp_addons` WHERE `name` = 'Coupon' LIMIT 1   [ RunTime:0.0000s ]
SQL: SELECT `title` FROM `wp_addons` WHERE `name` = 'WishCard' LIMIT 1   [ RunTime:0.0000s ]
SQL: SELECT `title` FROM `wp_addons` WHERE `name` = 'Guess' LIMIT 1   [ RunTime:0.0000s ]
SQL: SELECT `title` FROM `wp_addons` WHERE `name` = 'Forms' LIMIT 1   [ RunTime:0.0001s ]
SQL: SELECT `title` FROM `wp_addons` WHERE `name` = 'Survey' LIMIT 1   [ RunTime:0.0000s ]
SQL: SELECT `title` FROM `wp_addons` WHERE `name` = 'Vote' LIMIT 1   [ RunTime:0.0000s ]
SQL: SELECT `title` FROM `wp_addons` WHERE `name` = 'Vote' LIMIT 1   [ RunTime:0.0000s ]
SQL: SELECT `title` FROM `wp_addons` WHERE `name` = 'UserCenter' LIMIT 1   [ RunTime:0.0000s ]
SQL: SELECT `title` FROM `wp_addons` WHERE `name` = 'UserCenter' LIMIT 1   [ RunTime:0.0000s ]
SQL: SELECT `title` FROM `wp_addons` WHERE `name` = '' LIMIT 1   [ RunTime:0.0000s ]
SQL: SELECT COUNT(*) AS tp_count FROM `wp_menu` WHERE `place` = 0 LIMIT 1   [ RunTime:0.0000s ]
SQL: SELECT `id`,`menu_type`,`pid`,`title`,`url_type`,`addon_name`,`url`,`target`,`is_hide`,`sort`,`place` FROM `wp_menu` WHERE `place` = 0 ORDER BY sort asc,id asc  [ RunTime:0.0001s ]

[ 2017-12-02T18:59:57+08:00 ] 223.72.84.48 /index.php?s=/w16/Admin/Menu/add.html
SQL: SELECT * FROM `wp_card_custom` WHERE `token` = 'gh_474547030e87'  [ RunTime:0.0001s ]
SQL: SELECT * FROM `wp_menu` WHERE `place` = 1 AND `is_hide` = 0 ORDER BY sort asc, id asc  [ RunTime:0.0001s ]
SQL: SELECT * FROM `wp_model` WHERE `id` = 3 LIMIT 1   [ RunTime:0.0001s ]
SQL: SELECT `id`,`title`,`pid`,`sort` FROM `wp_menu` WHERE `menu_type` = 0 AND `place` = 0 ORDER BY pid asc, sort asc  [ RunTime:0.0001s ]
SQL: SELECT `name`,`title` FROM `wp_addons` WHERE `type` = 0 ORDER BY id asc  [ RunTime:0.0001s ]

[ 2017-12-02T19:00:07+08:00 ] 223.72.84.48 /index.php?s=/w16/Admin/Menu/lists.html&mdm=368|369
SQL: SELECT * FROM `wp_card_custom` WHERE `token` = 'gh_474547030e87'  [ RunTime:0.0001s ]
SQL: SELECT * FROM `wp_menu` WHERE `place` = 1 AND `is_hide` = 0 ORDER BY sort asc, id asc  [ RunTime:0.0001s ]
SQL: SELECT `title`,`menu_type`,`addon_name`,`url`,`target`,`is_hide`,`sort`,`id` FROM `wp_menu` WHERE `place` = 0 ORDER BY id desc LIMIT 0,10000   [ RunTime:0.0001s ]
SQL: SELECT `title` FROM `wp_addons` WHERE `name` = '' LIMIT 1   [ RunTime:0.0001s ]
SQL: SELECT `title` FROM `wp_addons` WHERE `name` = 'QrAdmin' LIMIT 1   [ RunTime:0.0001s ]
SQL: SELECT `title` FROM `wp_addons` WHERE `name` = '' LIMIT 1   [ RunTime:0.0000s ]
SQL: SELECT `title` FROM `wp_addons` WHERE `name` = '' LIMIT 1   [ RunTime:0.0000s ]
SQL: SELECT `title` FROM `wp_addons` WHERE `name` = '' LIMIT 1   [ RunTime:0.0000s ]
SQL: SELECT `title` FROM `wp_addons` WHERE `name` = 'Weiba' LIMIT 1   [ RunTime:0.0000s ]
SQL: SELECT `title` FROM `wp_addons` WHERE `name` = 'Weiba' LIMIT 1   [ RunTime:0.0000s ]
SQL: SELECT `title` FROM `wp_addons` WHERE `name` = 'CardVouchers' LIMIT 1   [ RunTime:0.0000s ]
SQL: SELECT `title` FROM `wp_addons` WHERE `name` = 'Coupon' LIMIT 1   [ RunTime:0.0000s ]
SQL: SELECT `title` FROM `wp_addons` WHERE `name` = 'Ask' LIMIT 1   [ RunTime:0.0000s ]
SQL: SELECT `title` FROM `wp_addons` WHERE `name` = 'Test' LIMIT 1   [ RunTime:0.0000s ]
SQL: SELECT `title` FROM `wp_addons` WHERE `name` = 'Exam' LIMIT 1   [ RunTime:0.0000s ]
SQL: SELECT `title` FROM `wp_addons` WHERE `name` = '' LIMIT 1   [ RunTime:0.0000s ]
SQL: SELECT `title` FROM `wp_addons` WHERE `name` = 'Reserve' LIMIT 1   [ RunTime:0.0001s ]
SQL: SELECT `title` FROM `wp_addons` WHERE `name` = 'SingIn' LIMIT 1   [ RunTime:0.0000s ]
SQL: SELECT `title` FROM `wp_addons` WHERE `name` = '' LIMIT 1   [ RunTime:0.0000s ]
SQL: SELECT `title` FROM `wp_addons` WHERE `name` = 'Card' LIMIT 1   [ RunTime:0.0000s ]
SQL: SELECT `title` FROM `wp_addons` WHERE `name` = 'NoAnswer' LIMIT 1   [ RunTime:0.0000s ]
SQL: SELECT `title` FROM `wp_addons` WHERE `name` = '' LIMIT 1   [ RunTime:0.0000s ]
SQL: SELECT `title` FROM `wp_addons` WHERE `name` = '' LIMIT 1   [ RunTime:0.0001s ]
SQL: SELECT `title` FROM `wp_addons` WHERE `name` = '' LIMIT 1   [ RunTime:0.0000s ]
SQL: SELECT `title` FROM `wp_addons` WHERE `name` = 'Leaflets' LIMIT 1   [ RunTime:0.0000s ]
SQL: SELECT `title` FROM `wp_addons` WHERE `name` = 'AutoReply' LIMIT 1   [ RunTime:0.0000s ]
SQL: SELECT `title` FROM `wp_addons` WHERE `name` = 'CustomMenu' LIMIT 1   [ RunTime:0.0000s ]
SQL: SELECT `title` FROM `wp_addons` WHERE `name` = 'Wecome' LIMIT 1   [ RunTime:0.0000s ]
SQL: SELECT `title` FROM `wp_addons` WHERE `name` = 'Wecome' LIMIT 1   [ RunTime:0.0000s ]
SQL: SELECT `title` FROM `wp_addons` WHERE `name` = '' LIMIT 1   [ RunTime:0.0000s ]
SQL: SELECT `title` FROM `wp_addons` WHERE `name` = '' LIMIT 1   [ RunTime:0.0000s ]
SQL: SELECT `title` FROM `wp_addons` WHERE `name` = '' LIMIT 1   [ RunTime:0.0000s ]
SQL: SELECT `title` FROM `wp_addons` WHERE `name` = '' LIMIT 1   [ RunTime:0.0000s ]
SQL: SELECT `title` FROM `wp_addons` WHERE `name` = '' LIMIT 1   [ RunTime:0.0000s ]
SQL: SELECT `title` FROM `wp_addons` WHERE `name` = '' LIMIT 1   [ RunTime:0.0000s ]
SQL: SELECT `title` FROM `wp_addons` WHERE `name` = 'WeiSite' LIMIT 1   [ RunTime:0.0000s ]
SQL: SELECT `title` FROM `wp_addons` WHERE `name` = 'WeiSite' LIMIT 1   [ RunTime:0.0000s ]
SQL: SELECT `title` FROM `wp_addons` WHERE `name` = 'Invite' LIMIT 1   [ RunTime:0.0000s ]
SQL: SELECT `title` FROM `wp_addons` WHERE `name` = 'RealPrize' LIMIT 1   [ RunTime:0.0000s ]
SQL: SELECT `title` FROM `wp_addons` WHERE `name` = 'RedBag' LIMIT 1   [ RunTime:0.0000s ]
SQL: SELECT `title` FROM `wp_addons` WHERE `name` = 'Coupon' LIMIT 1   [ RunTime:0.0000s ]
SQL: SELECT `title` FROM `wp_addons` WHERE `name` = 'WishCard' LIMIT 1   [ RunTime:0.0000s ]
SQL: SELECT `title` FROM `wp_addons` WHERE `name` = 'Guess' LIMIT 1   [ RunTime:0.0000s ]
SQL: SELECT `title` FROM `wp_addons` WHERE `name` = 'Forms' LIMIT 1   [ RunTime:0.0000s ]
SQL: SELECT `title` FROM `wp_addons` WHERE `name` = 'Survey' LIMIT 1   [ RunTime:0.0000s ]
SQL: SELECT `title` FROM `wp_addons` WHERE `name` = 'Vote' LIMIT 1   [ RunTime:0.0000s ]
SQL: SELECT `title` FROM `wp_addons` WHERE `name` = 'Vote' LIMIT 1   [ RunTime:0.0000s ]
SQL: SELECT `title` FROM `wp_addons` WHERE `name` = 'UserCenter' LIMIT 1   [ RunTime:0.0000s ]
SQL: SELECT `title` FROM `wp_addons` WHERE `name` = 'UserCenter' LIMIT 1   [ RunTime:0.0000s ]
SQL: SELECT `title` FROM `wp_addons` WHERE `name` = '' LIMIT 1   [ RunTime:0.0000s ]
SQL: SELECT COUNT(*) AS tp_count FROM `wp_menu` WHERE `place` = 0 LIMIT 1   [ RunTime:0.0000s ]
SQL: SELECT `id`,`menu_type`,`pid`,`title`,`url_type`,`addon_name`,`url`,`target`,`is_hide`,`sort`,`place` FROM `wp_menu` WHERE `place` = 0 ORDER BY sort asc,id asc  [ RunTime:0.0001s ]

[ 2017-12-02T19:00:11+08:00 ] 223.72.84.48 /index.php?s=/w16/Admin/Api/lists.html&mdm=384
SQL: SELECT * FROM `wp_card_custom` WHERE `token` = 'gh_474547030e87'  [ RunTime:0.0001s ]
SQL: SELECT * FROM `wp_menu` WHERE `place` = 1 AND `is_hide` = 0 ORDER BY sort asc, id asc  [ RunTime:0.0001s ]
SQL: SELECT * FROM `wp_model` WHERE `name` = 'api' LIMIT 1   [ RunTime:0.0002s ]
SQL: SHOW COLUMNS FROM `wp_api` [ RunTime:0.0004s ]
SQL: SELECT `title`,`url`,`method`,`mod`,`id` FROM `wp_api` ORDER BY id desc LIMIT 0,20   [ RunTime:0.0001s ]
SQL: SELECT COUNT(*) AS tp_count FROM `wp_api` LIMIT 1   [ RunTime:0.0001s ]

[ 2017-12-02T19:00:14+08:00 ] 223.72.84.48 /index.php?s=/w16/Admin/User/index.html&mdm=376|377
SQL: SELECT * FROM `wp_card_custom` WHERE `token` = 'gh_474547030e87'  [ RunTime:0.0001s ]
SQL: SELECT * FROM `wp_menu` WHERE `place` = 1 AND `is_hide` = 0 ORDER BY sort asc, id asc  [ RunTime:0.0001s ]
SQL: SELECT COUNT(*) AS tp_count FROM `wp_user` WHERE `status` >= 0 AND `nickname` LIKE '%%' AND `password` IS NOT NULL LIMIT 1   [ RunTime:0.0001s ]
SQL: SELECT `uid`,`nickname`,`password`,`truename`,`mobile`,`email`,`sex`,`headimgurl`,`city`,`province`,`country`,`language`,`score`,`experience`,`unionid`,`login_count`,`reg_ip`,`reg_time`,`last_login_ip`,`last_login_time`,`status`,`is_init`,`is_audit`,`subscribe_time`,`remark`,`groupid`,`come_from`,`login_password`,`manager_id`,`level`,`membership` FROM `wp_user` WHERE `status` >= 0 AND `nickname` LIKE '%%' AND `password` IS NOT NULL ORDER BY uid desc LIMIT 0,20   [ RunTime:0.0001s ]

[ 2017-12-02T19:00:18+08:00 ] 223.72.84.48 /index.php?s=/w16/Admin/Menu/lists/uid/1.html
SQL: SELECT * FROM `wp_card_custom` WHERE `token` = 'gh_474547030e87'  [ RunTime:0.0001s ]
SQL: SELECT * FROM `wp_menu` WHERE `place` = 1 AND `is_hide` = 0 ORDER BY sort asc, id asc  [ RunTime:0.0001s ]
SQL: SELECT `title`,`menu_type`,`addon_name`,`url`,`target`,`is_hide`,`sort`,`id` FROM `wp_menu` WHERE `place` = 0 ORDER BY id desc LIMIT 0,10000   [ RunTime:0.0001s ]
SQL: SELECT `title` FROM `wp_addons` WHERE `name` = '' LIMIT 1   [ RunTime:0.0001s ]
SQL: SELECT `title` FROM `wp_addons` WHERE `name` = 'QrAdmin' LIMIT 1   [ RunTime:0.0001s ]
SQL: SELECT `title` FROM `wp_addons` WHERE `name` = '' LIMIT 1   [ RunTime:0.0001s ]
SQL: SELECT `title` FROM `wp_addons` WHERE `name` = '' LIMIT 1   [ RunTime:0.0000s ]
SQL: SELECT `title` FROM `wp_addons` WHERE `name` = '' LIMIT 1   [ RunTime:0.0000s ]
SQL: SELECT `title` FROM `wp_addons` WHERE `name` = 'Weiba' LIMIT 1   [ RunTime:0.0000s ]
SQL: SELECT `title` FROM `wp_addons` WHERE `name` = 'Weiba' LIMIT 1   [ RunTime:0.0000s ]
SQL: SELECT `title` FROM `wp_addons` WHERE `name` = 'CardVouchers' LIMIT 1   [ RunTime:0.0000s ]
SQL: SELECT `title` FROM `wp_addons` WHERE `name` = 'Coupon' LIMIT 1   [ RunTime:0.0001s ]
SQL: SELECT `title` FROM `wp_addons` WHERE `name` = 'Ask' LIMIT 1   [ RunTime:0.0000s ]
SQL: SELECT `title` FROM `wp_addons` WHERE `name` = 'Test' LIMIT 1   [ RunTime:0.0000s ]
SQL: SELECT `title` FROM `wp_addons` WHERE `name` = 'Exam' LIMIT 1   [ RunTime:0.0000s ]
SQL: SELECT `title` FROM `wp_addons` WHERE `name` = '' LIMIT 1   [ RunTime:0.0000s ]
SQL: SELECT `title` FROM `wp_addons` WHERE `name` = 'Reserve' LIMIT 1   [ RunTime:0.0000s ]
SQL: SELECT `title` FROM `wp_addons` WHERE `name` = 'SingIn' LIMIT 1   [ RunTime:0.0000s ]
SQL: SELECT `title` FROM `wp_addons` WHERE `name` = '' LIMIT 1   [ RunTime:0.0000s ]
SQL: SELECT `title` FROM `wp_addons` WHERE `name` = 'Card' LIMIT 1   [ RunTime:0.0000s ]
SQL: SELECT `title` FROM `wp_addons` WHERE `name` = 'NoAnswer' LIMIT 1   [ RunTime:0.0001s ]
SQL: SELECT `title` FROM `wp_addons` WHERE `name` = '' LIMIT 1   [ RunTime:0.0000s ]
SQL: SELECT `title` FROM `wp_addons` WHERE `name` = '' LIMIT 1   [ RunTime:0.0000s ]
SQL: SELECT `title` FROM `wp_addons` WHERE `name` = '' LIMIT 1   [ RunTime:0.0000s ]
SQL: SELECT `title` FROM `wp_addons` WHERE `name` = 'Leaflets' LIMIT 1   [ RunTime:0.0000s ]
SQL: SELECT `title` FROM `wp_addons` WHERE `name` = 'AutoReply' LIMIT 1   [ RunTime:0.0000s ]
SQL: SELECT `title` FROM `wp_addons` WHERE `name` = 'CustomMenu' LIMIT 1   [ RunTime:0.0000s ]
SQL: SELECT `title` FROM `wp_addons` WHERE `name` = 'Wecome' LIMIT 1   [ RunTime:0.0001s ]
SQL: SELECT `title` FROM `wp_addons` WHERE `name` = 'Wecome' LIMIT 1   [ RunTime:0.0000s ]
SQL: SELECT `title` FROM `wp_addons` WHERE `name` = '' LIMIT 1   [ RunTime:0.0000s ]
SQL: SELECT `title` FROM `wp_addons` WHERE `name` = '' LIMIT 1   [ RunTime:0.0000s ]
SQL: SELECT `title` FROM `wp_addons` WHERE `name` = '' LIMIT 1   [ RunTime:0.0000s ]
SQL: SELECT `title` FROM `wp_addons` WHERE `name` = '' LIMIT 1   [ RunTime:0.0000s ]
SQL: SELECT `title` FROM `wp_addons` WHERE `name` = '' LIMIT 1   [ RunTime:0.0000s ]
SQL: SELECT `title` FROM `wp_addons` WHERE `name` = '' LIMIT 1   [ RunTime:0.0000s ]
SQL: SELECT `title` FROM `wp_addons` WHERE `name` = 'WeiSite' LIMIT 1   [ RunTime:0.0001s ]
SQL: SELECT `title` FROM `wp_addons` WHERE `name` = 'WeiSite' LIMIT 1   [ RunTime:0.0000s ]
SQL: SELECT `title` FROM `wp_addons` WHERE `name` = 'Invite' LIMIT 1   [ RunTime:0.0000s ]
SQL: SELECT `title` FROM `wp_addons` WHERE `name` = 'RealPrize' LIMIT 1   [ RunTime:0.0000s ]
SQL: SELECT `title` FROM `wp_addons` WHERE `name` = 'RedBag' LIMIT 1   [ RunTime:0.0001s ]
SQL: SELECT `title` FROM `wp_addons` WHERE `name` = 'Coupon' LIMIT 1   [ RunTime:0.0000s ]
SQL: SELECT `title` FROM `wp_addons` WHERE `name` = 'WishCard' LIMIT 1   [ RunTime:0.0000s ]
SQL: SELECT `title` FROM `wp_addons` WHERE `name` = 'Guess' LIMIT 1   [ RunTime:0.0000s ]
SQL: SELECT `title` FROM `wp_addons` WHERE `name` = 'Forms' LIMIT 1   [ RunTime:0.0000s ]
SQL: SELECT `title` FROM `wp_addons` WHERE `name` = 'Survey' LIMIT 1   [ RunTime:0.0001s ]
SQL: SELECT `title` FROM `wp_addons` WHERE `name` = 'Vote' LIMIT 1   [ RunTime:0.0000s ]
SQL: SELECT `title` FROM `wp_addons` WHERE `name` = 'Vote' LIMIT 1   [ RunTime:0.0000s ]
SQL: SELECT `title` FROM `wp_addons` WHERE `name` = 'UserCenter' LIMIT 1   [ RunTime:0.0000s ]
SQL: SELECT `title` FROM `wp_addons` WHERE `name` = 'UserCenter' LIMIT 1   [ RunTime:0.0000s ]
SQL: SELECT `title` FROM `wp_addons` WHERE `name` = '' LIMIT 1   [ RunTime:0.0000s ]
SQL: SELECT COUNT(*) AS tp_count FROM `wp_menu` WHERE `place` = 0 LIMIT 1   [ RunTime:0.0000s ]
SQL: SELECT `id`,`menu_type`,`pid`,`title`,`url_type`,`addon_name`,`url`,`target`,`is_hide`,`sort`,`place` FROM `wp_menu` WHERE `place` = 0 ORDER BY sort asc,id asc  [ RunTime:0.0001s ]

[ 2017-12-02T19:00:35+08:00 ] 223.72.84.48 /index.php?s=/w16/Admin/Menu/add.html
SQL: SELECT * FROM `wp_card_custom` WHERE `token` = 'gh_474547030e87'  [ RunTime:0.0001s ]
SQL: SELECT * FROM `wp_menu` WHERE `place` = 1 AND `is_hide` = 0 ORDER BY sort asc, id asc  [ RunTime:0.0001s ]
SQL: SELECT * FROM `wp_model` WHERE `id` = 3 LIMIT 1   [ RunTime:0.0001s ]
SQL: SELECT `id`,`title`,`pid`,`sort` FROM `wp_menu` WHERE `menu_type` = 0 AND `place` = 0 ORDER BY pid asc, sort asc  [ RunTime:0.0001s ]
SQL: SELECT `name`,`title` FROM `wp_addons` WHERE `type` = 0 ORDER BY id asc  [ RunTime:0.0001s ]

[ 2017-12-02T19:00:50+08:00 ] 223.72.84.48 /index.php?s=/w16/Admin/Menu/lists/place/1.html&mdm=368|370
SQL: SELECT * FROM `wp_card_custom` WHERE `token` = 'gh_474547030e87'  [ RunTime:0.0001s ]
SQL: SELECT * FROM `wp_menu` WHERE `place` = 1 AND `is_hide` = 0 ORDER BY sort asc, id asc  [ RunTime:0.0001s ]
SQL: SELECT `title`,`menu_type`,`addon_name`,`url`,`target`,`is_hide`,`sort`,`id` FROM `wp_menu` WHERE `place` = 1 ORDER BY id desc LIMIT 0,10000   [ RunTime:0.0001s ]
SQL: SELECT `title` FROM `wp_addons` WHERE `name` = '' LIMIT 1   [ RunTime:0.0001s ]
SQL: SELECT `title` FROM `wp_addons` WHERE `name` = '' LIMIT 1   [ RunTime:0.0001s ]
SQL: SELECT `title` FROM `wp_addons` WHERE `name` = '' LIMIT 1   [ RunTime:0.0000s ]
SQL: SELECT `title` FROM `wp_addons` WHERE `name` = '' LIMIT 1   [ RunTime:0.0000s ]
SQL: SELECT `title` FROM `wp_addons` WHERE `name` = '' LIMIT 1   [ RunTime:0.0000s ]
SQL: SELECT `title` FROM `wp_addons` WHERE `name` = '' LIMIT 1   [ RunTime:0.0000s ]
SQL: SELECT `title` FROM `wp_addons` WHERE `name` = '' LIMIT 1   [ RunTime:0.0000s ]
SQL: SELECT `title` FROM `wp_addons` WHERE `name` = '' LIMIT 1   [ RunTime:0.0001s ]
SQL: SELECT `title` FROM `wp_addons` WHERE `name` = '' LIMIT 1   [ RunTime:0.0000s ]
SQL: SELECT `title` FROM `wp_addons` WHERE `name` = '' LIMIT 1   [ RunTime:0.0000s ]
SQL: SELECT `title` FROM `wp_addons` WHERE `name` = '' LIMIT 1   [ RunTime:0.0000s ]
SQL: SELECT `title` FROM `wp_addons` WHERE `name` = '' LIMIT 1   [ RunTime:0.0000s ]
SQL: SELECT `title` FROM `wp_addons` WHERE `name` = '' LIMIT 1   [ RunTime:0.0000s ]
SQL: SELECT `title` FROM `wp_addons` WHERE `name` = '' LIMIT 1   [ RunTime:0.0000s ]
SQL: SELECT `title` FROM `wp_addons` WHERE `name` = '' LIMIT 1   [ RunTime:0.0000s ]
SQL: SELECT `title` FROM `wp_addons` WHERE `name` = '' LIMIT 1   [ RunTime:0.0000s ]
SQL: SELECT `title` FROM `wp_addons` WHERE `name` = '' LIMIT 1   [ RunTime:0.0000s ]
SQL: SELECT `title` FROM `wp_addons` WHERE `name` = '' LIMIT 1   [ RunTime:0.0000s ]
SQL: SELECT `title` FROM `wp_addons` WHERE `name` = '' LIMIT 1   [ RunTime:0.0000s ]
SQL: SELECT `title` FROM `wp_addons` WHERE `name` = '' LIMIT 1   [ RunTime:0.0000s ]
SQL: SELECT `title` FROM `wp_addons` WHERE `name` = '' LIMIT 1   [ RunTime:0.0001s ]
SQL: SELECT `title` FROM `wp_addons` WHERE `name` = '' LIMIT 1   [ RunTime:0.0000s ]
SQL: SELECT `title` FROM `wp_addons` WHERE `name` = '' LIMIT 1   [ RunTime:0.0000s ]
SQL: SELECT `title` FROM `wp_addons` WHERE `name` = '' LIMIT 1   [ RunTime:0.0000s ]
SQL: SELECT `title` FROM `wp_addons` WHERE `name` = '' LIMIT 1   [ RunTime:0.0000s ]
SQL: SELECT `title` FROM `wp_addons` WHERE `name` = '' LIMIT 1   [ RunTime:0.0000s ]
SQL: SELECT `title` FROM `wp_addons` WHERE `name` = '' LIMIT 1   [ RunTime:0.0000s ]
SQL: SELECT `title` FROM `wp_addons` WHERE `name` = '' LIMIT 1   [ RunTime:0.0000s ]
SQL: SELECT COUNT(*) AS tp_count FROM `wp_menu` WHERE `place` = 1 LIMIT 1   [ RunTime:0.0000s ]
SQL: SELECT `id`,`menu_type`,`pid`,`title`,`url_type`,`addon_name`,`url`,`target`,`is_hide`,`sort`,`place` FROM `wp_menu` WHERE `place` = 1 ORDER BY sort asc,id asc  [ RunTime:0.0001s ]

[ 2017-12-02T19:00:57+08:00 ] 223.72.84.48 /index.php?s=/w16/Admin/Menu/edit/id/369/model/menu/place/1/mdm/368|370.html
SQL: SELECT * FROM `wp_card_custom` WHERE `token` = 'gh_474547030e87'  [ RunTime:0.0001s ]
SQL: SELECT * FROM `wp_menu` WHERE `place` = 1 AND `is_hide` = 0 ORDER BY sort asc, id asc  [ RunTime:0.0001s ]
SQL: SELECT * FROM `wp_model` WHERE `id` = 3 LIMIT 1   [ RunTime:0.0001s ]
SQL: SELECT * FROM `wp_menu` WHERE `id` = 369 LIMIT 1   [ RunTime:0.0002s ]
SQL: SELECT * FROM `wp_model` WHERE `id` = 3 LIMIT 1   [ RunTime:0.0001s ]
SQL: SELECT `id`,`title`,`pid`,`sort` FROM `wp_menu` WHERE `menu_type` = 0 AND `place` = 1 ORDER BY pid asc, sort asc  [ RunTime:0.0002s ]
SQL: SELECT `name`,`title` FROM `wp_addons` WHERE `type` = 0 ORDER BY id asc  [ RunTime:0.0001s ]

[ 2017-12-02T19:01:00+08:00 ] 223.72.84.48 /index.php?s=/w16/Admin/Menu/lists.html&mdm=368|369
SQL: SELECT * FROM `wp_card_custom` WHERE `token` = 'gh_474547030e87'  [ RunTime:0.0001s ]
SQL: SELECT * FROM `wp_menu` WHERE `place` = 1 AND `is_hide` = 0 ORDER BY sort asc, id asc  [ RunTime:0.0001s ]
SQL: SELECT `title`,`menu_type`,`addon_name`,`url`,`target`,`is_hide`,`sort`,`id` FROM `wp_menu` WHERE `place` = 0 ORDER BY id desc LIMIT 0,10000   [ RunTime:0.0001s ]
SQL: SELECT `title` FROM `wp_addons` WHERE `name` = '' LIMIT 1   [ RunTime:0.0001s ]
SQL: SELECT `title` FROM `wp_addons` WHERE `name` = 'QrAdmin' LIMIT 1   [ RunTime:0.0001s ]
SQL: SELECT `title` FROM `wp_addons` WHERE `name` = '' LIMIT 1   [ RunTime:0.0000s ]
SQL: SELECT `title` FROM `wp_addons` WHERE `name` = '' LIMIT 1   [ RunTime:0.0000s ]
SQL: SELECT `title` FROM `wp_addons` WHERE `name` = '' LIMIT 1   [ RunTime:0.0000s ]
SQL: SELECT `title` FROM `wp_addons` WHERE `name` = 'Weiba' LIMIT 1   [ RunTime:0.0000s ]
SQL: SELECT `title` FROM `wp_addons` WHERE `name` = 'Weiba' LIMIT 1   [ RunTime:0.0000s ]
SQL: SELECT `title` FROM `wp_addons` WHERE `name` = 'CardVouchers' LIMIT 1   [ RunTime:0.0001s ]
SQL: SELECT `title` FROM `wp_addons` WHERE `name` = 'Coupon' LIMIT 1   [ RunTime:0.0000s ]
SQL: SELECT `title` FROM `wp_addons` WHERE `name` = 'Ask' LIMIT 1   [ RunTime:0.0000s ]
SQL: SELECT `title` FROM `wp_addons` WHERE `name` = 'Test' LIMIT 1   [ RunTime:0.0000s ]
SQL: SELECT `title` FROM `wp_addons` WHERE `name` = 'Exam' LIMIT 1   [ RunTime:0.0000s ]
SQL: SELECT `title` FROM `wp_addons` WHERE `name` = '' LIMIT 1   [ RunTime:0.0001s ]
SQL: SELECT `title` FROM `wp_addons` WHERE `name` = 'Reserve' LIMIT 1   [ RunTime:0.0001s ]
SQL: SELECT `title` FROM `wp_addons` WHERE `name` = 'SingIn' LIMIT 1   [ RunTime:0.0000s ]
SQL: SELECT `title` FROM `wp_addons` WHERE `name` = '' LIMIT 1   [ RunTime:0.0000s ]
SQL: SELECT `title` FROM `wp_addons` WHERE `name` = 'Card' LIMIT 1   [ RunTime:0.0000s ]
SQL: SELECT `title` FROM `wp_addons` WHERE `name` = 'NoAnswer' LIMIT 1   [ RunTime:0.0000s ]
SQL: SELECT `title` FROM `wp_addons` WHERE `name` = '' LIMIT 1   [ RunTime:0.0000s ]
SQL: SELECT `title` FROM `wp_addons` WHERE `name` = '' LIMIT 1   [ RunTime:0.0000s ]
SQL: SELECT `title` FROM `wp_addons` WHERE `name` = '' LIMIT 1   [ RunTime:0.0000s ]
SQL: SELECT `title` FROM `wp_addons` WHERE `name` = 'Leaflets' LIMIT 1   [ RunTime:0.0000s ]
SQL: SELECT `title` FROM `wp_addons` WHERE `name` = 'AutoReply' LIMIT 1   [ RunTime:0.0000s ]
SQL: SELECT `title` FROM `wp_addons` WHERE `name` = 'CustomMenu' LIMIT 1   [ RunTime:0.0000s ]
SQL: SELECT `title` FROM `wp_addons` WHERE `name` = 'Wecome' LIMIT 1   [ RunTime:0.0000s ]
SQL: SELECT `title` FROM `wp_addons` WHERE `name` = 'Wecome' LIMIT 1   [ RunTime:0.0001s ]
SQL: SELECT `title` FROM `wp_addons` WHERE `name` = '' LIMIT 1   [ RunTime:0.0000s ]
SQL: SELECT `title` FROM `wp_addons` WHERE `name` = '' LIMIT 1   [ RunTime:0.0000s ]
SQL: SELECT `title` FROM `wp_addons` WHERE `name` = '' LIMIT 1   [ RunTime:0.0000s ]
SQL: SELECT `title` FROM `wp_addons` WHERE `name` = '' LIMIT 1   [ RunTime:0.0000s ]
SQL: SELECT `title` FROM `wp_addons` WHERE `name` = '' LIMIT 1   [ RunTime:0.0000s ]
SQL: SELECT `title` FROM `wp_addons` WHERE `name` = '' LIMIT 1   [ RunTime:0.0000s ]
SQL: SELECT `title` FROM `wp_addons` WHERE `name` = 'WeiSite' LIMIT 1   [ RunTime:0.0000s ]
SQL: SELECT `title` FROM `wp_addons` WHERE `name` = 'WeiSite' LIMIT 1   [ RunTime:0.0000s ]
SQL: SELECT `title` FROM `wp_addons` WHERE `name` = 'Invite' LIMIT 1   [ RunTime:0.0000s ]
SQL: SELECT `title` FROM `wp_addons` WHERE `name` = 'RealPrize' LIMIT 1   [ RunTime:0.0000s ]
SQL: SELECT `title` FROM `wp_addons` WHERE `name` = 'RedBag' LIMIT 1   [ RunTime:0.0000s ]
SQL: SELECT `title` FROM `wp_addons` WHERE `name` = 'Coupon' LIMIT 1   [ RunTime:0.0000s ]
SQL: SELECT `title` FROM `wp_addons` WHERE `name` = 'WishCard' LIMIT 1   [ RunTime:0.0000s ]
SQL: SELECT `title` FROM `wp_addons` WHERE `name` = 'Guess' LIMIT 1   [ RunTime:0.0001s ]
SQL: SELECT `title` FROM `wp_addons` WHERE `name` = 'Forms' LIMIT 1   [ RunTime:0.0000s ]
SQL: SELECT `title` FROM `wp_addons` WHERE `name` = 'Survey' LIMIT 1   [ RunTime:0.0000s ]
SQL: SELECT `title` FROM `wp_addons` WHERE `name` = 'Vote' LIMIT 1   [ RunTime:0.0000s ]
SQL: SELECT `title` FROM `wp_addons` WHERE `name` = 'Vote' LIMIT 1   [ RunTime:0.0000s ]
SQL: SELECT `title` FROM `wp_addons` WHERE `name` = 'UserCenter' LIMIT 1   [ RunTime:0.0000s ]
SQL: SELECT `title` FROM `wp_addons` WHERE `name` = 'UserCenter' LIMIT 1   [ RunTime:0.0000s ]
SQL: SELECT `title` FROM `wp_addons` WHERE `name` = '' LIMIT 1   [ RunTime:0.0000s ]
SQL: SELECT COUNT(*) AS tp_count FROM `wp_menu` WHERE `place` = 0 LIMIT 1   [ RunTime:0.0000s ]
SQL: SELECT `id`,`menu_type`,`pid`,`title`,`url_type`,`addon_name`,`url`,`target`,`is_hide`,`sort`,`place` FROM `wp_menu` WHERE `place` = 0 ORDER BY sort asc,id asc  [ RunTime:0.0001s ]

[ 2017-12-02T19:18:07+08:00 ] 223.72.84.48 /index.php?s=/w16/Admin/Menu/lists.html&mdm=368|369
SQL: SELECT * FROM `wp_card_custom` WHERE `token` = 'gh_474547030e87'  [ RunTime:0.0001s ]
SQL: SELECT * FROM `wp_menu` WHERE `place` = 1 AND `is_hide` = 0 ORDER BY sort asc, id asc  [ RunTime:0.0001s ]
SQL: SELECT `title`,`menu_type`,`addon_name`,`url`,`target`,`is_hide`,`sort`,`id` FROM `wp_menu` WHERE `place` = 0 ORDER BY id desc LIMIT 0,10000   [ RunTime:0.0001s ]
SQL: SELECT `title` FROM `wp_addons` WHERE `name` = '' LIMIT 1   [ RunTime:0.0001s ]
SQL: SELECT `title` FROM `wp_addons` WHERE `name` = 'QrAdmin' LIMIT 1   [ RunTime:0.0001s ]
SQL: SELECT `title` FROM `wp_addons` WHERE `name` = '' LIMIT 1   [ RunTime:0.0001s ]
SQL: SELECT `title` FROM `wp_addons` WHERE `name` = '' LIMIT 1   [ RunTime:0.0000s ]
SQL: SELECT `title` FROM `wp_addons` WHERE `name` = '' LIMIT 1   [ RunTime:0.0000s ]
SQL: SELECT `title` FROM `wp_addons` WHERE `name` = 'Weiba' LIMIT 1   [ RunTime:0.0000s ]
SQL: SELECT `title` FROM `wp_addons` WHERE `name` = 'Weiba' LIMIT 1   [ RunTime:0.0000s ]
SQL: SELECT `title` FROM `wp_addons` WHERE `name` = 'CardVouchers' LIMIT 1   [ RunTime:0.0000s ]
SQL: SELECT `title` FROM `wp_addons` WHERE `name` = 'Coupon' LIMIT 1   [ RunTime:0.0001s ]
SQL: SELECT `title` FROM `wp_addons` WHERE `name` = 'Ask' LIMIT 1   [ RunTime:0.0000s ]
SQL: SELECT `title` FROM `wp_addons` WHERE `name` = 'Test' LIMIT 1   [ RunTime:0.0001s ]
SQL: SELECT `title` FROM `wp_addons` WHERE `name` = 'Exam' LIMIT 1   [ RunTime:0.0001s ]
SQL: SELECT `title` FROM `wp_addons` WHERE `name` = '' LIMIT 1   [ RunTime:0.0000s ]
SQL: SELECT `title` FROM `wp_addons` WHERE `name` = 'Reserve' LIMIT 1   [ RunTime:0.0000s ]
SQL: SELECT `title` FROM `wp_addons` WHERE `name` = 'SingIn' LIMIT 1   [ RunTime:0.0000s ]
SQL: SELECT `title` FROM `wp_addons` WHERE `name` = '' LIMIT 1   [ RunTime:0.0000s ]
SQL: SELECT `title` FROM `wp_addons` WHERE `name` = 'Card' LIMIT 1   [ RunTime:0.0000s ]
SQL: SELECT `title` FROM `wp_addons` WHERE `name` = 'NoAnswer' LIMIT 1   [ RunTime:0.0000s ]
SQL: SELECT `title` FROM `wp_addons` WHERE `name` = '' LIMIT 1   [ RunTime:0.0000s ]
SQL: SELECT `title` FROM `wp_addons` WHERE `name` = '' LIMIT 1   [ RunTime:0.0000s ]
SQL: SELECT `title` FROM `wp_addons` WHERE `name` = '' LIMIT 1   [ RunTime:0.0000s ]
SQL: SELECT `title` FROM `wp_addons` WHERE `name` = 'Leaflets' LIMIT 1   [ RunTime:0.0000s ]
SQL: SELECT `title` FROM `wp_addons` WHERE `name` = 'AutoReply' LIMIT 1   [ RunTime:0.0001s ]
SQL: SELECT `title` FROM `wp_addons` WHERE `name` = 'CustomMenu' LIMIT 1   [ RunTime:0.0000s ]
SQL: SELECT `title` FROM `wp_addons` WHERE `name` = 'Wecome' LIMIT 1   [ RunTime:0.0000s ]
SQL: SELECT `title` FROM `wp_addons` WHERE `name` = 'Wecome' LIMIT 1   [ RunTime:0.0000s ]
SQL: SELECT `title` FROM `wp_addons` WHERE `name` = '' LIMIT 1   [ RunTime:0.0000s ]
SQL: SELECT `title` FROM `wp_addons` WHERE `name` = '' LIMIT 1   [ RunTime:0.0000s ]
SQL: SELECT `title` FROM `wp_addons` WHERE `name` = '' LIMIT 1   [ RunTime:0.0000s ]
SQL: SELECT `title` FROM `wp_addons` WHERE `name` = '' LIMIT 1   [ RunTime:0.0000s ]
SQL: SELECT `title` FROM `wp_addons` WHERE `name` = '' LIMIT 1   [ RunTime:0.0000s ]
SQL: SELECT `title` FROM `wp_addons` WHERE `name` = '' LIMIT 1   [ RunTime:0.0000s ]
SQL: SELECT `title` FROM `wp_addons` WHERE `name` = 'WeiSite' LIMIT 1   [ RunTime:0.0000s ]
SQL: SELECT `title` FROM `wp_addons` WHERE `name` = 'WeiSite' LIMIT 1   [ RunTime:0.0000s ]
SQL: SELECT `title` FROM `wp_addons` WHERE `name` = 'Invite' LIMIT 1   [ RunTime:0.0000s ]
SQL: SELECT `title` FROM `wp_addons` WHERE `name` = 'RealPrize' LIMIT 1   [ RunTime:0.0000s ]
SQL: SELECT `title` FROM `wp_addons` WHERE `name` = 'RedBag' LIMIT 1   [ RunTime:0.0000s ]
SQL: SELECT `title` FROM `wp_addons` WHERE `name` = 'Coupon' LIMIT 1   [ RunTime:0.0001s ]
SQL: SELECT `title` FROM `wp_addons` WHERE `name` = 'WishCard' LIMIT 1   [ RunTime:0.0000s ]
SQL: SELECT `title` FROM `wp_addons` WHERE `name` = 'Guess' LIMIT 1   [ RunTime:0.0000s ]
SQL: SELECT `title` FROM `wp_addons` WHERE `name` = 'Forms' LIMIT 1   [ RunTime:0.0000s ]
SQL: SELECT `title` FROM `wp_addons` WHERE `name` = 'Survey' LIMIT 1   [ RunTime:0.0000s ]
SQL: SELECT `title` FROM `wp_addons` WHERE `name` = 'Vote' LIMIT 1   [ RunTime:0.0000s ]
SQL: SELECT `title` FROM `wp_addons` WHERE `name` = 'Vote' LIMIT 1   [ RunTime:0.0001s ]
SQL: SELECT `title` FROM `wp_addons` WHERE `name` = 'UserCenter' LIMIT 1   [ RunTime:0.0001s ]
SQL: SELECT `title` FROM `wp_addons` WHERE `name` = 'UserCenter' LIMIT 1   [ RunTime:0.0000s ]
SQL: SELECT `title` FROM `wp_addons` WHERE `name` = '' LIMIT 1   [ RunTime:0.0000s ]
SQL: SELECT COUNT(*) AS tp_count FROM `wp_menu` WHERE `place` = 0 LIMIT 1   [ RunTime:0.0000s ]
SQL: SELECT `id`,`menu_type`,`pid`,`title`,`url_type`,`addon_name`,`url`,`target`,`is_hide`,`sort`,`place` FROM `wp_menu` WHERE `place` = 0 ORDER BY sort asc,id asc  [ RunTime:0.0001s ]

[ 2017-12-02T19:23:24+08:00 ] 223.72.84.48 /index.php?s=/w16/Admin/Config/group.html&mdm=367|371
SQL: SELECT * FROM `wp_card_custom` WHERE `token` = 'gh_474547030e87'  [ RunTime:0.0001s ]
SQL: SELECT * FROM `wp_menu` WHERE `place` = 1 AND `is_hide` = 0 ORDER BY sort asc, id asc  [ RunTime:0.0001s ]
SQL: SELECT `id`,`name`,`title`,`extra`,`value`,`remark`,`type` FROM `wp_config` WHERE `status` = 1 AND `group` = 1 ORDER BY sort  [ RunTime:0.0001s ]

[ 2017-12-02T19:24:06+08:00 ] 223.72.84.48 /index.php?s=/w16/Admin/Config/save.html
SQL: SELECT * FROM `wp_card_custom` WHERE `token` = 'gh_474547030e87'  [ RunTime:0.0001s ]
SQL: INSERT INTO `wp_admin_log` (`uid`,`ip`,`mod`,`cTime`,`content`) VALUES ('1','223.72.84.48','Admin','1512213846','http://18.221.171.174/index.php?s=/w16/Admin/Config/save.html
POST: array (
  \'config\' => 
  array (
    \'WEB_SITE_TITLE\' => \'叭哒计食\',
    \'SYSTEM_LOGO\' => \'\',
    \'LOGIN_BACKGROUP\' => \'\',
    \'WEB_SITE_CLOSE\' => \'1\',
    \'COPYRIGHT\' => \'版本由圆梦云科技有限公司所有\',
    \'WEB_SITE_KEYWORD\' => \'数据化你的每一餐\',
    \'WEB_SITE_DESCRIPTION\' => \'数据化你的每一餐\',
    \'WEB_SITE_ICP\' => \'\',
    \'COLOR_STYLE\' => \'default_color\',
    \'SENSITIVE_WORDS\' => \'bitch,shit\',
  ),
); 
') [ RunTime:0.0002s ]
SQL: INSERT INTO `wp_admin_log` (`uid`,`ip`,`mod`,`cTime`,`content`) VALUES ('1','223.72.84.48','Admin','1512213846','http://18.221.171.174/index.php?s=/w16/Admin/Config/save.html
POST: array (
  \'config\' => 
  array (
    \'WEB_SITE_TITLE\' => \'叭哒计食\',
    \'SYSTEM_LOGO\' => \'\',
    \'LOGIN_BACKGROUP\' => \'\',
    \'WEB_SITE_CLOSE\' => \'1\',
    \'COPYRIGHT\' => \'版本由圆梦云科技有限公司所有\',
    \'WEB_SITE_KEYWORD\' => \'数据化你的每一餐\',
    \'WEB_SITE_DESCRIPTION\' => \'数据化你的每一餐\',
    \'WEB_SITE_ICP\' => \'\',
    \'COLOR_STYLE\' => \'default_color\',
    \'SENSITIVE_WORDS\' => \'bitch,shit\',
  ),
); 
') [ RunTime:0.0001s ]
SQL: UPDATE `wp_config` SET `value`='叭哒计食' WHERE `name` = 'WEB_SITE_TITLE' [ RunTime:0.0002s ]
SQL: UPDATE `wp_config` SET `value`='' WHERE `name` = 'SYSTEM_LOGO' [ RunTime:0.0001s ]
SQL: UPDATE `wp_config` SET `value`='' WHERE `name` = 'LOGIN_BACKGROUP' [ RunTime:0.0001s ]
SQL: UPDATE `wp_config` SET `value`='1' WHERE `name` = 'WEB_SITE_CLOSE' [ RunTime:0.0001s ]
SQL: UPDATE `wp_config` SET `value`='版本由圆梦云科技有限公司所有' WHERE `name` = 'COPYRIGHT' [ RunTime:0.0001s ]
SQL: UPDATE `wp_config` SET `value`='数据化你的每一餐' WHERE `name` = 'WEB_SITE_KEYWORD' [ RunTime:0.0001s ]
SQL: UPDATE `wp_config` SET `value`='数据化你的每一餐' WHERE `name` = 'WEB_SITE_DESCRIPTION' [ RunTime:0.0001s ]
SQL: UPDATE `wp_config` SET `value`='' WHERE `name` = 'WEB_SITE_ICP' [ RunTime:0.0001s ]
SQL: UPDATE `wp_config` SET `value`='default_color' WHERE `name` = 'COLOR_STYLE' [ RunTime:0.0001s ]
SQL: UPDATE `wp_config` SET `value`='bitch,shit' WHERE `name` = 'SENSITIVE_WORDS' [ RunTime:0.0001s ]

[ 2017-12-02T19:24:08+08:00 ] 223.72.84.48 /index.php?s=/w16/Admin/Config/group.html&mdm=367|371
SQL: SELECT `type`,`name`,`value` FROM `wp_config` WHERE `status` = 1  [ RunTime:0.0003s ]
SQL: SELECT * FROM `wp_card_custom` WHERE `token` = 'gh_474547030e87'  [ RunTime:0.0001s ]
SQL: SELECT * FROM `wp_menu` WHERE `place` = 1 AND `is_hide` = 0 ORDER BY sort asc, id asc  [ RunTime:0.0001s ]
SQL: SELECT `id`,`name`,`title`,`extra`,`value`,`remark`,`type` FROM `wp_config` WHERE `status` = 1 AND `group` = 1 ORDER BY sort  [ RunTime:0.0002s ]

[ 2017-12-02T19:24:21+08:00 ] 223.72.84.48 /index.php?s=/w16/Admin/Config/save.html
SQL: SELECT * FROM `wp_card_custom` WHERE `token` = 'gh_474547030e87'  [ RunTime:0.0001s ]
SQL: INSERT INTO `wp_admin_log` (`uid`,`ip`,`mod`,`cTime`,`content`) VALUES ('1','223.72.84.48','Admin','1512213861','http://18.221.171.174/index.php?s=/w16/Admin/Config/save.html
POST: array (
  \'config\' => 
  array (
    \'WEB_SITE_TITLE\' => \'叭哒计食\',
    \'SYSTEM_LOGO\' => \'\',
    \'LOGIN_BACKGROUP\' => \'\',
    \'WEB_SITE_CLOSE\' => \'1\',
    \'COPYRIGHT\' => \'版本由北京庆峰科技有限公司所有\',
    \'WEB_SITE_KEYWORD\' => \'数据化你的每一餐\',
    \'WEB_SITE_DESCRIPTION\' => \'数据化你的每一餐\',
    \'WEB_SITE_ICP\' => \'\',
    \'COLOR_STYLE\' => \'default_color\',
    \'SENSITIVE_WORDS\' => \'bitch,shit\',
  ),
); 
') [ RunTime:0.0002s ]
SQL: INSERT INTO `wp_admin_log` (`uid`,`ip`,`mod`,`cTime`,`content`) VALUES ('1','223.72.84.48','Admin','1512213861','http://18.221.171.174/index.php?s=/w16/Admin/Config/save.html
POST: array (
  \'config\' => 
  array (
    \'WEB_SITE_TITLE\' => \'叭哒计食\',
    \'SYSTEM_LOGO\' => \'\',
    \'LOGIN_BACKGROUP\' => \'\',
    \'WEB_SITE_CLOSE\' => \'1\',
    \'COPYRIGHT\' => \'版本由北京庆峰科技有限公司所有\',
    \'WEB_SITE_KEYWORD\' => \'数据化你的每一餐\',
    \'WEB_SITE_DESCRIPTION\' => \'数据化你的每一餐\',
    \'WEB_SITE_ICP\' => \'\',
    \'COLOR_STYLE\' => \'default_color\',
    \'SENSITIVE_WORDS\' => \'bitch,shit\',
  ),
); 
') [ RunTime:0.0001s ]
SQL: UPDATE `wp_config` SET `value`='叭哒计食' WHERE `name` = 'WEB_SITE_TITLE' [ RunTime:0.0001s ]
SQL: UPDATE `wp_config` SET `value`='' WHERE `name` = 'SYSTEM_LOGO' [ RunTime:0.0001s ]
SQL: UPDATE `wp_config` SET `value`='' WHERE `name` = 'LOGIN_BACKGROUP' [ RunTime:0.0001s ]
SQL: UPDATE `wp_config` SET `value`='1' WHERE `name` = 'WEB_SITE_CLOSE' [ RunTime:0.0001s ]
SQL: UPDATE `wp_config` SET `value`='版本由北京庆峰科技有限公司所有' WHERE `name` = 'COPYRIGHT' [ RunTime:0.0001s ]
SQL: UPDATE `wp_config` SET `value`='数据化你的每一餐' WHERE `name` = 'WEB_SITE_KEYWORD' [ RunTime:0.0001s ]
SQL: UPDATE `wp_config` SET `value`='数据化你的每一餐' WHERE `name` = 'WEB_SITE_DESCRIPTION' [ RunTime:0.0001s ]
SQL: UPDATE `wp_config` SET `value`='' WHERE `name` = 'WEB_SITE_ICP' [ RunTime:0.0001s ]
SQL: UPDATE `wp_config` SET `value`='default_color' WHERE `name` = 'COLOR_STYLE' [ RunTime:0.0001s ]
SQL: UPDATE `wp_config` SET `value`='bitch,shit' WHERE `name` = 'SENSITIVE_WORDS' [ RunTime:0.0001s ]

[ 2017-12-02T19:24:23+08:00 ] 223.72.84.48 /index.php?s=/w16/Admin/Config/group.html&mdm=367|371
SQL: SELECT `type`,`name`,`value` FROM `wp_config` WHERE `status` = 1  [ RunTime:0.0003s ]
SQL: SELECT * FROM `wp_card_custom` WHERE `token` = 'gh_474547030e87'  [ RunTime:0.0001s ]
SQL: SELECT * FROM `wp_menu` WHERE `place` = 1 AND `is_hide` = 0 ORDER BY sort asc, id asc  [ RunTime:0.0001s ]
SQL: SELECT `id`,`name`,`title`,`extra`,`value`,`remark`,`type` FROM `wp_config` WHERE `status` = 1 AND `group` = 1 ORDER BY sort  [ RunTime:0.0002s ]

[ 2017-12-02T19:24:26+08:00 ] 223.72.84.48 /index.php?s=/w16/Admin/Config/group/id/3.html
SQL: SELECT * FROM `wp_card_custom` WHERE `token` = 'gh_474547030e87'  [ RunTime:0.0001s ]
SQL: SELECT * FROM `wp_menu` WHERE `place` = 1 AND `is_hide` = 0 ORDER BY sort asc, id asc  [ RunTime:0.0001s ]
SQL: SELECT `id`,`name`,`title`,`extra`,`value`,`remark`,`type` FROM `wp_config` WHERE `status` = 1 AND `group` = 3 ORDER BY sort  [ RunTime:0.0003s ]

[ 2017-12-02T19:24:31+08:00 ] 223.72.84.48 /index.php?s=/w16/Admin/Config/group/id/6.html
SQL: SELECT * FROM `wp_card_custom` WHERE `token` = 'gh_474547030e87'  [ RunTime:0.0001s ]
SQL: SELECT * FROM `wp_menu` WHERE `place` = 1 AND `is_hide` = 0 ORDER BY sort asc, id asc  [ RunTime:0.0001s ]
SQL: SELECT `id`,`name`,`title`,`extra`,`value`,`remark`,`type` FROM `wp_config` WHERE `status` = 1 AND `group` = 6 ORDER BY sort  [ RunTime:0.0003s ]

[ 2017-12-02T19:24:42+08:00 ] 223.72.84.48 /index.php?s=/w16/Admin/Config/group/id/99.html
SQL: SELECT * FROM `wp_card_custom` WHERE `token` = 'gh_474547030e87'  [ RunTime:0.0001s ]
SQL: SELECT * FROM `wp_menu` WHERE `place` = 1 AND `is_hide` = 0 ORDER BY sort asc, id asc  [ RunTime:0.0001s ]
SQL: SELECT `id`,`name`,`title`,`extra`,`value`,`remark`,`type` FROM `wp_config` WHERE `status` = 1 AND `group` = 99 ORDER BY sort  [ RunTime:0.0002s ]

[ 2017-12-02T19:24:48+08:00 ] 223.72.84.48 /index.php?s=/w16/Admin/User/index.html&mdm=376|377
SQL: SELECT * FROM `wp_card_custom` WHERE `token` = 'gh_474547030e87'  [ RunTime:0.0001s ]
SQL: SELECT * FROM `wp_menu` WHERE `place` = 1 AND `is_hide` = 0 ORDER BY sort asc, id asc  [ RunTime:0.0001s ]
SQL: SELECT COUNT(*) AS tp_count FROM `wp_user` WHERE `status` >= 0 AND `nickname` LIKE '%%' AND `password` IS NOT NULL LIMIT 1   [ RunTime:0.0002s ]
SQL: SELECT `uid`,`nickname`,`password`,`truename`,`mobile`,`email`,`sex`,`headimgurl`,`city`,`province`,`country`,`language`,`score`,`experience`,`unionid`,`login_count`,`reg_ip`,`reg_time`,`last_login_ip`,`last_login_time`,`status`,`is_init`,`is_audit`,`subscribe_time`,`remark`,`groupid`,`come_from`,`login_password`,`manager_id`,`level`,`membership` FROM `wp_user` WHERE `status` >= 0 AND `nickname` LIKE '%%' AND `password` IS NOT NULL ORDER BY uid desc LIMIT 0,20   [ RunTime:0.0002s ]

[ 2017-12-02T19:24:58+08:00 ] 223.72.84.48 /index.php?s=/w16/Admin/AuthManager/public_count/uid/1.html
SQL: SELECT * FROM `wp_card_custom` WHERE `token` = 'gh_474547030e87'  [ RunTime:0.0001s ]
SQL: SELECT * FROM `wp_menu` WHERE `place` = 1 AND `is_hide` = 0 ORDER BY sort asc, id asc  [ RunTime:0.0001s ]

[ 2017-12-02T19:25:01+08:00 ] 223.72.84.48 /index.php?s=/w16/Admin/User/index.html&mdm=376|377
SQL: SELECT * FROM `wp_card_custom` WHERE `token` = 'gh_474547030e87'  [ RunTime:0.0001s ]
SQL: SELECT * FROM `wp_menu` WHERE `place` = 1 AND `is_hide` = 0 ORDER BY sort asc, id asc  [ RunTime:0.0001s ]
SQL: SELECT COUNT(*) AS tp_count FROM `wp_user` WHERE `status` >= 0 AND `nickname` LIKE '%%' AND `password` IS NOT NULL LIMIT 1   [ RunTime:0.0001s ]
SQL: SELECT `uid`,`nickname`,`password`,`truename`,`mobile`,`email`,`sex`,`headimgurl`,`city`,`province`,`country`,`language`,`score`,`experience`,`unionid`,`login_count`,`reg_ip`,`reg_time`,`last_login_ip`,`last_login_time`,`status`,`is_init`,`is_audit`,`subscribe_time`,`remark`,`groupid`,`come_from`,`login_password`,`manager_id`,`level`,`membership` FROM `wp_user` WHERE `status` >= 0 AND `nickname` LIKE '%%' AND `password` IS NOT NULL ORDER BY uid desc LIMIT 0,20   [ RunTime:0.0001s ]

[ 2017-12-02T19:25:04+08:00 ] 223.72.84.48 /index.php?s=/w16/Admin/Menu/lists/uid/1.html
SQL: SELECT * FROM `wp_card_custom` WHERE `token` = 'gh_474547030e87'  [ RunTime:0.0001s ]
SQL: SELECT * FROM `wp_menu` WHERE `place` = 1 AND `is_hide` = 0 ORDER BY sort asc, id asc  [ RunTime:0.0001s ]
SQL: SELECT `title`,`menu_type`,`addon_name`,`url`,`target`,`is_hide`,`sort`,`id` FROM `wp_menu` WHERE `place` = 0 ORDER BY id desc LIMIT 0,10000   [ RunTime:0.0001s ]
SQL: SELECT `title` FROM `wp_addons` WHERE `name` = '' LIMIT 1   [ RunTime:0.0001s ]
SQL: SELECT `title` FROM `wp_addons` WHERE `name` = 'QrAdmin' LIMIT 1   [ RunTime:0.0001s ]
SQL: SELECT `title` FROM `wp_addons` WHERE `name` = '' LIMIT 1   [ RunTime:0.0000s ]
SQL: SELECT `title` FROM `wp_addons` WHERE `name` = '' LIMIT 1   [ RunTime:0.0000s ]
SQL: SELECT `title` FROM `wp_addons` WHERE `name` = '' LIMIT 1   [ RunTime:0.0000s ]
SQL: SELECT `title` FROM `wp_addons` WHERE `name` = 'Weiba' LIMIT 1   [ RunTime:0.0000s ]
SQL: SELECT `title` FROM `wp_addons` WHERE `name` = 'Weiba' LIMIT 1   [ RunTime:0.0000s ]
SQL: SELECT `title` FROM `wp_addons` WHERE `name` = 'CardVouchers' LIMIT 1   [ RunTime:0.0000s ]
SQL: SELECT `title` FROM `wp_addons` WHERE `name` = 'Coupon' LIMIT 1   [ RunTime:0.0000s ]
SQL: SELECT `title` FROM `wp_addons` WHERE `name` = 'Ask' LIMIT 1   [ RunTime:0.0000s ]
SQL: SELECT `title` FROM `wp_addons` WHERE `name` = 'Test' LIMIT 1   [ RunTime:0.0000s ]
SQL: SELECT `title` FROM `wp_addons` WHERE `name` = 'Exam' LIMIT 1   [ RunTime:0.0000s ]
SQL: SELECT `title` FROM `wp_addons` WHERE `name` = '' LIMIT 1   [ RunTime:0.0001s ]
SQL: SELECT `title` FROM `wp_addons` WHERE `name` = 'Reserve' LIMIT 1   [ RunTime:0.0000s ]
SQL: SELECT `title` FROM `wp_addons` WHERE `name` = 'SingIn' LIMIT 1   [ RunTime:0.0000s ]
SQL: SELECT `title` FROM `wp_addons` WHERE `name` = '' LIMIT 1   [ RunTime:0.0000s ]
SQL: SELECT `title` FROM `wp_addons` WHERE `name` = 'Card' LIMIT 1   [ RunTime:0.0000s ]
SQL: SELECT `title` FROM `wp_addons` WHERE `name` = 'NoAnswer' LIMIT 1   [ RunTime:0.0000s ]
SQL: SELECT `title` FROM `wp_addons` WHERE `name` = '' LIMIT 1   [ RunTime:0.0000s ]
SQL: SELECT `title` FROM `wp_addons` WHERE `name` = '' LIMIT 1   [ RunTime:0.0000s ]
SQL: SELECT `title` FROM `wp_addons` WHERE `name` = '' LIMIT 1   [ RunTime:0.0000s ]
SQL: SELECT `title` FROM `wp_addons` WHERE `name` = 'Leaflets' LIMIT 1   [ RunTime:0.0000s ]
SQL: SELECT `title` FROM `wp_addons` WHERE `name` = 'AutoReply' LIMIT 1   [ RunTime:0.0000s ]
SQL: SELECT `title` FROM `wp_addons` WHERE `name` = 'CustomMenu' LIMIT 1   [ RunTime:0.0000s ]
SQL: SELECT `title` FROM `wp_addons` WHERE `name` = 'Wecome' LIMIT 1   [ RunTime:0.0000s ]
SQL: SELECT `title` FROM `wp_addons` WHERE `name` = 'Wecome' LIMIT 1   [ RunTime:0.0000s ]
SQL: SELECT `title` FROM `wp_addons` WHERE `name` = '' LIMIT 1   [ RunTime:0.0000s ]
SQL: SELECT `title` FROM `wp_addons` WHERE `name` = '' LIMIT 1   [ RunTime:0.0000s ]
SQL: SELECT `title` FROM `wp_addons` WHERE `name` = '' LIMIT 1   [ RunTime:0.0000s ]
SQL: SELECT `title` FROM `wp_addons` WHERE `name` = '' LIMIT 1   [ RunTime:0.0000s ]
SQL: SELECT `title` FROM `wp_addons` WHERE `name` = '' LIMIT 1   [ RunTime:0.0000s ]
SQL: SELECT `title` FROM `wp_addons` WHERE `name` = '' LIMIT 1   [ RunTime:0.0000s ]
SQL: SELECT `title` FROM `wp_addons` WHERE `name` = 'WeiSite' LIMIT 1   [ RunTime:0.0000s ]
SQL: SELECT `title` FROM `wp_addons` WHERE `name` = 'WeiSite' LIMIT 1   [ RunTime:0.0000s ]
SQL: SELECT `title` FROM `wp_addons` WHERE `name` = 'Invite' LIMIT 1   [ RunTime:0.0000s ]
SQL: SELECT `title` FROM `wp_addons` WHERE `name` = 'RealPrize' LIMIT 1   [ RunTime:0.0000s ]
SQL: SELECT `title` FROM `wp_addons` WHERE `name` = 'RedBag' LIMIT 1   [ RunTime:0.0000s ]
SQL: SELECT `title` FROM `wp_addons` WHERE `name` = 'Coupon' LIMIT 1   [ RunTime:0.0000s ]
SQL: SELECT `title` FROM `wp_addons` WHERE `name` = 'WishCard' LIMIT 1   [ RunTime:0.0000s ]
SQL: SELECT `title` FROM `wp_addons` WHERE `name` = 'Guess' LIMIT 1   [ RunTime:0.0000s ]
SQL: SELECT `title` FROM `wp_addons` WHERE `name` = 'Forms' LIMIT 1   [ RunTime:0.0000s ]
SQL: SELECT `title` FROM `wp_addons` WHERE `name` = 'Survey' LIMIT 1   [ RunTime:0.0000s ]
SQL: SELECT `title` FROM `wp_addons` WHERE `name` = 'Vote' LIMIT 1   [ RunTime:0.0000s ]
SQL: SELECT `title` FROM `wp_addons` WHERE `name` = 'Vote' LIMIT 1   [ RunTime:0.0000s ]
SQL: SELECT `title` FROM `wp_addons` WHERE `name` = 'UserCenter' LIMIT 1   [ RunTime:0.0000s ]
SQL: SELECT `title` FROM `wp_addons` WHERE `name` = 'UserCenter' LIMIT 1   [ RunTime:0.0000s ]
SQL: SELECT `title` FROM `wp_addons` WHERE `name` = '' LIMIT 1   [ RunTime:0.0000s ]
SQL: SELECT COUNT(*) AS tp_count FROM `wp_menu` WHERE `place` = 0 LIMIT 1   [ RunTime:0.0000s ]
SQL: SELECT `id`,`menu_type`,`pid`,`title`,`url_type`,`addon_name`,`url`,`target`,`is_hide`,`sort`,`place` FROM `wp_menu` WHERE `place` = 0 ORDER BY sort asc,id asc  [ RunTime:0.0001s ]

[ 2017-12-02T19:25:07+08:00 ] 223.72.84.48 /index.php?s=/w16/Admin/Menu/lists.html&mdm=368|369
SQL: SELECT * FROM `wp_card_custom` WHERE `token` = 'gh_474547030e87'  [ RunTime:0.0001s ]
SQL: SELECT * FROM `wp_menu` WHERE `place` = 1 AND `is_hide` = 0 ORDER BY sort asc, id asc  [ RunTime:0.0001s ]
SQL: SELECT `title`,`menu_type`,`addon_name`,`url`,`target`,`is_hide`,`sort`,`id` FROM `wp_menu` WHERE `place` = 0 ORDER BY id desc LIMIT 0,10000   [ RunTime:0.0001s ]
SQL: SELECT `title` FROM `wp_addons` WHERE `name` = '' LIMIT 1   [ RunTime:0.0001s ]
SQL: SELECT `title` FROM `wp_addons` WHERE `name` = 'QrAdmin' LIMIT 1   [ RunTime:0.0001s ]
SQL: SELECT `title` FROM `wp_addons` WHERE `name` = '' LIMIT 1   [ RunTime:0.0001s ]
SQL: SELECT `title` FROM `wp_addons` WHERE `name` = '' LIMIT 1   [ RunTime:0.0000s ]
SQL: SELECT `title` FROM `wp_addons` WHERE `name` = '' LIMIT 1   [ RunTime:0.0000s ]
SQL: SELECT `title` FROM `wp_addons` WHERE `name` = 'Weiba' LIMIT 1   [ RunTime:0.0000s ]
SQL: SELECT `title` FROM `wp_addons` WHERE `name` = 'Weiba' LIMIT 1   [ RunTime:0.0000s ]
SQL: SELECT `title` FROM `wp_addons` WHERE `name` = 'CardVouchers' LIMIT 1   [ RunTime:0.0001s ]
SQL: SELECT `title` FROM `wp_addons` WHERE `name` = 'Coupon' LIMIT 1   [ RunTime:0.0001s ]
SQL: SELECT `title` FROM `wp_addons` WHERE `name` = 'Ask' LIMIT 1   [ RunTime:0.0000s ]
SQL: SELECT `title` FROM `wp_addons` WHERE `name` = 'Test' LIMIT 1   [ RunTime:0.0000s ]
SQL: SELECT `title` FROM `wp_addons` WHERE `name` = 'Exam' LIMIT 1   [ RunTime:0.0000s ]
SQL: SELECT `title` FROM `wp_addons` WHERE `name` = '' LIMIT 1   [ RunTime:0.0001s ]
SQL: SELECT `title` FROM `wp_addons` WHERE `name` = 'Reserve' LIMIT 1   [ RunTime:0.0000s ]
SQL: SELECT `title` FROM `wp_addons` WHERE `name` = 'SingIn' LIMIT 1   [ RunTime:0.0000s ]
SQL: SELECT `title` FROM `wp_addons` WHERE `name` = '' LIMIT 1   [ RunTime:0.0001s ]
SQL: SELECT `title` FROM `wp_addons` WHERE `name` = 'Card' LIMIT 1   [ RunTime:0.0000s ]
SQL: SELECT `title` FROM `wp_addons` WHERE `name` = 'NoAnswer' LIMIT 1   [ RunTime:0.0001s ]
SQL: SELECT `title` FROM `wp_addons` WHERE `name` = '' LIMIT 1   [ RunTime:0.0001s ]
SQL: SELECT `title` FROM `wp_addons` WHERE `name` = '' LIMIT 1   [ RunTime:0.0000s ]
SQL: SELECT `title` FROM `wp_addons` WHERE `name` = '' LIMIT 1   [ RunTime:0.0000s ]
SQL: SELECT `title` FROM `wp_addons` WHERE `name` = 'Leaflets' LIMIT 1   [ RunTime:0.0000s ]
SQL: SELECT `title` FROM `wp_addons` WHERE `name` = 'AutoReply' LIMIT 1   [ RunTime:0.0001s ]
SQL: SELECT `title` FROM `wp_addons` WHERE `name` = 'CustomMenu' LIMIT 1   [ RunTime:0.0000s ]
SQL: SELECT `title` FROM `wp_addons` WHERE `name` = 'Wecome' LIMIT 1   [ RunTime:0.0001s ]
SQL: SELECT `title` FROM `wp_addons` WHERE `name` = 'Wecome' LIMIT 1   [ RunTime:0.0000s ]
SQL: SELECT `title` FROM `wp_addons` WHERE `name` = '' LIMIT 1   [ RunTime:0.0000s ]
SQL: SELECT `title` FROM `wp_addons` WHERE `name` = '' LIMIT 1   [ RunTime:0.0000s ]
SQL: SELECT `title` FROM `wp_addons` WHERE `name` = '' LIMIT 1   [ RunTime:0.0000s ]
SQL: SELECT `title` FROM `wp_addons` WHERE `name` = '' LIMIT 1   [ RunTime:0.0000s ]
SQL: SELECT `title` FROM `wp_addons` WHERE `name` = '' LIMIT 1   [ RunTime:0.0000s ]
SQL: SELECT `title` FROM `wp_addons` WHERE `name` = '' LIMIT 1   [ RunTime:0.0000s ]
SQL: SELECT `title` FROM `wp_addons` WHERE `name` = 'WeiSite' LIMIT 1   [ RunTime:0.0000s ]
SQL: SELECT `title` FROM `wp_addons` WHERE `name` = 'WeiSite' LIMIT 1   [ RunTime:0.0000s ]
SQL: SELECT `title` FROM `wp_addons` WHERE `name` = 'Invite' LIMIT 1   [ RunTime:0.0000s ]
SQL: SELECT `title` FROM `wp_addons` WHERE `name` = 'RealPrize' LIMIT 1   [ RunTime:0.0000s ]
SQL: SELECT `title` FROM `wp_addons` WHERE `name` = 'RedBag' LIMIT 1   [ RunTime:0.0000s ]
SQL: SELECT `title` FROM `wp_addons` WHERE `name` = 'Coupon' LIMIT 1   [ RunTime:0.0000s ]
SQL: SELECT `title` FROM `wp_addons` WHERE `name` = 'WishCard' LIMIT 1   [ RunTime:0.0000s ]
SQL: SELECT `title` FROM `wp_addons` WHERE `name` = 'Guess' LIMIT 1   [ RunTime:0.0001s ]
SQL: SELECT `title` FROM `wp_addons` WHERE `name` = 'Forms' LIMIT 1   [ RunTime:0.0000s ]
SQL: SELECT `title` FROM `wp_addons` WHERE `name` = 'Survey' LIMIT 1   [ RunTime:0.0001s ]
SQL: SELECT `title` FROM `wp_addons` WHERE `name` = 'Vote' LIMIT 1   [ RunTime:0.0000s ]
SQL: SELECT `title` FROM `wp_addons` WHERE `name` = 'Vote' LIMIT 1   [ RunTime:0.0000s ]
SQL: SELECT `title` FROM `wp_addons` WHERE `name` = 'UserCenter' LIMIT 1   [ RunTime:0.0000s ]
SQL: SELECT `title` FROM `wp_addons` WHERE `name` = 'UserCenter' LIMIT 1   [ RunTime:0.0000s ]
SQL: SELECT `title` FROM `wp_addons` WHERE `name` = '' LIMIT 1   [ RunTime:0.0000s ]
SQL: SELECT COUNT(*) AS tp_count FROM `wp_menu` WHERE `place` = 0 LIMIT 1   [ RunTime:0.0000s ]
SQL: SELECT `id`,`menu_type`,`pid`,`title`,`url_type`,`addon_name`,`url`,`target`,`is_hide`,`sort`,`place` FROM `wp_menu` WHERE `place` = 0 ORDER BY sort asc,id asc  [ RunTime:0.0001s ]

[ 2017-12-02T19:26:23+08:00 ] 223.72.84.48 /index.php?s=/w0/Admin/Index/Index.html
SQL: SELECT * FROM `wp_card_custom` WHERE `token` = ''  [ RunTime:0.0001s ]
SQL: SELECT * FROM `wp_menu` WHERE `place` = 1 AND `is_hide` = 0 ORDER BY sort asc, id asc  [ RunTime:0.0001s ]

[ 2017-12-02T19:26:24+08:00 ] 223.72.84.48 /index.php?s=/w0/Admin/Config/group.html
SQL: SELECT * FROM `wp_card_custom` WHERE `token` = ''  [ RunTime:0.0001s ]
SQL: SELECT * FROM `wp_menu` WHERE `place` = 1 AND `is_hide` = 0 ORDER BY sort asc, id asc  [ RunTime:0.0001s ]
SQL: SELECT `id`,`name`,`title`,`extra`,`value`,`remark`,`type` FROM `wp_config` WHERE `status` = 1 AND `group` = 1 ORDER BY sort  [ RunTime:0.0001s ]

