[ 2017-12-04T10:38:37+08:00 ] 127.0.0.1 /index.php?s=/w16/CustomMenu/CustomMenu/lists.html&mdm=45|47
NOTIC: [2] Cannot declare class Think\Action, because the name is already in use /webcode/wechat/bada/ThinkPHP/Library/Think/ManageBaseController.class.php 第 316 行.
NOTIC: [2] Declaration of Addons\CustomMenu\Controller\CustomMenuController::lists() should be compatible with Think\ManageBaseController::lists($model = NULL, $page = 0) /webcode/wechat/bada/Addons/CustomMenu/Controller/CustomMenuController.class.php 第 7 行.
NOTIC: [2] Declaration of Addons\CustomMenu\Controller\CustomMenuController::add() should be compatible with Think\ManageBaseController::add($model = NULL) /webcode/wechat/bada/Addons/CustomMenu/Controller/CustomMenuController.class.php 第 7 行.
NOTIC: [2] Declaration of Addons\CustomMenu\Controller\CustomMenuController::del() should be compatible with Think\ManageBaseController::del($model = NULL, $ids = NULL) /webcode/wechat/bada/Addons/CustomMenu/Controller/CustomMenuController.class.php 第 7 行.
NOTIC: [2] unlink(./Runtime/Temp/bada_94574941375bff72e465162aea5c280d.php): No such file or directory /webcode/wechat/bada/ThinkPHP/Library/Think/Cache/Driver/File.class.php 第 157 行.
NOTIC: [2] Invalid argument supplied for foreach() /webcode/wechat/bada/Addons/Card/Model/CardCustomModel.class.php 第 20 行.
NOTIC: [8] Undefined index: uid /webcode/wechat/bada/ThinkPHP/Library/Think/ManageBaseController.class.php 第 155 行.
NOTIC: [8] Undefined variable: tongji_code /webcode/wechat/bada/ThinkPHP/Library/Think/ManageBaseController.class.php 第 122 行.
NOTIC: [8] Undefined index: group_id /webcode/wechat/bada/Application/Common/Model/AddonStatusModel.class.php 第 50 行.
NOTIC: [8] Undefined variable: addons /webcode/wechat/bada/Application/Common/Common/function.php 第 501 行.
NOTIC: [8] Undefined variable: addons /webcode/wechat/bada/Application/Common/Common/function.php 第 501 行.
NOTIC: [8] Undefined variable: addons /webcode/wechat/bada/Application/Common/Common/function.php 第 501 行.
NOTIC: [8] Undefined variable: addons /webcode/wechat/bada/Application/Common/Common/function.php 第 501 行.
NOTIC: [8] Undefined variable: addons /webcode/wechat/bada/Application/Common/Common/function.php 第 501 行.
NOTIC: [8] Undefined variable: addons /webcode/wechat/bada/Application/Common/Common/function.php 第 501 行.
NOTIC: [8] Undefined variable: addons /webcode/wechat/bada/Application/Common/Common/function.php 第 501 行.
NOTIC: [8] Undefined variable: addons /webcode/wechat/bada/Application/Common/Common/function.php 第 501 行.
NOTIC: [8] Undefined variable: addons /webcode/wechat/bada/Application/Common/Common/function.php 第 501 行.
NOTIC: [8] Undefined variable: addons /webcode/wechat/bada/Application/Common/Common/function.php 第 501 行.
NOTIC: [8] Undefined variable: addons /webcode/wechat/bada/Application/Common/Common/function.php 第 501 行.
NOTIC: [8] Undefined variable: addons /webcode/wechat/bada/Application/Common/Common/function.php 第 501 行.
NOTIC: [8] Undefined variable: addons /webcode/wechat/bada/Application/Common/Common/function.php 第 501 行.
NOTIC: [8] Undefined variable: addons /webcode/wechat/bada/Application/Common/Common/function.php 第 501 行.
NOTIC: [8] Undefined variable: addons /webcode/wechat/bada/Application/Common/Common/function.php 第 501 行.
NOTIC: [8] Undefined variable: addons /webcode/wechat/bada/Application/Common/Common/function.php 第 501 行.
NOTIC: [8] Undefined variable: addons /webcode/wechat/bada/Application/Common/Common/function.php 第 501 行.
NOTIC: [8] Undefined variable: addons /webcode/wechat/bada/Application/Common/Common/function.php 第 501 行.
NOTIC: [8] Undefined variable: addons /webcode/wechat/bada/Application/Common/Common/function.php 第 501 行.
NOTIC: [8] Undefined variable: addons /webcode/wechat/bada/Application/Common/Common/function.php 第 501 行.
NOTIC: [8] Undefined variable: addons /webcode/wechat/bada/Application/Common/Common/function.php 第 501 行.
NOTIC: [8] Undefined variable: addons /webcode/wechat/bada/Application/Common/Common/function.php 第 501 行.
NOTIC: [8] Undefined variable: addons /webcode/wechat/bada/Application/Common/Common/function.php 第 501 行.
NOTIC: [8] Undefined variable: addons /webcode/wechat/bada/Application/Common/Common/function.php 第 501 行.
NOTIC: [8] Undefined variable: addons /webcode/wechat/bada/Application/Common/Common/function.php 第 501 行.
NOTIC: [8] Undefined variable: addons /webcode/wechat/bada/Application/Common/Common/function.php 第 501 行.
NOTIC: [8] Undefined variable: addons /webcode/wechat/bada/Application/Common/Common/function.php 第 501 行.
NOTIC: [8] Undefined variable: addons /webcode/wechat/bada/Application/Common/Common/function.php 第 501 行.
NOTIC: [8] Undefined variable: addons /webcode/wechat/bada/Application/Common/Common/function.php 第 501 行.
NOTIC: [8] Undefined variable: addons /webcode/wechat/bada/Application/Common/Common/function.php 第 501 行.
NOTIC: [8] Undefined variable: addons /webcode/wechat/bada/Application/Common/Common/function.php 第 501 行.
NOTIC: [8] Undefined variable: addons /webcode/wechat/bada/Application/Common/Common/function.php 第 501 行.
NOTIC: [8] Undefined variable: addons /webcode/wechat/bada/Application/Common/Common/function.php 第 501 行.
NOTIC: [8] Undefined variable: addons /webcode/wechat/bada/Application/Common/Common/function.php 第 501 行.
NOTIC: [8] Undefined variable: addons /webcode/wechat/bada/Application/Common/Common/function.php 第 501 行.
NOTIC: [8] Undefined variable: addons /webcode/wechat/bada/Application/Common/Common/function.php 第 501 行.
NOTIC: [8] Undefined variable: addons /webcode/wechat/bada/Application/Common/Common/function.php 第 501 行.
NOTIC: [8] Undefined variable: addons /webcode/wechat/bada/Application/Common/Common/function.php 第 501 行.
NOTIC: [8] Undefined variable: addons /webcode/wechat/bada/Application/Common/Common/function.php 第 501 行.
NOTIC: [8] Undefined variable: addons /webcode/wechat/bada/Application/Common/Common/function.php 第 501 行.
NOTIC: [8] Undefined variable: addons /webcode/wechat/bada/Application/Common/Common/function.php 第 501 行.
NOTIC: [8] Undefined variable: addons /webcode/wechat/bada/Application/Common/Common/function.php 第 501 行.
NOTIC: [8] Undefined variable: addons /webcode/wechat/bada/Application/Common/Common/function.php 第 501 行.
NOTIC: [8] Undefined variable: addons /webcode/wechat/bada/Application/Common/Common/function.php 第 501 行.
NOTIC: [8] Undefined variable: addons /webcode/wechat/bada/Application/Common/Common/function.php 第 501 行.
NOTIC: [8] Undefined variable: addons /webcode/wechat/bada/Application/Common/Common/function.php 第 501 行.
NOTIC: [8] Undefined variable: addons /webcode/wechat/bada/Application/Common/Common/function.php 第 501 行.
NOTIC: [8] Undefined variable: addons /webcode/wechat/bada/Application/Common/Common/function.php 第 501 行.
NOTIC: [8] Undefined variable: addons /webcode/wechat/bada/Application/Common/Common/function.php 第 501 行.
NOTIC: [8] Undefined offset: 14 /webcode/wechat/bada/Application/Common/Model/MenuModel.class.php 第 98 行.
NOTIC: [8] Undefined offset: 14 /webcode/wechat/bada/Application/Common/Model/MenuModel.class.php 第 109 行.
NOTIC: [8] Undefined offset: 60 /webcode/wechat/bada/Application/Common/Model/MenuModel.class.php 第 98 行.
NOTIC: [8] Undefined offset: 60 /webcode/wechat/bada/Application/Common/Model/MenuModel.class.php 第 109 行.
NOTIC: [8] Use of undefined constant website_logo - assumed 'website_logo' /webcode/wechat/bada/Runtime/Cache/CustomMenu/8bd5679fc8f62aecdfb2101f7c456e53.php 第 64 行.
NOTIC: [8] Use of undefined constant headimgurl - assumed 'headimgurl' /webcode/wechat/bada/Runtime/Cache/CustomMenu/8bd5679fc8f62aecdfb2101f7c456e53.php 第 92 行.
NOTIC: [8] Undefined variable: output /webcode/wechat/bada/Application/Common/Common/function.php 第 1651 行.
NOTIC: [8] Undefined variable: core_side_category /webcode/wechat/bada/Runtime/Cache/CustomMenu/8bd5679fc8f62aecdfb2101f7c456e53.php 第 132 行.

