[ 2017-12-04T10:38:35+08:00 ] 127.0.0.1 /index.php?s=/w16/NoAnswer/NoAnswer/config.html&mdm=45|339
INFO: [ app_init ] --START--
INFO: Run Behavior\BuildLiteBehavior [ RunTime:0.000014s ]
INFO: Run Common\Behavior\InitHookBehavior [ RunTime:0.001872s ]
INFO: [ app_init ] --END-- [ RunTime:0.002432s ]
INFO: [ app_begin ] --START--
INFO: Run Behavior\ReadHtmlCacheBehavior [ RunTime:0.000733s ]
INFO: [ app_begin ] --END-- [ RunTime:0.000798s ]
INFO: [ view_parse ] --START--
INFO: [ template_filter ] --START--
INFO: Run Behavior\ContentReplaceBehavior [ RunTime:0.000205s ]
INFO: [ template_filter ] --END-- [ RunTime:0.000286s ]
INFO: [ material ] --START--
INFO: [ view_parse ] --START--
INFO: [ template_filter ] --START--
INFO: Run Behavior\ContentReplaceBehavior [ RunTime:0.000204s ]
INFO: [ template_filter ] --END-- [ RunTime:-0.009962s ]
INFO: Run Behavior\ParseTemplateBehavior [ RunTime:0.006553s ]
INFO: [ view_parse ] --END-- [ RunTime:0.006632s ]
INFO: [ view_filter ] --START--
INFO: Run Behavior\WriteHtmlCacheBehavior [ RunTime:0.000313s ]
INFO: [ view_filter ] --END-- [ RunTime:0.000349s ]
INFO: Run Plugins\Material\MaterialAddon [ RunTime:0.008558s ]
INFO: [ material ] --END-- [ RunTime:0.008576s ]
INFO: Run Behavior\ParseTemplateBehavior [ RunTime:0.007070s ]
INFO: [ view_parse ] --END-- [ RunTime:0.006632s ]
INFO: [ view_filter ] --START--
INFO: Run Behavior\WriteHtmlCacheBehavior [ RunTime:0.000007s ]
INFO: [ view_filter ] --END-- [ RunTime:-0.000096s ]
INFO: [ app_end ] --START--
INFO: Run Behavior\ShowPageTraceBehavior [ RunTime:0.000559s ]
INFO: Run Behavior\CronRunBehavior [ RunTime:0.000705s ]
INFO: [ app_end ] --END-- [ RunTime:0.001310s ]

