[ 2017-12-02T19:19:27+08:00 ] 223.72.84.48 /index.php?s=/w16/Vote/Vote/lists.html&mdm=17
INFO: [ app_init ] --START--
INFO: Run Behavior\BuildLiteBehavior [ RunTime:0.000006s ]
INFO: Run Common\Behavior\InitHookBehavior [ RunTime:0.000734s ]
INFO: [ app_init ] --END-- [ RunTime:0.000944s ]
INFO: [ app_begin ] --START--
INFO: Run Behavior\ReadHtmlCacheBehavior [ RunTime:0.000245s ]
INFO: [ app_begin ] --END-- [ RunTime:0.000260s ]
INFO: [ view_parse ] --START--
INFO: [ template_filter ] --START--
INFO: Run Behavior\ContentReplaceBehavior [ RunTime:0.000190s ]
INFO: [ template_filter ] --END-- [ RunTime:0.000207s ]
INFO: Run Behavior\ParseTemplateBehavior [ RunTime:0.007670s ]
INFO: [ view_parse ] --END-- [ RunTime:0.007686s ]
INFO: [ view_filter ] --START--
INFO: Run Behavior\WriteHtmlCacheBehavior [ RunTime:0.000097s ]
INFO: [ view_filter ] --END-- [ RunTime:0.000109s ]
INFO: [ app_end ] --START--
INFO: Run Behavior\ShowPageTraceBehavior [ RunTime:0.000270s ]
INFO: [ app_end ] --END-- [ RunTime:0.000288s ]

