[ 2017-12-02T19:13:15+08:00 ] 223.72.84.48 /index.php?s=/w16/Wecome/Wecome/config.html&mdm=45
NOTIC: [2] Cannot declare class Think\Action, because the name is already in use /home/wwwroot/weiphp/ThinkPHP/Library/Think/ManageBaseController.class.php 第 316 行.
NOTIC: [2] unlink(./Runtime/Temp/weiphp_94574941375bff72e465162aea5c280d.php): No such file or directory /home/wwwroot/weiphp/ThinkPHP/Library/Think/Cache/Driver/File.class.php 第 157 行.
NOTIC: [2] Invalid argument supplied for foreach() /home/wwwroot/weiphp/Addons/Card/Model/CardCustomModel.class.php 第 20 行.
NOTIC: [8] Undefined index: uid /home/wwwroot/weiphp/ThinkPHP/Library/Think/ManageBaseController.class.php 第 155 行.
NOTIC: [8] Undefined variable: tongji_code /home/wwwroot/weiphp/ThinkPHP/Library/Think/ManageBaseController.class.php 第 122 行.
NOTIC: [8] Undefined index: group_id /home/wwwroot/weiphp/Application/Common/Model/AddonStatusModel.class.php 第 50 行.
NOTIC: [8] Undefined variable: addons /home/wwwroot/weiphp/Application/Common/Common/function.php 第 501 行.
NOTIC: [8] Undefined variable: addons /home/wwwroot/weiphp/Application/Common/Common/function.php 第 501 行.
NOTIC: [8] Undefined variable: addons /home/wwwroot/weiphp/Application/Common/Common/function.php 第 501 行.
NOTIC: [8] Undefined variable: addons /home/wwwroot/weiphp/Application/Common/Common/function.php 第 501 行.
NOTIC: [8] Undefined variable: addons /home/wwwroot/weiphp/Application/Common/Common/function.php 第 501 行.
NOTIC: [8] Undefined variable: addons /home/wwwroot/weiphp/Application/Common/Common/function.php 第 501 行.
NOTIC: [8] Undefined variable: addons /home/wwwroot/weiphp/Application/Common/Common/function.php 第 501 行.
NOTIC: [8] Undefined variable: addons /home/wwwroot/weiphp/Application/Common/Common/function.php 第 501 行.
NOTIC: [8] Undefined variable: addons /home/wwwroot/weiphp/Application/Common/Common/function.php 第 501 行.
NOTIC: [8] Undefined variable: addons /home/wwwroot/weiphp/Application/Common/Common/function.php 第 501 行.
NOTIC: [8] Undefined variable: addons /home/wwwroot/weiphp/Application/Common/Common/function.php 第 501 行.
NOTIC: [8] Undefined variable: addons /home/wwwroot/weiphp/Application/Common/Common/function.php 第 501 行.
NOTIC: [8] Undefined variable: addons /home/wwwroot/weiphp/Application/Common/Common/function.php 第 501 行.
NOTIC: [8] Undefined variable: addons /home/wwwroot/weiphp/Application/Common/Common/function.php 第 501 行.
NOTIC: [8] Undefined variable: addons /home/wwwroot/weiphp/Application/Common/Common/function.php 第 501 行.
NOTIC: [8] Undefined variable: addons /home/wwwroot/weiphp/Application/Common/Common/function.php 第 501 行.
NOTIC: [8] Undefined variable: addons /home/wwwroot/weiphp/Application/Common/Common/function.php 第 501 行.
NOTIC: [8] Undefined variable: addons /home/wwwroot/weiphp/Application/Common/Common/function.php 第 501 行.
NOTIC: [8] Undefined variable: addons /home/wwwroot/weiphp/Application/Common/Common/function.php 第 501 行.
NOTIC: [8] Undefined variable: addons /home/wwwroot/weiphp/Application/Common/Common/function.php 第 501 行.
NOTIC: [8] Undefined variable: addons /home/wwwroot/weiphp/Application/Common/Common/function.php 第 501 行.
NOTIC: [8] Undefined variable: addons /home/wwwroot/weiphp/Application/Common/Common/function.php 第 501 行.
NOTIC: [8] Undefined variable: addons /home/wwwroot/weiphp/Application/Common/Common/function.php 第 501 行.
NOTIC: [8] Undefined variable: addons /home/wwwroot/weiphp/Application/Common/Common/function.php 第 501 行.
NOTIC: [8] Undefined variable: addons /home/wwwroot/weiphp/Application/Common/Common/function.php 第 501 行.
NOTIC: [8] Undefined variable: addons /home/wwwroot/weiphp/Application/Common/Common/function.php 第 501 行.
NOTIC: [8] Undefined variable: addons /home/wwwroot/weiphp/Application/Common/Common/function.php 第 501 行.
NOTIC: [8] Undefined variable: addons /home/wwwroot/weiphp/Application/Common/Common/function.php 第 501 行.
NOTIC: [8] Undefined variable: addons /home/wwwroot/weiphp/Application/Common/Common/function.php 第 501 行.
NOTIC: [8] Undefined variable: addons /home/wwwroot/weiphp/Application/Common/Common/function.php 第 501 行.
NOTIC: [8] Undefined variable: addons /home/wwwroot/weiphp/Application/Common/Common/function.php 第 501 行.
NOTIC: [8] Undefined variable: addons /home/wwwroot/weiphp/Application/Common/Common/function.php 第 501 行.
NOTIC: [8] Undefined variable: addons /home/wwwroot/weiphp/Application/Common/Common/function.php 第 501 行.
NOTIC: [8] Undefined variable: addons /home/wwwroot/weiphp/Application/Common/Common/function.php 第 501 行.
NOTIC: [8] Undefined variable: addons /home/wwwroot/weiphp/Application/Common/Common/function.php 第 501 行.
NOTIC: [8] Undefined variable: addons /home/wwwroot/weiphp/Application/Common/Common/function.php 第 501 行.
NOTIC: [8] Undefined variable: addons /home/wwwroot/weiphp/Application/Common/Common/function.php 第 501 行.
NOTIC: [8] Undefined variable: addons /home/wwwroot/weiphp/Application/Common/Common/function.php 第 501 行.
NOTIC: [8] Undefined variable: addons /home/wwwroot/weiphp/Application/Common/Common/function.php 第 501 行.
NOTIC: [8] Undefined variable: addons /home/wwwroot/weiphp/Application/Common/Common/function.php 第 501 行.
NOTIC: [8] Undefined variable: addons /home/wwwroot/weiphp/Application/Common/Common/function.php 第 501 行.
NOTIC: [8] Undefined variable: addons /home/wwwroot/weiphp/Application/Common/Common/function.php 第 501 行.
NOTIC: [8] Undefined variable: addons /home/wwwroot/weiphp/Application/Common/Common/function.php 第 501 行.
NOTIC: [8] Undefined variable: addons /home/wwwroot/weiphp/Application/Common/Common/function.php 第 501 行.
NOTIC: [8] Undefined variable: addons /home/wwwroot/weiphp/Application/Common/Common/function.php 第 501 行.
NOTIC: [8] Undefined variable: addons /home/wwwroot/weiphp/Application/Common/Common/function.php 第 501 行.
NOTIC: [8] Undefined variable: addons /home/wwwroot/weiphp/Application/Common/Common/function.php 第 501 行.
NOTIC: [8] Undefined variable: addons /home/wwwroot/weiphp/Application/Common/Common/function.php 第 501 行.
NOTIC: [8] Undefined variable: addons /home/wwwroot/weiphp/Application/Common/Common/function.php 第 501 行.
NOTIC: [8] Undefined offset: 14 /home/wwwroot/weiphp/Application/Common/Model/MenuModel.class.php 第 98 行.
NOTIC: [8] Undefined offset: 14 /home/wwwroot/weiphp/Application/Common/Model/MenuModel.class.php 第 109 行.
NOTIC: [8] Undefined offset: 60 /home/wwwroot/weiphp/Application/Common/Model/MenuModel.class.php 第 98 行.
NOTIC: [8] Undefined offset: 60 /home/wwwroot/weiphp/Application/Common/Model/MenuModel.class.php 第 109 行.
NOTIC: [8] Undefined offset: 1 /home/wwwroot/weiphp/Application/Common/Model/MenuModel.class.php 第 136 行.
NOTIC: [2] unlink(./Runtime/Temp/weiphp_67deda6971a9d69d3ff55647bfb61b02.php): No such file or directory /home/wwwroot/weiphp/ThinkPHP/Library/Think/Cache/Driver/File.class.php 第 157 行.
NOTIC: [2] unlink(./Runtime/Temp/weiphp_67deda6971a9d69d3ff55647bfb61b02.php): No such file or directory /home/wwwroot/weiphp/ThinkPHP/Library/Think/Cache/Driver/File.class.php 第 157 行.
NOTIC: [8] Undefined index: Wecome /home/wwwroot/weiphp/Application/Common/Model/AddonConfigModel.class.php 第 136 行.
NOTIC: [8] Array to string conversion /home/wwwroot/weiphp/Application/Common/Model/AddonConfigModel.class.php 第 146 行.
NOTIC: [8] Use of undefined constant website_logo - assumed 'website_logo' /home/wwwroot/weiphp/Runtime/Cache/Wecome/885b6ab9a39e9a535d26cb74ff315af5.php 第 64 行.
NOTIC: [8] Use of undefined constant headimgurl - assumed 'headimgurl' /home/wwwroot/weiphp/Runtime/Cache/Wecome/885b6ab9a39e9a535d26cb74ff315af5.php 第 92 行.
NOTIC: [8] Undefined variable: output /home/wwwroot/weiphp/Application/Common/Common/function.php 第 1651 行.
NOTIC: [8] Undefined variable: core_side_category /home/wwwroot/weiphp/Runtime/Cache/Wecome/885b6ab9a39e9a535d26cb74ff315af5.php 第 132 行.
NOTIC: [8] Use of undefined constant type - assumed 'type' /home/wwwroot/weiphp/Runtime/Cache/Wecome/885b6ab9a39e9a535d26cb74ff315af5.php 第 165 行.
NOTIC: [8] Undefined variable: field /home/wwwroot/weiphp/Runtime/Cache/Wecome/885b6ab9a39e9a535d26cb74ff315af5.php 第 193 行.
NOTIC: [8] Undefined offset: 0 /home/wwwroot/weiphp/Plugins/Material/MaterialAddon.class.php 第 49 行.
NOTIC: [8] Undefined offset: 1 /home/wwwroot/weiphp/Plugins/Material/MaterialAddon.class.php 第 49 行.
NOTIC: [8] Undefined variable: default_type /home/wwwroot/weiphp/Runtime/Cache/Wecome/6e80818d599d2573b4fa4c5959ed935c.php 第 41 行.
NOTIC: [8] Undefined variable: default_id /home/wwwroot/weiphp/Runtime/Cache/Wecome/6e80818d599d2573b4fa4c5959ed935c.php 第 41 行.
NOTIC: [8] Undefined variable: text_id /home/wwwroot/weiphp/Runtime/Cache/Wecome/6e80818d599d2573b4fa4c5959ed935c.php 第 67 行.
NOTIC: [8] Undefined variable: news_id /home/wwwroot/weiphp/Runtime/Cache/Wecome/6e80818d599d2573b4fa4c5959ed935c.php 第 75 行.
NOTIC: [8] Undefined variable: img_id /home/wwwroot/weiphp/Runtime/Cache/Wecome/6e80818d599d2573b4fa4c5959ed935c.php 第 82 行.
NOTIC: [8] Undefined variable: voice_id /home/wwwroot/weiphp/Runtime/Cache/Wecome/6e80818d599d2573b4fa4c5959ed935c.php 第 90 行.
NOTIC: [8] Undefined variable: video_id /home/wwwroot/weiphp/Runtime/Cache/Wecome/6e80818d599d2573b4fa4c5959ed935c.php 第 96 行.

[ 2017-12-02T19:13:26+08:00 ] 223.72.84.48 /index.php?s=/w16/Wecome/Wecome/config.html&mdm=45|46
NOTIC: [2] Cannot declare class Think\Action, because the name is already in use /home/wwwroot/weiphp/ThinkPHP/Library/Think/ManageBaseController.class.php 第 316 行.
NOTIC: [2] unlink(./Runtime/Temp/weiphp_94574941375bff72e465162aea5c280d.php): No such file or directory /home/wwwroot/weiphp/ThinkPHP/Library/Think/Cache/Driver/File.class.php 第 157 行.
NOTIC: [2] Invalid argument supplied for foreach() /home/wwwroot/weiphp/Addons/Card/Model/CardCustomModel.class.php 第 20 行.
NOTIC: [8] Undefined index: uid /home/wwwroot/weiphp/ThinkPHP/Library/Think/ManageBaseController.class.php 第 155 行.
NOTIC: [8] Undefined variable: tongji_code /home/wwwroot/weiphp/ThinkPHP/Library/Think/ManageBaseController.class.php 第 122 行.
NOTIC: [8] Undefined index: group_id /home/wwwroot/weiphp/Application/Common/Model/AddonStatusModel.class.php 第 50 行.
NOTIC: [8] Undefined variable: addons /home/wwwroot/weiphp/Application/Common/Common/function.php 第 501 行.
NOTIC: [8] Undefined variable: addons /home/wwwroot/weiphp/Application/Common/Common/function.php 第 501 行.
NOTIC: [8] Undefined variable: addons /home/wwwroot/weiphp/Application/Common/Common/function.php 第 501 行.
NOTIC: [8] Undefined variable: addons /home/wwwroot/weiphp/Application/Common/Common/function.php 第 501 行.
NOTIC: [8] Undefined variable: addons /home/wwwroot/weiphp/Application/Common/Common/function.php 第 501 行.
NOTIC: [8] Undefined variable: addons /home/wwwroot/weiphp/Application/Common/Common/function.php 第 501 行.
NOTIC: [8] Undefined variable: addons /home/wwwroot/weiphp/Application/Common/Common/function.php 第 501 行.
NOTIC: [8] Undefined variable: addons /home/wwwroot/weiphp/Application/Common/Common/function.php 第 501 行.
NOTIC: [8] Undefined variable: addons /home/wwwroot/weiphp/Application/Common/Common/function.php 第 501 行.
NOTIC: [8] Undefined variable: addons /home/wwwroot/weiphp/Application/Common/Common/function.php 第 501 行.
NOTIC: [8] Undefined variable: addons /home/wwwroot/weiphp/Application/Common/Common/function.php 第 501 行.
NOTIC: [8] Undefined variable: addons /home/wwwroot/weiphp/Application/Common/Common/function.php 第 501 行.
NOTIC: [8] Undefined variable: addons /home/wwwroot/weiphp/Application/Common/Common/function.php 第 501 行.
NOTIC: [8] Undefined variable: addons /home/wwwroot/weiphp/Application/Common/Common/function.php 第 501 行.
NOTIC: [8] Undefined variable: addons /home/wwwroot/weiphp/Application/Common/Common/function.php 第 501 行.
NOTIC: [8] Undefined variable: addons /home/wwwroot/weiphp/Application/Common/Common/function.php 第 501 行.
NOTIC: [8] Undefined variable: addons /home/wwwroot/weiphp/Application/Common/Common/function.php 第 501 行.
NOTIC: [8] Undefined variable: addons /home/wwwroot/weiphp/Application/Common/Common/function.php 第 501 行.
NOTIC: [8] Undefined variable: addons /home/wwwroot/weiphp/Application/Common/Common/function.php 第 501 行.
NOTIC: [8] Undefined variable: addons /home/wwwroot/weiphp/Application/Common/Common/function.php 第 501 行.
NOTIC: [8] Undefined variable: addons /home/wwwroot/weiphp/Application/Common/Common/function.php 第 501 行.
NOTIC: [8] Undefined variable: addons /home/wwwroot/weiphp/Application/Common/Common/function.php 第 501 行.
NOTIC: [8] Undefined variable: addons /home/wwwroot/weiphp/Application/Common/Common/function.php 第 501 行.
NOTIC: [8] Undefined variable: addons /home/wwwroot/weiphp/Application/Common/Common/function.php 第 501 行.
NOTIC: [8] Undefined variable: addons /home/wwwroot/weiphp/Application/Common/Common/function.php 第 501 行.
NOTIC: [8] Undefined variable: addons /home/wwwroot/weiphp/Application/Common/Common/function.php 第 501 行.
NOTIC: [8] Undefined variable: addons /home/wwwroot/weiphp/Application/Common/Common/function.php 第 501 行.
NOTIC: [8] Undefined variable: addons /home/wwwroot/weiphp/Application/Common/Common/function.php 第 501 行.
NOTIC: [8] Undefined variable: addons /home/wwwroot/weiphp/Application/Common/Common/function.php 第 501 行.
NOTIC: [8] Undefined variable: addons /home/wwwroot/weiphp/Application/Common/Common/function.php 第 501 行.
NOTIC: [8] Undefined variable: addons /home/wwwroot/weiphp/Application/Common/Common/function.php 第 501 行.
NOTIC: [8] Undefined variable: addons /home/wwwroot/weiphp/Application/Common/Common/function.php 第 501 行.
NOTIC: [8] Undefined variable: addons /home/wwwroot/weiphp/Application/Common/Common/function.php 第 501 行.
NOTIC: [8] Undefined variable: addons /home/wwwroot/weiphp/Application/Common/Common/function.php 第 501 行.
NOTIC: [8] Undefined variable: addons /home/wwwroot/weiphp/Application/Common/Common/function.php 第 501 行.
NOTIC: [8] Undefined variable: addons /home/wwwroot/weiphp/Application/Common/Common/function.php 第 501 行.
NOTIC: [8] Undefined variable: addons /home/wwwroot/weiphp/Application/Common/Common/function.php 第 501 行.
NOTIC: [8] Undefined variable: addons /home/wwwroot/weiphp/Application/Common/Common/function.php 第 501 行.
NOTIC: [8] Undefined variable: addons /home/wwwroot/weiphp/Application/Common/Common/function.php 第 501 行.
NOTIC: [8] Undefined variable: addons /home/wwwroot/weiphp/Application/Common/Common/function.php 第 501 行.
NOTIC: [8] Undefined variable: addons /home/wwwroot/weiphp/Application/Common/Common/function.php 第 501 行.
NOTIC: [8] Undefined variable: addons /home/wwwroot/weiphp/Application/Common/Common/function.php 第 501 行.
NOTIC: [8] Undefined variable: addons /home/wwwroot/weiphp/Application/Common/Common/function.php 第 501 行.
NOTIC: [8] Undefined variable: addons /home/wwwroot/weiphp/Application/Common/Common/function.php 第 501 行.
NOTIC: [8] Undefined variable: addons /home/wwwroot/weiphp/Application/Common/Common/function.php 第 501 行.
NOTIC: [8] Undefined variable: addons /home/wwwroot/weiphp/Application/Common/Common/function.php 第 501 行.
NOTIC: [8] Undefined variable: addons /home/wwwroot/weiphp/Application/Common/Common/function.php 第 501 行.
NOTIC: [8] Undefined variable: addons /home/wwwroot/weiphp/Application/Common/Common/function.php 第 501 行.
NOTIC: [8] Undefined variable: addons /home/wwwroot/weiphp/Application/Common/Common/function.php 第 501 行.
NOTIC: [8] Undefined offset: 14 /home/wwwroot/weiphp/Application/Common/Model/MenuModel.class.php 第 98 行.
NOTIC: [8] Undefined offset: 14 /home/wwwroot/weiphp/Application/Common/Model/MenuModel.class.php 第 109 行.
NOTIC: [8] Undefined offset: 60 /home/wwwroot/weiphp/Application/Common/Model/MenuModel.class.php 第 98 行.
NOTIC: [8] Undefined offset: 60 /home/wwwroot/weiphp/Application/Common/Model/MenuModel.class.php 第 109 行.
NOTIC: [2] unlink(./Runtime/Temp/weiphp_67deda6971a9d69d3ff55647bfb61b02.php): No such file or directory /home/wwwroot/weiphp/ThinkPHP/Library/Think/Cache/Driver/File.class.php 第 157 行.
NOTIC: [2] unlink(./Runtime/Temp/weiphp_67deda6971a9d69d3ff55647bfb61b02.php): No such file or directory /home/wwwroot/weiphp/ThinkPHP/Library/Think/Cache/Driver/File.class.php 第 157 行.
NOTIC: [8] Undefined index: Wecome /home/wwwroot/weiphp/Application/Common/Model/AddonConfigModel.class.php 第 136 行.
NOTIC: [8] Array to string conversion /home/wwwroot/weiphp/Application/Common/Model/AddonConfigModel.class.php 第 146 行.
NOTIC: [8] Use of undefined constant website_logo - assumed 'website_logo' /home/wwwroot/weiphp/Runtime/Cache/Wecome/885b6ab9a39e9a535d26cb74ff315af5.php 第 64 行.
NOTIC: [8] Use of undefined constant headimgurl - assumed 'headimgurl' /home/wwwroot/weiphp/Runtime/Cache/Wecome/885b6ab9a39e9a535d26cb74ff315af5.php 第 92 行.
NOTIC: [8] Undefined variable: output /home/wwwroot/weiphp/Application/Common/Common/function.php 第 1651 行.
NOTIC: [8] Undefined variable: core_side_category /home/wwwroot/weiphp/Runtime/Cache/Wecome/885b6ab9a39e9a535d26cb74ff315af5.php 第 132 行.
NOTIC: [8] Use of undefined constant type - assumed 'type' /home/wwwroot/weiphp/Runtime/Cache/Wecome/885b6ab9a39e9a535d26cb74ff315af5.php 第 165 行.
NOTIC: [8] Undefined variable: field /home/wwwroot/weiphp/Runtime/Cache/Wecome/885b6ab9a39e9a535d26cb74ff315af5.php 第 193 行.
NOTIC: [8] Undefined offset: 0 /home/wwwroot/weiphp/Plugins/Material/MaterialAddon.class.php 第 49 行.
NOTIC: [8] Undefined offset: 1 /home/wwwroot/weiphp/Plugins/Material/MaterialAddon.class.php 第 49 行.
NOTIC: [8] Undefined variable: default_type /home/wwwroot/weiphp/Runtime/Cache/Wecome/6e80818d599d2573b4fa4c5959ed935c.php 第 41 行.
NOTIC: [8] Undefined variable: default_id /home/wwwroot/weiphp/Runtime/Cache/Wecome/6e80818d599d2573b4fa4c5959ed935c.php 第 41 行.
NOTIC: [8] Undefined variable: text_id /home/wwwroot/weiphp/Runtime/Cache/Wecome/6e80818d599d2573b4fa4c5959ed935c.php 第 67 行.
NOTIC: [8] Undefined variable: news_id /home/wwwroot/weiphp/Runtime/Cache/Wecome/6e80818d599d2573b4fa4c5959ed935c.php 第 75 行.
NOTIC: [8] Undefined variable: img_id /home/wwwroot/weiphp/Runtime/Cache/Wecome/6e80818d599d2573b4fa4c5959ed935c.php 第 82 行.
NOTIC: [8] Undefined variable: voice_id /home/wwwroot/weiphp/Runtime/Cache/Wecome/6e80818d599d2573b4fa4c5959ed935c.php 第 90 行.
NOTIC: [8] Undefined variable: video_id /home/wwwroot/weiphp/Runtime/Cache/Wecome/6e80818d599d2573b4fa4c5959ed935c.php 第 96 行.

[ 2017-12-02T19:13:27+08:00 ] 223.72.84.48 /index.php?s=/w16/Wecome/Wecome/config.html&mdm=45
NOTIC: [2] Cannot declare class Think\Action, because the name is already in use /home/wwwroot/weiphp/ThinkPHP/Library/Think/ManageBaseController.class.php 第 316 行.
NOTIC: [2] unlink(./Runtime/Temp/weiphp_94574941375bff72e465162aea5c280d.php): No such file or directory /home/wwwroot/weiphp/ThinkPHP/Library/Think/Cache/Driver/File.class.php 第 157 行.
NOTIC: [2] Invalid argument supplied for foreach() /home/wwwroot/weiphp/Addons/Card/Model/CardCustomModel.class.php 第 20 行.
NOTIC: [8] Undefined index: uid /home/wwwroot/weiphp/ThinkPHP/Library/Think/ManageBaseController.class.php 第 155 行.
NOTIC: [8] Undefined variable: tongji_code /home/wwwroot/weiphp/ThinkPHP/Library/Think/ManageBaseController.class.php 第 122 行.
NOTIC: [8] Undefined index: group_id /home/wwwroot/weiphp/Application/Common/Model/AddonStatusModel.class.php 第 50 行.
NOTIC: [8] Undefined variable: addons /home/wwwroot/weiphp/Application/Common/Common/function.php 第 501 行.
NOTIC: [8] Undefined variable: addons /home/wwwroot/weiphp/Application/Common/Common/function.php 第 501 行.
NOTIC: [8] Undefined variable: addons /home/wwwroot/weiphp/Application/Common/Common/function.php 第 501 行.
NOTIC: [8] Undefined variable: addons /home/wwwroot/weiphp/Application/Common/Common/function.php 第 501 行.
NOTIC: [8] Undefined variable: addons /home/wwwroot/weiphp/Application/Common/Common/function.php 第 501 行.
NOTIC: [8] Undefined variable: addons /home/wwwroot/weiphp/Application/Common/Common/function.php 第 501 行.
NOTIC: [8] Undefined variable: addons /home/wwwroot/weiphp/Application/Common/Common/function.php 第 501 行.
NOTIC: [8] Undefined variable: addons /home/wwwroot/weiphp/Application/Common/Common/function.php 第 501 行.
NOTIC: [8] Undefined variable: addons /home/wwwroot/weiphp/Application/Common/Common/function.php 第 501 行.
NOTIC: [8] Undefined variable: addons /home/wwwroot/weiphp/Application/Common/Common/function.php 第 501 行.
NOTIC: [8] Undefined variable: addons /home/wwwroot/weiphp/Application/Common/Common/function.php 第 501 行.
NOTIC: [8] Undefined variable: addons /home/wwwroot/weiphp/Application/Common/Common/function.php 第 501 行.
NOTIC: [8] Undefined variable: addons /home/wwwroot/weiphp/Application/Common/Common/function.php 第 501 行.
NOTIC: [8] Undefined variable: addons /home/wwwroot/weiphp/Application/Common/Common/function.php 第 501 行.
NOTIC: [8] Undefined variable: addons /home/wwwroot/weiphp/Application/Common/Common/function.php 第 501 行.
NOTIC: [8] Undefined variable: addons /home/wwwroot/weiphp/Application/Common/Common/function.php 第 501 行.
NOTIC: [8] Undefined variable: addons /home/wwwroot/weiphp/Application/Common/Common/function.php 第 501 行.
NOTIC: [8] Undefined variable: addons /home/wwwroot/weiphp/Application/Common/Common/function.php 第 501 行.
NOTIC: [8] Undefined variable: addons /home/wwwroot/weiphp/Application/Common/Common/function.php 第 501 行.
NOTIC: [8] Undefined variable: addons /home/wwwroot/weiphp/Application/Common/Common/function.php 第 501 行.
NOTIC: [8] Undefined variable: addons /home/wwwroot/weiphp/Application/Common/Common/function.php 第 501 行.
NOTIC: [8] Undefined variable: addons /home/wwwroot/weiphp/Application/Common/Common/function.php 第 501 行.
NOTIC: [8] Undefined variable: addons /home/wwwroot/weiphp/Application/Common/Common/function.php 第 501 行.
NOTIC: [8] Undefined variable: addons /home/wwwroot/weiphp/Application/Common/Common/function.php 第 501 行.
NOTIC: [8] Undefined variable: addons /home/wwwroot/weiphp/Application/Common/Common/function.php 第 501 行.
NOTIC: [8] Undefined variable: addons /home/wwwroot/weiphp/Application/Common/Common/function.php 第 501 行.
NOTIC: [8] Undefined variable: addons /home/wwwroot/weiphp/Application/Common/Common/function.php 第 501 行.
NOTIC: [8] Undefined variable: addons /home/wwwroot/weiphp/Application/Common/Common/function.php 第 501 行.
NOTIC: [8] Undefined variable: addons /home/wwwroot/weiphp/Application/Common/Common/function.php 第 501 行.
NOTIC: [8] Undefined variable: addons /home/wwwroot/weiphp/Application/Common/Common/function.php 第 501 行.
NOTIC: [8] Undefined variable: addons /home/wwwroot/weiphp/Application/Common/Common/function.php 第 501 行.
NOTIC: [8] Undefined variable: addons /home/wwwroot/weiphp/Application/Common/Common/function.php 第 501 行.
NOTIC: [8] Undefined variable: addons /home/wwwroot/weiphp/Application/Common/Common/function.php 第 501 行.
NOTIC: [8] Undefined variable: addons /home/wwwroot/weiphp/Application/Common/Common/function.php 第 501 行.
NOTIC: [8] Undefined variable: addons /home/wwwroot/weiphp/Application/Common/Common/function.php 第 501 行.
NOTIC: [8] Undefined variable: addons /home/wwwroot/weiphp/Application/Common/Common/function.php 第 501 行.
NOTIC: [8] Undefined variable: addons /home/wwwroot/weiphp/Application/Common/Common/function.php 第 501 行.
NOTIC: [8] Undefined variable: addons /home/wwwroot/weiphp/Application/Common/Common/function.php 第 501 行.
NOTIC: [8] Undefined variable: addons /home/wwwroot/weiphp/Application/Common/Common/function.php 第 501 行.
NOTIC: [8] Undefined variable: addons /home/wwwroot/weiphp/Application/Common/Common/function.php 第 501 行.
NOTIC: [8] Undefined variable: addons /home/wwwroot/weiphp/Application/Common/Common/function.php 第 501 行.
NOTIC: [8] Undefined variable: addons /home/wwwroot/weiphp/Application/Common/Common/function.php 第 501 行.
NOTIC: [8] Undefined variable: addons /home/wwwroot/weiphp/Application/Common/Common/function.php 第 501 行.
NOTIC: [8] Undefined variable: addons /home/wwwroot/weiphp/Application/Common/Common/function.php 第 501 行.
NOTIC: [8] Undefined variable: addons /home/wwwroot/weiphp/Application/Common/Common/function.php 第 501 行.
NOTIC: [8] Undefined variable: addons /home/wwwroot/weiphp/Application/Common/Common/function.php 第 501 行.
NOTIC: [8] Undefined variable: addons /home/wwwroot/weiphp/Application/Common/Common/function.php 第 501 行.
NOTIC: [8] Undefined variable: addons /home/wwwroot/weiphp/Application/Common/Common/function.php 第 501 行.
NOTIC: [8] Undefined variable: addons /home/wwwroot/weiphp/Application/Common/Common/function.php 第 501 行.
NOTIC: [8] Undefined offset: 14 /home/wwwroot/weiphp/Application/Common/Model/MenuModel.class.php 第 98 行.
NOTIC: [8] Undefined offset: 14 /home/wwwroot/weiphp/Application/Common/Model/MenuModel.class.php 第 109 行.
NOTIC: [8] Undefined offset: 60 /home/wwwroot/weiphp/Application/Common/Model/MenuModel.class.php 第 98 行.
NOTIC: [8] Undefined offset: 60 /home/wwwroot/weiphp/Application/Common/Model/MenuModel.class.php 第 109 行.
NOTIC: [8] Undefined offset: 1 /home/wwwroot/weiphp/Application/Common/Model/MenuModel.class.php 第 136 行.
NOTIC: [2] unlink(./Runtime/Temp/weiphp_67deda6971a9d69d3ff55647bfb61b02.php): No such file or directory /home/wwwroot/weiphp/ThinkPHP/Library/Think/Cache/Driver/File.class.php 第 157 行.
NOTIC: [2] unlink(./Runtime/Temp/weiphp_67deda6971a9d69d3ff55647bfb61b02.php): No such file or directory /home/wwwroot/weiphp/ThinkPHP/Library/Think/Cache/Driver/File.class.php 第 157 行.
NOTIC: [8] Undefined index: Wecome /home/wwwroot/weiphp/Application/Common/Model/AddonConfigModel.class.php 第 136 行.
NOTIC: [8] Array to string conversion /home/wwwroot/weiphp/Application/Common/Model/AddonConfigModel.class.php 第 146 行.
NOTIC: [8] Use of undefined constant website_logo - assumed 'website_logo' /home/wwwroot/weiphp/Runtime/Cache/Wecome/885b6ab9a39e9a535d26cb74ff315af5.php 第 64 行.
NOTIC: [8] Use of undefined constant headimgurl - assumed 'headimgurl' /home/wwwroot/weiphp/Runtime/Cache/Wecome/885b6ab9a39e9a535d26cb74ff315af5.php 第 92 行.
NOTIC: [8] Undefined variable: output /home/wwwroot/weiphp/Application/Common/Common/function.php 第 1651 行.
NOTIC: [8] Undefined variable: core_side_category /home/wwwroot/weiphp/Runtime/Cache/Wecome/885b6ab9a39e9a535d26cb74ff315af5.php 第 132 行.
NOTIC: [8] Use of undefined constant type - assumed 'type' /home/wwwroot/weiphp/Runtime/Cache/Wecome/885b6ab9a39e9a535d26cb74ff315af5.php 第 165 行.
NOTIC: [8] Undefined variable: field /home/wwwroot/weiphp/Runtime/Cache/Wecome/885b6ab9a39e9a535d26cb74ff315af5.php 第 193 行.
NOTIC: [8] Undefined offset: 0 /home/wwwroot/weiphp/Plugins/Material/MaterialAddon.class.php 第 49 行.
NOTIC: [8] Undefined offset: 1 /home/wwwroot/weiphp/Plugins/Material/MaterialAddon.class.php 第 49 行.
NOTIC: [8] Undefined variable: default_type /home/wwwroot/weiphp/Runtime/Cache/Wecome/6e80818d599d2573b4fa4c5959ed935c.php 第 41 行.
NOTIC: [8] Undefined variable: default_id /home/wwwroot/weiphp/Runtime/Cache/Wecome/6e80818d599d2573b4fa4c5959ed935c.php 第 41 行.
NOTIC: [8] Undefined variable: text_id /home/wwwroot/weiphp/Runtime/Cache/Wecome/6e80818d599d2573b4fa4c5959ed935c.php 第 67 行.
NOTIC: [8] Undefined variable: news_id /home/wwwroot/weiphp/Runtime/Cache/Wecome/6e80818d599d2573b4fa4c5959ed935c.php 第 75 行.
NOTIC: [8] Undefined variable: img_id /home/wwwroot/weiphp/Runtime/Cache/Wecome/6e80818d599d2573b4fa4c5959ed935c.php 第 82 行.
NOTIC: [8] Undefined variable: voice_id /home/wwwroot/weiphp/Runtime/Cache/Wecome/6e80818d599d2573b4fa4c5959ed935c.php 第 90 行.
NOTIC: [8] Undefined variable: video_id /home/wwwroot/weiphp/Runtime/Cache/Wecome/6e80818d599d2573b4fa4c5959ed935c.php 第 96 行.

[ 2017-12-02T19:17:49+08:00 ] 223.72.84.48 /index.php?s=/w16/Wecome/Wecome/config.html&mdm=45
NOTIC: [2] Cannot declare class Think\Action, because the name is already in use /home/wwwroot/weiphp/ThinkPHP/Library/Think/ManageBaseController.class.php 第 316 行.
NOTIC: [2] unlink(./Runtime/Temp/weiphp_94574941375bff72e465162aea5c280d.php): No such file or directory /home/wwwroot/weiphp/ThinkPHP/Library/Think/Cache/Driver/File.class.php 第 157 行.
NOTIC: [2] Invalid argument supplied for foreach() /home/wwwroot/weiphp/Addons/Card/Model/CardCustomModel.class.php 第 20 行.
NOTIC: [8] Undefined index: uid /home/wwwroot/weiphp/ThinkPHP/Library/Think/ManageBaseController.class.php 第 155 行.
NOTIC: [8] Undefined variable: tongji_code /home/wwwroot/weiphp/ThinkPHP/Library/Think/ManageBaseController.class.php 第 122 行.
NOTIC: [8] Undefined index: group_id /home/wwwroot/weiphp/Application/Common/Model/AddonStatusModel.class.php 第 50 行.
NOTIC: [8] Undefined variable: addons /home/wwwroot/weiphp/Application/Common/Common/function.php 第 501 行.
NOTIC: [8] Undefined variable: addons /home/wwwroot/weiphp/Application/Common/Common/function.php 第 501 行.
NOTIC: [8] Undefined variable: addons /home/wwwroot/weiphp/Application/Common/Common/function.php 第 501 行.
NOTIC: [8] Undefined variable: addons /home/wwwroot/weiphp/Application/Common/Common/function.php 第 501 行.
NOTIC: [8] Undefined variable: addons /home/wwwroot/weiphp/Application/Common/Common/function.php 第 501 行.
NOTIC: [8] Undefined variable: addons /home/wwwroot/weiphp/Application/Common/Common/function.php 第 501 行.
NOTIC: [8] Undefined variable: addons /home/wwwroot/weiphp/Application/Common/Common/function.php 第 501 行.
NOTIC: [8] Undefined variable: addons /home/wwwroot/weiphp/Application/Common/Common/function.php 第 501 行.
NOTIC: [8] Undefined variable: addons /home/wwwroot/weiphp/Application/Common/Common/function.php 第 501 行.
NOTIC: [8] Undefined variable: addons /home/wwwroot/weiphp/Application/Common/Common/function.php 第 501 行.
NOTIC: [8] Undefined variable: addons /home/wwwroot/weiphp/Application/Common/Common/function.php 第 501 行.
NOTIC: [8] Undefined variable: addons /home/wwwroot/weiphp/Application/Common/Common/function.php 第 501 行.
NOTIC: [8] Undefined variable: addons /home/wwwroot/weiphp/Application/Common/Common/function.php 第 501 行.
NOTIC: [8] Undefined variable: addons /home/wwwroot/weiphp/Application/Common/Common/function.php 第 501 行.
NOTIC: [8] Undefined variable: addons /home/wwwroot/weiphp/Application/Common/Common/function.php 第 501 行.
NOTIC: [8] Undefined variable: addons /home/wwwroot/weiphp/Application/Common/Common/function.php 第 501 行.
NOTIC: [8] Undefined variable: addons /home/wwwroot/weiphp/Application/Common/Common/function.php 第 501 行.
NOTIC: [8] Undefined variable: addons /home/wwwroot/weiphp/Application/Common/Common/function.php 第 501 行.
NOTIC: [8] Undefined variable: addons /home/wwwroot/weiphp/Application/Common/Common/function.php 第 501 行.
NOTIC: [8] Undefined variable: addons /home/wwwroot/weiphp/Application/Common/Common/function.php 第 501 行.
NOTIC: [8] Undefined variable: addons /home/wwwroot/weiphp/Application/Common/Common/function.php 第 501 行.
NOTIC: [8] Undefined variable: addons /home/wwwroot/weiphp/Application/Common/Common/function.php 第 501 行.
NOTIC: [8] Undefined variable: addons /home/wwwroot/weiphp/Application/Common/Common/function.php 第 501 行.
NOTIC: [8] Undefined variable: addons /home/wwwroot/weiphp/Application/Common/Common/function.php 第 501 行.
NOTIC: [8] Undefined variable: addons /home/wwwroot/weiphp/Application/Common/Common/function.php 第 501 行.
NOTIC: [8] Undefined variable: addons /home/wwwroot/weiphp/Application/Common/Common/function.php 第 501 行.
NOTIC: [8] Undefined variable: addons /home/wwwroot/weiphp/Application/Common/Common/function.php 第 501 行.
NOTIC: [8] Undefined variable: addons /home/wwwroot/weiphp/Application/Common/Common/function.php 第 501 行.
NOTIC: [8] Undefined variable: addons /home/wwwroot/weiphp/Application/Common/Common/function.php 第 501 行.
NOTIC: [8] Undefined variable: addons /home/wwwroot/weiphp/Application/Common/Common/function.php 第 501 行.
NOTIC: [8] Undefined variable: addons /home/wwwroot/weiphp/Application/Common/Common/function.php 第 501 行.
NOTIC: [8] Undefined variable: addons /home/wwwroot/weiphp/Application/Common/Common/function.php 第 501 行.
NOTIC: [8] Undefined variable: addons /home/wwwroot/weiphp/Application/Common/Common/function.php 第 501 行.
NOTIC: [8] Undefined variable: addons /home/wwwroot/weiphp/Application/Common/Common/function.php 第 501 行.
NOTIC: [8] Undefined variable: addons /home/wwwroot/weiphp/Application/Common/Common/function.php 第 501 行.
NOTIC: [8] Undefined variable: addons /home/wwwroot/weiphp/Application/Common/Common/function.php 第 501 行.
NOTIC: [8] Undefined variable: addons /home/wwwroot/weiphp/Application/Common/Common/function.php 第 501 行.
NOTIC: [8] Undefined variable: addons /home/wwwroot/weiphp/Application/Common/Common/function.php 第 501 行.
NOTIC: [8] Undefined variable: addons /home/wwwroot/weiphp/Application/Common/Common/function.php 第 501 行.
NOTIC: [8] Undefined variable: addons /home/wwwroot/weiphp/Application/Common/Common/function.php 第 501 行.
NOTIC: [8] Undefined variable: addons /home/wwwroot/weiphp/Application/Common/Common/function.php 第 501 行.
NOTIC: [8] Undefined variable: addons /home/wwwroot/weiphp/Application/Common/Common/function.php 第 501 行.
NOTIC: [8] Undefined variable: addons /home/wwwroot/weiphp/Application/Common/Common/function.php 第 501 行.
NOTIC: [8] Undefined variable: addons /home/wwwroot/weiphp/Application/Common/Common/function.php 第 501 行.
NOTIC: [8] Undefined variable: addons /home/wwwroot/weiphp/Application/Common/Common/function.php 第 501 行.
NOTIC: [8] Undefined variable: addons /home/wwwroot/weiphp/Application/Common/Common/function.php 第 501 行.
NOTIC: [8] Undefined variable: addons /home/wwwroot/weiphp/Application/Common/Common/function.php 第 501 行.
NOTIC: [8] Undefined variable: addons /home/wwwroot/weiphp/Application/Common/Common/function.php 第 501 行.
NOTIC: [8] Undefined variable: addons /home/wwwroot/weiphp/Application/Common/Common/function.php 第 501 行.
NOTIC: [8] Undefined offset: 14 /home/wwwroot/weiphp/Application/Common/Model/MenuModel.class.php 第 98 行.
NOTIC: [8] Undefined offset: 14 /home/wwwroot/weiphp/Application/Common/Model/MenuModel.class.php 第 109 行.
NOTIC: [8] Undefined offset: 60 /home/wwwroot/weiphp/Application/Common/Model/MenuModel.class.php 第 98 行.
NOTIC: [8] Undefined offset: 60 /home/wwwroot/weiphp/Application/Common/Model/MenuModel.class.php 第 109 行.
NOTIC: [8] Undefined offset: 1 /home/wwwroot/weiphp/Application/Common/Model/MenuModel.class.php 第 136 行.
NOTIC: [2] unlink(./Runtime/Temp/weiphp_67deda6971a9d69d3ff55647bfb61b02.php): No such file or directory /home/wwwroot/weiphp/ThinkPHP/Library/Think/Cache/Driver/File.class.php 第 157 行.
NOTIC: [2] unlink(./Runtime/Temp/weiphp_67deda6971a9d69d3ff55647bfb61b02.php): No such file or directory /home/wwwroot/weiphp/ThinkPHP/Library/Think/Cache/Driver/File.class.php 第 157 行.
NOTIC: [8] Undefined index: Wecome /home/wwwroot/weiphp/Application/Common/Model/AddonConfigModel.class.php 第 136 行.
NOTIC: [8] Array to string conversion /home/wwwroot/weiphp/Application/Common/Model/AddonConfigModel.class.php 第 146 行.
NOTIC: [8] Use of undefined constant website_logo - assumed 'website_logo' /home/wwwroot/weiphp/Runtime/Cache/Wecome/885b6ab9a39e9a535d26cb74ff315af5.php 第 64 行.
NOTIC: [8] Use of undefined constant headimgurl - assumed 'headimgurl' /home/wwwroot/weiphp/Runtime/Cache/Wecome/885b6ab9a39e9a535d26cb74ff315af5.php 第 92 行.
NOTIC: [8] Undefined variable: output /home/wwwroot/weiphp/Application/Common/Common/function.php 第 1651 行.
NOTIC: [8] Undefined variable: core_side_category /home/wwwroot/weiphp/Runtime/Cache/Wecome/885b6ab9a39e9a535d26cb74ff315af5.php 第 132 行.
NOTIC: [8] Use of undefined constant type - assumed 'type' /home/wwwroot/weiphp/Runtime/Cache/Wecome/885b6ab9a39e9a535d26cb74ff315af5.php 第 165 行.
NOTIC: [8] Undefined variable: field /home/wwwroot/weiphp/Runtime/Cache/Wecome/885b6ab9a39e9a535d26cb74ff315af5.php 第 193 行.
NOTIC: [8] Undefined offset: 0 /home/wwwroot/weiphp/Plugins/Material/MaterialAddon.class.php 第 49 行.
NOTIC: [8] Undefined offset: 1 /home/wwwroot/weiphp/Plugins/Material/MaterialAddon.class.php 第 49 行.
NOTIC: [8] Undefined variable: default_type /home/wwwroot/weiphp/Runtime/Cache/Wecome/6e80818d599d2573b4fa4c5959ed935c.php 第 41 行.
NOTIC: [8] Undefined variable: default_id /home/wwwroot/weiphp/Runtime/Cache/Wecome/6e80818d599d2573b4fa4c5959ed935c.php 第 41 行.
NOTIC: [8] Undefined variable: text_id /home/wwwroot/weiphp/Runtime/Cache/Wecome/6e80818d599d2573b4fa4c5959ed935c.php 第 67 行.
NOTIC: [8] Undefined variable: news_id /home/wwwroot/weiphp/Runtime/Cache/Wecome/6e80818d599d2573b4fa4c5959ed935c.php 第 75 行.
NOTIC: [8] Undefined variable: img_id /home/wwwroot/weiphp/Runtime/Cache/Wecome/6e80818d599d2573b4fa4c5959ed935c.php 第 82 行.
NOTIC: [8] Undefined variable: voice_id /home/wwwroot/weiphp/Runtime/Cache/Wecome/6e80818d599d2573b4fa4c5959ed935c.php 第 90 行.
NOTIC: [8] Undefined variable: video_id /home/wwwroot/weiphp/Runtime/Cache/Wecome/6e80818d599d2573b4fa4c5959ed935c.php 第 96 行.

[ 2017-12-02T19:19:25+08:00 ] 223.72.84.48 /index.php?s=/w16/Wecome/Wecome/config.html&mdm=45
NOTIC: [2] Cannot declare class Think\Action, because the name is already in use /home/wwwroot/weiphp/ThinkPHP/Library/Think/ManageBaseController.class.php 第 316 行.
NOTIC: [2] unlink(./Runtime/Temp/weiphp_94574941375bff72e465162aea5c280d.php): No such file or directory /home/wwwroot/weiphp/ThinkPHP/Library/Think/Cache/Driver/File.class.php 第 157 行.
NOTIC: [2] Invalid argument supplied for foreach() /home/wwwroot/weiphp/Addons/Card/Model/CardCustomModel.class.php 第 20 行.
NOTIC: [8] Undefined index: uid /home/wwwroot/weiphp/ThinkPHP/Library/Think/ManageBaseController.class.php 第 155 行.
NOTIC: [8] Undefined variable: tongji_code /home/wwwroot/weiphp/ThinkPHP/Library/Think/ManageBaseController.class.php 第 122 行.
NOTIC: [8] Undefined index: group_id /home/wwwroot/weiphp/Application/Common/Model/AddonStatusModel.class.php 第 50 行.
NOTIC: [8] Undefined variable: addons /home/wwwroot/weiphp/Application/Common/Common/function.php 第 501 行.
NOTIC: [8] Undefined variable: addons /home/wwwroot/weiphp/Application/Common/Common/function.php 第 501 行.
NOTIC: [8] Undefined variable: addons /home/wwwroot/weiphp/Application/Common/Common/function.php 第 501 行.
NOTIC: [8] Undefined variable: addons /home/wwwroot/weiphp/Application/Common/Common/function.php 第 501 行.
NOTIC: [8] Undefined variable: addons /home/wwwroot/weiphp/Application/Common/Common/function.php 第 501 行.
NOTIC: [8] Undefined variable: addons /home/wwwroot/weiphp/Application/Common/Common/function.php 第 501 行.
NOTIC: [8] Undefined variable: addons /home/wwwroot/weiphp/Application/Common/Common/function.php 第 501 行.
NOTIC: [8] Undefined variable: addons /home/wwwroot/weiphp/Application/Common/Common/function.php 第 501 行.
NOTIC: [8] Undefined variable: addons /home/wwwroot/weiphp/Application/Common/Common/function.php 第 501 行.
NOTIC: [8] Undefined variable: addons /home/wwwroot/weiphp/Application/Common/Common/function.php 第 501 行.
NOTIC: [8] Undefined variable: addons /home/wwwroot/weiphp/Application/Common/Common/function.php 第 501 行.
NOTIC: [8] Undefined variable: addons /home/wwwroot/weiphp/Application/Common/Common/function.php 第 501 行.
NOTIC: [8] Undefined variable: addons /home/wwwroot/weiphp/Application/Common/Common/function.php 第 501 行.
NOTIC: [8] Undefined variable: addons /home/wwwroot/weiphp/Application/Common/Common/function.php 第 501 行.
NOTIC: [8] Undefined variable: addons /home/wwwroot/weiphp/Application/Common/Common/function.php 第 501 行.
NOTIC: [8] Undefined variable: addons /home/wwwroot/weiphp/Application/Common/Common/function.php 第 501 行.
NOTIC: [8] Undefined variable: addons /home/wwwroot/weiphp/Application/Common/Common/function.php 第 501 行.
NOTIC: [8] Undefined variable: addons /home/wwwroot/weiphp/Application/Common/Common/function.php 第 501 行.
NOTIC: [8] Undefined variable: addons /home/wwwroot/weiphp/Application/Common/Common/function.php 第 501 行.
NOTIC: [8] Undefined variable: addons /home/wwwroot/weiphp/Application/Common/Common/function.php 第 501 行.
NOTIC: [8] Undefined variable: addons /home/wwwroot/weiphp/Application/Common/Common/function.php 第 501 行.
NOTIC: [8] Undefined variable: addons /home/wwwroot/weiphp/Application/Common/Common/function.php 第 501 行.
NOTIC: [8] Undefined variable: addons /home/wwwroot/weiphp/Application/Common/Common/function.php 第 501 行.
NOTIC: [8] Undefined variable: addons /home/wwwroot/weiphp/Application/Common/Common/function.php 第 501 行.
NOTIC: [8] Undefined variable: addons /home/wwwroot/weiphp/Application/Common/Common/function.php 第 501 行.
NOTIC: [8] Undefined variable: addons /home/wwwroot/weiphp/Application/Common/Common/function.php 第 501 行.
NOTIC: [8] Undefined variable: addons /home/wwwroot/weiphp/Application/Common/Common/function.php 第 501 行.
NOTIC: [8] Undefined variable: addons /home/wwwroot/weiphp/Application/Common/Common/function.php 第 501 行.
NOTIC: [8] Undefined variable: addons /home/wwwroot/weiphp/Application/Common/Common/function.php 第 501 行.
NOTIC: [8] Undefined variable: addons /home/wwwroot/weiphp/Application/Common/Common/function.php 第 501 行.
NOTIC: [8] Undefined variable: addons /home/wwwroot/weiphp/Application/Common/Common/function.php 第 501 行.
NOTIC: [8] Undefined variable: addons /home/wwwroot/weiphp/Application/Common/Common/function.php 第 501 行.
NOTIC: [8] Undefined variable: addons /home/wwwroot/weiphp/Application/Common/Common/function.php 第 501 行.
NOTIC: [8] Undefined variable: addons /home/wwwroot/weiphp/Application/Common/Common/function.php 第 501 行.
NOTIC: [8] Undefined variable: addons /home/wwwroot/weiphp/Application/Common/Common/function.php 第 501 行.
NOTIC: [8] Undefined variable: addons /home/wwwroot/weiphp/Application/Common/Common/function.php 第 501 行.
NOTIC: [8] Undefined variable: addons /home/wwwroot/weiphp/Application/Common/Common/function.php 第 501 行.
NOTIC: [8] Undefined variable: addons /home/wwwroot/weiphp/Application/Common/Common/function.php 第 501 行.
NOTIC: [8] Undefined variable: addons /home/wwwroot/weiphp/Application/Common/Common/function.php 第 501 行.
NOTIC: [8] Undefined variable: addons /home/wwwroot/weiphp/Application/Common/Common/function.php 第 501 行.
NOTIC: [8] Undefined variable: addons /home/wwwroot/weiphp/Application/Common/Common/function.php 第 501 行.
NOTIC: [8] Undefined variable: addons /home/wwwroot/weiphp/Application/Common/Common/function.php 第 501 行.
NOTIC: [8] Undefined variable: addons /home/wwwroot/weiphp/Application/Common/Common/function.php 第 501 行.
NOTIC: [8] Undefined variable: addons /home/wwwroot/weiphp/Application/Common/Common/function.php 第 501 行.
NOTIC: [8] Undefined variable: addons /home/wwwroot/weiphp/Application/Common/Common/function.php 第 501 行.
NOTIC: [8] Undefined variable: addons /home/wwwroot/weiphp/Application/Common/Common/function.php 第 501 行.
NOTIC: [8] Undefined variable: addons /home/wwwroot/weiphp/Application/Common/Common/function.php 第 501 行.
NOTIC: [8] Undefined variable: addons /home/wwwroot/weiphp/Application/Common/Common/function.php 第 501 行.
NOTIC: [8] Undefined variable: addons /home/wwwroot/weiphp/Application/Common/Common/function.php 第 501 行.
NOTIC: [8] Undefined offset: 14 /home/wwwroot/weiphp/Application/Common/Model/MenuModel.class.php 第 98 行.
NOTIC: [8] Undefined offset: 14 /home/wwwroot/weiphp/Application/Common/Model/MenuModel.class.php 第 109 行.
NOTIC: [8] Undefined offset: 60 /home/wwwroot/weiphp/Application/Common/Model/MenuModel.class.php 第 98 行.
NOTIC: [8] Undefined offset: 60 /home/wwwroot/weiphp/Application/Common/Model/MenuModel.class.php 第 109 行.
NOTIC: [8] Undefined offset: 1 /home/wwwroot/weiphp/Application/Common/Model/MenuModel.class.php 第 136 行.
NOTIC: [2] unlink(./Runtime/Temp/weiphp_67deda6971a9d69d3ff55647bfb61b02.php): No such file or directory /home/wwwroot/weiphp/ThinkPHP/Library/Think/Cache/Driver/File.class.php 第 157 行.
NOTIC: [2] unlink(./Runtime/Temp/weiphp_67deda6971a9d69d3ff55647bfb61b02.php): No such file or directory /home/wwwroot/weiphp/ThinkPHP/Library/Think/Cache/Driver/File.class.php 第 157 行.
NOTIC: [8] Undefined index: Wecome /home/wwwroot/weiphp/Application/Common/Model/AddonConfigModel.class.php 第 136 行.
NOTIC: [8] Array to string conversion /home/wwwroot/weiphp/Application/Common/Model/AddonConfigModel.class.php 第 146 行.
NOTIC: [8] Use of undefined constant website_logo - assumed 'website_logo' /home/wwwroot/weiphp/Runtime/Cache/Wecome/885b6ab9a39e9a535d26cb74ff315af5.php 第 64 行.
NOTIC: [8] Use of undefined constant headimgurl - assumed 'headimgurl' /home/wwwroot/weiphp/Runtime/Cache/Wecome/885b6ab9a39e9a535d26cb74ff315af5.php 第 92 行.
NOTIC: [8] Undefined variable: output /home/wwwroot/weiphp/Application/Common/Common/function.php 第 1651 行.
NOTIC: [8] Undefined variable: core_side_category /home/wwwroot/weiphp/Runtime/Cache/Wecome/885b6ab9a39e9a535d26cb74ff315af5.php 第 132 行.
NOTIC: [8] Use of undefined constant type - assumed 'type' /home/wwwroot/weiphp/Runtime/Cache/Wecome/885b6ab9a39e9a535d26cb74ff315af5.php 第 165 行.
NOTIC: [8] Undefined variable: field /home/wwwroot/weiphp/Runtime/Cache/Wecome/885b6ab9a39e9a535d26cb74ff315af5.php 第 193 行.
NOTIC: [8] Undefined offset: 0 /home/wwwroot/weiphp/Plugins/Material/MaterialAddon.class.php 第 49 行.
NOTIC: [8] Undefined offset: 1 /home/wwwroot/weiphp/Plugins/Material/MaterialAddon.class.php 第 49 行.
NOTIC: [8] Undefined variable: default_type /home/wwwroot/weiphp/Runtime/Cache/Wecome/6e80818d599d2573b4fa4c5959ed935c.php 第 41 行.
NOTIC: [8] Undefined variable: default_id /home/wwwroot/weiphp/Runtime/Cache/Wecome/6e80818d599d2573b4fa4c5959ed935c.php 第 41 行.
NOTIC: [8] Undefined variable: text_id /home/wwwroot/weiphp/Runtime/Cache/Wecome/6e80818d599d2573b4fa4c5959ed935c.php 第 67 行.
NOTIC: [8] Undefined variable: news_id /home/wwwroot/weiphp/Runtime/Cache/Wecome/6e80818d599d2573b4fa4c5959ed935c.php 第 75 行.
NOTIC: [8] Undefined variable: img_id /home/wwwroot/weiphp/Runtime/Cache/Wecome/6e80818d599d2573b4fa4c5959ed935c.php 第 82 行.
NOTIC: [8] Undefined variable: voice_id /home/wwwroot/weiphp/Runtime/Cache/Wecome/6e80818d599d2573b4fa4c5959ed935c.php 第 90 行.
NOTIC: [8] Undefined variable: video_id /home/wwwroot/weiphp/Runtime/Cache/Wecome/6e80818d599d2573b4fa4c5959ed935c.php 第 96 行.

