[ 2017-12-02T19:13:15+08:00 ] 223.72.84.48 /index.php?s=/w16/Wecome/Wecome/config.html&mdm=45
SQL: SELECT * FROM `wp_card_custom` WHERE `token` = 'gh_474547030e87'  [ RunTime:0.0001s ]
SQL: SELECT * FROM `wp_apps_link` WHERE `uid` = 1  [ RunTime:0.0001s ]
SQL: SELECT * FROM `wp_menu` WHERE `place` = 0 AND `is_hide` = 0 ORDER BY sort asc, id asc  [ RunTime:0.0001s ]
SQL: SELECT * FROM `wp_model` WHERE `name` = 'wecome' LIMIT 1   [ RunTime:0.0002s ]
SQL: SELECT * FROM `wp_model` WHERE `name` = 'wecome' LIMIT 1   [ RunTime:0.0001s ]
SQL: SELECT * FROM `wp_addons` WHERE `name` = 'Wecome' LIMIT 1   [ RunTime:0.0002s ]

[ 2017-12-02T19:13:26+08:00 ] 223.72.84.48 /index.php?s=/w16/Wecome/Wecome/config.html&mdm=45|46
SQL: SELECT * FROM `wp_card_custom` WHERE `token` = 'gh_474547030e87'  [ RunTime:0.0001s ]
SQL: SELECT * FROM `wp_apps_link` WHERE `uid` = 1  [ RunTime:0.0001s ]
SQL: SELECT * FROM `wp_menu` WHERE `place` = 0 AND `is_hide` = 0 ORDER BY sort asc, id asc  [ RunTime:0.0001s ]
SQL: SELECT * FROM `wp_model` WHERE `name` = 'wecome' LIMIT 1   [ RunTime:0.0001s ]
SQL: SELECT * FROM `wp_model` WHERE `name` = 'wecome' LIMIT 1   [ RunTime:0.0001s ]
SQL: SELECT * FROM `wp_addons` WHERE `name` = 'Wecome' LIMIT 1   [ RunTime:0.0001s ]

[ 2017-12-02T19:13:27+08:00 ] 223.72.84.48 /index.php?s=/w16/Wecome/Wecome/config.html&mdm=45
SQL: SELECT * FROM `wp_card_custom` WHERE `token` = 'gh_474547030e87'  [ RunTime:0.0001s ]
SQL: SELECT * FROM `wp_apps_link` WHERE `uid` = 1  [ RunTime:0.0001s ]
SQL: SELECT * FROM `wp_menu` WHERE `place` = 0 AND `is_hide` = 0 ORDER BY sort asc, id asc  [ RunTime:0.0001s ]
SQL: SELECT * FROM `wp_model` WHERE `name` = 'wecome' LIMIT 1   [ RunTime:0.0001s ]
SQL: SELECT * FROM `wp_model` WHERE `name` = 'wecome' LIMIT 1   [ RunTime:0.0001s ]
SQL: SELECT * FROM `wp_addons` WHERE `name` = 'Wecome' LIMIT 1   [ RunTime:0.0001s ]

[ 2017-12-02T19:17:49+08:00 ] 223.72.84.48 /index.php?s=/w16/Wecome/Wecome/config.html&mdm=45
SQL: SELECT * FROM `wp_card_custom` WHERE `token` = 'gh_474547030e87'  [ RunTime:0.0001s ]
SQL: SELECT * FROM `wp_apps_link` WHERE `uid` = 1  [ RunTime:0.0001s ]
SQL: SELECT * FROM `wp_menu` WHERE `place` = 0 AND `is_hide` = 0 ORDER BY sort asc, id asc  [ RunTime:0.0001s ]
SQL: SELECT * FROM `wp_model` WHERE `name` = 'wecome' LIMIT 1   [ RunTime:0.0001s ]
SQL: SELECT * FROM `wp_model` WHERE `name` = 'wecome' LIMIT 1   [ RunTime:0.0001s ]
SQL: SELECT * FROM `wp_addons` WHERE `name` = 'Wecome' LIMIT 1   [ RunTime:0.0001s ]

[ 2017-12-02T19:19:25+08:00 ] 223.72.84.48 /index.php?s=/w16/Wecome/Wecome/config.html&mdm=45
SQL: SELECT * FROM `wp_card_custom` WHERE `token` = 'gh_474547030e87'  [ RunTime:0.0001s ]
SQL: SELECT * FROM `wp_apps_link` WHERE `uid` = 1  [ RunTime:0.0001s ]
SQL: SELECT * FROM `wp_menu` WHERE `place` = 0 AND `is_hide` = 0 ORDER BY sort asc, id asc  [ RunTime:0.0001s ]
SQL: SELECT * FROM `wp_model` WHERE `name` = 'wecome' LIMIT 1   [ RunTime:0.0001s ]
SQL: SELECT * FROM `wp_model` WHERE `name` = 'wecome' LIMIT 1   [ RunTime:0.0001s ]
SQL: SELECT * FROM `wp_addons` WHERE `name` = 'Wecome' LIMIT 1   [ RunTime:0.0001s ]

