[ 2017-12-04T10:38:36+08:00 ] 127.0.0.1 /index.php?s=/w16/AutoReply/AutoReply/lists.html&mdm=45|48
NOTIC: [2] Cannot declare class Think\Action, because the name is already in use /webcode/wechat/bada/ThinkPHP/Library/Think/ManageBaseController.class.php 第 316 行.
NOTIC: [2] Declaration of Addons\AutoReply\Controller\AutoReplyController::lists() should be compatible with Think\ManageBaseController::lists($model = NULL, $page = 0) /webcode/wechat/bada/Addons/AutoReply/Controller/AutoReplyController.class.php 第 7 行.
NOTIC: [2] Declaration of Addons\AutoReply\Controller\AutoReplyController::edit() should be compatible with Think\ManageBaseController::edit($model = NULL, $id = 0) /webcode/wechat/bada/Addons/AutoReply/Controller/AutoReplyController.class.php 第 7 行.
NOTIC: [2] Declaration of Addons\AutoReply\Controller\AutoReplyController::add() should be compatible with Think\ManageBaseController::add($model = NULL) /webcode/wechat/bada/Addons/AutoReply/Controller/AutoReplyController.class.php 第 7 行.
NOTIC: [2] unlink(./Runtime/Temp/bada_94574941375bff72e465162aea5c280d.php): No such file or directory /webcode/wechat/bada/ThinkPHP/Library/Think/Cache/Driver/File.class.php 第 157 行.
NOTIC: [2] Invalid argument supplied for foreach() /webcode/wechat/bada/Addons/Card/Model/CardCustomModel.class.php 第 20 行.
NOTIC: [8] Undefined index: uid /webcode/wechat/bada/ThinkPHP/Library/Think/ManageBaseController.class.php 第 155 行.
NOTIC: [8] Undefined variable: tongji_code /webcode/wechat/bada/ThinkPHP/Library/Think/ManageBaseController.class.php 第 122 行.
NOTIC: [8] Undefined index: group_id /webcode/wechat/bada/Application/Common/Model/AddonStatusModel.class.php 第 50 行.
NOTIC: [8] Undefined variable: addons /webcode/wechat/bada/Application/Common/Common/function.php 第 501 行.
NOTIC: [8] Undefined variable: addons /webcode/wechat/bada/Application/Common/Common/function.php 第 501 行.
NOTIC: [8] Undefined variable: addons /webcode/wechat/bada/Application/Common/Common/function.php 第 501 行.
NOTIC: [8] Undefined variable: addons /webcode/wechat/bada/Application/Common/Common/function.php 第 501 行.
NOTIC: [8] Undefined variable: addons /webcode/wechat/bada/Application/Common/Common/function.php 第 501 行.
NOTIC: [8] Undefined variable: addons /webcode/wechat/bada/Application/Common/Common/function.php 第 501 行.
NOTIC: [8] Undefined variable: addons /webcode/wechat/bada/Application/Common/Common/function.php 第 501 行.
NOTIC: [8] Undefined variable: addons /webcode/wechat/bada/Application/Common/Common/function.php 第 501 行.
NOTIC: [8] Undefined variable: addons /webcode/wechat/bada/Application/Common/Common/function.php 第 501 行.
NOTIC: [8] Undefined variable: addons /webcode/wechat/bada/Application/Common/Common/function.php 第 501 行.
NOTIC: [8] Undefined variable: addons /webcode/wechat/bada/Application/Common/Common/function.php 第 501 行.
NOTIC: [8] Undefined variable: addons /webcode/wechat/bada/Application/Common/Common/function.php 第 501 行.
NOTIC: [8] Undefined variable: addons /webcode/wechat/bada/Application/Common/Common/function.php 第 501 行.
NOTIC: [8] Undefined variable: addons /webcode/wechat/bada/Application/Common/Common/function.php 第 501 行.
NOTIC: [8] Undefined variable: addons /webcode/wechat/bada/Application/Common/Common/function.php 第 501 行.
NOTIC: [8] Undefined variable: addons /webcode/wechat/bada/Application/Common/Common/function.php 第 501 行.
NOTIC: [8] Undefined variable: addons /webcode/wechat/bada/Application/Common/Common/function.php 第 501 行.
NOTIC: [8] Undefined variable: addons /webcode/wechat/bada/Application/Common/Common/function.php 第 501 行.
NOTIC: [8] Undefined variable: addons /webcode/wechat/bada/Application/Common/Common/function.php 第 501 行.
NOTIC: [8] Undefined variable: addons /webcode/wechat/bada/Application/Common/Common/function.php 第 501 行.
NOTIC: [8] Undefined variable: addons /webcode/wechat/bada/Application/Common/Common/function.php 第 501 行.
NOTIC: [8] Undefined variable: addons /webcode/wechat/bada/Application/Common/Common/function.php 第 501 行.
NOTIC: [8] Undefined variable: addons /webcode/wechat/bada/Application/Common/Common/function.php 第 501 行.
NOTIC: [8] Undefined variable: addons /webcode/wechat/bada/Application/Common/Common/function.php 第 501 行.
NOTIC: [8] Undefined variable: addons /webcode/wechat/bada/Application/Common/Common/function.php 第 501 行.
NOTIC: [8] Undefined variable: addons /webcode/wechat/bada/Application/Common/Common/function.php 第 501 行.
NOTIC: [8] Undefined variable: addons /webcode/wechat/bada/Application/Common/Common/function.php 第 501 行.
NOTIC: [8] Undefined variable: addons /webcode/wechat/bada/Application/Common/Common/function.php 第 501 行.
NOTIC: [8] Undefined variable: addons /webcode/wechat/bada/Application/Common/Common/function.php 第 501 行.
NOTIC: [8] Undefined variable: addons /webcode/wechat/bada/Application/Common/Common/function.php 第 501 行.
NOTIC: [8] Undefined variable: addons /webcode/wechat/bada/Application/Common/Common/function.php 第 501 行.
NOTIC: [8] Undefined variable: addons /webcode/wechat/bada/Application/Common/Common/function.php 第 501 行.
NOTIC: [8] Undefined variable: addons /webcode/wechat/bada/Application/Common/Common/function.php 第 501 行.
NOTIC: [8] Undefined variable: addons /webcode/wechat/bada/Application/Common/Common/function.php 第 501 行.
NOTIC: [8] Undefined variable: addons /webcode/wechat/bada/Application/Common/Common/function.php 第 501 行.
NOTIC: [8] Undefined variable: addons /webcode/wechat/bada/Application/Common/Common/function.php 第 501 行.
NOTIC: [8] Undefined variable: addons /webcode/wechat/bada/Application/Common/Common/function.php 第 501 行.
NOTIC: [8] Undefined variable: addons /webcode/wechat/bada/Application/Common/Common/function.php 第 501 行.
NOTIC: [8] Undefined variable: addons /webcode/wechat/bada/Application/Common/Common/function.php 第 501 行.
NOTIC: [8] Undefined variable: addons /webcode/wechat/bada/Application/Common/Common/function.php 第 501 行.
NOTIC: [8] Undefined variable: addons /webcode/wechat/bada/Application/Common/Common/function.php 第 501 行.
NOTIC: [8] Undefined variable: addons /webcode/wechat/bada/Application/Common/Common/function.php 第 501 行.
NOTIC: [8] Undefined variable: addons /webcode/wechat/bada/Application/Common/Common/function.php 第 501 行.
NOTIC: [8] Undefined variable: addons /webcode/wechat/bada/Application/Common/Common/function.php 第 501 行.
NOTIC: [8] Undefined variable: addons /webcode/wechat/bada/Application/Common/Common/function.php 第 501 行.
NOTIC: [8] Undefined variable: addons /webcode/wechat/bada/Application/Common/Common/function.php 第 501 行.
NOTIC: [8] Undefined variable: addons /webcode/wechat/bada/Application/Common/Common/function.php 第 501 行.
NOTIC: [8] Undefined variable: addons /webcode/wechat/bada/Application/Common/Common/function.php 第 501 行.
NOTIC: [8] Undefined variable: addons /webcode/wechat/bada/Application/Common/Common/function.php 第 501 行.
NOTIC: [8] Undefined offset: 14 /webcode/wechat/bada/Application/Common/Model/MenuModel.class.php 第 98 行.
NOTIC: [8] Undefined offset: 14 /webcode/wechat/bada/Application/Common/Model/MenuModel.class.php 第 109 行.
NOTIC: [8] Undefined offset: 60 /webcode/wechat/bada/Application/Common/Model/MenuModel.class.php 第 98 行.
NOTIC: [8] Undefined offset: 60 /webcode/wechat/bada/Application/Common/Model/MenuModel.class.php 第 109 行.
NOTIC: [8] Undefined variable: addons /webcode/wechat/bada/Application/Common/Common/function.php 第 501 行.
NOTIC: [8] Undefined variable: addons /webcode/wechat/bada/Application/Common/Common/function.php 第 501 行.
NOTIC: [8] Undefined variable: addons /webcode/wechat/bada/Application/Common/Common/function.php 第 501 行.
NOTIC: [8] Undefined variable: addons /webcode/wechat/bada/Application/Common/Common/function.php 第 501 行.
NOTIC: [8] Undefined variable: addons /webcode/wechat/bada/Application/Common/Common/function.php 第 501 行.
NOTIC: [2] Invalid argument supplied for foreach() /webcode/wechat/bada/ThinkPHP/Library/Think/Controller.class.php 第 818 行.
NOTIC: [8] Use of undefined constant website_logo - assumed 'website_logo' /webcode/wechat/bada/Runtime/Cache/AutoReply/a11242f1bedc03de7f0b51729bcdeda3.php 第 64 行.
NOTIC: [8] Use of undefined constant headimgurl - assumed 'headimgurl' /webcode/wechat/bada/Runtime/Cache/AutoReply/a11242f1bedc03de7f0b51729bcdeda3.php 第 92 行.
NOTIC: [8] Undefined variable: output /webcode/wechat/bada/Application/Common/Common/function.php 第 1651 行.
NOTIC: [8] Undefined variable: core_side_category /webcode/wechat/bada/Runtime/Cache/AutoReply/a11242f1bedc03de7f0b51729bcdeda3.php 第 132 行.
NOTIC: [8] Undefined variable: del_url /webcode/wechat/bada/Runtime/Cache/AutoReply/a11242f1bedc03de7f0b51729bcdeda3.php 第 165 行.
NOTIC: [8] Use of undefined constant model - assumed 'model' /webcode/wechat/bada/Runtime/Cache/AutoReply/a11242f1bedc03de7f0b51729bcdeda3.php 第 174 行.
NOTIC: [8] Undefined variable: search_url /webcode/wechat/bada/Runtime/Cache/AutoReply/a11242f1bedc03de7f0b51729bcdeda3.php 第 174 行.

