[ 2017-12-04T10:38:28+08:00 ] 127.0.0.1 /index.php?s=/w16/Coupon/Coupon/lists.html&mdm=356
INFO: [ app_init ] --START--
INFO: Run Behavior\BuildLiteBehavior [ RunTime:0.000008s ]
INFO: Run Common\Behavior\InitHookBehavior [ RunTime:0.002084s ]
INFO: [ app_init ] --END-- [ RunTime:0.002574s ]
INFO: [ app_begin ] --START--
INFO: Run Behavior\ReadHtmlCacheBehavior [ RunTime:0.000707s ]
INFO: [ app_begin ] --END-- [ RunTime:0.000730s ]
INFO: [ view_parse ] --START--
INFO: [ template_filter ] --START--
INFO: Run Behavior\ContentReplaceBehavior [ RunTime:0.000176s ]
INFO: [ template_filter ] --END-- [ RunTime:0.000199s ]
INFO: Run Behavior\ParseTemplateBehavior [ RunTime:0.020319s ]
INFO: [ view_parse ] --END-- [ RunTime:0.020345s ]
INFO: [ view_filter ] --START--
INFO: Run Behavior\WriteHtmlCacheBehavior [ RunTime:0.000606s ]
INFO: [ view_filter ] --END-- [ RunTime:0.000665s ]
INFO: [ app_end ] --START--
INFO: Run Behavior\ShowPageTraceBehavior [ RunTime:0.002463s ]
INFO: Run Behavior\CronRunBehavior [ RunTime:0.002244s ]
INFO: [ app_end ] --END-- [ RunTime:0.004857s ]

