[ 2017-12-04T10:38:49+08:00 ] 127.0.0.1 /index.php?s=/w16/Leaflets/Leaflets/config.html&mdm=45|49
NOTIC: [2] Cannot declare class Think\Action, because the name is already in use /webcode/wechat/bada/ThinkPHP/Library/Think/ManageBaseController.class.php 第 316 行.
NOTIC: [2] Declaration of Addons\Leaflets\Controller\LeafletsController::show() should be compatible with Think\Controller::show($content, $charset = '', $contentType = '', $prefix = '') /webcode/wechat/bada/Addons/Leaflets/Controller/LeafletsController.class.php 第 7 行.
NOTIC: [2] unlink(./Runtime/Temp/bada_94574941375bff72e465162aea5c280d.php): No such file or directory /webcode/wechat/bada/ThinkPHP/Library/Think/Cache/Driver/File.class.php 第 157 行.
NOTIC: [2] Invalid argument supplied for foreach() /webcode/wechat/bada/Addons/Card/Model/CardCustomModel.class.php 第 20 行.
NOTIC: [8] Undefined index: uid /webcode/wechat/bada/ThinkPHP/Library/Think/ManageBaseController.class.php 第 155 行.
NOTIC: [8] Undefined variable: tongji_code /webcode/wechat/bada/ThinkPHP/Library/Think/ManageBaseController.class.php 第 122 行.
NOTIC: [8] Undefined index: group_id /webcode/wechat/bada/Application/Common/Model/AddonStatusModel.class.php 第 50 行.
NOTIC: [8] Undefined variable: addons /webcode/wechat/bada/Application/Common/Common/function.php 第 501 行.
NOTIC: [8] Undefined variable: addons /webcode/wechat/bada/Application/Common/Common/function.php 第 501 行.
NOTIC: [8] Undefined variable: addons /webcode/wechat/bada/Application/Common/Common/function.php 第 501 行.
NOTIC: [8] Undefined variable: addons /webcode/wechat/bada/Application/Common/Common/function.php 第 501 行.
NOTIC: [8] Undefined variable: addons /webcode/wechat/bada/Application/Common/Common/function.php 第 501 行.
NOTIC: [8] Undefined variable: addons /webcode/wechat/bada/Application/Common/Common/function.php 第 501 行.
NOTIC: [8] Undefined variable: addons /webcode/wechat/bada/Application/Common/Common/function.php 第 501 行.
NOTIC: [8] Undefined variable: addons /webcode/wechat/bada/Application/Common/Common/function.php 第 501 行.
NOTIC: [8] Undefined variable: addons /webcode/wechat/bada/Application/Common/Common/function.php 第 501 行.
NOTIC: [8] Undefined variable: addons /webcode/wechat/bada/Application/Common/Common/function.php 第 501 行.
NOTIC: [8] Undefined variable: addons /webcode/wechat/bada/Application/Common/Common/function.php 第 501 行.
NOTIC: [8] Undefined variable: addons /webcode/wechat/bada/Application/Common/Common/function.php 第 501 行.
NOTIC: [8] Undefined variable: addons /webcode/wechat/bada/Application/Common/Common/function.php 第 501 行.
NOTIC: [8] Undefined variable: addons /webcode/wechat/bada/Application/Common/Common/function.php 第 501 行.
NOTIC: [8] Undefined variable: addons /webcode/wechat/bada/Application/Common/Common/function.php 第 501 行.
NOTIC: [8] Undefined variable: addons /webcode/wechat/bada/Application/Common/Common/function.php 第 501 行.
NOTIC: [8] Undefined variable: addons /webcode/wechat/bada/Application/Common/Common/function.php 第 501 行.
NOTIC: [8] Undefined variable: addons /webcode/wechat/bada/Application/Common/Common/function.php 第 501 行.
NOTIC: [8] Undefined variable: addons /webcode/wechat/bada/Application/Common/Common/function.php 第 501 行.
NOTIC: [8] Undefined variable: addons /webcode/wechat/bada/Application/Common/Common/function.php 第 501 行.
NOTIC: [8] Undefined variable: addons /webcode/wechat/bada/Application/Common/Common/function.php 第 501 行.
NOTIC: [8] Undefined variable: addons /webcode/wechat/bada/Application/Common/Common/function.php 第 501 行.
NOTIC: [8] Undefined variable: addons /webcode/wechat/bada/Application/Common/Common/function.php 第 501 行.
NOTIC: [8] Undefined variable: addons /webcode/wechat/bada/Application/Common/Common/function.php 第 501 行.
NOTIC: [8] Undefined variable: addons /webcode/wechat/bada/Application/Common/Common/function.php 第 501 行.
NOTIC: [8] Undefined variable: addons /webcode/wechat/bada/Application/Common/Common/function.php 第 501 行.
NOTIC: [8] Undefined variable: addons /webcode/wechat/bada/Application/Common/Common/function.php 第 501 行.
NOTIC: [8] Undefined variable: addons /webcode/wechat/bada/Application/Common/Common/function.php 第 501 行.
NOTIC: [8] Undefined variable: addons /webcode/wechat/bada/Application/Common/Common/function.php 第 501 行.
NOTIC: [8] Undefined variable: addons /webcode/wechat/bada/Application/Common/Common/function.php 第 501 行.
NOTIC: [8] Undefined variable: addons /webcode/wechat/bada/Application/Common/Common/function.php 第 501 行.
NOTIC: [8] Undefined variable: addons /webcode/wechat/bada/Application/Common/Common/function.php 第 501 行.
NOTIC: [8] Undefined variable: addons /webcode/wechat/bada/Application/Common/Common/function.php 第 501 行.
NOTIC: [8] Undefined variable: addons /webcode/wechat/bada/Application/Common/Common/function.php 第 501 行.
NOTIC: [8] Undefined variable: addons /webcode/wechat/bada/Application/Common/Common/function.php 第 501 行.
NOTIC: [8] Undefined variable: addons /webcode/wechat/bada/Application/Common/Common/function.php 第 501 行.
NOTIC: [8] Undefined variable: addons /webcode/wechat/bada/Application/Common/Common/function.php 第 501 行.
NOTIC: [8] Undefined variable: addons /webcode/wechat/bada/Application/Common/Common/function.php 第 501 行.
NOTIC: [8] Undefined variable: addons /webcode/wechat/bada/Application/Common/Common/function.php 第 501 行.
NOTIC: [8] Undefined variable: addons /webcode/wechat/bada/Application/Common/Common/function.php 第 501 行.
NOTIC: [8] Undefined variable: addons /webcode/wechat/bada/Application/Common/Common/function.php 第 501 行.
NOTIC: [8] Undefined variable: addons /webcode/wechat/bada/Application/Common/Common/function.php 第 501 行.
NOTIC: [8] Undefined variable: addons /webcode/wechat/bada/Application/Common/Common/function.php 第 501 行.
NOTIC: [8] Undefined variable: addons /webcode/wechat/bada/Application/Common/Common/function.php 第 501 行.
NOTIC: [8] Undefined variable: addons /webcode/wechat/bada/Application/Common/Common/function.php 第 501 行.
NOTIC: [8] Undefined variable: addons /webcode/wechat/bada/Application/Common/Common/function.php 第 501 行.
NOTIC: [8] Undefined variable: addons /webcode/wechat/bada/Application/Common/Common/function.php 第 501 行.
NOTIC: [8] Undefined variable: addons /webcode/wechat/bada/Application/Common/Common/function.php 第 501 行.
NOTIC: [8] Undefined variable: addons /webcode/wechat/bada/Application/Common/Common/function.php 第 501 行.
NOTIC: [8] Undefined offset: 14 /webcode/wechat/bada/Application/Common/Model/MenuModel.class.php 第 98 行.
NOTIC: [8] Undefined offset: 14 /webcode/wechat/bada/Application/Common/Model/MenuModel.class.php 第 109 行.
NOTIC: [8] Undefined offset: 60 /webcode/wechat/bada/Application/Common/Model/MenuModel.class.php 第 98 行.
NOTIC: [8] Undefined offset: 60 /webcode/wechat/bada/Application/Common/Model/MenuModel.class.php 第 109 行.
NOTIC: [8] Undefined index: img /webcode/wechat/bada/Addons/Leaflets/Controller/LeafletsController.class.php 第 12 行.
NOTIC: [2] unlink(./Runtime/Temp/bada_9e0e059d68fe12d027cdfbaa9407106d.php): No such file or directory /webcode/wechat/bada/ThinkPHP/Library/Think/Cache/Driver/File.class.php 第 157 行.
NOTIC: [2] unlink(./Runtime/Temp/bada_9e0e059d68fe12d027cdfbaa9407106d.php): No such file or directory /webcode/wechat/bada/ThinkPHP/Library/Think/Cache/Driver/File.class.php 第 157 行.
NOTIC: [8] Undefined index: Leaflets /webcode/wechat/bada/Application/Common/Model/AddonConfigModel.class.php 第 136 行.
NOTIC: [8] Array to string conversion /webcode/wechat/bada/Application/Common/Model/AddonConfigModel.class.php 第 146 行.
NOTIC: [8] Use of undefined constant website_logo - assumed 'website_logo' /webcode/wechat/bada/Runtime/Cache/Leaflets/354d2dcbb2e9a71377f299bd1bcf350c.php 第 64 行.
NOTIC: [8] Use of undefined constant headimgurl - assumed 'headimgurl' /webcode/wechat/bada/Runtime/Cache/Leaflets/354d2dcbb2e9a71377f299bd1bcf350c.php 第 92 行.
NOTIC: [8] Undefined variable: output /webcode/wechat/bada/Application/Common/Common/function.php 第 1651 行.
NOTIC: [8] Undefined variable: core_side_category /webcode/wechat/bada/Runtime/Cache/Leaflets/354d2dcbb2e9a71377f299bd1bcf350c.php 第 132 行.
NOTIC: [8] Undefined index: title /webcode/wechat/bada/Runtime/Cache/Leaflets/354d2dcbb2e9a71377f299bd1bcf350c.php 第 253 行.
NOTIC: [8] Undefined index: info /webcode/wechat/bada/Runtime/Cache/Leaflets/354d2dcbb2e9a71377f299bd1bcf350c.php 第 259 行.
NOTIC: [8] Undefined index: copyright /webcode/wechat/bada/Runtime/Cache/Leaflets/354d2dcbb2e9a71377f299bd1bcf350c.php 第 261 行.

[ 2017-12-04T10:39:27+08:00 ] 127.0.0.1 /index.php?s=/w16/Leaflets/Leaflets/config.html
NOTIC: [2] Cannot declare class Think\Action, because the name is already in use /webcode/wechat/bada/ThinkPHP/Library/Think/ManageBaseController.class.php 第 316 行.
NOTIC: [2] Declaration of Addons\Leaflets\Controller\LeafletsController::show() should be compatible with Think\Controller::show($content, $charset = '', $contentType = '', $prefix = '') /webcode/wechat/bada/Addons/Leaflets/Controller/LeafletsController.class.php 第 7 行.
NOTIC: [2] unlink(./Runtime/Temp/bada_94574941375bff72e465162aea5c280d.php): No such file or directory /webcode/wechat/bada/ThinkPHP/Library/Think/Cache/Driver/File.class.php 第 157 行.
NOTIC: [2] Invalid argument supplied for foreach() /webcode/wechat/bada/Addons/Card/Model/CardCustomModel.class.php 第 20 行.
NOTIC: [8] Undefined index: uid /webcode/wechat/bada/ThinkPHP/Library/Think/ManageBaseController.class.php 第 155 行.
NOTIC: [8] Undefined variable: tongji_code /webcode/wechat/bada/ThinkPHP/Library/Think/ManageBaseController.class.php 第 122 行.
NOTIC: [8] Undefined index: img /webcode/wechat/bada/Addons/Leaflets/Controller/LeafletsController.class.php 第 12 行.
NOTIC: [2] unlink(./Runtime/Temp/bada_9e0e059d68fe12d027cdfbaa9407106d.php): No such file or directory /webcode/wechat/bada/ThinkPHP/Library/Think/Cache/Driver/File.class.php 第 157 行.
NOTIC: [2] unlink(./Runtime/Temp/bada_9e0e059d68fe12d027cdfbaa9407106d.php): No such file or directory /webcode/wechat/bada/ThinkPHP/Library/Think/Cache/Driver/File.class.php 第 157 行.
NOTIC: [8] Undefined index: Leaflets /webcode/wechat/bada/Application/Common/Model/AddonConfigModel.class.php 第 28 行.

[ 2017-12-04T10:39:29+08:00 ] 127.0.0.1 /index.php?s=/w16/Leaflets/Leaflets/config.html&mdm=45|49
NOTIC: [2] Cannot declare class Think\Action, because the name is already in use /webcode/wechat/bada/ThinkPHP/Library/Think/ManageBaseController.class.php 第 316 行.
NOTIC: [2] Declaration of Addons\Leaflets\Controller\LeafletsController::show() should be compatible with Think\Controller::show($content, $charset = '', $contentType = '', $prefix = '') /webcode/wechat/bada/Addons/Leaflets/Controller/LeafletsController.class.php 第 7 行.
NOTIC: [2] unlink(./Runtime/Temp/bada_94574941375bff72e465162aea5c280d.php): No such file or directory /webcode/wechat/bada/ThinkPHP/Library/Think/Cache/Driver/File.class.php 第 157 行.
NOTIC: [2] Invalid argument supplied for foreach() /webcode/wechat/bada/Addons/Card/Model/CardCustomModel.class.php 第 20 行.
NOTIC: [8] Undefined index: uid /webcode/wechat/bada/ThinkPHP/Library/Think/ManageBaseController.class.php 第 155 行.
NOTIC: [8] Undefined variable: tongji_code /webcode/wechat/bada/ThinkPHP/Library/Think/ManageBaseController.class.php 第 122 行.
NOTIC: [8] Undefined index: group_id /webcode/wechat/bada/Application/Common/Model/AddonStatusModel.class.php 第 50 行.
NOTIC: [8] Undefined variable: addons /webcode/wechat/bada/Application/Common/Common/function.php 第 501 行.
NOTIC: [8] Undefined variable: addons /webcode/wechat/bada/Application/Common/Common/function.php 第 501 行.
NOTIC: [8] Undefined variable: addons /webcode/wechat/bada/Application/Common/Common/function.php 第 501 行.
NOTIC: [8] Undefined variable: addons /webcode/wechat/bada/Application/Common/Common/function.php 第 501 行.
NOTIC: [8] Undefined variable: addons /webcode/wechat/bada/Application/Common/Common/function.php 第 501 行.
NOTIC: [8] Undefined variable: addons /webcode/wechat/bada/Application/Common/Common/function.php 第 501 行.
NOTIC: [8] Undefined variable: addons /webcode/wechat/bada/Application/Common/Common/function.php 第 501 行.
NOTIC: [8] Undefined variable: addons /webcode/wechat/bada/Application/Common/Common/function.php 第 501 行.
NOTIC: [8] Undefined variable: addons /webcode/wechat/bada/Application/Common/Common/function.php 第 501 行.
NOTIC: [8] Undefined variable: addons /webcode/wechat/bada/Application/Common/Common/function.php 第 501 行.
NOTIC: [8] Undefined variable: addons /webcode/wechat/bada/Application/Common/Common/function.php 第 501 行.
NOTIC: [8] Undefined variable: addons /webcode/wechat/bada/Application/Common/Common/function.php 第 501 行.
NOTIC: [8] Undefined variable: addons /webcode/wechat/bada/Application/Common/Common/function.php 第 501 行.
NOTIC: [8] Undefined variable: addons /webcode/wechat/bada/Application/Common/Common/function.php 第 501 行.
NOTIC: [8] Undefined variable: addons /webcode/wechat/bada/Application/Common/Common/function.php 第 501 行.
NOTIC: [8] Undefined variable: addons /webcode/wechat/bada/Application/Common/Common/function.php 第 501 行.
NOTIC: [8] Undefined variable: addons /webcode/wechat/bada/Application/Common/Common/function.php 第 501 行.
NOTIC: [8] Undefined variable: addons /webcode/wechat/bada/Application/Common/Common/function.php 第 501 行.
NOTIC: [8] Undefined variable: addons /webcode/wechat/bada/Application/Common/Common/function.php 第 501 行.
NOTIC: [8] Undefined variable: addons /webcode/wechat/bada/Application/Common/Common/function.php 第 501 行.
NOTIC: [8] Undefined variable: addons /webcode/wechat/bada/Application/Common/Common/function.php 第 501 行.
NOTIC: [8] Undefined variable: addons /webcode/wechat/bada/Application/Common/Common/function.php 第 501 行.
NOTIC: [8] Undefined variable: addons /webcode/wechat/bada/Application/Common/Common/function.php 第 501 行.
NOTIC: [8] Undefined variable: addons /webcode/wechat/bada/Application/Common/Common/function.php 第 501 行.
NOTIC: [8] Undefined variable: addons /webcode/wechat/bada/Application/Common/Common/function.php 第 501 行.
NOTIC: [8] Undefined variable: addons /webcode/wechat/bada/Application/Common/Common/function.php 第 501 行.
NOTIC: [8] Undefined variable: addons /webcode/wechat/bada/Application/Common/Common/function.php 第 501 行.
NOTIC: [8] Undefined variable: addons /webcode/wechat/bada/Application/Common/Common/function.php 第 501 行.
NOTIC: [8] Undefined variable: addons /webcode/wechat/bada/Application/Common/Common/function.php 第 501 行.
NOTIC: [8] Undefined variable: addons /webcode/wechat/bada/Application/Common/Common/function.php 第 501 行.
NOTIC: [8] Undefined variable: addons /webcode/wechat/bada/Application/Common/Common/function.php 第 501 行.
NOTIC: [8] Undefined variable: addons /webcode/wechat/bada/Application/Common/Common/function.php 第 501 行.
NOTIC: [8] Undefined variable: addons /webcode/wechat/bada/Application/Common/Common/function.php 第 501 行.
NOTIC: [8] Undefined variable: addons /webcode/wechat/bada/Application/Common/Common/function.php 第 501 行.
NOTIC: [8] Undefined variable: addons /webcode/wechat/bada/Application/Common/Common/function.php 第 501 行.
NOTIC: [8] Undefined variable: addons /webcode/wechat/bada/Application/Common/Common/function.php 第 501 行.
NOTIC: [8] Undefined variable: addons /webcode/wechat/bada/Application/Common/Common/function.php 第 501 行.
NOTIC: [8] Undefined variable: addons /webcode/wechat/bada/Application/Common/Common/function.php 第 501 行.
NOTIC: [8] Undefined variable: addons /webcode/wechat/bada/Application/Common/Common/function.php 第 501 行.
NOTIC: [8] Undefined variable: addons /webcode/wechat/bada/Application/Common/Common/function.php 第 501 行.
NOTIC: [8] Undefined variable: addons /webcode/wechat/bada/Application/Common/Common/function.php 第 501 行.
NOTIC: [8] Undefined variable: addons /webcode/wechat/bada/Application/Common/Common/function.php 第 501 行.
NOTIC: [8] Undefined variable: addons /webcode/wechat/bada/Application/Common/Common/function.php 第 501 行.
NOTIC: [8] Undefined variable: addons /webcode/wechat/bada/Application/Common/Common/function.php 第 501 行.
NOTIC: [8] Undefined variable: addons /webcode/wechat/bada/Application/Common/Common/function.php 第 501 行.
NOTIC: [8] Undefined variable: addons /webcode/wechat/bada/Application/Common/Common/function.php 第 501 行.
NOTIC: [8] Undefined variable: addons /webcode/wechat/bada/Application/Common/Common/function.php 第 501 行.
NOTIC: [8] Undefined variable: addons /webcode/wechat/bada/Application/Common/Common/function.php 第 501 行.
NOTIC: [8] Undefined variable: addons /webcode/wechat/bada/Application/Common/Common/function.php 第 501 行.
NOTIC: [8] Undefined offset: 14 /webcode/wechat/bada/Application/Common/Model/MenuModel.class.php 第 98 行.
NOTIC: [8] Undefined offset: 14 /webcode/wechat/bada/Application/Common/Model/MenuModel.class.php 第 109 行.
NOTIC: [8] Undefined offset: 60 /webcode/wechat/bada/Application/Common/Model/MenuModel.class.php 第 98 行.
NOTIC: [8] Undefined offset: 60 /webcode/wechat/bada/Application/Common/Model/MenuModel.class.php 第 109 行.
NOTIC: [2] unlink(./Runtime/Temp/bada_9e0e059d68fe12d027cdfbaa9407106d.php): No such file or directory /webcode/wechat/bada/ThinkPHP/Library/Think/Cache/Driver/File.class.php 第 157 行.
NOTIC: [2] unlink(./Runtime/Temp/bada_9e0e059d68fe12d027cdfbaa9407106d.php): No such file or directory /webcode/wechat/bada/ThinkPHP/Library/Think/Cache/Driver/File.class.php 第 157 行.
NOTIC: [8] Array to string conversion /webcode/wechat/bada/Application/Common/Model/AddonConfigModel.class.php 第 146 行.
NOTIC: [8] Use of undefined constant website_logo - assumed 'website_logo' /webcode/wechat/bada/Runtime/Cache/Leaflets/354d2dcbb2e9a71377f299bd1bcf350c.php 第 64 行.
NOTIC: [8] Use of undefined constant headimgurl - assumed 'headimgurl' /webcode/wechat/bada/Runtime/Cache/Leaflets/354d2dcbb2e9a71377f299bd1bcf350c.php 第 92 行.
NOTIC: [8] Undefined variable: output /webcode/wechat/bada/Application/Common/Common/function.php 第 1651 行.
NOTIC: [8] Undefined variable: core_side_category /webcode/wechat/bada/Runtime/Cache/Leaflets/354d2dcbb2e9a71377f299bd1bcf350c.php 第 132 行.

[ 2017-12-04T10:39:30+08:00 ] 127.0.0.1 /index.php?s=/w16/Leaflets/Leaflets/config.html&mdm=45|49
NOTIC: [2] Cannot declare class Think\Action, because the name is already in use /webcode/wechat/bada/ThinkPHP/Library/Think/ManageBaseController.class.php 第 316 行.
NOTIC: [2] Declaration of Addons\Leaflets\Controller\LeafletsController::show() should be compatible with Think\Controller::show($content, $charset = '', $contentType = '', $prefix = '') /webcode/wechat/bada/Addons/Leaflets/Controller/LeafletsController.class.php 第 7 行.
NOTIC: [2] unlink(./Runtime/Temp/bada_94574941375bff72e465162aea5c280d.php): No such file or directory /webcode/wechat/bada/ThinkPHP/Library/Think/Cache/Driver/File.class.php 第 157 行.
NOTIC: [2] Invalid argument supplied for foreach() /webcode/wechat/bada/Addons/Card/Model/CardCustomModel.class.php 第 20 行.
NOTIC: [8] Undefined index: uid /webcode/wechat/bada/ThinkPHP/Library/Think/ManageBaseController.class.php 第 155 行.
NOTIC: [8] Undefined variable: tongji_code /webcode/wechat/bada/ThinkPHP/Library/Think/ManageBaseController.class.php 第 122 行.
NOTIC: [8] Undefined index: group_id /webcode/wechat/bada/Application/Common/Model/AddonStatusModel.class.php 第 50 行.
NOTIC: [8] Undefined variable: addons /webcode/wechat/bada/Application/Common/Common/function.php 第 501 行.
NOTIC: [8] Undefined variable: addons /webcode/wechat/bada/Application/Common/Common/function.php 第 501 行.
NOTIC: [8] Undefined variable: addons /webcode/wechat/bada/Application/Common/Common/function.php 第 501 行.
NOTIC: [8] Undefined variable: addons /webcode/wechat/bada/Application/Common/Common/function.php 第 501 行.
NOTIC: [8] Undefined variable: addons /webcode/wechat/bada/Application/Common/Common/function.php 第 501 行.
NOTIC: [8] Undefined variable: addons /webcode/wechat/bada/Application/Common/Common/function.php 第 501 行.
NOTIC: [8] Undefined variable: addons /webcode/wechat/bada/Application/Common/Common/function.php 第 501 行.
NOTIC: [8] Undefined variable: addons /webcode/wechat/bada/Application/Common/Common/function.php 第 501 行.
NOTIC: [8] Undefined variable: addons /webcode/wechat/bada/Application/Common/Common/function.php 第 501 行.
NOTIC: [8] Undefined variable: addons /webcode/wechat/bada/Application/Common/Common/function.php 第 501 行.
NOTIC: [8] Undefined variable: addons /webcode/wechat/bada/Application/Common/Common/function.php 第 501 行.
NOTIC: [8] Undefined variable: addons /webcode/wechat/bada/Application/Common/Common/function.php 第 501 行.
NOTIC: [8] Undefined variable: addons /webcode/wechat/bada/Application/Common/Common/function.php 第 501 行.
NOTIC: [8] Undefined variable: addons /webcode/wechat/bada/Application/Common/Common/function.php 第 501 行.
NOTIC: [8] Undefined variable: addons /webcode/wechat/bada/Application/Common/Common/function.php 第 501 行.
NOTIC: [8] Undefined variable: addons /webcode/wechat/bada/Application/Common/Common/function.php 第 501 行.
NOTIC: [8] Undefined variable: addons /webcode/wechat/bada/Application/Common/Common/function.php 第 501 行.
NOTIC: [8] Undefined variable: addons /webcode/wechat/bada/Application/Common/Common/function.php 第 501 行.
NOTIC: [8] Undefined variable: addons /webcode/wechat/bada/Application/Common/Common/function.php 第 501 行.
NOTIC: [8] Undefined variable: addons /webcode/wechat/bada/Application/Common/Common/function.php 第 501 行.
NOTIC: [8] Undefined variable: addons /webcode/wechat/bada/Application/Common/Common/function.php 第 501 行.
NOTIC: [8] Undefined variable: addons /webcode/wechat/bada/Application/Common/Common/function.php 第 501 行.
NOTIC: [8] Undefined variable: addons /webcode/wechat/bada/Application/Common/Common/function.php 第 501 行.
NOTIC: [8] Undefined variable: addons /webcode/wechat/bada/Application/Common/Common/function.php 第 501 行.
NOTIC: [8] Undefined variable: addons /webcode/wechat/bada/Application/Common/Common/function.php 第 501 行.
NOTIC: [8] Undefined variable: addons /webcode/wechat/bada/Application/Common/Common/function.php 第 501 行.
NOTIC: [8] Undefined variable: addons /webcode/wechat/bada/Application/Common/Common/function.php 第 501 行.
NOTIC: [8] Undefined variable: addons /webcode/wechat/bada/Application/Common/Common/function.php 第 501 行.
NOTIC: [8] Undefined variable: addons /webcode/wechat/bada/Application/Common/Common/function.php 第 501 行.
NOTIC: [8] Undefined variable: addons /webcode/wechat/bada/Application/Common/Common/function.php 第 501 行.
NOTIC: [8] Undefined variable: addons /webcode/wechat/bada/Application/Common/Common/function.php 第 501 行.
NOTIC: [8] Undefined variable: addons /webcode/wechat/bada/Application/Common/Common/function.php 第 501 行.
NOTIC: [8] Undefined variable: addons /webcode/wechat/bada/Application/Common/Common/function.php 第 501 行.
NOTIC: [8] Undefined variable: addons /webcode/wechat/bada/Application/Common/Common/function.php 第 501 行.
NOTIC: [8] Undefined variable: addons /webcode/wechat/bada/Application/Common/Common/function.php 第 501 行.
NOTIC: [8] Undefined variable: addons /webcode/wechat/bada/Application/Common/Common/function.php 第 501 行.
NOTIC: [8] Undefined variable: addons /webcode/wechat/bada/Application/Common/Common/function.php 第 501 行.
NOTIC: [8] Undefined variable: addons /webcode/wechat/bada/Application/Common/Common/function.php 第 501 行.
NOTIC: [8] Undefined variable: addons /webcode/wechat/bada/Application/Common/Common/function.php 第 501 行.
NOTIC: [8] Undefined variable: addons /webcode/wechat/bada/Application/Common/Common/function.php 第 501 行.
NOTIC: [8] Undefined variable: addons /webcode/wechat/bada/Application/Common/Common/function.php 第 501 行.
NOTIC: [8] Undefined variable: addons /webcode/wechat/bada/Application/Common/Common/function.php 第 501 行.
NOTIC: [8] Undefined variable: addons /webcode/wechat/bada/Application/Common/Common/function.php 第 501 行.
NOTIC: [8] Undefined variable: addons /webcode/wechat/bada/Application/Common/Common/function.php 第 501 行.
NOTIC: [8] Undefined variable: addons /webcode/wechat/bada/Application/Common/Common/function.php 第 501 行.
NOTIC: [8] Undefined variable: addons /webcode/wechat/bada/Application/Common/Common/function.php 第 501 行.
NOTIC: [8] Undefined variable: addons /webcode/wechat/bada/Application/Common/Common/function.php 第 501 行.
NOTIC: [8] Undefined variable: addons /webcode/wechat/bada/Application/Common/Common/function.php 第 501 行.
NOTIC: [8] Undefined variable: addons /webcode/wechat/bada/Application/Common/Common/function.php 第 501 行.
NOTIC: [8] Undefined offset: 14 /webcode/wechat/bada/Application/Common/Model/MenuModel.class.php 第 98 行.
NOTIC: [8] Undefined offset: 14 /webcode/wechat/bada/Application/Common/Model/MenuModel.class.php 第 109 行.
NOTIC: [8] Undefined offset: 60 /webcode/wechat/bada/Application/Common/Model/MenuModel.class.php 第 98 行.
NOTIC: [8] Undefined offset: 60 /webcode/wechat/bada/Application/Common/Model/MenuModel.class.php 第 109 行.
NOTIC: [2] unlink(./Runtime/Temp/bada_9e0e059d68fe12d027cdfbaa9407106d.php): No such file or directory /webcode/wechat/bada/ThinkPHP/Library/Think/Cache/Driver/File.class.php 第 157 行.
NOTIC: [2] unlink(./Runtime/Temp/bada_9e0e059d68fe12d027cdfbaa9407106d.php): No such file or directory /webcode/wechat/bada/ThinkPHP/Library/Think/Cache/Driver/File.class.php 第 157 行.
NOTIC: [8] Array to string conversion /webcode/wechat/bada/Application/Common/Model/AddonConfigModel.class.php 第 146 行.
NOTIC: [8] Use of undefined constant website_logo - assumed 'website_logo' /webcode/wechat/bada/Runtime/Cache/Leaflets/354d2dcbb2e9a71377f299bd1bcf350c.php 第 64 行.
NOTIC: [8] Use of undefined constant headimgurl - assumed 'headimgurl' /webcode/wechat/bada/Runtime/Cache/Leaflets/354d2dcbb2e9a71377f299bd1bcf350c.php 第 92 行.
NOTIC: [8] Undefined variable: output /webcode/wechat/bada/Application/Common/Common/function.php 第 1651 行.
NOTIC: [8] Undefined variable: core_side_category /webcode/wechat/bada/Runtime/Cache/Leaflets/354d2dcbb2e9a71377f299bd1bcf350c.php 第 132 行.

[ 2017-12-04T10:39:32+08:00 ] 127.0.0.1 /index.php?s=/w16/Leaflets/Leaflets/config.html&mdm=45|49
NOTIC: [2] Cannot declare class Think\Action, because the name is already in use /webcode/wechat/bada/ThinkPHP/Library/Think/ManageBaseController.class.php 第 316 行.
NOTIC: [2] Declaration of Addons\Leaflets\Controller\LeafletsController::show() should be compatible with Think\Controller::show($content, $charset = '', $contentType = '', $prefix = '') /webcode/wechat/bada/Addons/Leaflets/Controller/LeafletsController.class.php 第 7 行.
NOTIC: [2] unlink(./Runtime/Temp/bada_94574941375bff72e465162aea5c280d.php): No such file or directory /webcode/wechat/bada/ThinkPHP/Library/Think/Cache/Driver/File.class.php 第 157 行.
NOTIC: [2] Invalid argument supplied for foreach() /webcode/wechat/bada/Addons/Card/Model/CardCustomModel.class.php 第 20 行.
NOTIC: [8] Undefined index: uid /webcode/wechat/bada/ThinkPHP/Library/Think/ManageBaseController.class.php 第 155 行.
NOTIC: [8] Undefined variable: tongji_code /webcode/wechat/bada/ThinkPHP/Library/Think/ManageBaseController.class.php 第 122 行.
NOTIC: [8] Undefined index: group_id /webcode/wechat/bada/Application/Common/Model/AddonStatusModel.class.php 第 50 行.
NOTIC: [8] Undefined variable: addons /webcode/wechat/bada/Application/Common/Common/function.php 第 501 行.
NOTIC: [8] Undefined variable: addons /webcode/wechat/bada/Application/Common/Common/function.php 第 501 行.
NOTIC: [8] Undefined variable: addons /webcode/wechat/bada/Application/Common/Common/function.php 第 501 行.
NOTIC: [8] Undefined variable: addons /webcode/wechat/bada/Application/Common/Common/function.php 第 501 行.
NOTIC: [8] Undefined variable: addons /webcode/wechat/bada/Application/Common/Common/function.php 第 501 行.
NOTIC: [8] Undefined variable: addons /webcode/wechat/bada/Application/Common/Common/function.php 第 501 行.
NOTIC: [8] Undefined variable: addons /webcode/wechat/bada/Application/Common/Common/function.php 第 501 行.
NOTIC: [8] Undefined variable: addons /webcode/wechat/bada/Application/Common/Common/function.php 第 501 行.
NOTIC: [8] Undefined variable: addons /webcode/wechat/bada/Application/Common/Common/function.php 第 501 行.
NOTIC: [8] Undefined variable: addons /webcode/wechat/bada/Application/Common/Common/function.php 第 501 行.
NOTIC: [8] Undefined variable: addons /webcode/wechat/bada/Application/Common/Common/function.php 第 501 行.
NOTIC: [8] Undefined variable: addons /webcode/wechat/bada/Application/Common/Common/function.php 第 501 行.
NOTIC: [8] Undefined variable: addons /webcode/wechat/bada/Application/Common/Common/function.php 第 501 行.
NOTIC: [8] Undefined variable: addons /webcode/wechat/bada/Application/Common/Common/function.php 第 501 行.
NOTIC: [8] Undefined variable: addons /webcode/wechat/bada/Application/Common/Common/function.php 第 501 行.
NOTIC: [8] Undefined variable: addons /webcode/wechat/bada/Application/Common/Common/function.php 第 501 行.
NOTIC: [8] Undefined variable: addons /webcode/wechat/bada/Application/Common/Common/function.php 第 501 行.
NOTIC: [8] Undefined variable: addons /webcode/wechat/bada/Application/Common/Common/function.php 第 501 行.
NOTIC: [8] Undefined variable: addons /webcode/wechat/bada/Application/Common/Common/function.php 第 501 行.
NOTIC: [8] Undefined variable: addons /webcode/wechat/bada/Application/Common/Common/function.php 第 501 行.
NOTIC: [8] Undefined variable: addons /webcode/wechat/bada/Application/Common/Common/function.php 第 501 行.
NOTIC: [8] Undefined variable: addons /webcode/wechat/bada/Application/Common/Common/function.php 第 501 行.
NOTIC: [8] Undefined variable: addons /webcode/wechat/bada/Application/Common/Common/function.php 第 501 行.
NOTIC: [8] Undefined variable: addons /webcode/wechat/bada/Application/Common/Common/function.php 第 501 行.
NOTIC: [8] Undefined variable: addons /webcode/wechat/bada/Application/Common/Common/function.php 第 501 行.
NOTIC: [8] Undefined variable: addons /webcode/wechat/bada/Application/Common/Common/function.php 第 501 行.
NOTIC: [8] Undefined variable: addons /webcode/wechat/bada/Application/Common/Common/function.php 第 501 行.
NOTIC: [8] Undefined variable: addons /webcode/wechat/bada/Application/Common/Common/function.php 第 501 行.
NOTIC: [8] Undefined variable: addons /webcode/wechat/bada/Application/Common/Common/function.php 第 501 行.
NOTIC: [8] Undefined variable: addons /webcode/wechat/bada/Application/Common/Common/function.php 第 501 行.
NOTIC: [8] Undefined variable: addons /webcode/wechat/bada/Application/Common/Common/function.php 第 501 行.
NOTIC: [8] Undefined variable: addons /webcode/wechat/bada/Application/Common/Common/function.php 第 501 行.
NOTIC: [8] Undefined variable: addons /webcode/wechat/bada/Application/Common/Common/function.php 第 501 行.
NOTIC: [8] Undefined variable: addons /webcode/wechat/bada/Application/Common/Common/function.php 第 501 行.
NOTIC: [8] Undefined variable: addons /webcode/wechat/bada/Application/Common/Common/function.php 第 501 行.
NOTIC: [8] Undefined variable: addons /webcode/wechat/bada/Application/Common/Common/function.php 第 501 行.
NOTIC: [8] Undefined variable: addons /webcode/wechat/bada/Application/Common/Common/function.php 第 501 行.
NOTIC: [8] Undefined variable: addons /webcode/wechat/bada/Application/Common/Common/function.php 第 501 行.
NOTIC: [8] Undefined variable: addons /webcode/wechat/bada/Application/Common/Common/function.php 第 501 行.
NOTIC: [8] Undefined variable: addons /webcode/wechat/bada/Application/Common/Common/function.php 第 501 行.
NOTIC: [8] Undefined variable: addons /webcode/wechat/bada/Application/Common/Common/function.php 第 501 行.
NOTIC: [8] Undefined variable: addons /webcode/wechat/bada/Application/Common/Common/function.php 第 501 行.
NOTIC: [8] Undefined variable: addons /webcode/wechat/bada/Application/Common/Common/function.php 第 501 行.
NOTIC: [8] Undefined variable: addons /webcode/wechat/bada/Application/Common/Common/function.php 第 501 行.
NOTIC: [8] Undefined variable: addons /webcode/wechat/bada/Application/Common/Common/function.php 第 501 行.
NOTIC: [8] Undefined variable: addons /webcode/wechat/bada/Application/Common/Common/function.php 第 501 行.
NOTIC: [8] Undefined variable: addons /webcode/wechat/bada/Application/Common/Common/function.php 第 501 行.
NOTIC: [8] Undefined variable: addons /webcode/wechat/bada/Application/Common/Common/function.php 第 501 行.
NOTIC: [8] Undefined variable: addons /webcode/wechat/bada/Application/Common/Common/function.php 第 501 行.
NOTIC: [8] Undefined offset: 14 /webcode/wechat/bada/Application/Common/Model/MenuModel.class.php 第 98 行.
NOTIC: [8] Undefined offset: 14 /webcode/wechat/bada/Application/Common/Model/MenuModel.class.php 第 109 行.
NOTIC: [8] Undefined offset: 60 /webcode/wechat/bada/Application/Common/Model/MenuModel.class.php 第 98 行.
NOTIC: [8] Undefined offset: 60 /webcode/wechat/bada/Application/Common/Model/MenuModel.class.php 第 109 行.
NOTIC: [2] unlink(./Runtime/Temp/bada_9e0e059d68fe12d027cdfbaa9407106d.php): No such file or directory /webcode/wechat/bada/ThinkPHP/Library/Think/Cache/Driver/File.class.php 第 157 行.
NOTIC: [2] unlink(./Runtime/Temp/bada_9e0e059d68fe12d027cdfbaa9407106d.php): No such file or directory /webcode/wechat/bada/ThinkPHP/Library/Think/Cache/Driver/File.class.php 第 157 行.
NOTIC: [8] Array to string conversion /webcode/wechat/bada/Application/Common/Model/AddonConfigModel.class.php 第 146 行.
NOTIC: [8] Use of undefined constant website_logo - assumed 'website_logo' /webcode/wechat/bada/Runtime/Cache/Leaflets/354d2dcbb2e9a71377f299bd1bcf350c.php 第 64 行.
NOTIC: [8] Use of undefined constant headimgurl - assumed 'headimgurl' /webcode/wechat/bada/Runtime/Cache/Leaflets/354d2dcbb2e9a71377f299bd1bcf350c.php 第 92 行.
NOTIC: [8] Undefined variable: output /webcode/wechat/bada/Application/Common/Common/function.php 第 1651 行.
NOTIC: [8] Undefined variable: core_side_category /webcode/wechat/bada/Runtime/Cache/Leaflets/354d2dcbb2e9a71377f299bd1bcf350c.php 第 132 行.

