[ 2017-12-03T07:31:28+08:00 ] 223.72.84.48 /index.php?s=/w16/WeiSite/Wap/index.html&nsukey=Ng7THdiQ74cZ7gx6vk%2Bn8y%2FQK18UMaCwhjGEaUyCCJOD2zvxwSBgWamuKWODnwyr74MYKds269aUTdogAVUNFOsOsXmafnYDPXbLbCtg8phg1QrZZf9VfmmI0F6JiXWWJGCx%2B0c1b2KDjq5a0Zv10cvdURY2gqUm2ymT3cMGHV6NspnYWbbE6AO5zLXpgGBRCtxquijAS8T93C5R1c1mSw%3D%3D
INFO: [ app_init ] --START--
INFO: Run Behavior\BuildLiteBehavior [ RunTime:0.000005s ]
INFO: Run Common\Behavior\InitHookBehavior [ RunTime:0.000668s ]
INFO: [ app_init ] --END-- [ RunTime:0.000857s ]
INFO: [ app_begin ] --START--
INFO: Run Behavior\ReadHtmlCacheBehavior [ RunTime:0.000247s ]
INFO: [ app_begin ] --END-- [ RunTime:0.000261s ]
INFO: [ view_parse ] --START--
INFO: [ template_filter ] --START--
INFO: Run Behavior\ContentReplaceBehavior [ RunTime:0.000025s ]
INFO: [ template_filter ] --END-- [ RunTime:0.000046s ]
INFO: Run Behavior\ParseTemplateBehavior [ RunTime:0.004794s ]
INFO: [ view_parse ] --END-- [ RunTime:0.004813s ]
INFO: [ view_filter ] --START--
INFO: Run Behavior\WriteHtmlCacheBehavior [ RunTime:0.000092s ]
INFO: [ view_filter ] --END-- [ RunTime:0.000105s ]
INFO: [ view_parse ] --START--
INFO: [ template_filter ] --START--
INFO: Run Behavior\ContentReplaceBehavior [ RunTime:0.000070s ]
INFO: [ template_filter ] --END-- [ RunTime:-0.002109s ]
INFO: Run Behavior\ParseTemplateBehavior [ RunTime:0.002024s ]
INFO: [ view_parse ] --END-- [ RunTime:-0.000180s ]
INFO: [ view_filter ] --START--
INFO: Run Behavior\WriteHtmlCacheBehavior [ RunTime:0.000003s ]
INFO: [ view_filter ] --END-- [ RunTime:-0.002126s ]
INFO: [ app_end ] --START--
INFO: Run Behavior\ShowPageTraceBehavior [ RunTime:0.000231s ]
INFO: [ app_end ] --END-- [ RunTime:0.000245s ]

