[ 2017-12-02T19:01:10+08:00 ] 223.72.84.48 /index.php?s=/w16/WeiSite/WeiSite/config.html
SQL: SELECT * FROM `wp_card_custom` WHERE `token` = 'gh_474547030e87'  [ RunTime:0.0001s ]
SQL: SELECT * FROM `wp_apps_link` WHERE `uid` = 1  [ RunTime:0.0001s ]
SQL: SELECT * FROM `wp_menu` WHERE `place` = 0 AND `is_hide` = 0 ORDER BY sort asc, id asc  [ RunTime:0.0001s ]
SQL: SHOW COLUMNS FROM `wp_addons` [ RunTime:0.0004s ]

[ 2017-12-02T19:01:24+08:00 ] 223.72.84.48 /index.php?s=/w16/WeiSite/Wap/index.html
SQL: SELECT * FROM `wp_card_custom` WHERE `token` = 'gh_474547030e87'  [ RunTime:0.0001s ]
SQL: SELECT `token` FROM `wp_apps` WHERE `appid` = 'wx4ff46ba85853f83c' LIMIT 1   [ RunTime:0.0001s ]
SQL: SHOW COLUMNS FROM `wp_weisite_category` [ RunTime:0.0006s ]
SQL: SELECT * FROM `wp_weisite_category` WHERE `token` = 'gh_474547030e87' AND `is_show` = 1 AND `pid` = 0 ORDER BY sort asc, id desc  [ RunTime:0.0002s ]
SQL: SHOW COLUMNS FROM `wp_weisite_slideshow` [ RunTime:0.0003s ]
SQL: SELECT * FROM `wp_weisite_slideshow` WHERE `token` = 'gh_474547030e87' AND `is_show` = 1 ORDER BY sort asc, id desc  [ RunTime:0.0001s ]
SQL: SHOW COLUMNS FROM `wp_weisite_footer` [ RunTime:0.0004s ]
SQL: SELECT * FROM `wp_weisite_footer` WHERE `token` = 'gh_474547030e87' ORDER BY pid asc, sort asc  [ RunTime:0.0001s ]

[ 2017-12-02T19:01:27+08:00 ] 223.72.84.48 /index.php?s=/w16/WeiSite/Wap/index.html
SQL: SELECT * FROM `wp_card_custom` WHERE `token` = 'gh_474547030e87'  [ RunTime:0.0001s ]
SQL: SELECT `token` FROM `wp_apps` WHERE `appid` = 'wx4ff46ba85853f83c' LIMIT 1   [ RunTime:0.0001s ]
SQL: SELECT * FROM `wp_weisite_category` WHERE `token` = 'gh_474547030e87' AND `is_show` = 1 AND `pid` = 0 ORDER BY sort asc, id desc  [ RunTime:0.0001s ]
SQL: SELECT * FROM `wp_weisite_slideshow` WHERE `token` = 'gh_474547030e87' AND `is_show` = 1 ORDER BY sort asc, id desc  [ RunTime:0.0001s ]
SQL: SELECT * FROM `wp_weisite_footer` WHERE `token` = 'gh_474547030e87' ORDER BY pid asc, sort asc  [ RunTime:0.0001s ]

[ 2017-12-02T19:01:39+08:00 ] 113.96.218.51 /index.php?s=/w16/WeiSite/Wap/index/openid/o6Q1R0st8m1w5grLipcMV7Rfib58.html&openid=o6Q1R0st8m1w5grLipcMV7Rfib58&nsukey=cqQya5w7y8WBU%2Bt0Ou6LNJPthizPZk0tIIT8z7uTi78rEzUB88W2bIxITG8MPTSOo56Bx3k29oOLMjXJZUmLNsvtBMoDD%2FHccdAylmfUSLtx1o9WpN4ktbtTDaChTYsAikplDFj5EBLMtzOlTc83agdF3wJEdLp1NiHfe%2F4hEdTBPVGAUGsU9uzFrc7gR%2B7VTfOSvjIqS6xTL7hXJ9gCxw%3D%3D
SQL: SELECT * FROM `wp_card_custom` WHERE `token` = 'gh_474547030e87'  [ RunTime:0.0001s ]
SQL: SELECT `token` FROM `wp_apps` WHERE `appid` = 'wx4ff46ba85853f83c' LIMIT 1   [ RunTime:0.0001s ]
SQL: SELECT * FROM `wp_manager` LIMIT 1   [ RunTime:0.0002s ]

[ 2017-12-02T19:01:42+08:00 ] 113.96.218.51 /index.php?s=/w16/WeiSite/Wap/index.html&nsukey=cqQya5w7y8WBU%2Bt0Ou6LNJPthizPZk0tIIT8z7uTi78rEzUB88W2bIxITG8MPTSOo56Bx3k29oOLMjXJZUmLNsvtBMoDD%2FHccdAylmfUSLtx1o9WpN4ktbtTDaChTYsAikplDFj5EBLMtzOlTc83agdF3wJEdLp1NiHfe%2F4hEdTBPVGAUGsU9uzFrc7gR%2B7VTfOSvjIqS6xTL7hXJ9gCxw%3D%3D
SQL: SELECT * FROM `wp_card_custom` WHERE `token` = 'gh_474547030e87'  [ RunTime:0.0001s ]
SQL: SELECT `token` FROM `wp_apps` WHERE `appid` = 'wx4ff46ba85853f83c' LIMIT 1   [ RunTime:0.0001s ]
SQL: SELECT `uid` FROM `wp_apps_follow` WHERE `openid` = 'o6Q1R0st8m1w5grLipcMV7Rfib58' AND `token` = 'gh_474547030e87' LIMIT 1   [ RunTime:0.0003s ]
SQL: SELECT * FROM `wp_user` WHERE `uid` = 159 LIMIT 1   [ RunTime:0.0002s ]
SQL: SELECT `uid`,`has_public`,`headface_url`,`GammaAppId`,`GammaSecret`,`copy_right`,`tongji_code`,`website_logo` FROM `wp_manager` WHERE ( uid='159' ) LIMIT 1   [ RunTime:0.0001s ]
SQL: SHOW COLUMNS FROM `wp_auth_group_access` [ RunTime:0.0003s ]
SQL: SELECT a.group_id,g.title,g.type,g.icon FROM wp_auth_group_access a INNER JOIN wp_auth_group g on a.group_id=g.id  WHERE ( a.uid='159' and g.status='1' )  [ RunTime:0.0001s ]
SQL: SELECT `openid`,`token`,`uid`,`has_subscribe`,`syc_status`,`remark` FROM `wp_apps_follow` WHERE ( uid='159' )  [ RunTime:0.0001s ]
SQL: SELECT `tag_id` FROM `wp_user_tag_link` WHERE `uid` = 159  [ RunTime:0.0001s ]
SQL: SHOW COLUMNS FROM `wp_auth_group_access` [ RunTime:0.0003s ]
SQL: SELECT a.uid,a.group_id,g.title,g.rules FROM wp_auth_group_access a INNER JOIN wp_auth_group g on a.group_id=g.id  WHERE ( a.uid='159' and g.status='1' )  [ RunTime:0.0001s ]
SQL: SELECT * FROM `wp_weisite_category` WHERE `token` = 'gh_474547030e87' AND `is_show` = 1 AND `pid` = 0 ORDER BY sort asc, id desc  [ RunTime:0.0001s ]
SQL: SELECT * FROM `wp_weisite_slideshow` WHERE `token` = 'gh_474547030e87' AND `is_show` = 1 ORDER BY sort asc, id desc  [ RunTime:0.0001s ]
SQL: SELECT * FROM `wp_weisite_footer` WHERE `token` = 'gh_474547030e87' ORDER BY pid asc, sort asc  [ RunTime:0.0001s ]

[ 2017-12-02T19:01:45+08:00 ] 120.204.17.71 /index.php?s=/w16/WeiSite/Wap/index/openid/o6Q1R0st8m1w5grLipcMV7Rfib58.html&openid=o6Q1R0st8m1w5grLipcMV7Rfib58
SQL: SELECT * FROM `wp_card_custom` WHERE `token` = 'gh_474547030e87'  [ RunTime:0.0001s ]
SQL: SELECT `token` FROM `wp_apps` WHERE `appid` = 'wx4ff46ba85853f83c' LIMIT 1   [ RunTime:0.0001s ]
SQL: SELECT * FROM `wp_manager` LIMIT 1   [ RunTime:0.0001s ]

[ 2017-12-02T19:01:47+08:00 ] 14.116.133.168 /index.php?s=/w16/WeiSite/Wap/index/openid/o6Q1R0st8m1w5grLipcMV7Rfib58.html&openid=o6Q1R0st8m1w5grLipcMV7Rfib58&nsukey=cqQya5w7y8WBU%2Bt0Ou6LNJPthizPZk0tIIT8z7uTi78rEzUB88W2bIxITG8MPTSOo56Bx3k29oOLMjXJZUmLNsvtBMoDD%2FHccdAylmfUSLtx1o9WpN4ktbtTDaChTYsAikplDFj5EBLMtzOlTc83agdF3wJEdLp1NiHfe%2F4hEdTBPVGAUGsU9uzFrc7gR%2B7VTfOSvjIqS6xTL7hXJ9gCxw%3D%3D
SQL: SELECT * FROM `wp_card_custom` WHERE `token` = 'gh_474547030e87'  [ RunTime:0.0001s ]
SQL: SELECT `token` FROM `wp_apps` WHERE `appid` = 'wx4ff46ba85853f83c' LIMIT 1   [ RunTime:0.0001s ]
SQL: SELECT * FROM `wp_manager` LIMIT 1   [ RunTime:0.0001s ]

[ 2017-12-02T19:01:48+08:00 ] 120.204.17.71 /index.php?s=/w16/WeiSite/Wap/index.html
SQL: SELECT * FROM `wp_card_custom` WHERE `token` = 'gh_474547030e87'  [ RunTime:0.0001s ]
SQL: SELECT `token` FROM `wp_apps` WHERE `appid` = 'wx4ff46ba85853f83c' LIMIT 1   [ RunTime:0.0001s ]
SQL: SELECT `uid` FROM `wp_apps_follow` WHERE `openid` = 'o6Q1R0st8m1w5grLipcMV7Rfib58' AND `token` = 'gh_474547030e87' LIMIT 1   [ RunTime:0.0001s ]
SQL: SHOW COLUMNS FROM `wp_auth_group_access` [ RunTime:0.0004s ]
SQL: SELECT a.uid,a.group_id,g.title,g.rules FROM wp_auth_group_access a INNER JOIN wp_auth_group g on a.group_id=g.id  WHERE ( a.uid='159' and g.status='1' )  [ RunTime:0.0001s ]
SQL: SELECT * FROM `wp_weisite_category` WHERE `token` = 'gh_474547030e87' AND `is_show` = 1 AND `pid` = 0 ORDER BY sort asc, id desc  [ RunTime:0.0001s ]
SQL: SELECT * FROM `wp_weisite_slideshow` WHERE `token` = 'gh_474547030e87' AND `is_show` = 1 ORDER BY sort asc, id desc  [ RunTime:0.0001s ]
SQL: SELECT * FROM `wp_weisite_footer` WHERE `token` = 'gh_474547030e87' ORDER BY pid asc, sort asc  [ RunTime:0.0001s ]

[ 2017-12-02T19:01:48+08:00 ] 120.204.17.71 /index.php?s=/w16/WeiSite/Wap/index/openid/o6Q1R0st8m1w5grLipcMV7Rfib58.html&openid=o6Q1R0st8m1w5grLipcMV7Rfib58&nsukey=cqQya5w7y8WBU%2Bt0Ou6LNJPthizPZk0tIIT8z7uTi78rEzUB88W2bIxITG8MPTSOo56Bx3k29oOLMjXJZUmLNsvtBMoDD%2FHccdAylmfUSLtx1o9WpN4ktbtTDaChTYsAikplDFj5EBLMtzOlTc83agdF3wJEdLp1NiHfe%2F4hEdTBPVGAUGsU9uzFrc7gR%2B7VTfOSvjIqS6xTL7hXJ9gCxw%3D%3D
SQL: SELECT * FROM `wp_card_custom` WHERE `token` = 'gh_474547030e87'  [ RunTime:0.0001s ]
SQL: SELECT `token` FROM `wp_apps` WHERE `appid` = 'wx4ff46ba85853f83c' LIMIT 1   [ RunTime:0.0001s ]
SQL: SELECT * FROM `wp_manager` LIMIT 1   [ RunTime:0.0001s ]

[ 2017-12-02T19:01:49+08:00 ] 223.72.84.48 /index.php?s=/w16/WeiSite/Wap/index/openid/o6Q1R0st8m1w5grLipcMV7Rfib58.html&openid=o6Q1R0st8m1w5grLipcMV7Rfib58&nsukey=cqQya5w7y8WBU%2Bt0Ou6LNJPthizPZk0tIIT8z7uTi78rEzUB88W2bIxITG8MPTSOo56Bx3k29oOLMjXJZUmLNsvtBMoDD%2FHccdAylmfUSLtx1o9WpN4ktbtTDaChTYsAikplDFj5EBLMtzOlTc83agdF3wJEdLp1NiHfe%2F4hEdTBPVGAUGsU9uzFrc7gR%2B7VTfOSvjIqS6xTL7hXJ9gCxw%3D%3D
SQL: SELECT * FROM `wp_card_custom` WHERE `token` = 'gh_474547030e87'  [ RunTime:0.0001s ]
SQL: SELECT `token` FROM `wp_apps` WHERE `appid` = 'wx4ff46ba85853f83c' LIMIT 1   [ RunTime:0.0001s ]
SQL: SELECT * FROM `wp_manager` LIMIT 1   [ RunTime:0.0001s ]

[ 2017-12-02T19:01:51+08:00 ] 120.204.17.71 /index.php?s=/w16/WeiSite/Wap/index.html&nsukey=cqQya5w7y8WBU%2Bt0Ou6LNJPthizPZk0tIIT8z7uTi78rEzUB88W2bIxITG8MPTSOo56Bx3k29oOLMjXJZUmLNsvtBMoDD%2FHccdAylmfUSLtx1o9WpN4ktbtTDaChTYsAikplDFj5EBLMtzOlTc83agdF3wJEdLp1NiHfe%2F4hEdTBPVGAUGsU9uzFrc7gR%2B7VTfOSvjIqS6xTL7hXJ9gCxw%3D%3D
SQL: SELECT * FROM `wp_card_custom` WHERE `token` = 'gh_474547030e87'  [ RunTime:0.0001s ]
SQL: SELECT `token` FROM `wp_apps` WHERE `appid` = 'wx4ff46ba85853f83c' LIMIT 1   [ RunTime:0.0001s ]
SQL: SELECT `uid` FROM `wp_apps_follow` WHERE `openid` = 'o6Q1R0st8m1w5grLipcMV7Rfib58' AND `token` = 'gh_474547030e87' LIMIT 1   [ RunTime:0.0001s ]
SQL: SHOW COLUMNS FROM `wp_auth_group_access` [ RunTime:0.0004s ]
SQL: SELECT a.uid,a.group_id,g.title,g.rules FROM wp_auth_group_access a INNER JOIN wp_auth_group g on a.group_id=g.id  WHERE ( a.uid='159' and g.status='1' )  [ RunTime:0.0001s ]
SQL: SELECT * FROM `wp_weisite_category` WHERE `token` = 'gh_474547030e87' AND `is_show` = 1 AND `pid` = 0 ORDER BY sort asc, id desc  [ RunTime:0.0001s ]
SQL: SELECT * FROM `wp_weisite_slideshow` WHERE `token` = 'gh_474547030e87' AND `is_show` = 1 ORDER BY sort asc, id desc  [ RunTime:0.0001s ]
SQL: SELECT * FROM `wp_weisite_footer` WHERE `token` = 'gh_474547030e87' ORDER BY pid asc, sort asc  [ RunTime:0.0001s ]

[ 2017-12-02T19:01:51+08:00 ] 223.72.84.48 /index.php?s=/w16/WeiSite/Wap/index.html&nsukey=cqQya5w7y8WBU%2Bt0Ou6LNJPthizPZk0tIIT8z7uTi78rEzUB88W2bIxITG8MPTSOo56Bx3k29oOLMjXJZUmLNsvtBMoDD%2FHccdAylmfUSLtx1o9WpN4ktbtTDaChTYsAikplDFj5EBLMtzOlTc83agdF3wJEdLp1NiHfe%2F4hEdTBPVGAUGsU9uzFrc7gR%2B7VTfOSvjIqS6xTL7hXJ9gCxw%3D%3D
SQL: SELECT * FROM `wp_card_custom` WHERE `token` = 'gh_474547030e87'  [ RunTime:0.0001s ]
SQL: SELECT `token` FROM `wp_apps` WHERE `appid` = 'wx4ff46ba85853f83c' LIMIT 1   [ RunTime:0.0001s ]
SQL: SELECT `uid` FROM `wp_apps_follow` WHERE `openid` = 'o6Q1R0st8m1w5grLipcMV7Rfib58' AND `token` = 'gh_474547030e87' LIMIT 1   [ RunTime:0.0001s ]
SQL: SHOW COLUMNS FROM `wp_auth_group_access` [ RunTime:0.0004s ]
SQL: SELECT a.uid,a.group_id,g.title,g.rules FROM wp_auth_group_access a INNER JOIN wp_auth_group g on a.group_id=g.id  WHERE ( a.uid='159' and g.status='1' )  [ RunTime:0.0001s ]
SQL: SELECT * FROM `wp_weisite_category` WHERE `token` = 'gh_474547030e87' AND `is_show` = 1 AND `pid` = 0 ORDER BY sort asc, id desc  [ RunTime:0.0001s ]
SQL: SELECT * FROM `wp_weisite_slideshow` WHERE `token` = 'gh_474547030e87' AND `is_show` = 1 ORDER BY sort asc, id desc  [ RunTime:0.0001s ]
SQL: SELECT * FROM `wp_weisite_footer` WHERE `token` = 'gh_474547030e87' ORDER BY pid asc, sort asc  [ RunTime:0.0001s ]

[ 2017-12-02T19:01:51+08:00 ] 14.116.133.168 /index.php?s=/w16/WeiSite/Wap/index.html&nsukey=cqQya5w7y8WBU%2Bt0Ou6LNJPthizPZk0tIIT8z7uTi78rEzUB88W2bIxITG8MPTSOo56Bx3k29oOLMjXJZUmLNsvtBMoDD%2FHccdAylmfUSLtx1o9WpN4ktbtTDaChTYsAikplDFj5EBLMtzOlTc83agdF3wJEdLp1NiHfe%2F4hEdTBPVGAUGsU9uzFrc7gR%2B7VTfOSvjIqS6xTL7hXJ9gCxw%3D%3D
SQL: SELECT * FROM `wp_card_custom` WHERE `token` = 'gh_474547030e87'  [ RunTime:0.0001s ]
SQL: SELECT `token` FROM `wp_apps` WHERE `appid` = 'wx4ff46ba85853f83c' LIMIT 1   [ RunTime:0.0001s ]
SQL: SELECT `uid` FROM `wp_apps_follow` WHERE `openid` = 'o6Q1R0st8m1w5grLipcMV7Rfib58' AND `token` = 'gh_474547030e87' LIMIT 1   [ RunTime:0.0001s ]
SQL: SHOW COLUMNS FROM `wp_auth_group_access` [ RunTime:0.0004s ]
SQL: SELECT a.uid,a.group_id,g.title,g.rules FROM wp_auth_group_access a INNER JOIN wp_auth_group g on a.group_id=g.id  WHERE ( a.uid='159' and g.status='1' )  [ RunTime:0.0001s ]
SQL: SELECT * FROM `wp_weisite_category` WHERE `token` = 'gh_474547030e87' AND `is_show` = 1 AND `pid` = 0 ORDER BY sort asc, id desc  [ RunTime:0.0001s ]
SQL: SELECT * FROM `wp_weisite_slideshow` WHERE `token` = 'gh_474547030e87' AND `is_show` = 1 ORDER BY sort asc, id desc  [ RunTime:0.0001s ]
SQL: SELECT * FROM `wp_weisite_footer` WHERE `token` = 'gh_474547030e87' ORDER BY pid asc, sort asc  [ RunTime:0.0001s ]

[ 2017-12-02T19:01:59+08:00 ] 113.96.219.243 /index.php?s=/w16/WeiSite/Wap/index.html&nsukey=9stHwcfm7Ix2oiivevhs1XONfeG4%2Bjycg0Wfk8K0S4JjyXZikYKjBV801tMLlL6H0N2oVGXnR8E3aKuKD3TnfdKS9VJYzgSQy1uZcMewzH8w3U3fmwqFAzoXfJvCUEuk%2F4oQULIYP%2BLTRPVwrA2rTm%2FC4WxBmoSRkfPQ%2FETR7lCYfQ2NNjFkk8ZEhnxpEjjE
SQL: SELECT * FROM `wp_card_custom` WHERE `token` = 'gh_474547030e87'  [ RunTime:0.0001s ]
SQL: SELECT `token` FROM `wp_apps` WHERE `appid` = 'wx4ff46ba85853f83c' LIMIT 1   [ RunTime:0.0001s ]
SQL: SELECT `uid` FROM `wp_apps_follow` WHERE `openid` = '-1' AND `token` = 'gh_474547030e87' LIMIT 1   [ RunTime:0.0003s ]
SQL: SELECT * FROM `wp_weisite_category` WHERE `token` = 'gh_474547030e87' AND `is_show` = 1 AND `pid` = 0 ORDER BY sort asc, id desc  [ RunTime:0.0001s ]
SQL: SELECT * FROM `wp_weisite_slideshow` WHERE `token` = 'gh_474547030e87' AND `is_show` = 1 ORDER BY sort asc, id desc  [ RunTime:0.0001s ]
SQL: SELECT * FROM `wp_weisite_footer` WHERE `token` = 'gh_474547030e87' ORDER BY pid asc, sort asc  [ RunTime:0.0001s ]

[ 2017-12-02T19:02:01+08:00 ] 120.204.17.46 /index.php?s=/w16/WeiSite/Wap/index.html&nsukey=cqQya5w7y8WBU%2Bt0Ou6LNJPthizPZk0tIIT8z7uTi78rEzUB88W2bIxITG8MPTSOo56Bx3k29oOLMjXJZUmLNsvtBMoDD%2FHccdAylmfUSLtx1o9WpN4ktbtTDaChTYsAikplDFj5EBLMtzOlTc83agdF3wJEdLp1NiHfe%2F4hEdTBPVGAUGsU9uzFrc7gR%2B7VTfOSvjIqS6xTL7hXJ9gCxw%3D%3D
SQL: SELECT * FROM `wp_card_custom` WHERE `token` = 'gh_474547030e87'  [ RunTime:0.0001s ]
SQL: SELECT `token` FROM `wp_apps` WHERE `appid` = 'wx4ff46ba85853f83c' LIMIT 1   [ RunTime:0.0001s ]
SQL: SELECT `uid` FROM `wp_apps_follow` WHERE `openid` = '-1' AND `token` = 'gh_474547030e87' LIMIT 1   [ RunTime:0.0001s ]
SQL: SELECT * FROM `wp_weisite_category` WHERE `token` = 'gh_474547030e87' AND `is_show` = 1 AND `pid` = 0 ORDER BY sort asc, id desc  [ RunTime:0.0001s ]
SQL: SELECT * FROM `wp_weisite_slideshow` WHERE `token` = 'gh_474547030e87' AND `is_show` = 1 ORDER BY sort asc, id desc  [ RunTime:0.0001s ]
SQL: SELECT * FROM `wp_weisite_footer` WHERE `token` = 'gh_474547030e87' ORDER BY pid asc, sort asc  [ RunTime:0.0001s ]

[ 2017-12-02T19:02:02+08:00 ] 14.116.133.170 /index.php?s=/w16/WeiSite/Wap/index.html&nsukey=9stHwcfm7Ix2oiivevhs1XONfeG4%2Bjycg0Wfk8K0S4JjyXZikYKjBV801tMLlL6H0N2oVGXnR8E3aKuKD3TnfdKS9VJYzgSQy1uZcMewzH8w3U3fmwqFAzoXfJvCUEuk%2F4oQULIYP%2BLTRPVwrA2rTm%2FC4WxBmoSRkfPQ%2FETR7lCYfQ2NNjFkk8ZEhnxpEjjE
SQL: SELECT * FROM `wp_card_custom` WHERE `token` = 'gh_474547030e87'  [ RunTime:0.0001s ]
SQL: SELECT `token` FROM `wp_apps` WHERE `appid` = 'wx4ff46ba85853f83c' LIMIT 1   [ RunTime:0.0001s ]
SQL: SELECT `uid` FROM `wp_apps_follow` WHERE `openid` = '-1' AND `token` = 'gh_474547030e87' LIMIT 1   [ RunTime:0.0001s ]
SQL: SELECT * FROM `wp_weisite_category` WHERE `token` = 'gh_474547030e87' AND `is_show` = 1 AND `pid` = 0 ORDER BY sort asc, id desc  [ RunTime:0.0001s ]
SQL: SELECT * FROM `wp_weisite_slideshow` WHERE `token` = 'gh_474547030e87' AND `is_show` = 1 ORDER BY sort asc, id desc  [ RunTime:0.0001s ]
SQL: SELECT * FROM `wp_weisite_footer` WHERE `token` = 'gh_474547030e87' ORDER BY pid asc, sort asc  [ RunTime:0.0001s ]

[ 2017-12-02T19:02:08+08:00 ] 14.116.133.168 /index.php?s=/w16/WeiSite/Wap/index.html&nsukey=9stHwcfm7Ix2oiivevhs1XONfeG4%2Bjycg0Wfk8K0S4JjyXZikYKjBV801tMLlL6H0N2oVGXnR8E3aKuKD3TnfdKS9VJYzgSQy1uZcMewzH8w3U3fmwqFAzoXfJvCUEuk%2F4oQULIYP%2BLTRPVwrA2rTm%2FC4WxBmoSRkfPQ%2FETR7lCYfQ2NNjFkk8ZEhnxpEjjE
SQL: SELECT * FROM `wp_card_custom` WHERE `token` = 'gh_474547030e87'  [ RunTime:0.0001s ]
SQL: SELECT `token` FROM `wp_apps` WHERE `appid` = 'wx4ff46ba85853f83c' LIMIT 1   [ RunTime:0.0001s ]
SQL: SELECT `uid` FROM `wp_apps_follow` WHERE `openid` = '-1' AND `token` = 'gh_474547030e87' LIMIT 1   [ RunTime:0.0001s ]
SQL: SELECT * FROM `wp_weisite_category` WHERE `token` = 'gh_474547030e87' AND `is_show` = 1 AND `pid` = 0 ORDER BY sort asc, id desc  [ RunTime:0.0001s ]
SQL: SELECT * FROM `wp_weisite_slideshow` WHERE `token` = 'gh_474547030e87' AND `is_show` = 1 ORDER BY sort asc, id desc  [ RunTime:0.0001s ]
SQL: SELECT * FROM `wp_weisite_footer` WHERE `token` = 'gh_474547030e87' ORDER BY pid asc, sort asc  [ RunTime:0.0001s ]

[ 2017-12-02T19:02:09+08:00 ] 58.247.212.98 /index.php?s=/w16/WeiSite/Wap/index.html&nsukey=9stHwcfm7Ix2oiivevhs1XONfeG4%2Bjycg0Wfk8K0S4JjyXZikYKjBV801tMLlL6H0N2oVGXnR8E3aKuKD3TnfdKS9VJYzgSQy1uZcMewzH8w3U3fmwqFAzoXfJvCUEuk%2F4oQULIYP%2BLTRPVwrA2rTm%2FC4WxBmoSRkfPQ%2FETR7lCYfQ2NNjFkk8ZEhnxpEjjE
SQL: SELECT * FROM `wp_card_custom` WHERE `token` = 'gh_474547030e87'  [ RunTime:0.0001s ]
SQL: SELECT `token` FROM `wp_apps` WHERE `appid` = 'wx4ff46ba85853f83c' LIMIT 1   [ RunTime:0.0003s ]
SQL: SELECT `uid` FROM `wp_apps_follow` WHERE `openid` = '-1' AND `token` = 'gh_474547030e87' LIMIT 1   [ RunTime:0.0001s ]
SQL: SELECT * FROM `wp_weisite_category` WHERE `token` = 'gh_474547030e87' AND `is_show` = 1 AND `pid` = 0 ORDER BY sort asc, id desc  [ RunTime:0.0001s ]
SQL: SELECT * FROM `wp_weisite_slideshow` WHERE `token` = 'gh_474547030e87' AND `is_show` = 1 ORDER BY sort asc, id desc  [ RunTime:0.0001s ]
SQL: SELECT * FROM `wp_weisite_footer` WHERE `token` = 'gh_474547030e87' ORDER BY pid asc, sort asc  [ RunTime:0.0001s ]

[ 2017-12-02T19:02:09+08:00 ] 223.72.84.48 /index.php?s=/w16/WeiSite/Wap/index.html&nsukey=9stHwcfm7Ix2oiivevhs1XONfeG4%2Bjycg0Wfk8K0S4JjyXZikYKjBV801tMLlL6H0N2oVGXnR8E3aKuKD3TnfdKS9VJYzgSQy1uZcMewzH8w3U3fmwqFAzoXfJvCUEuk%2F4oQULIYP%2BLTRPVwrA2rTm%2FC4WxBmoSRkfPQ%2FETR7lCYfQ2NNjFkk8ZEhnxpEjjE
SQL: SELECT * FROM `wp_card_custom` WHERE `token` = 'gh_474547030e87'  [ RunTime:0.0001s ]
SQL: SELECT `token` FROM `wp_apps` WHERE `appid` = 'wx4ff46ba85853f83c' LIMIT 1   [ RunTime:0.0014s ]
SQL: SHOW COLUMNS FROM `wp_auth_group_access` [ RunTime:0.0005s ]
SQL: SELECT a.uid,a.group_id,g.title,g.rules FROM wp_auth_group_access a INNER JOIN wp_auth_group g on a.group_id=g.id  WHERE ( a.uid='159' and g.status='1' )  [ RunTime:0.0001s ]
SQL: SELECT * FROM `wp_weisite_category` WHERE `token` = 'gh_474547030e87' AND `is_show` = 1 AND `pid` = 0 ORDER BY sort asc, id desc  [ RunTime:0.0001s ]
SQL: SELECT * FROM `wp_weisite_slideshow` WHERE `token` = 'gh_474547030e87' AND `is_show` = 1 ORDER BY sort asc, id desc  [ RunTime:0.0001s ]
SQL: SELECT * FROM `wp_weisite_footer` WHERE `token` = 'gh_474547030e87' ORDER BY pid asc, sort asc  [ RunTime:0.0001s ]

[ 2017-12-02T19:02:10+08:00 ] 58.247.212.98 /index.php?s=/w16/WeiSite/Wap/index.html&nsukey=9stHwcfm7Ix2oiivevhs1XONfeG4%2Bjycg0Wfk8K0S4JjyXZikYKjBV801tMLlL6H0N2oVGXnR8E3aKuKD3TnfdKS9VJYzgSQy1uZcMewzH8w3U3fmwqFAzoXfJvCUEuk%2F4oQULIYP%2BLTRPVwrA2rTm%2FC4WxBmoSRkfPQ%2FETR7lCYfQ2NNjFkk8ZEhnxpEjjE
SQL: SELECT * FROM `wp_card_custom` WHERE `token` = 'gh_474547030e87'  [ RunTime:0.0001s ]
SQL: SELECT `token` FROM `wp_apps` WHERE `appid` = 'wx4ff46ba85853f83c' LIMIT 1   [ RunTime:0.0001s ]
SQL: SELECT `uid` FROM `wp_apps_follow` WHERE `openid` = '-1' AND `token` = 'gh_474547030e87' LIMIT 1   [ RunTime:0.0001s ]
SQL: SELECT * FROM `wp_weisite_category` WHERE `token` = 'gh_474547030e87' AND `is_show` = 1 AND `pid` = 0 ORDER BY sort asc, id desc  [ RunTime:0.0001s ]
SQL: SELECT * FROM `wp_weisite_slideshow` WHERE `token` = 'gh_474547030e87' AND `is_show` = 1 ORDER BY sort asc, id desc  [ RunTime:0.0001s ]
SQL: SELECT * FROM `wp_weisite_footer` WHERE `token` = 'gh_474547030e87' ORDER BY pid asc, sort asc  [ RunTime:0.0001s ]

[ 2017-12-02T19:02:12+08:00 ] 183.3.255.32 /index.php?s=/w16/WeiSite/Wap/index.html&nsukey=9stHwcfm7Ix2oiivevhs1XONfeG4%2Bjycg0Wfk8K0S4JjyXZikYKjBV801tMLlL6H0N2oVGXnR8E3aKuKD3TnfdKS9VJYzgSQy1uZcMewzH8w3U3fmwqFAzoXfJvCUEuk%2F4oQULIYP%2BLTRPVwrA2rTm%2FC4WxBmoSRkfPQ%2FETR7lCYfQ2NNjFkk8ZEhnxpEjjE
SQL: SELECT * FROM `wp_card_custom` WHERE `token` = 'gh_474547030e87'  [ RunTime:0.0001s ]
SQL: SELECT `token` FROM `wp_apps` WHERE `appid` = 'wx4ff46ba85853f83c' LIMIT 1   [ RunTime:0.0001s ]
SQL: SELECT `uid` FROM `wp_apps_follow` WHERE `openid` = '-1' AND `token` = 'gh_474547030e87' LIMIT 1   [ RunTime:0.0001s ]
SQL: SELECT * FROM `wp_weisite_category` WHERE `token` = 'gh_474547030e87' AND `is_show` = 1 AND `pid` = 0 ORDER BY sort asc, id desc  [ RunTime:0.0001s ]
SQL: SELECT * FROM `wp_weisite_slideshow` WHERE `token` = 'gh_474547030e87' AND `is_show` = 1 ORDER BY sort asc, id desc  [ RunTime:0.0001s ]
SQL: SELECT * FROM `wp_weisite_footer` WHERE `token` = 'gh_474547030e87' ORDER BY pid asc, sort asc  [ RunTime:0.0001s ]

[ 2017-12-02T19:02:12+08:00 ] 223.72.84.48 /index.php?s=/w16/WeiSite/Wap/index.html&nsukey=9stHwcfm7Ix2oiivevhs1XONfeG4%2Bjycg0Wfk8K0S4JjyXZikYKjBV801tMLlL6H0N2oVGXnR8E3aKuKD3TnfdKS9VJYzgSQy1uZcMewzH8w3U3fmwqFAzoXfJvCUEuk%2F4oQULIYP%2BLTRPVwrA2rTm%2FC4WxBmoSRkfPQ%2FETR7lCYfQ2NNjFkk8ZEhnxpEjjE
SQL: SELECT * FROM `wp_card_custom` WHERE `token` = 'gh_474547030e87'  [ RunTime:0.0001s ]
SQL: SELECT `token` FROM `wp_apps` WHERE `appid` = 'wx4ff46ba85853f83c' LIMIT 1   [ RunTime:0.0001s ]
SQL: SHOW COLUMNS FROM `wp_auth_group_access` [ RunTime:0.0004s ]
SQL: SELECT a.uid,a.group_id,g.title,g.rules FROM wp_auth_group_access a INNER JOIN wp_auth_group g on a.group_id=g.id  WHERE ( a.uid='159' and g.status='1' )  [ RunTime:0.0001s ]
SQL: SELECT * FROM `wp_weisite_category` WHERE `token` = 'gh_474547030e87' AND `is_show` = 1 AND `pid` = 0 ORDER BY sort asc, id desc  [ RunTime:0.0001s ]
SQL: SELECT * FROM `wp_weisite_slideshow` WHERE `token` = 'gh_474547030e87' AND `is_show` = 1 ORDER BY sort asc, id desc  [ RunTime:0.0001s ]
SQL: SELECT * FROM `wp_weisite_footer` WHERE `token` = 'gh_474547030e87' ORDER BY pid asc, sort asc  [ RunTime:0.0001s ]

[ 2017-12-02T19:04:20+08:00 ] 223.72.84.48 /index.php?s=/w16/WeiSite/WeiSite/config.html
SQL: SELECT * FROM `wp_card_custom` WHERE `token` = 'gh_474547030e87'  [ RunTime:0.0001s ]
SQL: SELECT * FROM `wp_apps_link` WHERE `uid` = 1  [ RunTime:0.0001s ]
SQL: INSERT INTO `wp_admin_log` (`uid`,`ip`,`mod`,`cTime`,`content`) VALUES ('1','223.72.84.48','WeiSite','1512212660','http://18.221.171.174/index.php?s=/w16/WeiSite/WeiSite/config.html
POST: array (
  \'config\' => 
  array (
    \'title\' => \'叭哒计食\',
    \'cover\' => \'830\',
    \'info\' => \'数据化你的每一餐\',
  ),
); 
') [ RunTime:0.0002s ]
SQL: SELECT * FROM `wp_apps` WHERE `token` = 'gh_474547030e87' LIMIT 1   [ RunTime:0.0002s ]
SQL: UPDATE `wp_apps` SET `addon_config`='{\"WeiSite\":{\"title\":\"\\u53ed\\u54d2\\u8ba1\\u98df\",\"cover\":\"830\",\"info\":\"\\u6570\\u636e\\u5316\\u4f60\\u7684\\u6bcf\\u4e00\\u9910\",\"background\":null}}' WHERE `token` = 'gh_474547030e87' [ RunTime:0.0002s ]
SQL: SELECT * FROM `wp_apps` WHERE `id` = 16 LIMIT 1   [ RunTime:0.0001s ]
SQL: SELECT `id`,`token` FROM `wp_apps`  [ RunTime:0.0001s ]
SQL: SELECT * FROM `wp_apps` WHERE `id` = 16 LIMIT 1   [ RunTime:0.0001s ]
SQL: SELECT `id`,`appid` FROM `wp_apps`  [ RunTime:0.0001s ]
SQL: SELECT * FROM `wp_apps` WHERE `id` = 16 LIMIT 1   [ RunTime:0.0001s ]

[ 2017-12-02T19:04:22+08:00 ] 223.72.84.48 /index.php?s=/w16/WeiSite/WeiSite/config.html
SQL: SELECT * FROM `wp_card_custom` WHERE `token` = 'gh_474547030e87'  [ RunTime:0.0001s ]
SQL: SELECT * FROM `wp_apps_link` WHERE `uid` = 1  [ RunTime:0.0001s ]
SQL: SELECT * FROM `wp_menu` WHERE `place` = 0 AND `is_hide` = 0 ORDER BY sort asc, id asc  [ RunTime:0.0001s ]
SQL: SELECT * FROM `wp_picture` WHERE `status` = 1 AND `id` = 830 LIMIT 1   [ RunTime:0.0002s ]

[ 2017-12-02T19:04:26+08:00 ] 223.72.84.48 /index.php?s=/w16/WeiSite/Template/index.html&mdm=31|33
SQL: SELECT * FROM `wp_card_custom` WHERE `token` = 'gh_474547030e87'  [ RunTime:0.0001s ]
SQL: SELECT * FROM `wp_apps_link` WHERE `uid` = 1  [ RunTime:0.0001s ]
SQL: SELECT * FROM `wp_menu` WHERE `place` = 0 AND `is_hide` = 0 ORDER BY sort asc, id asc  [ RunTime:0.0001s ]

[ 2017-12-02T19:04:49+08:00 ] 223.72.84.48 /index.php?s=/w16/WeiSite/Template/save.html
SQL: SELECT * FROM `wp_card_custom` WHERE `token` = 'gh_474547030e87'  [ RunTime:0.0001s ]
SQL: SELECT * FROM `wp_apps_link` WHERE `uid` = 1  [ RunTime:0.0001s ]
SQL: INSERT INTO `wp_admin_log` (`uid`,`ip`,`mod`,`cTime`,`content`) VALUES ('1','223.72.84.48','WeiSite','1512212689','http://18.221.171.174/index.php?s=/w16/WeiSite/Template/save.html
POST: array (
  \'template\' => \'ColorV4\',
  \'type\' => \'index\',
); 
') [ RunTime:0.0002s ]
SQL: SELECT * FROM `wp_apps` WHERE `token` = 'gh_474547030e87' LIMIT 1   [ RunTime:0.0002s ]
SQL: UPDATE `wp_apps` SET `addon_config`='{\"WeiSite\":{\"title\":\"\\u53ed\\u54d2\\u8ba1\\u98df\",\"cover\":\"830\",\"info\":\"\\u6570\\u636e\\u5316\\u4f60\\u7684\\u6bcf\\u4e00\\u9910\",\"background\":null,\"template_index\":\"ColorV4\"}}' WHERE `token` = 'gh_474547030e87' [ RunTime:0.0002s ]
SQL: SELECT * FROM `wp_apps` WHERE `id` = 16 LIMIT 1   [ RunTime:0.0001s ]
SQL: SELECT `id`,`token` FROM `wp_apps`  [ RunTime:0.0001s ]
SQL: SELECT * FROM `wp_apps` WHERE `id` = 16 LIMIT 1   [ RunTime:0.0001s ]
SQL: SELECT `id`,`appid` FROM `wp_apps`  [ RunTime:0.0001s ]
SQL: SELECT * FROM `wp_apps` WHERE `id` = 16 LIMIT 1   [ RunTime:0.0001s ]

[ 2017-12-02T19:04:50+08:00 ] 223.72.84.48 /index.php?s=/w16/WeiSite/Slideshow/lists.html&mdm=31|33
SQL: SELECT * FROM `wp_card_custom` WHERE `token` = 'gh_474547030e87'  [ RunTime:0.0001s ]
SQL: SELECT * FROM `wp_apps_link` WHERE `uid` = 1  [ RunTime:0.0001s ]
SQL: SELECT * FROM `wp_menu` WHERE `place` = 0 AND `is_hide` = 0 ORDER BY sort asc, id asc  [ RunTime:0.0001s ]
SQL: SELECT * FROM `wp_model` WHERE `name` = 'weisite_slideshow' LIMIT 1   [ RunTime:0.0002s ]
SQL: SELECT `title`,`img`,`url`,`is_show`,`sort`,`id` FROM `wp_weisite_slideshow` WHERE `token` = 'gh_474547030e87' ORDER BY id desc LIMIT 0,20   [ RunTime:0.0001s ]
SQL: SELECT COUNT(*) AS tp_count FROM `wp_weisite_slideshow` WHERE `token` = 'gh_474547030e87' LIMIT 1   [ RunTime:0.0001s ]

[ 2017-12-02T19:05:05+08:00 ] 223.72.84.48 /index.php?s=/w16/WeiSite/Slideshow/add/model/102/mdm/31%7C33.html
SQL: SELECT * FROM `wp_card_custom` WHERE `token` = 'gh_474547030e87'  [ RunTime:0.0001s ]
SQL: SELECT * FROM `wp_apps_link` WHERE `uid` = 1  [ RunTime:0.0001s ]
SQL: SELECT * FROM `wp_menu` WHERE `place` = 0 AND `is_hide` = 0 ORDER BY sort asc, id asc  [ RunTime:0.0001s ]
SQL: SELECT * FROM `wp_model` WHERE `id` = 102 LIMIT 1   [ RunTime:0.0002s ]

[ 2017-12-02T19:05:38+08:00 ] 223.72.84.48 /index.php?s=/w16/WeiSite/Slideshow/add/mdm/31%7C33.html
SQL: SELECT * FROM `wp_card_custom` WHERE `token` = 'gh_474547030e87'  [ RunTime:0.0001s ]
SQL: SELECT * FROM `wp_apps_link` WHERE `uid` = 1  [ RunTime:0.0001s ]
SQL: INSERT INTO `wp_admin_log` (`uid`,`ip`,`mod`,`cTime`,`content`) VALUES ('1','223.72.84.48','WeiSite','1512212738','http://18.221.171.174/index.php?s=/w16/WeiSite/Slideshow/add/mdm/31%7C33.html
POST: array (
  \'title\' => \'美食1\',
  \'img\' => \'830\',
  \'url\' => \'\',
  \'is_show\' => \'1\',
  \'sort\' => \'1\',
); 
') [ RunTime:0.0002s ]
SQL: SELECT * FROM `wp_model` WHERE `id` = 102 LIMIT 1   [ RunTime:0.0001s ]
SQL: SHOW COLUMNS FROM `wp_weisite_slideshow` [ RunTime:0.0004s ]
SQL: SELECT * FROM `wp_model` WHERE `id` = 102 LIMIT 1   [ RunTime:0.0001s ]
SQL: INSERT INTO `wp_weisite_slideshow` (`title`,`img`,`url`,`is_show`,`sort`,`token`) VALUES ('美食1','830','','1','1','gh_474547030e87') [ RunTime:0.0001s ]

[ 2017-12-02T19:05:39+08:00 ] 223.72.84.48 /index.php?s=/w16/WeiSite/Slideshow/lists/model/weisite_slideshow/mdm/31%7C33.html
SQL: SELECT * FROM `wp_card_custom` WHERE `token` = 'gh_474547030e87'  [ RunTime:0.0001s ]
SQL: SELECT * FROM `wp_apps_link` WHERE `uid` = 1  [ RunTime:0.0001s ]
SQL: SELECT * FROM `wp_menu` WHERE `place` = 0 AND `is_hide` = 0 ORDER BY sort asc, id asc  [ RunTime:0.0001s ]
SQL: SELECT `title`,`img`,`url`,`is_show`,`sort`,`id` FROM `wp_weisite_slideshow` WHERE `token` = 'gh_474547030e87' ORDER BY id desc LIMIT 0,20   [ RunTime:0.0002s ]
SQL: SELECT COUNT(*) AS tp_count FROM `wp_weisite_slideshow` WHERE `token` = 'gh_474547030e87' LIMIT 1   [ RunTime:0.0001s ]
SQL: SELECT `title` FROM `wp_weisite_category` WHERE `token` = 'gh_474547030e87' AND `id` = null LIMIT 1   [ RunTime:0.0001s ]

[ 2017-12-02T19:05:42+08:00 ] 223.72.84.48 /index.php?s=/w16/WeiSite/Category/lists/mdm/31%7C33.html
SQL: SELECT * FROM `wp_card_custom` WHERE `token` = 'gh_474547030e87'  [ RunTime:0.0001s ]
SQL: SELECT * FROM `wp_apps_link` WHERE `uid` = 1  [ RunTime:0.0001s ]
SQL: SELECT * FROM `wp_menu` WHERE `place` = 0 AND `is_hide` = 0 ORDER BY sort asc, id asc  [ RunTime:0.0001s ]
SQL: SELECT * FROM `wp_model` WHERE `name` = 'weisite_category' LIMIT 1   [ RunTime:0.0002s ]
SQL: SELECT `title`,`icon`,`url`,`sort`,`pid`,`is_show`,`id` FROM `wp_weisite_category` WHERE `token` = 'gh_474547030e87' ORDER BY id desc LIMIT 0,20   [ RunTime:0.0001s ]
SQL: SELECT COUNT(*) AS tp_count FROM `wp_weisite_category` WHERE `token` = 'gh_474547030e87' LIMIT 1   [ RunTime:0.0001s ]

[ 2017-12-02T19:05:45+08:00 ] 223.72.84.48 /index.php?s=/w16/WeiSite/Category/add/model/99/mdm/31%7C33.html
SQL: SELECT * FROM `wp_card_custom` WHERE `token` = 'gh_474547030e87'  [ RunTime:0.0001s ]
SQL: SELECT * FROM `wp_apps_link` WHERE `uid` = 1  [ RunTime:0.0001s ]
SQL: SELECT * FROM `wp_menu` WHERE `place` = 0 AND `is_hide` = 0 ORDER BY sort asc, id asc  [ RunTime:0.0001s ]
SQL: SELECT * FROM `wp_model` WHERE `id` = 99 LIMIT 1   [ RunTime:0.0002s ]
SQL: SHOW COLUMNS FROM `wp_weisite_category` [ RunTime:0.0004s ]
SQL: SELECT * FROM `wp_weisite_category` WHERE `token` = 'gh_474547030e87' AND `pid` = 0  [ RunTime:0.0001s ]
SQL: SELECT * FROM `wp_model` WHERE `id` = 99 LIMIT 1   [ RunTime:0.0001s ]
SQL: SELECT `id`,`title`,`pid`,`sort` FROM `wp_weisite_category` WHERE `pid` = 0 AND `token` = 'gh_474547030e87' ORDER BY pid asc, sort asc  [ RunTime:0.0001s ]

[ 2017-12-02T19:09:00+08:00 ] 223.72.84.48 /index.php?s=/w16/WeiSite/Template/lists.html&mdm=31|34
SQL: SELECT * FROM `wp_card_custom` WHERE `token` = 'gh_474547030e87'  [ RunTime:0.0001s ]
SQL: SELECT * FROM `wp_apps_link` WHERE `uid` = 1  [ RunTime:0.0001s ]
SQL: SELECT * FROM `wp_menu` WHERE `place` = 0 AND `is_hide` = 0 ORDER BY sort asc, id asc  [ RunTime:0.0001s ]

[ 2017-12-02T19:09:03+08:00 ] 223.72.84.48 /index.php?s=/w16/WeiSite/Template/index.html&mdm=31|33
SQL: SELECT * FROM `wp_card_custom` WHERE `token` = 'gh_474547030e87'  [ RunTime:0.0001s ]
SQL: SELECT * FROM `wp_apps_link` WHERE `uid` = 1  [ RunTime:0.0001s ]
SQL: SELECT * FROM `wp_menu` WHERE `place` = 0 AND `is_hide` = 0 ORDER BY sort asc, id asc  [ RunTime:0.0001s ]

[ 2017-12-02T19:09:05+08:00 ] 223.72.84.48 /index.php?s=/w16/WeiSite/Slideshow/lists/mdm/31%7C33.html
SQL: SELECT * FROM `wp_card_custom` WHERE `token` = 'gh_474547030e87'  [ RunTime:0.0001s ]
SQL: SELECT * FROM `wp_apps_link` WHERE `uid` = 1  [ RunTime:0.0001s ]
SQL: SELECT * FROM `wp_menu` WHERE `place` = 0 AND `is_hide` = 0 ORDER BY sort asc, id asc  [ RunTime:0.0001s ]
SQL: SELECT `title`,`img`,`url`,`is_show`,`sort`,`id` FROM `wp_weisite_slideshow` WHERE `token` = 'gh_474547030e87' ORDER BY id desc LIMIT 0,20   [ RunTime:0.0001s ]
SQL: SELECT COUNT(*) AS tp_count FROM `wp_weisite_slideshow` WHERE `token` = 'gh_474547030e87' LIMIT 1   [ RunTime:0.0001s ]
SQL: SELECT `title` FROM `wp_weisite_category` WHERE `token` = 'gh_474547030e87' AND `id` = null LIMIT 1   [ RunTime:0.0001s ]

[ 2017-12-02T19:09:08+08:00 ] 223.72.84.48 /index.php?s=/w16/WeiSite/Template/index/mdm/31%7C33.html
SQL: SELECT * FROM `wp_card_custom` WHERE `token` = 'gh_474547030e87'  [ RunTime:0.0001s ]
SQL: SELECT * FROM `wp_apps_link` WHERE `uid` = 1  [ RunTime:0.0001s ]
SQL: SELECT * FROM `wp_menu` WHERE `place` = 0 AND `is_hide` = 0 ORDER BY sort asc, id asc  [ RunTime:0.0001s ]

[ 2017-12-02T19:09:10+08:00 ] 223.72.84.48 /index.php?s=/w16/WeiSite/Category/lists/mdm/31%7C33.html
SQL: SELECT * FROM `wp_card_custom` WHERE `token` = 'gh_474547030e87'  [ RunTime:0.0001s ]
SQL: SELECT * FROM `wp_apps_link` WHERE `uid` = 1  [ RunTime:0.0001s ]
SQL: SELECT * FROM `wp_menu` WHERE `place` = 0 AND `is_hide` = 0 ORDER BY sort asc, id asc  [ RunTime:0.0001s ]
SQL: SELECT `title`,`icon`,`url`,`sort`,`pid`,`is_show`,`id` FROM `wp_weisite_category` WHERE `token` = 'gh_474547030e87' ORDER BY id desc LIMIT 0,20   [ RunTime:0.0001s ]
SQL: SELECT COUNT(*) AS tp_count FROM `wp_weisite_category` WHERE `token` = 'gh_474547030e87' LIMIT 1   [ RunTime:0.0000s ]

[ 2017-12-02T19:09:11+08:00 ] 223.72.84.48 /index.php?s=/w16/WeiSite/WeiSite/preview/mdm/31%7C33.html
SQL: SELECT * FROM `wp_card_custom` WHERE `token` = 'gh_474547030e87'  [ RunTime:0.0001s ]
SQL: SELECT * FROM `wp_apps_link` WHERE `uid` = 1  [ RunTime:0.0001s ]
SQL: SELECT * FROM `wp_menu` WHERE `place` = 0 AND `is_hide` = 0 ORDER BY sort asc, id asc  [ RunTime:0.0001s ]

[ 2017-12-02T19:09:18+08:00 ] 223.72.84.48 /index.php?s=/w16/WeiSite/Wap/index.html
SQL: SELECT * FROM `wp_card_custom` WHERE `token` = 'gh_474547030e87'  [ RunTime:0.0001s ]
SQL: SELECT `token` FROM `wp_apps` WHERE `appid` = 'wx4ff46ba85853f83c' LIMIT 1   [ RunTime:0.0002s ]
SQL: SELECT * FROM `wp_weisite_category` WHERE `token` = 'gh_474547030e87' AND `is_show` = 1 AND `pid` = 0 ORDER BY sort asc, id desc  [ RunTime:0.0001s ]
SQL: SELECT * FROM `wp_weisite_slideshow` WHERE `token` = 'gh_474547030e87' AND `is_show` = 1 ORDER BY sort asc, id desc  [ RunTime:0.0002s ]
SQL: SELECT * FROM `wp_weisite_footer` WHERE `token` = 'gh_474547030e87' ORDER BY pid asc, sort asc  [ RunTime:0.0001s ]

[ 2017-12-02T19:09:21+08:00 ] 223.72.84.48 /index.php?s=/w16/WeiSite/Wap/index.html
SQL: SELECT * FROM `wp_card_custom` WHERE `token` = 'gh_474547030e87'  [ RunTime:0.0001s ]
SQL: SELECT `token` FROM `wp_apps` WHERE `appid` = 'wx4ff46ba85853f83c' LIMIT 1   [ RunTime:0.0001s ]
SQL: SELECT * FROM `wp_weisite_category` WHERE `token` = 'gh_474547030e87' AND `is_show` = 1 AND `pid` = 0 ORDER BY sort asc, id desc  [ RunTime:0.0001s ]
SQL: SELECT * FROM `wp_weisite_slideshow` WHERE `token` = 'gh_474547030e87' AND `is_show` = 1 ORDER BY sort asc, id desc  [ RunTime:0.0001s ]
SQL: SELECT * FROM `wp_weisite_footer` WHERE `token` = 'gh_474547030e87' ORDER BY pid asc, sort asc  [ RunTime:0.0001s ]

[ 2017-12-02T19:09:41+08:00 ] 223.72.84.48 /index.php?s=/w16/WeiSite/WeiSite/config/from/preview.html
SQL: SELECT * FROM `wp_card_custom` WHERE `token` = 'gh_474547030e87'  [ RunTime:0.0001s ]
SQL: SELECT * FROM `wp_apps_link` WHERE `uid` = 1  [ RunTime:0.0001s ]
SQL: INSERT INTO `wp_admin_log` (`uid`,`ip`,`mod`,`cTime`,`content`) VALUES ('1','223.72.84.48','WeiSite','1512212981','http://18.221.171.174/index.php?s=/w16/WeiSite/WeiSite/config/from/preview.html
POST: array (
  \'config\' => 
  array (
    \'show_background\' => \'1\',
  ),
); 
') [ RunTime:0.0002s ]
SQL: SELECT * FROM `wp_apps` WHERE `token` = 'gh_474547030e87' LIMIT 1   [ RunTime:0.0002s ]
SQL: UPDATE `wp_apps` SET `addon_config`='{\"WeiSite\":{\"title\":\"\\u53ed\\u54d2\\u8ba1\\u98df\",\"cover\":\"830\",\"info\":\"\\u6570\\u636e\\u5316\\u4f60\\u7684\\u6bcf\\u4e00\\u9910\",\"background\":null,\"template_index\":\"ColorV4\",\"show_background\":\"1\"}}' WHERE `token` = 'gh_474547030e87' [ RunTime:0.0002s ]
SQL: SELECT * FROM `wp_apps` WHERE `id` = 16 LIMIT 1   [ RunTime:0.0001s ]
SQL: SELECT `id`,`token` FROM `wp_apps`  [ RunTime:0.0001s ]
SQL: SELECT * FROM `wp_apps` WHERE `id` = 16 LIMIT 1   [ RunTime:0.0001s ]
SQL: SELECT `id`,`appid` FROM `wp_apps`  [ RunTime:0.0001s ]
SQL: SELECT * FROM `wp_apps` WHERE `id` = 16 LIMIT 1   [ RunTime:0.0001s ]

[ 2017-12-02T19:09:43+08:00 ] 223.72.84.48 /index.php?s=/w16/WeiSite/WeiSite/preview.html
SQL: SELECT * FROM `wp_card_custom` WHERE `token` = 'gh_474547030e87'  [ RunTime:0.0001s ]
SQL: SELECT * FROM `wp_apps_link` WHERE `uid` = 1  [ RunTime:0.0001s ]
SQL: SELECT * FROM `wp_menu` WHERE `place` = 0 AND `is_hide` = 0 ORDER BY sort asc, id asc  [ RunTime:0.0001s ]

[ 2017-12-02T19:09:46+08:00 ] 223.72.84.48 /index.php?s=/w16/WeiSite/Wap/index.html
SQL: SELECT * FROM `wp_card_custom` WHERE `token` = 'gh_474547030e87'  [ RunTime:0.0001s ]
SQL: SELECT `token` FROM `wp_apps` WHERE `appid` = 'wx4ff46ba85853f83c' LIMIT 1   [ RunTime:0.0002s ]
SQL: SELECT * FROM `wp_weisite_category` WHERE `token` = 'gh_474547030e87' AND `is_show` = 1 AND `pid` = 0 ORDER BY sort asc, id desc  [ RunTime:0.0001s ]
SQL: SELECT * FROM `wp_weisite_slideshow` WHERE `token` = 'gh_474547030e87' AND `is_show` = 1 ORDER BY sort asc, id desc  [ RunTime:0.0001s ]
SQL: SELECT * FROM `wp_weisite_footer` WHERE `token` = 'gh_474547030e87' ORDER BY pid asc, sort asc  [ RunTime:0.0001s ]

[ 2017-12-02T19:09:48+08:00 ] 223.72.84.48 /index.php?s=/w16/WeiSite/Wap/index.html
SQL: SELECT * FROM `wp_card_custom` WHERE `token` = 'gh_474547030e87'  [ RunTime:0.0001s ]
SQL: SELECT `token` FROM `wp_apps` WHERE `appid` = 'wx4ff46ba85853f83c' LIMIT 1   [ RunTime:0.0001s ]
SQL: SELECT * FROM `wp_weisite_category` WHERE `token` = 'gh_474547030e87' AND `is_show` = 1 AND `pid` = 0 ORDER BY sort asc, id desc  [ RunTime:0.0001s ]
SQL: SELECT * FROM `wp_weisite_slideshow` WHERE `token` = 'gh_474547030e87' AND `is_show` = 1 ORDER BY sort asc, id desc  [ RunTime:0.0001s ]
SQL: SELECT * FROM `wp_weisite_footer` WHERE `token` = 'gh_474547030e87' ORDER BY pid asc, sort asc  [ RunTime:0.0001s ]

[ 2017-12-02T19:09:55+08:00 ] 223.72.84.48 /index.php?s=/w16/WeiSite/Template/lists.html&mdm=31|34
SQL: SELECT * FROM `wp_card_custom` WHERE `token` = 'gh_474547030e87'  [ RunTime:0.0001s ]
SQL: SELECT * FROM `wp_apps_link` WHERE `uid` = 1  [ RunTime:0.0001s ]
SQL: SELECT * FROM `wp_menu` WHERE `place` = 0 AND `is_hide` = 0 ORDER BY sort asc, id asc  [ RunTime:0.0001s ]

[ 2017-12-02T19:10:05+08:00 ] 223.72.84.48 /index.php?s=/w16/WeiSite/Template/save.html
SQL: SELECT * FROM `wp_card_custom` WHERE `token` = 'gh_474547030e87'  [ RunTime:0.0001s ]
SQL: SELECT * FROM `wp_apps_link` WHERE `uid` = 1  [ RunTime:0.0001s ]
SQL: INSERT INTO `wp_admin_log` (`uid`,`ip`,`mod`,`cTime`,`content`) VALUES ('1','223.72.84.48','WeiSite','1512213005','http://18.221.171.174/index.php?s=/w16/WeiSite/Template/save.html
POST: array (
  \'template\' => \'V2\',
  \'type\' => \'lists\',
); 
') [ RunTime:0.0002s ]
SQL: SELECT * FROM `wp_apps` WHERE `token` = 'gh_474547030e87' LIMIT 1   [ RunTime:0.0002s ]
SQL: UPDATE `wp_apps` SET `addon_config`='{\"WeiSite\":{\"title\":\"\\u53ed\\u54d2\\u8ba1\\u98df\",\"cover\":\"830\",\"info\":\"\\u6570\\u636e\\u5316\\u4f60\\u7684\\u6bcf\\u4e00\\u9910\",\"background\":null,\"template_index\":\"ColorV4\",\"show_background\":\"1\",\"template_lists\":\"V2\"}}' WHERE `token` = 'gh_474547030e87' [ RunTime:0.0002s ]
SQL: SELECT * FROM `wp_apps` WHERE `id` = 16 LIMIT 1   [ RunTime:0.0001s ]
SQL: SELECT `id`,`token` FROM `wp_apps`  [ RunTime:0.0001s ]
SQL: SELECT * FROM `wp_apps` WHERE `id` = 16 LIMIT 1   [ RunTime:0.0001s ]
SQL: SELECT `id`,`appid` FROM `wp_apps`  [ RunTime:0.0001s ]
SQL: SELECT * FROM `wp_apps` WHERE `id` = 16 LIMIT 1   [ RunTime:0.0001s ]

[ 2017-12-02T19:10:05+08:00 ] 223.72.84.48 /index.php?s=/w16/WeiSite/Template/detail.html&mdm=31|34
SQL: SELECT * FROM `wp_card_custom` WHERE `token` = 'gh_474547030e87'  [ RunTime:0.0001s ]
SQL: SELECT * FROM `wp_apps_link` WHERE `uid` = 1  [ RunTime:0.0001s ]
SQL: SELECT * FROM `wp_menu` WHERE `place` = 0 AND `is_hide` = 0 ORDER BY sort asc, id asc  [ RunTime:0.0001s ]

[ 2017-12-02T19:10:14+08:00 ] 223.72.84.48 /index.php?s=/w16/WeiSite/Template/footer.html&mdm=31|35
SQL: SELECT * FROM `wp_card_custom` WHERE `token` = 'gh_474547030e87'  [ RunTime:0.0001s ]
SQL: SELECT * FROM `wp_apps_link` WHERE `uid` = 1  [ RunTime:0.0001s ]
SQL: SELECT * FROM `wp_menu` WHERE `place` = 0 AND `is_hide` = 0 ORDER BY sort asc, id asc  [ RunTime:0.0001s ]

[ 2017-12-02T19:10:26+08:00 ] 223.72.84.48 /index.php?s=/w16/WeiSite/Template/save.html
SQL: SELECT * FROM `wp_card_custom` WHERE `token` = 'gh_474547030e87'  [ RunTime:0.0001s ]
SQL: SELECT * FROM `wp_apps_link` WHERE `uid` = 1  [ RunTime:0.0001s ]
SQL: INSERT INTO `wp_admin_log` (`uid`,`ip`,`mod`,`cTime`,`content`) VALUES ('1','223.72.84.48','WeiSite','1512213026','http://18.221.171.174/index.php?s=/w16/WeiSite/Template/save.html
POST: array (
  \'template\' => \'V2\',
  \'type\' => \'footer\',
); 
') [ RunTime:0.0002s ]
SQL: SELECT * FROM `wp_apps` WHERE `token` = 'gh_474547030e87' LIMIT 1   [ RunTime:0.0002s ]
SQL: UPDATE `wp_apps` SET `addon_config`='{\"WeiSite\":{\"title\":\"\\u53ed\\u54d2\\u8ba1\\u98df\",\"cover\":\"830\",\"info\":\"\\u6570\\u636e\\u5316\\u4f60\\u7684\\u6bcf\\u4e00\\u9910\",\"background\":null,\"template_index\":\"ColorV4\",\"show_background\":\"1\",\"template_lists\":\"V2\",\"template_footer\":\"V2\"}}' WHERE `token` = 'gh_474547030e87' [ RunTime:0.0002s ]
SQL: SELECT * FROM `wp_apps` WHERE `id` = 16 LIMIT 1   [ RunTime:0.0001s ]
SQL: SELECT `id`,`token` FROM `wp_apps`  [ RunTime:0.0001s ]
SQL: SELECT * FROM `wp_apps` WHERE `id` = 16 LIMIT 1   [ RunTime:0.0001s ]
SQL: SELECT `id`,`appid` FROM `wp_apps`  [ RunTime:0.0001s ]
SQL: SELECT * FROM `wp_apps` WHERE `id` = 16 LIMIT 1   [ RunTime:0.0001s ]

[ 2017-12-02T19:10:26+08:00 ] 223.72.84.48 /index.php?s=/w16/WeiSite/Footer/lists.html&mdm=31|35
SQL: SELECT * FROM `wp_card_custom` WHERE `token` = 'gh_474547030e87'  [ RunTime:0.0001s ]
SQL: SELECT * FROM `wp_apps_link` WHERE `uid` = 1  [ RunTime:0.0001s ]
SQL: SELECT * FROM `wp_menu` WHERE `place` = 0 AND `is_hide` = 0 ORDER BY sort asc, id asc  [ RunTime:0.0001s ]
SQL: SELECT * FROM `wp_model` WHERE `name` = 'weisite_footer' LIMIT 1   [ RunTime:0.0002s ]
SQL: SHOW COLUMNS FROM `wp_weisite_footer` [ RunTime:0.0003s ]
SQL: SELECT `title`,`icon`,`url`,`sort`,`pid`,`id` FROM `wp_weisite_footer` WHERE `token` = 'gh_474547030e87' ORDER BY pid asc, sort asc LIMIT 0,20   [ RunTime:0.0001s ]
SQL: SELECT COUNT(*) AS tp_count FROM `wp_weisite_footer` WHERE `token` = 'gh_474547030e87' LIMIT 1   [ RunTime:0.0001s ]

[ 2017-12-02T19:10:30+08:00 ] 223.72.84.48 /index.php?s=/w16/WeiSite/Footer/add/model/101/mdm/31%7C35.html
SQL: SELECT * FROM `wp_card_custom` WHERE `token` = 'gh_474547030e87'  [ RunTime:0.0001s ]
SQL: SELECT * FROM `wp_apps_link` WHERE `uid` = 1  [ RunTime:0.0001s ]
SQL: SELECT * FROM `wp_menu` WHERE `place` = 0 AND `is_hide` = 0 ORDER BY sort asc, id asc  [ RunTime:0.0001s ]
SQL: SELECT * FROM `wp_model` WHERE `id` = 101 LIMIT 1   [ RunTime:0.0002s ]
SQL: SHOW COLUMNS FROM `wp_weisite_footer` [ RunTime:0.0003s ]
SQL: SELECT * FROM `wp_weisite_footer` WHERE `pid` = 0 AND `token` = 'gh_474547030e87'  [ RunTime:0.0001s ]
SQL: SELECT * FROM `wp_model` WHERE `id` = 101 LIMIT 1   [ RunTime:0.0001s ]

[ 2017-12-02T19:11:11+08:00 ] 223.72.84.48 /index.php?s=/w16/WeiSite/Footer/add/mdm/31%7C35.html
SQL: SELECT * FROM `wp_card_custom` WHERE `token` = 'gh_474547030e87'  [ RunTime:0.0001s ]
SQL: SELECT * FROM `wp_apps_link` WHERE `uid` = 1  [ RunTime:0.0001s ]
SQL: INSERT INTO `wp_admin_log` (`uid`,`ip`,`mod`,`cTime`,`content`) VALUES ('1','223.72.84.48','WeiSite','1512213071','http://18.221.171.174/index.php?s=/w16/WeiSite/Footer/add/mdm/31%7C35.html
POST: array (
  \'url\' => \'\',
  \'title\' => \'私人营养师\',
  \'pid\' => \'0\',
  \'sort\' => \'1\',
  \'icon\' => \'\',
); 
') [ RunTime:0.0002s ]
SQL: SELECT * FROM `wp_model` WHERE `id` = 101 LIMIT 1   [ RunTime:0.0001s ]
SQL: SELECT * FROM `wp_model` WHERE `id` = 101 LIMIT 1   [ RunTime:0.0001s ]
SQL: INSERT INTO `wp_weisite_footer` (`url`,`title`,`pid`,`sort`,`icon`,`token`) VALUES ('','私人营养师','0','1','0','gh_474547030e87') [ RunTime:0.0002s ]

[ 2017-12-02T19:11:13+08:00 ] 223.72.84.48 /index.php?s=/w16/WeiSite/Footer/lists/model/weisite_footer/mdm/31%7C35.html
SQL: SELECT * FROM `wp_card_custom` WHERE `token` = 'gh_474547030e87'  [ RunTime:0.0001s ]
SQL: SELECT * FROM `wp_apps_link` WHERE `uid` = 1  [ RunTime:0.0001s ]
SQL: SELECT * FROM `wp_menu` WHERE `place` = 0 AND `is_hide` = 0 ORDER BY sort asc, id asc  [ RunTime:0.0001s ]
SQL: SELECT `title`,`icon`,`url`,`sort`,`pid`,`id` FROM `wp_weisite_footer` WHERE `token` = 'gh_474547030e87' ORDER BY pid asc, sort asc LIMIT 0,20   [ RunTime:0.0002s ]
SQL: SELECT COUNT(*) AS tp_count FROM `wp_weisite_footer` WHERE `token` = 'gh_474547030e87' LIMIT 1   [ RunTime:0.0001s ]

[ 2017-12-02T19:11:16+08:00 ] 223.72.84.48 /index.php?s=/w16/WeiSite/Footer/add/model/101/mdm/31%7C35.html
SQL: SELECT * FROM `wp_card_custom` WHERE `token` = 'gh_474547030e87'  [ RunTime:0.0001s ]
SQL: SELECT * FROM `wp_apps_link` WHERE `uid` = 1  [ RunTime:0.0001s ]
SQL: SELECT * FROM `wp_menu` WHERE `place` = 0 AND `is_hide` = 0 ORDER BY sort asc, id asc  [ RunTime:0.0001s ]
SQL: SELECT * FROM `wp_model` WHERE `id` = 101 LIMIT 1   [ RunTime:0.0001s ]
SQL: SELECT * FROM `wp_weisite_footer` WHERE `pid` = 0 AND `token` = 'gh_474547030e87'  [ RunTime:0.0002s ]
SQL: SELECT * FROM `wp_model` WHERE `id` = 101 LIMIT 1   [ RunTime:0.0001s ]

[ 2017-12-02T19:11:26+08:00 ] 223.72.84.48 /index.php?s=/w16/WeiSite/WeiSite/config.html&mdm=31
SQL: SELECT * FROM `wp_card_custom` WHERE `token` = 'gh_474547030e87'  [ RunTime:0.0001s ]
SQL: SELECT * FROM `wp_apps_link` WHERE `uid` = 1  [ RunTime:0.0001s ]
SQL: SELECT * FROM `wp_menu` WHERE `place` = 0 AND `is_hide` = 0 ORDER BY sort asc, id asc  [ RunTime:0.0001s ]

[ 2017-12-02T19:11:42+08:00 ] 223.72.84.48 /index.php?s=/w16/WeiSite/Wap/index.html
SQL: SELECT * FROM `wp_card_custom` WHERE `token` = 'gh_474547030e87'  [ RunTime:0.0001s ]
SQL: SELECT `token` FROM `wp_apps` WHERE `appid` = 'wx4ff46ba85853f83c' LIMIT 1   [ RunTime:0.0002s ]
SQL: SELECT * FROM `wp_weisite_category` WHERE `token` = 'gh_474547030e87' AND `is_show` = 1 AND `pid` = 0 ORDER BY sort asc, id desc  [ RunTime:0.0001s ]
SQL: SELECT * FROM `wp_weisite_slideshow` WHERE `token` = 'gh_474547030e87' AND `is_show` = 1 ORDER BY sort asc, id desc  [ RunTime:0.0001s ]
SQL: SELECT * FROM `wp_weisite_footer` WHERE `token` = 'gh_474547030e87' ORDER BY pid asc, sort asc  [ RunTime:0.0002s ]

[ 2017-12-02T19:11:45+08:00 ] 223.72.84.48 /index.php?s=/w16/WeiSite/Wap/index.html
SQL: SELECT * FROM `wp_card_custom` WHERE `token` = 'gh_474547030e87'  [ RunTime:0.0001s ]
SQL: SELECT `token` FROM `wp_apps` WHERE `appid` = 'wx4ff46ba85853f83c' LIMIT 1   [ RunTime:0.0001s ]
SQL: SELECT * FROM `wp_weisite_category` WHERE `token` = 'gh_474547030e87' AND `is_show` = 1 AND `pid` = 0 ORDER BY sort asc, id desc  [ RunTime:0.0001s ]
SQL: SELECT * FROM `wp_weisite_slideshow` WHERE `token` = 'gh_474547030e87' AND `is_show` = 1 ORDER BY sort asc, id desc  [ RunTime:0.0001s ]
SQL: SELECT * FROM `wp_weisite_footer` WHERE `token` = 'gh_474547030e87' ORDER BY pid asc, sort asc  [ RunTime:0.0001s ]

[ 2017-12-02T19:11:53+08:00 ] 223.72.84.48 /index.php?s=/w16/WeiSite/Wap/index.html
SQL: SELECT * FROM `wp_card_custom` WHERE `token` = 'gh_474547030e87'  [ RunTime:0.0001s ]
SQL: SELECT `token` FROM `wp_apps` WHERE `appid` = 'wx4ff46ba85853f83c' LIMIT 1   [ RunTime:0.0001s ]
SQL: SELECT * FROM `wp_weisite_category` WHERE `token` = 'gh_474547030e87' AND `is_show` = 1 AND `pid` = 0 ORDER BY sort asc, id desc  [ RunTime:0.0001s ]
SQL: SELECT * FROM `wp_weisite_slideshow` WHERE `token` = 'gh_474547030e87' AND `is_show` = 1 ORDER BY sort asc, id desc  [ RunTime:0.0001s ]
SQL: SELECT * FROM `wp_weisite_footer` WHERE `token` = 'gh_474547030e87' ORDER BY pid asc, sort asc  [ RunTime:0.0001s ]

[ 2017-12-02T19:11:56+08:00 ] 223.72.84.48 /index.php?s=/w16/WeiSite/Wap/index.html
SQL: SELECT * FROM `wp_card_custom` WHERE `token` = 'gh_474547030e87'  [ RunTime:0.0001s ]
SQL: SELECT `token` FROM `wp_apps` WHERE `appid` = 'wx4ff46ba85853f83c' LIMIT 1   [ RunTime:0.0001s ]
SQL: SELECT * FROM `wp_weisite_category` WHERE `token` = 'gh_474547030e87' AND `is_show` = 1 AND `pid` = 0 ORDER BY sort asc, id desc  [ RunTime:0.0001s ]
SQL: SELECT * FROM `wp_weisite_slideshow` WHERE `token` = 'gh_474547030e87' AND `is_show` = 1 ORDER BY sort asc, id desc  [ RunTime:0.0001s ]
SQL: SELECT * FROM `wp_weisite_footer` WHERE `token` = 'gh_474547030e87' ORDER BY pid asc, sort asc  [ RunTime:0.0001s ]

[ 2017-12-02T19:12:14+08:00 ] 223.72.84.48 /index.php?s=/w16/WeiSite/Wap/index.html
SQL: SELECT * FROM `wp_card_custom` WHERE `token` = 'gh_474547030e87'  [ RunTime:0.0001s ]
SQL: SELECT `token` FROM `wp_apps` WHERE `appid` = 'wx4ff46ba85853f83c' LIMIT 1   [ RunTime:0.0001s ]
SQL: SELECT * FROM `wp_weisite_category` WHERE `token` = 'gh_474547030e87' AND `is_show` = 1 AND `pid` = 0 ORDER BY sort asc, id desc  [ RunTime:0.0001s ]
SQL: SELECT * FROM `wp_weisite_slideshow` WHERE `token` = 'gh_474547030e87' AND `is_show` = 1 ORDER BY sort asc, id desc  [ RunTime:0.0001s ]
SQL: SELECT * FROM `wp_weisite_footer` WHERE `token` = 'gh_474547030e87' ORDER BY pid asc, sort asc  [ RunTime:0.0001s ]

[ 2017-12-02T19:12:16+08:00 ] 223.72.84.48 /index.php?s=/w16/WeiSite/Wap/index.html
SQL: SELECT * FROM `wp_card_custom` WHERE `token` = 'gh_474547030e87'  [ RunTime:0.0001s ]
SQL: SELECT `token` FROM `wp_apps` WHERE `appid` = 'wx4ff46ba85853f83c' LIMIT 1   [ RunTime:0.0001s ]
SQL: SELECT * FROM `wp_weisite_category` WHERE `token` = 'gh_474547030e87' AND `is_show` = 1 AND `pid` = 0 ORDER BY sort asc, id desc  [ RunTime:0.0001s ]
SQL: SELECT * FROM `wp_weisite_slideshow` WHERE `token` = 'gh_474547030e87' AND `is_show` = 1 ORDER BY sort asc, id desc  [ RunTime:0.0001s ]
SQL: SELECT * FROM `wp_weisite_footer` WHERE `token` = 'gh_474547030e87' ORDER BY pid asc, sort asc  [ RunTime:0.0001s ]

[ 2017-12-02T19:12:53+08:00 ] 113.96.219.248 /index.php?s=/w16/WeiSite/Wap/index/openid/o6Q1R0st8m1w5grLipcMV7Rfib58.html&openid=o6Q1R0st8m1w5grLipcMV7Rfib58&nsukey=BylB3oBoAX8ceDwahTYRZUy%2FZNRMwksNG91QWaxLK874ua0R2PlY1VM5%2F1ng6z3%2B9Ek0PbkNY8FkNx9s0jD9qbvg8IaZ%2BeGZfs%2BH%2B7756cp0JB3t%2BRZumyVjEPBAa3AeuKpMwDxy6QQ4cTjNRQcYPPGkBu9MewcelB0s26L%2Fs6ECGXn65ZGmLwmkhRy0VLJkkR%2BLKsKoYd0KpV9th0i7Tw%3D%3D
SQL: SELECT * FROM `wp_card_custom` WHERE `token` = 'gh_474547030e87'  [ RunTime:0.0001s ]
SQL: SELECT `token` FROM `wp_apps` WHERE `appid` = 'wx4ff46ba85853f83c' LIMIT 1   [ RunTime:0.0001s ]
SQL: SELECT * FROM `wp_manager` LIMIT 1   [ RunTime:0.0001s ]

[ 2017-12-02T19:12:56+08:00 ] 113.96.219.248 /index.php?s=/w16/WeiSite/Wap/index.html&nsukey=BylB3oBoAX8ceDwahTYRZUy%2FZNRMwksNG91QWaxLK874ua0R2PlY1VM5%2F1ng6z3%2B9Ek0PbkNY8FkNx9s0jD9qbvg8IaZ%2BeGZfs%2BH%2B7756cp0JB3t%2BRZumyVjEPBAa3AeuKpMwDxy6QQ4cTjNRQcYPPGkBu9MewcelB0s26L%2Fs6ECGXn65ZGmLwmkhRy0VLJkkR%2BLKsKoYd0KpV9th0i7Tw%3D%3D
SQL: SELECT * FROM `wp_card_custom` WHERE `token` = 'gh_474547030e87'  [ RunTime:0.0001s ]
SQL: SELECT `token` FROM `wp_apps` WHERE `appid` = 'wx4ff46ba85853f83c' LIMIT 1   [ RunTime:0.0001s ]
SQL: SELECT `uid` FROM `wp_apps_follow` WHERE `openid` = 'o6Q1R0st8m1w5grLipcMV7Rfib58' AND `token` = 'gh_474547030e87' LIMIT 1   [ RunTime:0.0001s ]
SQL: SHOW COLUMNS FROM `wp_auth_group_access` [ RunTime:0.0004s ]
SQL: SELECT a.uid,a.group_id,g.title,g.rules FROM wp_auth_group_access a INNER JOIN wp_auth_group g on a.group_id=g.id  WHERE ( a.uid='159' and g.status='1' )  [ RunTime:0.0001s ]
SQL: SELECT * FROM `wp_weisite_category` WHERE `token` = 'gh_474547030e87' AND `is_show` = 1 AND `pid` = 0 ORDER BY sort asc, id desc  [ RunTime:0.0001s ]
SQL: SELECT * FROM `wp_weisite_slideshow` WHERE `token` = 'gh_474547030e87' AND `is_show` = 1 ORDER BY sort asc, id desc  [ RunTime:0.0001s ]
SQL: SELECT * FROM `wp_weisite_footer` WHERE `token` = 'gh_474547030e87' ORDER BY pid asc, sort asc  [ RunTime:0.0001s ]

[ 2017-12-02T19:12:59+08:00 ] 113.96.218.50 /index.php?s=/w16/WeiSite/Wap/index/openid/o6Q1R0st8m1w5grLipcMV7Rfib58.html&openid=o6Q1R0st8m1w5grLipcMV7Rfib58&nsukey=BylB3oBoAX8ceDwahTYRZUy%2FZNRMwksNG91QWaxLK874ua0R2PlY1VM5%2F1ng6z3%2B9Ek0PbkNY8FkNx9s0jD9qbvg8IaZ%2BeGZfs%2BH%2B7756cp0JB3t%2BRZumyVjEPBAa3AeuKpMwDxy6QQ4cTjNRQcYPPGkBu9MewcelB0s26L%2Fs6ECGXn65ZGmLwmkhRy0VLJkkR%2BLKsKoYd0KpV9th0i7Tw%3D%3D
SQL: SELECT * FROM `wp_card_custom` WHERE `token` = 'gh_474547030e87'  [ RunTime:0.0001s ]
SQL: SELECT `token` FROM `wp_apps` WHERE `appid` = 'wx4ff46ba85853f83c' LIMIT 1   [ RunTime:0.0001s ]
SQL: SELECT * FROM `wp_manager` LIMIT 1   [ RunTime:0.0001s ]

[ 2017-12-02T19:13:02+08:00 ] 157.255.172.14 /index.php?s=/w16/WeiSite/Wap/index.html&nsukey=BylB3oBoAX8ceDwahTYRZUy%2FZNRMwksNG91QWaxLK874ua0R2PlY1VM5%2F1ng6z3%2B9Ek0PbkNY8FkNx9s0jD9qbvg8IaZ%2BeGZfs%2BH%2B7756cp0JB3t%2BRZumyVjEPBAa3AeuKpMwDxy6QQ4cTjNRQcYPPGkBu9MewcelB0s26L%2Fs6ECGXn65ZGmLwmkhRy0VLJkkR%2BLKsKoYd0KpV9th0i7Tw%3D%3D
SQL: SELECT * FROM `wp_card_custom` WHERE `token` = 'gh_474547030e87'  [ RunTime:0.0001s ]
SQL: SELECT `token` FROM `wp_apps` WHERE `appid` = 'wx4ff46ba85853f83c' LIMIT 1   [ RunTime:0.0001s ]
SQL: SELECT `uid` FROM `wp_apps_follow` WHERE `openid` = 'o6Q1R0st8m1w5grLipcMV7Rfib58' AND `token` = 'gh_474547030e87' LIMIT 1   [ RunTime:0.0001s ]
SQL: SHOW COLUMNS FROM `wp_auth_group_access` [ RunTime:0.0004s ]
SQL: SELECT a.uid,a.group_id,g.title,g.rules FROM wp_auth_group_access a INNER JOIN wp_auth_group g on a.group_id=g.id  WHERE ( a.uid='159' and g.status='1' )  [ RunTime:0.0001s ]
SQL: SELECT * FROM `wp_weisite_category` WHERE `token` = 'gh_474547030e87' AND `is_show` = 1 AND `pid` = 0 ORDER BY sort asc, id desc  [ RunTime:0.0001s ]
SQL: SELECT * FROM `wp_weisite_slideshow` WHERE `token` = 'gh_474547030e87' AND `is_show` = 1 ORDER BY sort asc, id desc  [ RunTime:0.0001s ]
SQL: SELECT * FROM `wp_weisite_footer` WHERE `token` = 'gh_474547030e87' ORDER BY pid asc, sort asc  [ RunTime:0.0001s ]

[ 2017-12-02T19:13:08+08:00 ] 121.51.32.144 /index.php?s=/w16/WeiSite/Wap/index/openid/o6Q1R0st8m1w5grLipcMV7Rfib58.html&openid=o6Q1R0st8m1w5grLipcMV7Rfib58&nsukey=BylB3oBoAX8ceDwahTYRZUy%2FZNRMwksNG91QWaxLK874ua0R2PlY1VM5%2F1ng6z3%2B9Ek0PbkNY8FkNx9s0jD9qbvg8IaZ%2BeGZfs%2BH%2B7756cp0JB3t%2BRZumyVjEPBAa3AeuKpMwDxy6QQ4cTjNRQcYPPGkBu9MewcelB0s26L%2Fs6ECGXn65ZGmLwmkhRy0VLJkkR%2BLKsKoYd0KpV9th0i7Tw%3D%3D
SQL: SELECT * FROM `wp_card_custom` WHERE `token` = 'gh_474547030e87'  [ RunTime:0.0001s ]
SQL: SELECT `token` FROM `wp_apps` WHERE `appid` = 'wx4ff46ba85853f83c' LIMIT 1   [ RunTime:0.0001s ]
SQL: SELECT * FROM `wp_manager` LIMIT 1   [ RunTime:0.0001s ]

[ 2017-12-02T19:13:13+08:00 ] 121.51.32.144 /index.php?s=/w16/WeiSite/Wap/index.html&nsukey=BylB3oBoAX8ceDwahTYRZUy%2FZNRMwksNG91QWaxLK874ua0R2PlY1VM5%2F1ng6z3%2B9Ek0PbkNY8FkNx9s0jD9qbvg8IaZ%2BeGZfs%2BH%2B7756cp0JB3t%2BRZumyVjEPBAa3AeuKpMwDxy6QQ4cTjNRQcYPPGkBu9MewcelB0s26L%2Fs6ECGXn65ZGmLwmkhRy0VLJkkR%2BLKsKoYd0KpV9th0i7Tw%3D%3D
SQL: SELECT * FROM `wp_card_custom` WHERE `token` = 'gh_474547030e87'  [ RunTime:0.0001s ]
SQL: SELECT `token` FROM `wp_apps` WHERE `appid` = 'wx4ff46ba85853f83c' LIMIT 1   [ RunTime:0.0001s ]
SQL: SELECT `uid` FROM `wp_apps_follow` WHERE `openid` = 'o6Q1R0st8m1w5grLipcMV7Rfib58' AND `token` = 'gh_474547030e87' LIMIT 1   [ RunTime:0.0001s ]
SQL: SHOW COLUMNS FROM `wp_auth_group_access` [ RunTime:0.0004s ]
SQL: SELECT a.uid,a.group_id,g.title,g.rules FROM wp_auth_group_access a INNER JOIN wp_auth_group g on a.group_id=g.id  WHERE ( a.uid='159' and g.status='1' )  [ RunTime:0.0001s ]
SQL: SELECT * FROM `wp_weisite_category` WHERE `token` = 'gh_474547030e87' AND `is_show` = 1 AND `pid` = 0 ORDER BY sort asc, id desc  [ RunTime:0.0001s ]
SQL: SELECT * FROM `wp_weisite_slideshow` WHERE `token` = 'gh_474547030e87' AND `is_show` = 1 ORDER BY sort asc, id desc  [ RunTime:0.0001s ]
SQL: SELECT * FROM `wp_weisite_footer` WHERE `token` = 'gh_474547030e87' ORDER BY pid asc, sort asc  [ RunTime:0.0001s ]

[ 2017-12-02T19:20:36+08:00 ] 183.3.255.35 /index.php?s=/w16/WeiSite/Wap/index/openid/o6Q1R0st8m1w5grLipcMV7Rfib58.html&openid=o6Q1R0st8m1w5grLipcMV7Rfib58&nsukey=gWwHXpPnE3ONvPIXbYZ6SEmU4p%2F7jCr55TOrp6mY6GElT%2B87YwqDwN6jgno%2BuaCZy8EzlAy6R2yzxrsedEeK5NBdLMEqeNisLftHghYDuR5Uzq4wy9Mg4%2BTyDD%2FgerXESSI6zLi0L0K4NrqNZGgksEzVNYvXkGDnasW7IJo1Mou60Rxm2bFpdgGz6ABVD4ywWhewnVdy09j3T0fCNI1wMg%3D%3D
SQL: SELECT * FROM `wp_card_custom` WHERE `token` = 'gh_474547030e87'  [ RunTime:0.0001s ]
SQL: SELECT `token` FROM `wp_apps` WHERE `appid` = 'wx4ff46ba85853f83c' LIMIT 1   [ RunTime:0.0001s ]
SQL: SELECT * FROM `wp_manager` LIMIT 1   [ RunTime:0.0001s ]

[ 2017-12-02T19:20:40+08:00 ] 183.3.255.35 /index.php?s=/w16/WeiSite/Wap/index.html&nsukey=gWwHXpPnE3ONvPIXbYZ6SEmU4p%2F7jCr55TOrp6mY6GElT%2B87YwqDwN6jgno%2BuaCZy8EzlAy6R2yzxrsedEeK5NBdLMEqeNisLftHghYDuR5Uzq4wy9Mg4%2BTyDD%2FgerXESSI6zLi0L0K4NrqNZGgksEzVNYvXkGDnasW7IJo1Mou60Rxm2bFpdgGz6ABVD4ywWhewnVdy09j3T0fCNI1wMg%3D%3D
SQL: SELECT * FROM `wp_card_custom` WHERE `token` = 'gh_474547030e87'  [ RunTime:0.0001s ]
SQL: SELECT `token` FROM `wp_apps` WHERE `appid` = 'wx4ff46ba85853f83c' LIMIT 1   [ RunTime:0.0001s ]
SQL: SELECT `uid` FROM `wp_apps_follow` WHERE `openid` = 'o6Q1R0st8m1w5grLipcMV7Rfib58' AND `token` = 'gh_474547030e87' LIMIT 1   [ RunTime:0.0001s ]
SQL: SHOW COLUMNS FROM `wp_auth_group_access` [ RunTime:0.0004s ]
SQL: SELECT a.uid,a.group_id,g.title,g.rules FROM wp_auth_group_access a INNER JOIN wp_auth_group g on a.group_id=g.id  WHERE ( a.uid='159' and g.status='1' )  [ RunTime:0.0001s ]
SQL: SELECT * FROM `wp_weisite_category` WHERE `token` = 'gh_474547030e87' AND `is_show` = 1 AND `pid` = 0 ORDER BY sort asc, id desc  [ RunTime:0.0001s ]
SQL: SELECT * FROM `wp_weisite_slideshow` WHERE `token` = 'gh_474547030e87' AND `is_show` = 1 ORDER BY sort asc, id desc  [ RunTime:0.0001s ]
SQL: SELECT * FROM `wp_weisite_footer` WHERE `token` = 'gh_474547030e87' ORDER BY pid asc, sort asc  [ RunTime:0.0001s ]

[ 2017-12-02T19:20:42+08:00 ] 120.204.17.67 /index.php?s=/w16/WeiSite/Wap/index/openid/o6Q1R0st8m1w5grLipcMV7Rfib58.html&openid=o6Q1R0st8m1w5grLipcMV7Rfib58&nsukey=gWwHXpPnE3ONvPIXbYZ6SEmU4p%2F7jCr55TOrp6mY6GElT%2B87YwqDwN6jgno%2BuaCZy8EzlAy6R2yzxrsedEeK5NBdLMEqeNisLftHghYDuR5Uzq4wy9Mg4%2BTyDD%2FgerXESSI6zLi0L0K4NrqNZGgksEzVNYvXkGDnasW7IJo1Mou60Rxm2bFpdgGz6ABVD4ywWhewnVdy09j3T0fCNI1wMg%3D%3D
SQL: SELECT * FROM `wp_card_custom` WHERE `token` = 'gh_474547030e87'  [ RunTime:0.0001s ]
SQL: SELECT `token` FROM `wp_apps` WHERE `appid` = 'wx4ff46ba85853f83c' LIMIT 1   [ RunTime:0.0001s ]
SQL: SELECT * FROM `wp_manager` LIMIT 1   [ RunTime:0.0001s ]

[ 2017-12-02T19:20:43+08:00 ] 223.72.84.48 /index.php?s=/w16/WeiSite/Wap/index/openid/o6Q1R0st8m1w5grLipcMV7Rfib58.html&openid=o6Q1R0st8m1w5grLipcMV7Rfib58&nsukey=gWwHXpPnE3ONvPIXbYZ6SEmU4p%2F7jCr55TOrp6mY6GElT%2B87YwqDwN6jgno%2BuaCZy8EzlAy6R2yzxrsedEeK5NBdLMEqeNisLftHghYDuR5Uzq4wy9Mg4%2BTyDD%2FgerXESSI6zLi0L0K4NrqNZGgksEzVNYvXkGDnasW7IJo1Mou60Rxm2bFpdgGz6ABVD4ywWhewnVdy09j3T0fCNI1wMg%3D%3D
SQL: SELECT * FROM `wp_card_custom` WHERE `token` = 'gh_474547030e87'  [ RunTime:0.0001s ]
SQL: SELECT `token` FROM `wp_apps` WHERE `appid` = 'wx4ff46ba85853f83c' LIMIT 1   [ RunTime:0.0001s ]
SQL: SELECT * FROM `wp_manager` WHERE `uid` = 159 LIMIT 1   [ RunTime:0.0002s ]

[ 2017-12-02T19:20:43+08:00 ] 14.116.137.167 /index.php?s=/w16/WeiSite/Wap/index/openid/o6Q1R0st8m1w5grLipcMV7Rfib58.html&openid=o6Q1R0st8m1w5grLipcMV7Rfib58&nsukey=gWwHXpPnE3ONvPIXbYZ6SEmU4p%2F7jCr55TOrp6mY6GElT%2B87YwqDwN6jgno%2BuaCZy8EzlAy6R2yzxrsedEeK5NBdLMEqeNisLftHghYDuR5Uzq4wy9Mg4%2BTyDD%2FgerXESSI6zLi0L0K4NrqNZGgksEzVNYvXkGDnasW7IJo1Mou60Rxm2bFpdgGz6ABVD4ywWhewnVdy09j3T0fCNI1wMg%3D%3D
SQL: SELECT * FROM `wp_card_custom` WHERE `token` = 'gh_474547030e87'  [ RunTime:0.0001s ]
SQL: SELECT `token` FROM `wp_apps` WHERE `appid` = 'wx4ff46ba85853f83c' LIMIT 1   [ RunTime:0.0001s ]
SQL: SELECT * FROM `wp_manager` LIMIT 1   [ RunTime:0.0001s ]

[ 2017-12-02T19:20:44+08:00 ] 120.204.17.67 /index.php?s=/w16/WeiSite/Wap/index.html&nsukey=gWwHXpPnE3ONvPIXbYZ6SEmU4p%2F7jCr55TOrp6mY6GElT%2B87YwqDwN6jgno%2BuaCZy8EzlAy6R2yzxrsedEeK5NBdLMEqeNisLftHghYDuR5Uzq4wy9Mg4%2BTyDD%2FgerXESSI6zLi0L0K4NrqNZGgksEzVNYvXkGDnasW7IJo1Mou60Rxm2bFpdgGz6ABVD4ywWhewnVdy09j3T0fCNI1wMg%3D%3D
SQL: SELECT * FROM `wp_card_custom` WHERE `token` = 'gh_474547030e87'  [ RunTime:0.0001s ]
SQL: SELECT `token` FROM `wp_apps` WHERE `appid` = 'wx4ff46ba85853f83c' LIMIT 1   [ RunTime:0.0001s ]
SQL: SELECT `uid` FROM `wp_apps_follow` WHERE `openid` = 'o6Q1R0st8m1w5grLipcMV7Rfib58' AND `token` = 'gh_474547030e87' LIMIT 1   [ RunTime:0.0001s ]
SQL: SHOW COLUMNS FROM `wp_auth_group_access` [ RunTime:0.0004s ]
SQL: SELECT a.uid,a.group_id,g.title,g.rules FROM wp_auth_group_access a INNER JOIN wp_auth_group g on a.group_id=g.id  WHERE ( a.uid='159' and g.status='1' )  [ RunTime:0.0001s ]
SQL: SELECT * FROM `wp_weisite_category` WHERE `token` = 'gh_474547030e87' AND `is_show` = 1 AND `pid` = 0 ORDER BY sort asc, id desc  [ RunTime:0.0001s ]
SQL: SELECT * FROM `wp_weisite_slideshow` WHERE `token` = 'gh_474547030e87' AND `is_show` = 1 ORDER BY sort asc, id desc  [ RunTime:0.0001s ]
SQL: SELECT * FROM `wp_weisite_footer` WHERE `token` = 'gh_474547030e87' ORDER BY pid asc, sort asc  [ RunTime:0.0001s ]

[ 2017-12-02T19:20:46+08:00 ] 157.255.172.14 /index.php?s=/w16/WeiSite/Wap/index.html&nsukey=gWwHXpPnE3ONvPIXbYZ6SEmU4p%2F7jCr55TOrp6mY6GElT%2B87YwqDwN6jgno%2BuaCZy8EzlAy6R2yzxrsedEeK5NBdLMEqeNisLftHghYDuR5Uzq4wy9Mg4%2BTyDD%2FgerXESSI6zLi0L0K4NrqNZGgksEzVNYvXkGDnasW7IJo1Mou60Rxm2bFpdgGz6ABVD4ywWhewnVdy09j3T0fCNI1wMg%3D%3D
SQL: SELECT * FROM `wp_card_custom` WHERE `token` = 'gh_474547030e87'  [ RunTime:0.0001s ]
SQL: SELECT `token` FROM `wp_apps` WHERE `appid` = 'wx4ff46ba85853f83c' LIMIT 1   [ RunTime:0.0001s ]
SQL: SELECT `uid` FROM `wp_apps_follow` WHERE `openid` = 'o6Q1R0st8m1w5grLipcMV7Rfib58' AND `token` = 'gh_474547030e87' LIMIT 1   [ RunTime:0.0001s ]
SQL: SHOW COLUMNS FROM `wp_auth_group_access` [ RunTime:0.0004s ]
SQL: SELECT a.uid,a.group_id,g.title,g.rules FROM wp_auth_group_access a INNER JOIN wp_auth_group g on a.group_id=g.id  WHERE ( a.uid='159' and g.status='1' )  [ RunTime:0.0001s ]
SQL: SELECT * FROM `wp_weisite_category` WHERE `token` = 'gh_474547030e87' AND `is_show` = 1 AND `pid` = 0 ORDER BY sort asc, id desc  [ RunTime:0.0001s ]
SQL: SELECT * FROM `wp_weisite_slideshow` WHERE `token` = 'gh_474547030e87' AND `is_show` = 1 ORDER BY sort asc, id desc  [ RunTime:0.0001s ]
SQL: SELECT * FROM `wp_weisite_footer` WHERE `token` = 'gh_474547030e87' ORDER BY pid asc, sort asc  [ RunTime:0.0001s ]

[ 2017-12-02T19:21:11+08:00 ] 223.72.84.48 /index.php?s=/w16/WeiSite/Wap/index/openid/o6Q1R0st8m1w5grLipcMV7Rfib58.html&openid=o6Q1R0st8m1w5grLipcMV7Rfib58&nsukey=gWwHXpPnE3ONvPIXbYZ6SEmU4p%2F7jCr55TOrp6mY6GElT%2B87YwqDwN6jgno%2BuaCZy8EzlAy6R2yzxrsedEeK5NBdLMEqeNisLftHghYDuR5Uzq4wy9Mg4%2BTyDD%2FgerXESSI6zLi0L0K4NrqNZGgksEzVNYvXkGDnasW7IJo1Mou60Rxm2bFpdgGz6ABVD4ywWhewnVdy09j3T0fCNI1wMg%3D%3D
SQL: SELECT * FROM `wp_card_custom` WHERE `token` = 'gh_474547030e87'  [ RunTime:0.0001s ]
SQL: SELECT `token` FROM `wp_apps` WHERE `appid` = 'wx4ff46ba85853f83c' LIMIT 1   [ RunTime:0.0001s ]
SQL: SELECT * FROM `wp_manager` LIMIT 1   [ RunTime:0.0001s ]

[ 2017-12-02T19:21:13+08:00 ] 223.72.84.48 /index.php?s=/w16/WeiSite/Wap/index.html&nsukey=gWwHXpPnE3ONvPIXbYZ6SEmU4p%2F7jCr55TOrp6mY6GElT%2B87YwqDwN6jgno%2BuaCZy8EzlAy6R2yzxrsedEeK5NBdLMEqeNisLftHghYDuR5Uzq4wy9Mg4%2BTyDD%2FgerXESSI6zLi0L0K4NrqNZGgksEzVNYvXkGDnasW7IJo1Mou60Rxm2bFpdgGz6ABVD4ywWhewnVdy09j3T0fCNI1wMg%3D%3D
SQL: SELECT * FROM `wp_card_custom` WHERE `token` = 'gh_474547030e87'  [ RunTime:0.0001s ]
SQL: SELECT `token` FROM `wp_apps` WHERE `appid` = 'wx4ff46ba85853f83c' LIMIT 1   [ RunTime:0.0001s ]
SQL: SELECT `uid` FROM `wp_apps_follow` WHERE `openid` = 'o6Q1R0st8m1w5grLipcMV7Rfib58' AND `token` = 'gh_474547030e87' LIMIT 1   [ RunTime:0.0001s ]
SQL: SHOW COLUMNS FROM `wp_auth_group_access` [ RunTime:0.0004s ]
SQL: SELECT a.uid,a.group_id,g.title,g.rules FROM wp_auth_group_access a INNER JOIN wp_auth_group g on a.group_id=g.id  WHERE ( a.uid='159' and g.status='1' )  [ RunTime:0.0001s ]
SQL: SELECT * FROM `wp_weisite_category` WHERE `token` = 'gh_474547030e87' AND `is_show` = 1 AND `pid` = 0 ORDER BY sort asc, id desc  [ RunTime:0.0001s ]
SQL: SELECT * FROM `wp_weisite_slideshow` WHERE `token` = 'gh_474547030e87' AND `is_show` = 1 ORDER BY sort asc, id desc  [ RunTime:0.0001s ]
SQL: SELECT * FROM `wp_weisite_footer` WHERE `token` = 'gh_474547030e87' ORDER BY pid asc, sort asc  [ RunTime:0.0001s ]

[ 2017-12-02T19:21:16+08:00 ] 61.151.207.252 /index.php?s=/w16/WeiSite/Wap/index.html&nsukey=Ng7THdiQ74cZ7gx6vk%2Bn8y%2FQK18UMaCwhjGEaUyCCJOD2zvxwSBgWamuKWODnwyr74MYKds269aUTdogAVUNFOsOsXmafnYDPXbLbCtg8phg1QrZZf9VfmmI0F6JiXWWJGCx%2B0c1b2KDjq5a0Zv10cvdURY2gqUm2ymT3cMGHV6NspnYWbbE6AO5zLXpgGBRCtxquijAS8T93C5R1c1mSw%3D%3D
SQL: SELECT * FROM `wp_card_custom` WHERE `token` = 'gh_474547030e87'  [ RunTime:0.0001s ]
SQL: SELECT `token` FROM `wp_apps` WHERE `appid` = 'wx4ff46ba85853f83c' LIMIT 1   [ RunTime:0.0001s ]
SQL: SELECT `uid` FROM `wp_apps_follow` WHERE `openid` = '-1' AND `token` = 'gh_474547030e87' LIMIT 1   [ RunTime:0.0001s ]
SQL: SELECT * FROM `wp_weisite_category` WHERE `token` = 'gh_474547030e87' AND `is_show` = 1 AND `pid` = 0 ORDER BY sort asc, id desc  [ RunTime:0.0001s ]
SQL: SELECT * FROM `wp_weisite_slideshow` WHERE `token` = 'gh_474547030e87' AND `is_show` = 1 ORDER BY sort asc, id desc  [ RunTime:0.0001s ]
SQL: SELECT * FROM `wp_weisite_footer` WHERE `token` = 'gh_474547030e87' ORDER BY pid asc, sort asc  [ RunTime:0.0001s ]

[ 2017-12-02T19:21:19+08:00 ] 61.129.8.199 /index.php?s=/w16/WeiSite/Wap/index.html&nsukey=Ng7THdiQ74cZ7gx6vk%2Bn8y%2FQK18UMaCwhjGEaUyCCJOD2zvxwSBgWamuKWODnwyr74MYKds269aUTdogAVUNFOsOsXmafnYDPXbLbCtg8phg1QrZZf9VfmmI0F6JiXWWJGCx%2B0c1b2KDjq5a0Zv10cvdURY2gqUm2ymT3cMGHV6NspnYWbbE6AO5zLXpgGBRCtxquijAS8T93C5R1c1mSw%3D%3D
SQL: SELECT * FROM `wp_card_custom` WHERE `token` = 'gh_474547030e87'  [ RunTime:0.0001s ]
SQL: SELECT `token` FROM `wp_apps` WHERE `appid` = 'wx4ff46ba85853f83c' LIMIT 1   [ RunTime:0.0001s ]
SQL: SELECT `uid` FROM `wp_apps_follow` WHERE `openid` = '-1' AND `token` = 'gh_474547030e87' LIMIT 1   [ RunTime:0.0001s ]
SQL: SELECT * FROM `wp_weisite_category` WHERE `token` = 'gh_474547030e87' AND `is_show` = 1 AND `pid` = 0 ORDER BY sort asc, id desc  [ RunTime:0.0001s ]
SQL: SELECT * FROM `wp_weisite_slideshow` WHERE `token` = 'gh_474547030e87' AND `is_show` = 1 ORDER BY sort asc, id desc  [ RunTime:0.0001s ]
SQL: SELECT * FROM `wp_weisite_footer` WHERE `token` = 'gh_474547030e87' ORDER BY pid asc, sort asc  [ RunTime:0.0001s ]

[ 2017-12-02T19:21:25+08:00 ] 120.204.17.67 /index.php?s=/w16/WeiSite/Wap/index.html&nsukey=Ng7THdiQ74cZ7gx6vk%2Bn8y%2FQK18UMaCwhjGEaUyCCJOD2zvxwSBgWamuKWODnwyr74MYKds269aUTdogAVUNFOsOsXmafnYDPXbLbCtg8phg1QrZZf9VfmmI0F6JiXWWJGCx%2B0c1b2KDjq5a0Zv10cvdURY2gqUm2ymT3cMGHV6NspnYWbbE6AO5zLXpgGBRCtxquijAS8T93C5R1c1mSw%3D%3D
SQL: SELECT * FROM `wp_card_custom` WHERE `token` = 'gh_474547030e87'  [ RunTime:0.0001s ]
SQL: SELECT `token` FROM `wp_apps` WHERE `appid` = 'wx4ff46ba85853f83c' LIMIT 1   [ RunTime:0.0001s ]
SQL: SELECT `uid` FROM `wp_apps_follow` WHERE `openid` = '-1' AND `token` = 'gh_474547030e87' LIMIT 1   [ RunTime:0.0001s ]
SQL: SELECT * FROM `wp_weisite_category` WHERE `token` = 'gh_474547030e87' AND `is_show` = 1 AND `pid` = 0 ORDER BY sort asc, id desc  [ RunTime:0.0001s ]
SQL: SELECT * FROM `wp_weisite_slideshow` WHERE `token` = 'gh_474547030e87' AND `is_show` = 1 ORDER BY sort asc, id desc  [ RunTime:0.0001s ]
SQL: SELECT * FROM `wp_weisite_footer` WHERE `token` = 'gh_474547030e87' ORDER BY pid asc, sort asc  [ RunTime:0.0001s ]

[ 2017-12-02T19:21:26+08:00 ] 120.204.17.46 /index.php?s=/w16/WeiSite/Wap/index.html&nsukey=Ng7THdiQ74cZ7gx6vk%2Bn8y%2FQK18UMaCwhjGEaUyCCJOD2zvxwSBgWamuKWODnwyr74MYKds269aUTdogAVUNFOsOsXmafnYDPXbLbCtg8phg1QrZZf9VfmmI0F6JiXWWJGCx%2B0c1b2KDjq5a0Zv10cvdURY2gqUm2ymT3cMGHV6NspnYWbbE6AO5zLXpgGBRCtxquijAS8T93C5R1c1mSw%3D%3D
SQL: SELECT * FROM `wp_card_custom` WHERE `token` = 'gh_474547030e87'  [ RunTime:0.0001s ]
SQL: SELECT `token` FROM `wp_apps` WHERE `appid` = 'wx4ff46ba85853f83c' LIMIT 1   [ RunTime:0.0001s ]
SQL: SELECT `uid` FROM `wp_apps_follow` WHERE `openid` = '-1' AND `token` = 'gh_474547030e87' LIMIT 1   [ RunTime:0.0001s ]
SQL: SELECT * FROM `wp_weisite_category` WHERE `token` = 'gh_474547030e87' AND `is_show` = 1 AND `pid` = 0 ORDER BY sort asc, id desc  [ RunTime:0.0001s ]
SQL: SELECT * FROM `wp_weisite_slideshow` WHERE `token` = 'gh_474547030e87' AND `is_show` = 1 ORDER BY sort asc, id desc  [ RunTime:0.0001s ]
SQL: SELECT * FROM `wp_weisite_footer` WHERE `token` = 'gh_474547030e87' ORDER BY pid asc, sort asc  [ RunTime:0.0001s ]

[ 2017-12-02T19:21:50+08:00 ] 223.72.84.48 /index.php?s=/w16/WeiSite/Wap/index.html&nsukey=Ng7THdiQ74cZ7gx6vk%2Bn8y%2FQK18UMaCwhjGEaUyCCJOD2zvxwSBgWamuKWODnwyr74MYKds269aUTdogAVUNFOsOsXmafnYDPXbLbCtg8phg1QrZZf9VfmmI0F6JiXWWJGCx%2B0c1b2KDjq5a0Zv10cvdURY2gqUm2ymT3cMGHV6NspnYWbbE6AO5zLXpgGBRCtxquijAS8T93C5R1c1mSw%3D%3D
SQL: SELECT * FROM `wp_card_custom` WHERE `token` = 'gh_474547030e87'  [ RunTime:0.0001s ]
SQL: SELECT `token` FROM `wp_apps` WHERE `appid` = 'wx4ff46ba85853f83c' LIMIT 1   [ RunTime:0.0001s ]
SQL: SELECT `uid` FROM `wp_apps_follow` WHERE `openid` = '-1' AND `token` = 'gh_474547030e87' LIMIT 1   [ RunTime:0.0001s ]
SQL: SELECT * FROM `wp_weisite_category` WHERE `token` = 'gh_474547030e87' AND `is_show` = 1 AND `pid` = 0 ORDER BY sort asc, id desc  [ RunTime:0.0001s ]
SQL: SELECT * FROM `wp_weisite_slideshow` WHERE `token` = 'gh_474547030e87' AND `is_show` = 1 ORDER BY sort asc, id desc  [ RunTime:0.0001s ]
SQL: SELECT * FROM `wp_weisite_footer` WHERE `token` = 'gh_474547030e87' ORDER BY pid asc, sort asc  [ RunTime:0.0001s ]

[ 2017-12-02T19:21:54+08:00 ] 223.72.84.48 /index.php?s=/w16/WeiSite/Wap/index.html&nsukey=Ng7THdiQ74cZ7gx6vk%2Bn8y%2FQK18UMaCwhjGEaUyCCJOD2zvxwSBgWamuKWODnwyr74MYKds269aUTdogAVUNFOsOsXmafnYDPXbLbCtg8phg1QrZZf9VfmmI0F6JiXWWJGCx%2B0c1b2KDjq5a0Zv10cvdURY2gqUm2ymT3cMGHV6NspnYWbbE6AO5zLXpgGBRCtxquijAS8T93C5R1c1mSw%3D%3D
SQL: SELECT * FROM `wp_card_custom` WHERE `token` = 'gh_474547030e87'  [ RunTime:0.0001s ]
SQL: SELECT `token` FROM `wp_apps` WHERE `appid` = 'wx4ff46ba85853f83c' LIMIT 1   [ RunTime:0.0001s ]
SQL: SELECT `uid` FROM `wp_apps_follow` WHERE `openid` = '-1' AND `token` = 'gh_474547030e87' LIMIT 1   [ RunTime:0.0001s ]
SQL: SELECT * FROM `wp_weisite_category` WHERE `token` = 'gh_474547030e87' AND `is_show` = 1 AND `pid` = 0 ORDER BY sort asc, id desc  [ RunTime:0.0001s ]
SQL: SELECT * FROM `wp_weisite_slideshow` WHERE `token` = 'gh_474547030e87' AND `is_show` = 1 ORDER BY sort asc, id desc  [ RunTime:0.0001s ]
SQL: SELECT * FROM `wp_weisite_footer` WHERE `token` = 'gh_474547030e87' ORDER BY pid asc, sort asc  [ RunTime:0.0001s ]

[ 2017-12-02T19:21:59+08:00 ] 223.72.84.48 /index.php?s=/w16/WeiSite/Wap/index.html&nsukey=Ng7THdiQ74cZ7gx6vk%2Bn8y%2FQK18UMaCwhjGEaUyCCJOD2zvxwSBgWamuKWODnwyr74MYKds269aUTdogAVUNFOsOsXmafnYDPXbLbCtg8phg1QrZZf9VfmmI0F6JiXWWJGCx%2B0c1b2KDjq5a0Zv10cvdURY2gqUm2ymT3cMGHV6NspnYWbbE6AO5zLXpgGBRCtxquijAS8T93C5R1c1mSw%3D%3D
SQL: SELECT * FROM `wp_card_custom` WHERE `token` = 'gh_474547030e87'  [ RunTime:0.0001s ]
SQL: SELECT `token` FROM `wp_apps` WHERE `appid` = 'wx4ff46ba85853f83c' LIMIT 1   [ RunTime:0.0001s ]
SQL: SELECT `uid` FROM `wp_apps_follow` WHERE `openid` = '-1' AND `token` = 'gh_474547030e87' LIMIT 1   [ RunTime:0.0001s ]
SQL: SELECT * FROM `wp_weisite_category` WHERE `token` = 'gh_474547030e87' AND `is_show` = 1 AND `pid` = 0 ORDER BY sort asc, id desc  [ RunTime:0.0001s ]
SQL: SELECT * FROM `wp_weisite_slideshow` WHERE `token` = 'gh_474547030e87' AND `is_show` = 1 ORDER BY sort asc, id desc  [ RunTime:0.0001s ]
SQL: SELECT * FROM `wp_weisite_footer` WHERE `token` = 'gh_474547030e87' ORDER BY pid asc, sort asc  [ RunTime:0.0001s ]

[ 2017-12-02T19:22:02+08:00 ] 223.72.84.48 /index.php?s=/w16/WeiSite/Wap/index.html&nsukey=Ng7THdiQ74cZ7gx6vk%2Bn8y%2FQK18UMaCwhjGEaUyCCJOD2zvxwSBgWamuKWODnwyr74MYKds269aUTdogAVUNFOsOsXmafnYDPXbLbCtg8phg1QrZZf9VfmmI0F6JiXWWJGCx%2B0c1b2KDjq5a0Zv10cvdURY2gqUm2ymT3cMGHV6NspnYWbbE6AO5zLXpgGBRCtxquijAS8T93C5R1c1mSw%3D%3D
SQL: SELECT * FROM `wp_card_custom` WHERE `token` = 'gh_474547030e87'  [ RunTime:0.0001s ]
SQL: SELECT `token` FROM `wp_apps` WHERE `appid` = 'wx4ff46ba85853f83c' LIMIT 1   [ RunTime:0.0001s ]
SQL: SELECT `uid` FROM `wp_apps_follow` WHERE `openid` = '-1' AND `token` = 'gh_474547030e87' LIMIT 1   [ RunTime:0.0001s ]
SQL: SELECT * FROM `wp_weisite_category` WHERE `token` = 'gh_474547030e87' AND `is_show` = 1 AND `pid` = 0 ORDER BY sort asc, id desc  [ RunTime:0.0001s ]
SQL: SELECT * FROM `wp_weisite_slideshow` WHERE `token` = 'gh_474547030e87' AND `is_show` = 1 ORDER BY sort asc, id desc  [ RunTime:0.0001s ]
SQL: SELECT * FROM `wp_weisite_footer` WHERE `token` = 'gh_474547030e87' ORDER BY pid asc, sort asc  [ RunTime:0.0001s ]

